23:33:18.266 [INFO] [org.gradle.launcher.daemon.server.Daemon] start() called on daemon - DefaultDaemonContext[uid=a64d25cc-9265-49cc-a52c-1617a0a2b1e4,javaHome=/media/jack/home-partition/tool/jdk1.8.0_51,daemonRegistryDir=/home/jack/.gradle/daemon,pid=10755,idleTimeout=10800000,daemonOpts=-XX:MaxPermSize=256m,-XX:+HeapDumpOnOutOfMemoryError,-Xmx1024m,-Dfile.encoding=UTF-8,-Duser.country=US,-Duser.language=en,-Duser.variant]
23:33:18.272 [DEBUG] [org.gradle.launcher.daemon.server.DaemonStateCoordinator] updating lastActivityAt to 1446305598271
23:33:18.279 [DEBUG] [org.gradle.messaging.remote.internal.inet.InetAddressFactory] Adding IP addresses for network interface ppp0
23:33:18.279 [DEBUG] [org.gradle.messaging.remote.internal.inet.InetAddressFactory] Is this a loopback interface? false
23:33:18.280 [DEBUG] [org.gradle.messaging.remote.internal.inet.InetAddressFactory] Is this a multicast interface? true
23:33:18.280 [DEBUG] [org.gradle.messaging.remote.internal.inet.InetAddressFactory] Adding remote address /192.168.0.100
23:33:18.280 [DEBUG] [org.gradle.messaging.remote.internal.inet.InetAddressFactory] Adding remote multicast interface ppp0
23:33:18.281 [DEBUG] [org.gradle.messaging.remote.internal.inet.InetAddressFactory] Adding IP addresses for network interface vmnet8
23:33:18.282 [DEBUG] [org.gradle.messaging.remote.internal.inet.InetAddressFactory] Is this a loopback interface? false
23:33:18.282 [DEBUG] [org.gradle.messaging.remote.internal.inet.InetAddressFactory] Is this a multicast interface? true
23:33:18.282 [DEBUG] [org.gradle.messaging.remote.internal.inet.InetAddressFactory] Adding remote address /fe80:0:0:0:250:56ff:fec0:8%vmnet8
23:33:18.283 [DEBUG] [org.gradle.messaging.remote.internal.inet.InetAddressFactory] Adding remote address /172.16.33.1
23:33:18.283 [DEBUG] [org.gradle.messaging.remote.internal.inet.InetAddressFactory] Adding remote multicast interface vmnet8
23:33:18.283 [DEBUG] [org.gradle.messaging.remote.internal.inet.InetAddressFactory] Adding IP addresses for network interface vmnet1
23:33:18.283 [DEBUG] [org.gradle.messaging.remote.internal.inet.InetAddressFactory] Is this a loopback interface? false
23:33:18.284 [DEBUG] [org.gradle.messaging.remote.internal.inet.InetAddressFactory] Is this a multicast interface? true
23:33:18.284 [DEBUG] [org.gradle.messaging.remote.internal.inet.InetAddressFactory] Adding remote address /fe80:0:0:0:250:56ff:fec0:1%vmnet1
23:33:18.284 [DEBUG] [org.gradle.messaging.remote.internal.inet.InetAddressFactory] Adding remote address /192.168.62.1
23:33:18.285 [DEBUG] [org.gradle.messaging.remote.internal.inet.InetAddressFactory] Adding remote multicast interface vmnet1
23:33:18.285 [DEBUG] [org.gradle.messaging.remote.internal.inet.InetAddressFactory] Adding IP addresses for network interface docker0
23:33:18.285 [DEBUG] [org.gradle.messaging.remote.internal.inet.InetAddressFactory] Is this a loopback interface? false
23:33:18.286 [DEBUG] [org.gradle.messaging.remote.internal.inet.InetAddressFactory] Is this a multicast interface? true
23:33:18.286 [DEBUG] [org.gradle.messaging.remote.internal.inet.InetAddressFactory] Adding remote address /172.17.42.1
23:33:18.286 [DEBUG] [org.gradle.messaging.remote.internal.inet.InetAddressFactory] Adding remote multicast interface docker0
23:33:18.286 [DEBUG] [org.gradle.messaging.remote.internal.inet.InetAddressFactory] Adding IP addresses for network interface wlan0
23:33:18.287 [DEBUG] [org.gradle.messaging.remote.internal.inet.InetAddressFactory] Is this a loopback interface? false
23:33:18.287 [DEBUG] [org.gradle.messaging.remote.internal.inet.InetAddressFactory] Is this a multicast interface? true
23:33:18.288 [DEBUG] [org.gradle.messaging.remote.internal.inet.InetAddressFactory] Adding remote address /fe80:0:0:0:626c:66ff:fe37:276a%wlan0
23:33:18.288 [DEBUG] [org.gradle.messaging.remote.internal.inet.InetAddressFactory] Adding remote address /192.168.1.104
23:33:18.288 [DEBUG] [org.gradle.messaging.remote.internal.inet.InetAddressFactory] Adding remote multicast interface wlan0
23:33:18.289 [DEBUG] [org.gradle.messaging.remote.internal.inet.InetAddressFactory] Adding IP addresses for network interface lo
23:33:18.289 [DEBUG] [org.gradle.messaging.remote.internal.inet.InetAddressFactory] Is this a loopback interface? true
23:33:18.290 [DEBUG] [org.gradle.messaging.remote.internal.inet.InetAddressFactory] Is this a multicast interface? false
23:33:18.290 [DEBUG] [org.gradle.messaging.remote.internal.inet.InetAddressFactory] Adding loopback address /0:0:0:0:0:0:0:1%lo
23:33:18.290 [DEBUG] [org.gradle.messaging.remote.internal.inet.InetAddressFactory] Adding loopback address /127.0.0.1
23:33:18.302 [DEBUG] [org.gradle.messaging.remote.internal.inet.TcpIncomingConnector] Listening on [7f8cf1e9-a0ff-4146-9f0b-14598a812091 port:45045, addresses:[/0:0:0:0:0:0:0:1%lo, /127.0.0.1]].
23:33:18.304 [DEBUG] [org.gradle.launcher.daemon.server.Daemon] Daemon starting at: Sat Oct 31 23:33:18 CST 2015, with address: [7f8cf1e9-a0ff-4146-9f0b-14598a812091 port:45045, addresses:[/0:0:0:0:0:0:0:1%lo, /127.0.0.1]]
23:33:18.304 [INFO] [org.gradle.launcher.daemon.server.DomainRegistryUpdater] Advertising the daemon address to the clients: [7f8cf1e9-a0ff-4146-9f0b-14598a812091 port:45045, addresses:[/0:0:0:0:0:0:0:1%lo, /127.0.0.1]]
23:33:18.305 [DEBUG] [org.gradle.launcher.daemon.server.DomainRegistryUpdater] Advertised daemon context: DefaultDaemonContext[uid=a64d25cc-9265-49cc-a52c-1617a0a2b1e4,javaHome=/media/jack/home-partition/tool/jdk1.8.0_51,daemonRegistryDir=/home/jack/.gradle/daemon,pid=10755,idleTimeout=10800000,daemonOpts=-XX:MaxPermSize=256m,-XX:+HeapDumpOnOutOfMemoryError,-Xmx1024m,-Dfile.encoding=UTF-8,-Duser.country=US,-Duser.language=en,-Duser.variant]
23:33:18.306 [DEBUG] [org.gradle.launcher.daemon.registry.PersistentDaemonRegistry] Storing daemon address: [7f8cf1e9-a0ff-4146-9f0b-14598a812091 port:45045, addresses:[/0:0:0:0:0:0:0:1%lo, /127.0.0.1]], context: DefaultDaemonContext[uid=a64d25cc-9265-49cc-a52c-1617a0a2b1e4,javaHome=/media/jack/home-partition/tool/jdk1.8.0_51,daemonRegistryDir=/home/jack/.gradle/daemon,pid=10755,idleTimeout=10800000,daemonOpts=-XX:MaxPermSize=256m,-XX:+HeapDumpOnOutOfMemoryError,-Xmx1024m,-Dfile.encoding=UTF-8,-Duser.country=US,-Duser.language=en,-Duser.variant]
23:33:18.314 [DEBUG] [org.gradle.cache.internal.DefaultFileLockManager] Waiting to acquire exclusive lock on daemon addresses registry.
23:33:18.315 [DEBUG] [org.gradle.cache.internal.DefaultFileLockManager] Lock acquired.
23:33:18.343 [DEBUG] [org.gradle.cache.internal.DefaultFileLockManager] Releasing lock on daemon addresses registry.
23:33:18.343 [LIFECYCLE] [org.gradle.launcher.daemon.server.Daemon] Daemon server started.
23:33:18.345 [DEBUG] [org.gradle.launcher.daemon.bootstrap.DaemonStartupCommunication] Completed writing the daemon greeting. Closing streams...
23:33:18.346 [DEBUG] [org.gradle.launcher.daemon.server.Daemon] requestStopOnIdleTimeout(10800000 MILLISECONDS) called on daemon
23:33:18.346 [DEBUG] [org.gradle.launcher.daemon.server.DaemonStateCoordinator] Idle timeout: waiting for daemon to stop or be idle for 10800000ms
23:33:18.354 [DEBUG] [org.gradle.launcher.daemon.server.DaemonStateCoordinator] Daemon is idle, sleeping until state change or idle timeout at Sun Nov 01 02:33:18 CST 2015
23:33:18.366 [DEBUG] [org.gradle.messaging.remote.internal.inet.TcpIncomingConnector] Accepted connection from /0:0:0:0:0:0:0:1:51462 to /0:0:0:0:0:0:0:1:45045.
23:33:18.430 [DEBUG] [org.gradle.launcher.daemon.server.SynchronizedDispatchConnection] thread 14: received class org.gradle.launcher.daemon.protocol.Build
23:33:18.430 [DEBUG] [org.gradle.launcher.daemon.server.DefaultDaemonConnection] Received non-IO message from client: Build{id=ca27f464-9d48-4d83-9d3d-c84c799c5019.1, currentDir=/media/jack/home-partition/grails-practice/llqing-security}
23:33:18.431 [INFO] [org.gradle.launcher.daemon.server.DefaultIncomingConnectionHandler] Received command: Build{id=ca27f464-9d48-4d83-9d3d-c84c799c5019.1, currentDir=/media/jack/home-partition/grails-practice/llqing-security}.
23:33:18.432 [DEBUG] [org.gradle.launcher.daemon.server.DefaultIncomingConnectionHandler] Starting executing command: Build{id=ca27f464-9d48-4d83-9d3d-c84c799c5019.1, currentDir=/media/jack/home-partition/grails-practice/llqing-security} with connection: socket connection from /0:0:0:0:0:0:0:1:45045 to /0:0:0:0:0:0:0:1:51462.
23:33:18.439 [DEBUG] [org.gradle.launcher.daemon.server.DaemonStateCoordinator] Command execution: started DaemonCommandExecution[command = Build{id=ca27f464-9d48-4d83-9d3d-c84c799c5019.1, currentDir=/media/jack/home-partition/grails-practice/llqing-security}, connection = org.gradle.launcher.daemon.server.DefaultDaemonConnection@2e19da4e] after 0.0 minutes of idle
23:33:18.439 [INFO] [org.gradle.launcher.daemon.server.DomainRegistryUpdater] Marking the daemon as busy, address: [7f8cf1e9-a0ff-4146-9f0b-14598a812091 port:45045, addresses:[/0:0:0:0:0:0:0:1%lo, /127.0.0.1]]
23:33:18.440 [DEBUG] [org.gradle.launcher.daemon.registry.PersistentDaemonRegistry] Marking busy by address: [7f8cf1e9-a0ff-4146-9f0b-14598a812091 port:45045, addresses:[/0:0:0:0:0:0:0:1%lo, /127.0.0.1]]
23:33:18.440 [DEBUG] [org.gradle.cache.internal.DefaultFileLockManager] Waiting to acquire exclusive lock on daemon addresses registry.
23:33:18.441 [DEBUG] [org.gradle.cache.internal.DefaultFileLockManager] Lock acquired.
23:33:18.444 [DEBUG] [org.gradle.cache.internal.DefaultFileLockManager] Releasing lock on daemon addresses registry.
23:33:18.444 [DEBUG] [org.gradle.launcher.daemon.server.DaemonStateCoordinator] updating lastActivityAt to 1446305598444
23:33:18.444 [DEBUG] [org.gradle.launcher.daemon.server.DaemonStateCoordinator] Daemon is busy, sleeping until state changes.
23:33:18.445 [INFO] [org.gradle.launcher.daemon.server.exec.StartBuildOrRespondWithBusy] Daemon is about to start building Build{id=ca27f464-9d48-4d83-9d3d-c84c799c5019.1, currentDir=/media/jack/home-partition/grails-practice/llqing-security}. Dispatching build started information...
23:33:18.446 [DEBUG] [org.gradle.launcher.daemon.server.SynchronizedDispatchConnection] thread 16: dispatching class org.gradle.launcher.daemon.protocol.BuildStarted
23:33:18.450 [DEBUG] [org.gradle.launcher.daemon.server.exec.EstablishBuildEnvironment] Configuring env variables: {PATH=/opt/grails-3.0.9/bin:/home/jack/bin:/home/jack/bin:/media/jack/home-partition/tool/jdk1.8.0_51/bin:/media/jack/home-partition/tool/jdk1.8.0_51/jre/bin:/home/jack/.rvm/gems/ruby-2.2.0/bin:/home/jack/.rvm/gems/ruby-2.2.0@global/bin:/home/jack/.rvm/rubies/ruby-2.2.0/bin:/home/jack/.gvm/springboot/current/bin:/home/jack/.gvm/lazybones/current/bin:/home/jack/.gvm/jbossforge/current/bin:/home/jack/.gvm/jbake/current/bin:/home/jack/.gvm/groovyserv/current/bin:/home/jack/.gvm/groovy/current/bin:/home/jack/.gvm/griffon/current/bin:/home/jack/.gvm/grails/current/bin:/home/jack/.gvm/gradle/current/bin:/home/jack/.gvm/glide/current/bin:/home/jack/.gvm/gaiden/current/bin:/home/jack/.gvm/crash/current/bin:/home/jack/.gvm/asciidoctorj/current/bin:/home/jack/bin:/opt/grails-3.0.7/bin:/home/jack/bin:/home/jack/bin:/media/jack/home-partition/tool/jdk1.8.0_51/bin:/media/jack/home-partition/tool/jdk1.8.0_51/jre/bin:/home/jack/bin:/usr/local/sbin:/usr/local/bin:/usr/sbin:/usr/bin:/sbin:/bin:/usr/games:/usr/local/games:/home/jack/.rvm/bin:/media/jack/home-partition/tool/android-studio/bin:/media/jack/home-partition/tool/android-studio/sdk/tools:/media/jack/home-partition/tool/android-studio/sdk/platform-tools:/media/jack/home-partition/tool/android-studio/sdk/build-tools:/home/jack/.rvm/bin:/media/jack/home-partition/tool/idea-IU-141.2735.5/bin:/home/jack/.rvm/bin:/media/jack/home-partition/tool/android-studio/bin:/media/jack/home-partition/tool/android-studio/sdk/tools:/media/jack/home-partition/tool/android-studio/sdk/platform-tools:/media/jack/home-partition/tool/android-studio/sdk/build-tools:/home/jack/.rvm/bin:/media/jack/home-partition/tool/idea-IU-141.2735.5/bin, IRBRC=/home/jack/.rvm/rubies/ruby-2.2.0/.irbrc, NO_PROXY=localhost,127.0.0.0/8,::1, XMODIFIERS=@im=ibus, GDMSESSION=ubuntu, GRAILS_HOME=/opt/grails-3.0.9, TEXTDOMAINDIR=/usr/share/locale/, DBUS_SESSION_BUS_ADDRESS=unix:abstract=/tmp/dbus-19uneEtd3l, DEFAULTS_PATH=/usr/share/gconf/ubuntu.default.path, COLORTERM=gnome-terminal, UPSTART_SESSION=unix:abstract=/com/ubuntu/upstart-session/1000/4514, SESSION_MANAGER=local/jack-ThinkPad-S430:@/tmp/.ICE-unix/4689,unix/jack-ThinkPad-S430:/tmp/.ICE-unix/4689, rvm_version=1.26.7 (master), PWD=/media/jack/home-partition/grails-practice/llqing-security, LANGUAGE=en_US:zh, WINDOWID=85983243, LESSOPEN=| /usr/bin/lesspipe %s, GROOVYSERV_HOME=/home/jack/.gvm/groovyserv/current, INSTANCE=, MY_RUBY_HOME=/home/jack/.rvm/rubies/ruby-2.2.0, rvm_path=/home/jack/.rvm, GNOME_DESKTOP_SESSION_ID=this-is-deprecated, GTK_MODULES=overlay-scrollbar:unity-gtk-module, CLUTTER_IM_MODULE=ibus, TEXTDOMAIN=im-config, COMPIZ_BIN_PATH=/usr/bin/, SHLVL=1, JAVA_HOME=/media/jack/home-partition/tool/jdk1.8.0_51, GVM_VERSION=2.4.2, GAIDEN_HOME=/home/jack/.gvm/gaiden/current, LAZYBONES_HOME=/home/jack/.gvm/lazybones/current, TERM=xterm, XDG_CONFIG_DIRS=/etc/xdg/xdg-ubuntu:/usr/share/upstart/xdg:/etc/xdg, XDG_SEAT_PATH=/org/freedesktop/DisplayManager/Seat0, XDG_SESSION_ID=c2, GRADLE_HOME=/home/jack/.gvm/gradle/current, SELINUX_INIT=YES, GROOVY_HOME=/home/jack/.gvm/groovy/current, no_proxy=localhost,127.0.0.0/8,::1, XDG_GREETER_DATA_DIR=/var/lib/lightdm-data/jack, DESKTOP_SESSION=ubuntu, SESSION=ubuntu, XDG_MENU_PREFIX=gnome-, ANDROID_STUDIO_HOME=/media/jack/home-partition/tool/android-studio, QT_ACCESSIBILITY=1, VTE_VERSION=3409, GVM_BROKER_SERVICE=http://release.gvm.io, GEM_PATH=/home/jack/.rvm/gems/ruby-2.2.0:/home/jack/.rvm/gems/ruby-2.2.0@global, NLSPATH=/usr/dt/lib/nls/msg/%L/%N.cat, GLIDE_HOME=/home/jack/.gvm/glide/current, XAUTHORITY=/home/jack/.Xauthority, XDG_DATA_DIRS=/usr/share/ubuntu:/usr/share/gnome:/usr/local/share/:/usr/share/, MANDATORY_PATH=/usr/share/gconf/ubuntu.mandatory.path, ASCIIDOCTORJ_HOME=/home/jack/.gvm/asciidoctorj/current, GTK_IM_MODULE=ibus, XDG_CURRENT_DESKTOP=Unity, QT4_IM_MODULE=ibus, LOGNAME=jack, JOB=dbus, IM_CONFIG_PHASE=1, SPRINGBOOT_HOME=/home/jack/.gvm/springboot/current, SHELL=/bin/bash, OLDPWD=/opt/grails-3.0.9, GVM_PLATFORM=Linux, GEM_HOME=/home/jack/.rvm/gems/ruby-2.2.0, RUBY_VERSION=ruby-2.2.0, _system_name=Ubuntu, XDG_SESSION_PATH=/org/freedesktop/DisplayManager/Session0, CRASH_HOME=/home/jack/.gvm/crash/current, SESSIONTYPE=gnome-session, LS_COLORS=rs=0:di=01;34:ln=01;36:mh=00:pi=40;33:so=01;35:do=01;35:bd=40;33;01:cd=40;33;01:or=40;31;01:su=37;41:sg=30;43:ca=30;41:tw=30;42:ow=34;42:st=37;44:ex=01;32:*.tar=01;31:*.tgz=01;31:*.arj=01;31:*.taz=01;31:*.lzh=01;31:*.lzma=01;31:*.tlz=01;31:*.txz=01;31:*.zip=01;31:*.z=01;31:*.Z=01;31:*.dz=01;31:*.gz=01;31:*.lz=01;31:*.xz=01;31:*.bz2=01;31:*.bz=01;31:*.tbz=01;31:*.tbz2=01;31:*.tz=01;31:*.deb=01;31:*.rpm=01;31:*.jar=01;31:*.war=01;31:*.ear=01;31:*.sar=01;31:*.rar=01;31:*.ace=01;31:*.zoo=01;31:*.cpio=01;31:*.7z=01;31:*.rz=01;31:*.jpg=01;35:*.jpeg=01;35:*.gif=01;35:*.bmp=01;35:*.pbm=01;35:*.pgm=01;35:*.ppm=01;35:*.tga=01;35:*.xbm=01;35:*.xpm=01;35:*.tif=01;35:*.tiff=01;35:*.png=01;35:*.svg=01;35:*.svgz=01;35:*.mng=01;35:*.pcx=01;35:*.mov=01;35:*.mpg=01;35:*.mpeg=01;35:*.m2v=01;35:*.mkv=01;35:*.webm=01;35:*.ogm=01;35:*.mp4=01;35:*.m4v=01;35:*.mp4v=01;35:*.vob=01;35:*.qt=01;35:*.nuv=01;35:*.wmv=01;35:*.asf=01;35:*.rm=01;35:*.rmvb=01;35:*.flc=01;35:*.avi=01;35:*.fli=01;35:*.flv=01;35:*.gl=01;35:*.dl=01;35:*.xcf=01;35:*.xwd=01;35:*.yuv=01;35:*.cgm=01;35:*.emf=01;35:*.axv=01;35:*.anx=01;35:*.ogv=01;35:*.ogx=01;35:*.aac=00;36:*.au=00;36:*.flac=00;36:*.mid=00;36:*.midi=00;36:*.mka=00;36:*.mp3=00;36:*.mpc=00;36:*.ogg=00;36:*.ra=00;36:*.wav=00;36:*.axa=00;36:*.oga=00;36:*.spx=00;36:*.xspf=00;36:, GVM_BROADCAST_SERVICE=http://cast.gvm.io, LESSCLOSE=/usr/bin/lesspipe %s %s, GRIFFON_HOME=/home/jack/.gvm/griffon/current, _system_arch=x86_64, COMPIZ_CONFIG_PROFILE=ubuntu, rvm_bin_path=/home/jack/.rvm/bin, QT_IM_MODULE=ibus, XFILESEARCHPATH=/usr/dt/app-defaults/%L/Dt, rvm_prefix=/home/jack, LANG=en_US.UTF-8, GNOME_KEYRING_CONTROL=/run/user/1000/keyring-PEuVXi, DISPLAY=:0, GVM_SERVICE=http://api.gvmtool.net, JBOSSFORGE_HOME=/home/jack/.gvm/jbossforge/current, JBAKE_HOME=/home/jack/.gvm/jbake/current, GDM_LANG=en_US, _system_type=Linux, GVM_DIR=/home/jack/.gvm, GPG_AGENT_INFO=/run/user/1000/keyring-PEuVXi/gpg:0:1, _system_version=14.04, USER=jack, CLASSPATH=/opt/grails-3.0.9/dist/grails-shell-3.0.9.jar:/opt/grails-3.0.9/lib/org.codehaus.groovy/groovy/jars/groovy-2.4.5.jar:/opt/grails-3.0.9/lib/org.slf4j/slf4j-api/jars/slf4j-api-1.7.10.jar:/opt/grails-3.0.9/lib/org.slf4j/jcl-over-slf4j/jars/jcl-over-slf4j-1.7.10.jar:/opt/grails-3.0.9/dist/grails-bootstrap-3.0.9.jar:/opt/grails-3.0.9/dist/grails-gradle-model-3.0.9.jar:/opt/grails-3.0.9/lib/org.apache.ant/ant/jars/ant-1.9.4.jar:/opt/grails-3.0.9/lib/org.codehaus.groovy/groovy-ant/jars/groovy-ant-2.4.5.jar:/opt/grails-3.0.9/lib/org.codehaus.groovy/groovy-json/jars/groovy-json-2.4.5.jar:/opt/grails-3.0.9/lib/org.codehaus.groovy/groovy-jmx/jars/groovy-jmx-2.4.5.jar:/opt/grails-3.0.9/lib/org.fusesource.jansi/jansi/jars/jansi-1.11.jar:/opt/grails-3.0.9/lib/jline/jline/jars/jline-2.12.jar:/opt/grails-3.0.9/lib/org.eclipse.jgit/org.eclipse.jgit/jars/org.eclipse.jgit-3.5.2.201411120430-r.jar:/opt/grails-3.0.9/lib/org.gradle/gradle-tooling-api/jars/gradle-tooling-api-2.3.jar:/opt/grails-3.0.9/lib/org.springframework.boot/spring-boot-cli/jars/spring-boot-cli-1.2.6.RELEASE.jar:/opt/grails-3.0.9/lib/org.slf4j/slf4j-simple/jars/slf4j-simple-1.7.10.jar:/opt/grails-3.0.9/lib/org.codehaus.plexus/plexus-component-api/jars/plexus-component-api-1.0-alpha-33.jar:/opt/grails-3.0.9/lib/org.codehaus.groovy/groovy-xml/jars/groovy-xml-2.4.5.jar:/opt/grails-3.0.9/lib/org.yaml/snakeyaml/jars/snakeyaml-1.14.jar:/opt/grails-3.0.9/lib/org.apache.ant/ant-launcher/jars/ant-launcher-1.9.4.jar:/opt/grails-3.0.9/lib/org.apache.ant/ant-antlr/jars/ant-antlr-1.9.4.jar:/opt/grails-3.0.9/lib/org.codehaus.groovy/groovy-groovydoc/jars/groovy-groovydoc-2.4.5.jar:/opt/grails-3.0.9/lib/org.apache.ant/ant-junit/jars/ant-junit-1.9.4.jar:/opt/grails-3.0.9/lib/com.jcraft/jsch/jars/jsch-0.1.50.jar:/opt/grails-3.0.9/lib/com.googlecode.javaewah/JavaEWAH/jars/JavaEWAH-0.7.9.jar:/opt/grails-3.0.9/lib/org.springframework.boot/spring-boot-dependency-tools/jars/spring-boot-dependency-tools-1.2.6.RELEASE.jar:/opt/grails-3.0.9/lib/org.springframework.boot/spring-boot-loader-tools/jars/spring-boot-loader-tools-1.2.6.RELEASE.jar:/opt/grails-3.0.9/lib/net.sf.jopt-simple/jopt-simple/jars/jopt-simple-4.6.jar:/opt/grails-3.0.9/lib/org.springframework/spring-core/jars/spring-core-4.1.7.RELEASE.jar:/opt/grails-3.0.9/lib/org.json/json/jars/json-20140107.jar:/opt/grails-3.0.9/lib/org.apache.maven/maven-aether-provider/jars/maven-aether-provider-3.2.1.jar:/opt/grails-3.0.9/lib/org.apache.maven/maven-settings-builder/jars/maven-settings-builder-3.1.1.jar:/opt/grails-3.0.9/lib/org.eclipse.aether/aether-api/jars/aether-api-0.9.1.v20140329.jar:/opt/grails-3.0.9/lib/org.eclipse.aether/aether-connector-basic/jars/aether-connector-basic-0.9.1.v20140329.jar:/opt/grails-3.0.9/lib/org.eclipse.aether/aether-impl/jars/aether-impl-0.9.1.v20140329.jar:/opt/grails-3.0.9/lib/org.eclipse.aether/aether-spi/jars/aether-spi-0.9.1.v20140329.jar:/opt/grails-3.0.9/lib/org.eclipse.aether/aether-transport-file/jars/aether-transport-file-0.9.1.v20140329.jar:/opt/grails-3.0.9/lib/org.eclipse.aether/aether-transport-http/jars/aether-transport-http-0.9.1.v20140329.jar:/opt/grails-3.0.9/lib/org.eclipse.aether/aether-util/jars/aether-util-0.9.1.v20140329.jar:/opt/grails-3.0.9/lib/org.codehaus.plexus/plexus-classworlds/jars/plexus-classworlds-1.2-alpha-10.jar:/opt/grails-3.0.9/lib/junit/junit/jars/junit-3.8.1.jar:/opt/grails-3.0.9/lib/org.codehaus.groovy/groovy-templates/jars/groovy-templates-2.4.5.jar:/opt/grails-3.0.9/lib/org.apache.maven/maven-model/jars/maven-model-3.2.1.jar:/opt/grails-3.0.9/lib/org.apache.maven/maven-model-builder/jars/maven-model-builder-3.2.1.jar:/opt/grails-3.0.9/lib/org.apache.maven/maven-repository-metadata/jars/maven-repository-metadata-3.2.1.jar:/opt/grails-3.0.9/lib/org.codehaus.plexus/plexus-component-annotations/jars/plexus-component-annotations-1.5.5.jar:/opt/grails-3.0.9/lib/org.codehaus.plexus/plexus-utils/jars/plexus-utils-3.0.17.jar:/opt/grails-3.0.9/lib/org.codehaus.plexus/plexus-interpolation/jars/plexus-interpolation-1.19.jar:/opt/grails-3.0.9/lib/org.apache.maven/maven-settings/jars/maven-settings-3.1.1.jar:/opt/grails-3.0.9/lib/org.sonatype.plexus/plexus-sec-dispatcher/jars/plexus-sec-dispatcher-1.3.jar:/opt/grails-3.0.9/lib/org.sonatype.plexus/plexus-cipher/jars/plexus-cipher-1.4.jar:/opt/grails-3.0.9/lib/org.apache.httpcomponents/httpclient/jars/httpclient-4.2.6.jar:/opt/grails-3.0.9/lib/org.apache.httpcomponents/httpcore/jars/httpcore-4.2.5.jar:/opt/grails-3.0.9/lib/commons-codec/commons-codec/jars/commons-codec-1.6.jar, XDG_SEAT=seat0, SSH_AUTH_SOCK=/run/user/1000/keyring-PEuVXi/ssh, QT_QPA_PLATFORMTHEME=appmenu-qt5, XDG_RUNTIME_DIR=/run/user/1000, GVM_INIT=true, XDG_VTNR=7, HOME=/home/jack, GNOME_KEYRING_PID=4512}
23:33:18.462 [DEBUG] [org.gradle.launcher.daemon.server.SynchronizedDispatchConnection] thread 14: received class org.gradle.launcher.daemon.protocol.CloseInput
23:33:18.462 [DEBUG] [org.gradle.launcher.daemon.server.DefaultDaemonConnection] Received IO message from client: CloseInput[id=ca27f464-9d48-4d83-9d3d-c84c799c5019.2]
23:33:18.469 [DEBUG] [org.gradle.launcher.daemon.server.exec.LogToClient] About to start relaying all logs to the client via the connection.
23:33:18.469 [INFO] [org.gradle.launcher.daemon.server.exec.LogToClient] The client will now receive all logging from the daemon (pid: 10755). The daemon log file: /home/jack/.gradle/daemon/2.3/daemon-10755.out.log
23:33:18.474 [INFO] [org.gradle.launcher.daemon.server.health.DaemonHealthTracker] Starting build in new daemon [memory: 954.7 MB]
23:33:18.476 [INFO] [org.gradle.launcher.daemon.server.exec.ForwardClientInput] Closing daemon's stdin at end of input.
23:33:18.476 [INFO] [org.gradle.launcher.daemon.server.exec.ForwardClientInput] The daemon will no longer process any standard input.
23:33:18.478 [DEBUG] [org.gradle.launcher.daemon.server.exec.ExecuteBuild] The daemon has started executing the build.
23:33:18.478 [INFO] [org.gradle.launcher.daemon.server.exec.ExecuteBuild] Executing build with daemon context: DefaultDaemonContext[uid=a64d25cc-9265-49cc-a52c-1617a0a2b1e4,javaHome=/media/jack/home-partition/tool/jdk1.8.0_51,daemonRegistryDir=/home/jack/.gradle/daemon,pid=10755,idleTimeout=10800000,daemonOpts=-XX:MaxPermSize=256m,-XX:+HeapDumpOnOutOfMemoryError,-Xmx1024m,-Dfile.encoding=UTF-8,-Duser.country=US,-Duser.language=en,-Duser.variant]
23:33:18.975 [INFO] [org.gradle.tooling.internal.provider.DefaultPayloadClassLoaderRegistry] Creating ClassLoader c403fede-798b-4f71-97e5-aedeff1e6655 from [Spec classpath:[file:/opt/grails-3.0.9/lib/org.gradle/gradle-tooling-api/jars/gradle-tooling-api-2.3.jar, file:/opt/grails-3.0.9/dist/grails-shell-3.0.9.jar, file:/opt/grails-3.0.9/lib/org.codehaus.groovy/groovy/jars/groovy-2.4.5.jar, file:/opt/grails-3.0.9/dist/grails-gradle-model-3.0.9.jar]] and [org.gradle.internal.classloader.FilteringClassLoader@530b4daa].
23:33:18.976 [DEBUG] [org.gradle.cache.internal.DefaultFileLockManager] Waiting to acquire exclusive lock on jars (/home/jack/.gradle/caches/jars-1).
23:33:18.977 [DEBUG] [org.gradle.cache.internal.DefaultFileLockManager] Lock acquired.
23:33:18.978 [DEBUG] [org.gradle.cache.internal.locklistener.DefaultFileLockContentionHandler] Starting file lock listener thread.

FAILURE: Build failed with an exception.

* What went wrong:
A problem occurred configuring root project 'llqing-security'.
> Could not resolve all dependencies for configuration ':classpath'.
   > Could not download grails-gradle-plugin.jar (org.grails:grails-gradle-plugin:3.0.9)
      > Could not GET 'https://repo.grails.org/grails/core/org/grails/grails-gradle-plugin/3.0.9/grails-gradle-plugin-3.0.9.jar'.
         > repo.grails.org: unknown error

* Try:
Run with --stacktrace option to get the stack trace. Run with --info or --debug option to get more log output.

BUILD FAILED

Total time: 24.802 secs
23:33:41.414 [DEBUG] [org.gradle.cache.internal.DefaultFileLockManager] Releasing lock on buildscript class cache for build file '/media/jack/home-partition/grails-practice/llqing-security/build.gradle' (/home/jack/.gradle/caches/2.3/scripts/build_7z1b0vmsr396sd8tsqcr4tt5a/ProjectScript/buildscript).
23:33:41.416 [DEBUG] [org.gradle.cache.internal.btree.BTreePersistentIndexedCache] Closing cache plugin-use-metadata.bin (/home/jack/.gradle/caches/2.3/plugin-resolution/plugin-use-metadata.bin)
23:33:41.416 [DEBUG] [org.gradle.cache.internal.DefaultFileLockManager] Releasing lock on Plugin Resolution Cache (/home/jack/.gradle/caches/2.3/plugin-resolution).
23:33:41.419 [DEBUG] [org.gradle.cache.internal.DefaultFileLockManager] Releasing lock on jars (/home/jack/.gradle/caches/jars-1).
23:33:41.421 [DEBUG] [org.gradle.cache.internal.btree.BTreePersistentIndexedCache] Closing cache artifact-at-repository.bin (/home/jack/.gradle/caches/modules-2/metadata-2.14/artifact-at-repository.bin)
23:33:41.421 [DEBUG] [org.gradle.cache.internal.btree.BTreePersistentIndexedCache] Closing cache module-metadata.bin (/home/jack/.gradle/caches/modules-2/metadata-2.14/module-metadata.bin)
23:33:41.424 [DEBUG] [org.gradle.cache.internal.btree.BTreePersistentIndexedCache] Closing cache artifact-at-url.bin (/home/jack/.gradle/caches/modules-2/metadata-2.14/artifact-at-url.bin)
23:33:41.425 [DEBUG] [org.gradle.cache.internal.DefaultFileLockManager] Releasing lock on artifact cache (/home/jack/.gradle/caches/modules-2).
23:33:41.427 [DEBUG] [org.gradle.api.internal.artifacts.ivyservice.ivyresolve.memcache.InMemoryCachedRepositoryFactory] In-memory dependency metadata cache closed. Repos cached: 3, cache instances: 3, modules served from cache: 0, artifacts: 0
23:33:41.428 [DEBUG] [org.gradle.api.internal.artifacts.ivyservice.resolveengine.store.CachedStoreFactory] Resolution result cache closed. Cache reads: 0, disk reads: 0 (avg: 0.0 secs, total: 0.0 secs)
23:33:41.429 [DEBUG] [org.gradle.api.internal.artifacts.ivyservice.resolveengine.store.CachedStoreFactory] Resolved configuration cache closed. Cache reads: 0, disk reads: 0 (avg: 0.0 secs, total: 0.0 secs)
23:33:41.429 [DEBUG] [org.gradle.api.internal.artifacts.ivyservice.resolveengine.store.ResolutionResultsStoreFactory] Deleted 2 resolution results binary files in 0.002 secs
23:33:41.430 [DEBUG] [org.gradle.launcher.daemon.server.exec.ExecuteBuild] The daemon has finished executing the build.
23:33:41.598 [DEBUG] [org.gradle.launcher.daemon.server.DaemonStateCoordinator] Daemon is busy, sleeping until state changes.
23:33:41.598 [DEBUG] [org.apache.http.impl.conn.PoolingClientConnectionManager] Connection manager is shutting down
23:33:41.598 [DEBUG] [org.gradle.launcher.daemon.server.DaemonStateCoordinator] Command execution: finished waiting for DaemonCommandExecution[command = Build{id=ca27f464-9d48-4d83-9d3d-c84c799c5019.1, currentDir=/media/jack/home-partition/grails-practice/llqing-security}, connection = org.gradle.launcher.daemon.server.DefaultDaemonConnection@2e19da4e]. Result org.gradle.launcher.daemon.server.DaemonStateCoordinator@5b912d3a with state Running
23:33:41.600 [DEBUG] [org.apache.http.impl.conn.PoolingClientConnectionManager] Connection manager shut down
23:33:41.601 [DEBUG] [org.gradle.launcher.daemon.server.DaemonStateCoordinator] Command execution: completed DaemonCommandExecution[command = Build{id=ca27f464-9d48-4d83-9d3d-c84c799c5019.1, currentDir=/media/jack/home-partition/grails-practice/llqing-security}, connection = org.gradle.launcher.daemon.server.DefaultDaemonConnection@2e19da4e]
23:33:41.601 [DEBUG] [org.gradle.launcher.daemon.server.DaemonStateCoordinator] updating lastActivityAt to 1446305621601
23:33:41.601 [INFO] [org.gradle.launcher.daemon.server.DomainRegistryUpdater] Marking the daemon as idle, address: [7f8cf1e9-a0ff-4146-9f0b-14598a812091 port:45045, addresses:[/0:0:0:0:0:0:0:1%lo, /127.0.0.1]]
23:33:41.602 [DEBUG] [org.gradle.launcher.daemon.registry.PersistentDaemonRegistry] Marking idle by address: [7f8cf1e9-a0ff-4146-9f0b-14598a812091 port:45045, addresses:[/0:0:0:0:0:0:0:1%lo, /127.0.0.1]]
23:33:41.603 [DEBUG] [org.gradle.cache.internal.DefaultFileLockManager] Waiting to acquire exclusive lock on daemon addresses registry.
23:33:41.603 [DEBUG] [org.gradle.cache.internal.DefaultFileLockManager] Lock acquired.
23:33:41.607 [DEBUG] [org.gradle.cache.internal.DefaultFileLockManager] Releasing lock on daemon addresses registry.
23:33:41.607 [DEBUG] [org.gradle.launcher.daemon.server.DaemonStateCoordinator] Daemon is idle, sleeping until state change or idle timeout at Sun Nov 01 02:33:41 CST 2015
23:33:41.608 [DEBUG] [org.gradle.launcher.daemon.server.exec.ReturnResult] Daemon is dispatching the build result: DaemonCommandResult[type=CommandFailure, value=org.gradle.launcher.exec.ReportedException: org.gradle.internal.exceptions.LocationAwareException: A problem occurred configuring root project 'llqing-security'.]
23:33:41.609 [DEBUG] [org.gradle.launcher.daemon.server.SynchronizedDispatchConnection] thread 13: dispatching class org.gradle.launcher.daemon.protocol.CommandFailure
23:33:41.647 [DEBUG] [org.gradle.launcher.daemon.server.DefaultIncomingConnectionHandler] Finishing executing command: Build{id=ca27f464-9d48-4d83-9d3d-c84c799c5019.1, currentDir=/media/jack/home-partition/grails-practice/llqing-security}
23:33:41.672 [DEBUG] [org.gradle.launcher.daemon.server.SynchronizedDispatchConnection] thread 14: received class org.gradle.launcher.daemon.protocol.Finished
23:33:41.673 [DEBUG] [org.gradle.launcher.daemon.server.DefaultDaemonConnection] Received non-IO message from client: org.gradle.launcher.daemon.protocol.Finished@50298b9b
23:33:41.673 [DEBUG] [org.gradle.launcher.daemon.server.DefaultIncomingConnectionHandler] Received finished message: org.gradle.launcher.daemon.protocol.Finished@50298b9b
23:33:41.673 [DEBUG] [org.gradle.launcher.daemon.server.SynchronizedDispatchConnection] thread 14: received null
23:33:41.673 [DEBUG] [org.gradle.launcher.daemon.server.SynchronizedDispatchConnection] thread 13: stopping connection
23:33:41.673 [DEBUG] [org.gradle.launcher.daemon.server.DefaultDaemonConnection] Received end-of-input from client.
23:33:41.674 [DEBUG] [org.gradle.launcher.daemon.server.SynchronizedDispatchConnection] thread 13: stopping connection
23:33:49.319 [DEBUG] [org.gradle.messaging.remote.internal.inet.TcpIncomingConnector] Accepted connection from /0:0:0:0:0:0:0:1:51463 to /0:0:0:0:0:0:0:1:45045.
23:33:49.345 [DEBUG] [org.gradle.launcher.daemon.server.SynchronizedDispatchConnection] thread 20: received class org.gradle.launcher.daemon.protocol.Build
23:33:49.345 [DEBUG] [org.gradle.launcher.daemon.server.DefaultDaemonConnection] Received non-IO message from client: Build{id=0f24b135-20b0-489c-bb35-8289f996d2be.1, currentDir=/media/jack/home-partition/grails-practice/llqing-security}
23:33:49.346 [INFO] [org.gradle.launcher.daemon.server.DefaultIncomingConnectionHandler] Received command: Build{id=0f24b135-20b0-489c-bb35-8289f996d2be.1, currentDir=/media/jack/home-partition/grails-practice/llqing-security}.
23:33:49.346 [DEBUG] [org.gradle.launcher.daemon.server.DefaultIncomingConnectionHandler] Starting executing command: Build{id=0f24b135-20b0-489c-bb35-8289f996d2be.1, currentDir=/media/jack/home-partition/grails-practice/llqing-security} with connection: socket connection from /0:0:0:0:0:0:0:1:45045 to /0:0:0:0:0:0:0:1:51463.
23:33:49.348 [DEBUG] [org.gradle.launcher.daemon.server.DaemonStateCoordinator] Command execution: started DaemonCommandExecution[command = Build{id=0f24b135-20b0-489c-bb35-8289f996d2be.1, currentDir=/media/jack/home-partition/grails-practice/llqing-security}, connection = org.gradle.launcher.daemon.server.DefaultDaemonConnection@459c136f] after 0.0 minutes of idle
23:33:49.349 [INFO] [org.gradle.launcher.daemon.server.DomainRegistryUpdater] Marking the daemon as busy, address: [7f8cf1e9-a0ff-4146-9f0b-14598a812091 port:45045, addresses:[/0:0:0:0:0:0:0:1%lo, /127.0.0.1]]
23:33:49.349 [DEBUG] [org.gradle.launcher.daemon.registry.PersistentDaemonRegistry] Marking busy by address: [7f8cf1e9-a0ff-4146-9f0b-14598a812091 port:45045, addresses:[/0:0:0:0:0:0:0:1%lo, /127.0.0.1]]
23:33:49.349 [DEBUG] [org.gradle.cache.internal.DefaultFileLockManager] Waiting to acquire exclusive lock on daemon addresses registry.
23:33:49.350 [DEBUG] [org.gradle.cache.internal.DefaultFileLockManager] Lock acquired.
23:33:49.353 [DEBUG] [org.gradle.cache.internal.DefaultFileLockManager] Releasing lock on daemon addresses registry.
23:33:49.353 [DEBUG] [org.gradle.launcher.daemon.server.DaemonStateCoordinator] updating lastActivityAt to 1446305629353
23:33:49.354 [DEBUG] [org.gradle.launcher.daemon.server.DaemonStateCoordinator] Daemon is busy, sleeping until state changes.
23:33:49.354 [INFO] [org.gradle.launcher.daemon.server.exec.StartBuildOrRespondWithBusy] Daemon is about to start building Build{id=0f24b135-20b0-489c-bb35-8289f996d2be.1, currentDir=/media/jack/home-partition/grails-practice/llqing-security}. Dispatching build started information...
23:33:49.354 [DEBUG] [org.gradle.launcher.daemon.server.SynchronizedDispatchConnection] thread 16: dispatching class org.gradle.launcher.daemon.protocol.BuildStarted
23:33:49.355 [DEBUG] [org.gradle.launcher.daemon.server.exec.EstablishBuildEnvironment] Configuring env variables: {PATH=/opt/grails-3.0.9/bin:/home/jack/bin:/home/jack/bin:/media/jack/home-partition/tool/jdk1.8.0_51/bin:/media/jack/home-partition/tool/jdk1.8.0_51/jre/bin:/home/jack/.rvm/gems/ruby-2.2.0/bin:/home/jack/.rvm/gems/ruby-2.2.0@global/bin:/home/jack/.rvm/rubies/ruby-2.2.0/bin:/home/jack/.gvm/springboot/current/bin:/home/jack/.gvm/lazybones/current/bin:/home/jack/.gvm/jbossforge/current/bin:/home/jack/.gvm/jbake/current/bin:/home/jack/.gvm/groovyserv/current/bin:/home/jack/.gvm/groovy/current/bin:/home/jack/.gvm/griffon/current/bin:/home/jack/.gvm/grails/current/bin:/home/jack/.gvm/gradle/current/bin:/home/jack/.gvm/glide/current/bin:/home/jack/.gvm/gaiden/current/bin:/home/jack/.gvm/crash/current/bin:/home/jack/.gvm/asciidoctorj/current/bin:/home/jack/bin:/opt/grails-3.0.7/bin:/home/jack/bin:/home/jack/bin:/media/jack/home-partition/tool/jdk1.8.0_51/bin:/media/jack/home-partition/tool/jdk1.8.0_51/jre/bin:/home/jack/bin:/usr/local/sbin:/usr/local/bin:/usr/sbin:/usr/bin:/sbin:/bin:/usr/games:/usr/local/games:/home/jack/.rvm/bin:/media/jack/home-partition/tool/android-studio/bin:/media/jack/home-partition/tool/android-studio/sdk/tools:/media/jack/home-partition/tool/android-studio/sdk/platform-tools:/media/jack/home-partition/tool/android-studio/sdk/build-tools:/home/jack/.rvm/bin:/media/jack/home-partition/tool/idea-IU-141.2735.5/bin:/home/jack/.rvm/bin:/media/jack/home-partition/tool/android-studio/bin:/media/jack/home-partition/tool/android-studio/sdk/tools:/media/jack/home-partition/tool/android-studio/sdk/platform-tools:/media/jack/home-partition/tool/android-studio/sdk/build-tools:/home/jack/.rvm/bin:/media/jack/home-partition/tool/idea-IU-141.2735.5/bin, IRBRC=/home/jack/.rvm/rubies/ruby-2.2.0/.irbrc, NO_PROXY=localhost,127.0.0.0/8,::1, XMODIFIERS=@im=ibus, GDMSESSION=ubuntu, GRAILS_HOME=/opt/grails-3.0.9, TEXTDOMAINDIR=/usr/share/locale/, DBUS_SESSION_BUS_ADDRESS=unix:abstract=/tmp/dbus-19uneEtd3l, DEFAULTS_PATH=/usr/share/gconf/ubuntu.default.path, COLORTERM=gnome-terminal, UPSTART_SESSION=unix:abstract=/com/ubuntu/upstart-session/1000/4514, SESSION_MANAGER=local/jack-ThinkPad-S430:@/tmp/.ICE-unix/4689,unix/jack-ThinkPad-S430:/tmp/.ICE-unix/4689, rvm_version=1.26.7 (master), PWD=/media/jack/home-partition/grails-practice/llqing-security, LANGUAGE=en_US:zh, WINDOWID=85983243, LESSOPEN=| /usr/bin/lesspipe %s, GROOVYSERV_HOME=/home/jack/.gvm/groovyserv/current, INSTANCE=, MY_RUBY_HOME=/home/jack/.rvm/rubies/ruby-2.2.0, rvm_path=/home/jack/.rvm, GNOME_DESKTOP_SESSION_ID=this-is-deprecated, GTK_MODULES=overlay-scrollbar:unity-gtk-module, CLUTTER_IM_MODULE=ibus, TEXTDOMAIN=im-config, COMPIZ_BIN_PATH=/usr/bin/, SHLVL=1, JAVA_HOME=/media/jack/home-partition/tool/jdk1.8.0_51, GVM_VERSION=2.4.2, GAIDEN_HOME=/home/jack/.gvm/gaiden/current, LAZYBONES_HOME=/home/jack/.gvm/lazybones/current, TERM=xterm, XDG_CONFIG_DIRS=/etc/xdg/xdg-ubuntu:/usr/share/upstart/xdg:/etc/xdg, XDG_SEAT_PATH=/org/freedesktop/DisplayManager/Seat0, XDG_SESSION_ID=c2, GRADLE_HOME=/home/jack/.gvm/gradle/current, SELINUX_INIT=YES, GROOVY_HOME=/home/jack/.gvm/groovy/current, no_proxy=localhost,127.0.0.0/8,::1, XDG_GREETER_DATA_DIR=/var/lib/lightdm-data/jack, DESKTOP_SESSION=ubuntu, SESSION=ubuntu, XDG_MENU_PREFIX=gnome-, ANDROID_STUDIO_HOME=/media/jack/home-partition/tool/android-studio, QT_ACCESSIBILITY=1, VTE_VERSION=3409, GVM_BROKER_SERVICE=http://release.gvm.io, GEM_PATH=/home/jack/.rvm/gems/ruby-2.2.0:/home/jack/.rvm/gems/ruby-2.2.0@global, NLSPATH=/usr/dt/lib/nls/msg/%L/%N.cat, GLIDE_HOME=/home/jack/.gvm/glide/current, XAUTHORITY=/home/jack/.Xauthority, XDG_DATA_DIRS=/usr/share/ubuntu:/usr/share/gnome:/usr/local/share/:/usr/share/, MANDATORY_PATH=/usr/share/gconf/ubuntu.mandatory.path, ASCIIDOCTORJ_HOME=/home/jack/.gvm/asciidoctorj/current, GTK_IM_MODULE=ibus, XDG_CURRENT_DESKTOP=Unity, QT4_IM_MODULE=ibus, LOGNAME=jack, JOB=dbus, IM_CONFIG_PHASE=1, SPRINGBOOT_HOME=/home/jack/.gvm/springboot/current, SHELL=/bin/bash, OLDPWD=/opt/grails-3.0.9, GVM_PLATFORM=Linux, GEM_HOME=/home/jack/.rvm/gems/ruby-2.2.0, RUBY_VERSION=ruby-2.2.0, _system_name=Ubuntu, XDG_SESSION_PATH=/org/freedesktop/DisplayManager/Session0, CRASH_HOME=/home/jack/.gvm/crash/current, SESSIONTYPE=gnome-session, LS_COLORS=rs=0:di=01;34:ln=01;36:mh=00:pi=40;33:so=01;35:do=01;35:bd=40;33;01:cd=40;33;01:or=40;31;01:su=37;41:sg=30;43:ca=30;41:tw=30;42:ow=34;42:st=37;44:ex=01;32:*.tar=01;31:*.tgz=01;31:*.arj=01;31:*.taz=01;31:*.lzh=01;31:*.lzma=01;31:*.tlz=01;31:*.txz=01;31:*.zip=01;31:*.z=01;31:*.Z=01;31:*.dz=01;31:*.gz=01;31:*.lz=01;31:*.xz=01;31:*.bz2=01;31:*.bz=01;31:*.tbz=01;31:*.tbz2=01;31:*.tz=01;31:*.deb=01;31:*.rpm=01;31:*.jar=01;31:*.war=01;31:*.ear=01;31:*.sar=01;31:*.rar=01;31:*.ace=01;31:*.zoo=01;31:*.cpio=01;31:*.7z=01;31:*.rz=01;31:*.jpg=01;35:*.jpeg=01;35:*.gif=01;35:*.bmp=01;35:*.pbm=01;35:*.pgm=01;35:*.ppm=01;35:*.tga=01;35:*.xbm=01;35:*.xpm=01;35:*.tif=01;35:*.tiff=01;35:*.png=01;35:*.svg=01;35:*.svgz=01;35:*.mng=01;35:*.pcx=01;35:*.mov=01;35:*.mpg=01;35:*.mpeg=01;35:*.m2v=01;35:*.mkv=01;35:*.webm=01;35:*.ogm=01;35:*.mp4=01;35:*.m4v=01;35:*.mp4v=01;35:*.vob=01;35:*.qt=01;35:*.nuv=01;35:*.wmv=01;35:*.asf=01;35:*.rm=01;35:*.rmvb=01;35:*.flc=01;35:*.avi=01;35:*.fli=01;35:*.flv=01;35:*.gl=01;35:*.dl=01;35:*.xcf=01;35:*.xwd=01;35:*.yuv=01;35:*.cgm=01;35:*.emf=01;35:*.axv=01;35:*.anx=01;35:*.ogv=01;35:*.ogx=01;35:*.aac=00;36:*.au=00;36:*.flac=00;36:*.mid=00;36:*.midi=00;36:*.mka=00;36:*.mp3=00;36:*.mpc=00;36:*.ogg=00;36:*.ra=00;36:*.wav=00;36:*.axa=00;36:*.oga=00;36:*.spx=00;36:*.xspf=00;36:, GVM_BROADCAST_SERVICE=http://cast.gvm.io, LESSCLOSE=/usr/bin/lesspipe %s %s, GRIFFON_HOME=/home/jack/.gvm/griffon/current, _system_arch=x86_64, COMPIZ_CONFIG_PROFILE=ubuntu, rvm_bin_path=/home/jack/.rvm/bin, QT_IM_MODULE=ibus, XFILESEARCHPATH=/usr/dt/app-defaults/%L/Dt, rvm_prefix=/home/jack, LANG=en_US.UTF-8, GNOME_KEYRING_CONTROL=/run/user/1000/keyring-PEuVXi, DISPLAY=:0, GVM_SERVICE=http://api.gvmtool.net, JBOSSFORGE_HOME=/home/jack/.gvm/jbossforge/current, JBAKE_HOME=/home/jack/.gvm/jbake/current, GDM_LANG=en_US, _system_type=Linux, GVM_DIR=/home/jack/.gvm, GPG_AGENT_INFO=/run/user/1000/keyring-PEuVXi/gpg:0:1, _system_version=14.04, USER=jack, CLASSPATH=/opt/grails-3.0.9/dist/grails-shell-3.0.9.jar:/opt/grails-3.0.9/lib/org.codehaus.groovy/groovy/jars/groovy-2.4.5.jar:/opt/grails-3.0.9/lib/org.slf4j/slf4j-api/jars/slf4j-api-1.7.10.jar:/opt/grails-3.0.9/lib/org.slf4j/jcl-over-slf4j/jars/jcl-over-slf4j-1.7.10.jar:/opt/grails-3.0.9/dist/grails-bootstrap-3.0.9.jar:/opt/grails-3.0.9/dist/grails-gradle-model-3.0.9.jar:/opt/grails-3.0.9/lib/org.apache.ant/ant/jars/ant-1.9.4.jar:/opt/grails-3.0.9/lib/org.codehaus.groovy/groovy-ant/jars/groovy-ant-2.4.5.jar:/opt/grails-3.0.9/lib/org.codehaus.groovy/groovy-json/jars/groovy-json-2.4.5.jar:/opt/grails-3.0.9/lib/org.codehaus.groovy/groovy-jmx/jars/groovy-jmx-2.4.5.jar:/opt/grails-3.0.9/lib/org.fusesource.jansi/jansi/jars/jansi-1.11.jar:/opt/grails-3.0.9/lib/jline/jline/jars/jline-2.12.jar:/opt/grails-3.0.9/lib/org.eclipse.jgit/org.eclipse.jgit/jars/org.eclipse.jgit-3.5.2.201411120430-r.jar:/opt/grails-3.0.9/lib/org.gradle/gradle-tooling-api/jars/gradle-tooling-api-2.3.jar:/opt/grails-3.0.9/lib/org.springframework.boot/spring-boot-cli/jars/spring-boot-cli-1.2.6.RELEASE.jar:/opt/grails-3.0.9/lib/org.slf4j/slf4j-simple/jars/slf4j-simple-1.7.10.jar:/opt/grails-3.0.9/lib/org.codehaus.plexus/plexus-component-api/jars/plexus-component-api-1.0-alpha-33.jar:/opt/grails-3.0.9/lib/org.codehaus.groovy/groovy-xml/jars/groovy-xml-2.4.5.jar:/opt/grails-3.0.9/lib/org.yaml/snakeyaml/jars/snakeyaml-1.14.jar:/opt/grails-3.0.9/lib/org.apache.ant/ant-launcher/jars/ant-launcher-1.9.4.jar:/opt/grails-3.0.9/lib/org.apache.ant/ant-antlr/jars/ant-antlr-1.9.4.jar:/opt/grails-3.0.9/lib/org.codehaus.groovy/groovy-groovydoc/jars/groovy-groovydoc-2.4.5.jar:/opt/grails-3.0.9/lib/org.apache.ant/ant-junit/jars/ant-junit-1.9.4.jar:/opt/grails-3.0.9/lib/com.jcraft/jsch/jars/jsch-0.1.50.jar:/opt/grails-3.0.9/lib/com.googlecode.javaewah/JavaEWAH/jars/JavaEWAH-0.7.9.jar:/opt/grails-3.0.9/lib/org.springframework.boot/spring-boot-dependency-tools/jars/spring-boot-dependency-tools-1.2.6.RELEASE.jar:/opt/grails-3.0.9/lib/org.springframework.boot/spring-boot-loader-tools/jars/spring-boot-loader-tools-1.2.6.RELEASE.jar:/opt/grails-3.0.9/lib/net.sf.jopt-simple/jopt-simple/jars/jopt-simple-4.6.jar:/opt/grails-3.0.9/lib/org.springframework/spring-core/jars/spring-core-4.1.7.RELEASE.jar:/opt/grails-3.0.9/lib/org.json/json/jars/json-20140107.jar:/opt/grails-3.0.9/lib/org.apache.maven/maven-aether-provider/jars/maven-aether-provider-3.2.1.jar:/opt/grails-3.0.9/lib/org.apache.maven/maven-settings-builder/jars/maven-settings-builder-3.1.1.jar:/opt/grails-3.0.9/lib/org.eclipse.aether/aether-api/jars/aether-api-0.9.1.v20140329.jar:/opt/grails-3.0.9/lib/org.eclipse.aether/aether-connector-basic/jars/aether-connector-basic-0.9.1.v20140329.jar:/opt/grails-3.0.9/lib/org.eclipse.aether/aether-impl/jars/aether-impl-0.9.1.v20140329.jar:/opt/grails-3.0.9/lib/org.eclipse.aether/aether-spi/jars/aether-spi-0.9.1.v20140329.jar:/opt/grails-3.0.9/lib/org.eclipse.aether/aether-transport-file/jars/aether-transport-file-0.9.1.v20140329.jar:/opt/grails-3.0.9/lib/org.eclipse.aether/aether-transport-http/jars/aether-transport-http-0.9.1.v20140329.jar:/opt/grails-3.0.9/lib/org.eclipse.aether/aether-util/jars/aether-util-0.9.1.v20140329.jar:/opt/grails-3.0.9/lib/org.codehaus.plexus/plexus-classworlds/jars/plexus-classworlds-1.2-alpha-10.jar:/opt/grails-3.0.9/lib/junit/junit/jars/junit-3.8.1.jar:/opt/grails-3.0.9/lib/org.codehaus.groovy/groovy-templates/jars/groovy-templates-2.4.5.jar:/opt/grails-3.0.9/lib/org.apache.maven/maven-model/jars/maven-model-3.2.1.jar:/opt/grails-3.0.9/lib/org.apache.maven/maven-model-builder/jars/maven-model-builder-3.2.1.jar:/opt/grails-3.0.9/lib/org.apache.maven/maven-repository-metadata/jars/maven-repository-metadata-3.2.1.jar:/opt/grails-3.0.9/lib/org.codehaus.plexus/plexus-component-annotations/jars/plexus-component-annotations-1.5.5.jar:/opt/grails-3.0.9/lib/org.codehaus.plexus/plexus-utils/jars/plexus-utils-3.0.17.jar:/opt/grails-3.0.9/lib/org.codehaus.plexus/plexus-interpolation/jars/plexus-interpolation-1.19.jar:/opt/grails-3.0.9/lib/org.apache.maven/maven-settings/jars/maven-settings-3.1.1.jar:/opt/grails-3.0.9/lib/org.sonatype.plexus/plexus-sec-dispatcher/jars/plexus-sec-dispatcher-1.3.jar:/opt/grails-3.0.9/lib/org.sonatype.plexus/plexus-cipher/jars/plexus-cipher-1.4.jar:/opt/grails-3.0.9/lib/org.apache.httpcomponents/httpclient/jars/httpclient-4.2.6.jar:/opt/grails-3.0.9/lib/org.apache.httpcomponents/httpcore/jars/httpcore-4.2.5.jar:/opt/grails-3.0.9/lib/commons-codec/commons-codec/jars/commons-codec-1.6.jar, XDG_SEAT=seat0, SSH_AUTH_SOCK=/run/user/1000/keyring-PEuVXi/ssh, QT_QPA_PLATFORMTHEME=appmenu-qt5, XDG_RUNTIME_DIR=/run/user/1000, GVM_INIT=true, XDG_VTNR=7, HOME=/home/jack, GNOME_KEYRING_PID=4512}
23:33:49.360 [DEBUG] [org.gradle.launcher.daemon.server.exec.LogToClient] About to start relaying all logs to the client via the connection.
23:33:49.360 [INFO] [org.gradle.launcher.daemon.server.exec.LogToClient] The client will now receive all logging from the daemon (pid: 10755). The daemon log file: /home/jack/.gradle/daemon/2.3/daemon-10755.out.log
23:33:49.364 [INFO] [org.gradle.launcher.daemon.server.health.DaemonHealthTracker] Starting 2nd build in daemon [uptime: 31.099 secs, performance: 100%, memory: 14% of 954.7 MB]
23:33:49.365 [DEBUG] [org.gradle.launcher.daemon.server.exec.ExecuteBuild] The daemon has started executing the build.
23:33:49.365 [INFO] [org.gradle.launcher.daemon.server.exec.ExecuteBuild] Executing build with daemon context: DefaultDaemonContext[uid=a64d25cc-9265-49cc-a52c-1617a0a2b1e4,javaHome=/media/jack/home-partition/tool/jdk1.8.0_51,daemonRegistryDir=/home/jack/.gradle/daemon,pid=10755,idleTimeout=10800000,daemonOpts=-XX:MaxPermSize=256m,-XX:+HeapDumpOnOutOfMemoryError,-Xmx1024m,-Dfile.encoding=UTF-8,-Duser.country=US,-Duser.language=en,-Duser.variant]
23:33:49.378 [DEBUG] [org.gradle.launcher.daemon.server.SynchronizedDispatchConnection] thread 20: received class org.gradle.launcher.daemon.protocol.CloseInput
23:33:49.379 [DEBUG] [org.gradle.launcher.daemon.server.DefaultDaemonConnection] Received IO message from client: CloseInput[id=0f24b135-20b0-489c-bb35-8289f996d2be.2]
23:33:49.379 [INFO] [org.gradle.launcher.daemon.server.exec.ForwardClientInput] Closing daemon's stdin at end of input.
23:33:49.379 [INFO] [org.gradle.launcher.daemon.server.exec.ForwardClientInput] The daemon will no longer process any standard input.
23:33:49.384 [INFO] [org.gradle.tooling.internal.provider.DefaultPayloadClassLoaderRegistry] Creating ClassLoader 4d91bc96-2f9c-44d2-b6fe-365b6ac6c3d2 from [Spec classpath:[file:/opt/grails-3.0.9/lib/org.gradle/gradle-tooling-api/jars/gradle-tooling-api-2.3.jar, file:/opt/grails-3.0.9/dist/grails-shell-3.0.9.jar, file:/opt/grails-3.0.9/lib/org.codehaus.groovy/groovy/jars/groovy-2.4.5.jar, file:/opt/grails-3.0.9/dist/grails-gradle-model-3.0.9.jar]] and [org.gradle.internal.classloader.FilteringClassLoader@5dfc73be].
23:33:49.385 [DEBUG] [org.gradle.cache.internal.DefaultFileLockManager] Waiting to acquire exclusive lock on jars (/home/jack/.gradle/caches/jars-1).
23:33:49.385 [DEBUG] [org.gradle.cache.internal.DefaultFileLockManager] Lock acquired.

FAILURE: Build failed with an exception.

* What went wrong:
A problem occurred configuring root project 'llqing-security'.
> Could not resolve all dependencies for configuration ':classpath'.
   > Could not download grails-gradle-plugin.jar (org.grails:grails-gradle-plugin:3.0.9)
      > Could not GET 'https://repo.grails.org/grails/core/org/grails/grails-gradle-plugin/3.0.9/grails-gradle-plugin-3.0.9.jar'.
         > repo.grails.org

* Try:
Run with --stacktrace option to get the stack trace. Run with --info or --debug option to get more log output.

BUILD FAILED

Total time: 1.566 secs
23:33:49.823 [DEBUG] [org.gradle.cache.internal.DefaultFileLockManager] Releasing lock on buildscript class cache for build file '/media/jack/home-partition/grails-practice/llqing-security/build.gradle' (/home/jack/.gradle/caches/2.3/scripts/build_7z1b0vmsr396sd8tsqcr4tt5a/ProjectScript/buildscript).
23:33:49.824 [DEBUG] [org.gradle.cache.internal.btree.BTreePersistentIndexedCache] Closing cache artifact-at-url.bin (/home/jack/.gradle/caches/modules-2/metadata-2.14/artifact-at-url.bin)
23:33:49.825 [DEBUG] [org.gradle.cache.internal.btree.BTreePersistentIndexedCache] Closing cache module-metadata.bin (/home/jack/.gradle/caches/modules-2/metadata-2.14/module-metadata.bin)
23:33:49.825 [DEBUG] [org.gradle.cache.internal.btree.BTreePersistentIndexedCache] Closing cache artifact-at-repository.bin (/home/jack/.gradle/caches/modules-2/metadata-2.14/artifact-at-repository.bin)
23:33:49.825 [DEBUG] [org.gradle.cache.internal.DefaultFileLockManager] Releasing lock on artifact cache (/home/jack/.gradle/caches/modules-2).
23:33:49.826 [DEBUG] [org.gradle.cache.internal.DefaultFileLockManager] Releasing lock on jars (/home/jack/.gradle/caches/jars-1).
23:33:49.826 [DEBUG] [org.gradle.cache.internal.btree.BTreePersistentIndexedCache] Closing cache plugin-use-metadata.bin (/home/jack/.gradle/caches/2.3/plugin-resolution/plugin-use-metadata.bin)
23:33:49.826 [DEBUG] [org.gradle.cache.internal.DefaultFileLockManager] Releasing lock on Plugin Resolution Cache (/home/jack/.gradle/caches/2.3/plugin-resolution).
23:33:49.827 [DEBUG] [org.gradle.api.internal.artifacts.ivyservice.ivyresolve.memcache.InMemoryCachedRepositoryFactory] In-memory dependency metadata cache closed. Repos cached: 3, cache instances: 3, modules served from cache: 0, artifacts: 0
23:33:49.827 [DEBUG] [org.gradle.api.internal.artifacts.ivyservice.resolveengine.store.CachedStoreFactory] Resolution result cache closed. Cache reads: 0, disk reads: 0 (avg: 0.0 secs, total: 0.0 secs)
23:33:49.828 [DEBUG] [org.gradle.api.internal.artifacts.ivyservice.resolveengine.store.CachedStoreFactory] Resolved configuration cache closed. Cache reads: 0, disk reads: 0 (avg: 0.0 secs, total: 0.0 secs)
23:33:49.829 [DEBUG] [org.gradle.api.internal.artifacts.ivyservice.resolveengine.store.ResolutionResultsStoreFactory] Deleted 2 resolution results binary files in 0.002 secs
23:33:49.829 [DEBUG] [org.gradle.launcher.daemon.server.exec.ExecuteBuild] The daemon has finished executing the build.
23:33:49.832 [DEBUG] [org.gradle.launcher.daemon.server.DaemonStateCoordinator] Command execution: finished waiting for DaemonCommandExecution[command = Build{id=0f24b135-20b0-489c-bb35-8289f996d2be.1, currentDir=/media/jack/home-partition/grails-practice/llqing-security}, connection = org.gradle.launcher.daemon.server.DefaultDaemonConnection@459c136f]. Result org.gradle.launcher.daemon.server.DaemonStateCoordinator@5b912d3a with state Running
23:33:49.833 [DEBUG] [org.gradle.launcher.daemon.server.DaemonStateCoordinator] Command execution: completed DaemonCommandExecution[command = Build{id=0f24b135-20b0-489c-bb35-8289f996d2be.1, currentDir=/media/jack/home-partition/grails-practice/llqing-security}, connection = org.gradle.launcher.daemon.server.DefaultDaemonConnection@459c136f]
23:33:49.833 [DEBUG] [org.gradle.launcher.daemon.server.DaemonStateCoordinator] updating lastActivityAt to 1446305629833
23:33:49.833 [INFO] [org.gradle.launcher.daemon.server.DomainRegistryUpdater] Marking the daemon as idle, address: [7f8cf1e9-a0ff-4146-9f0b-14598a812091 port:45045, addresses:[/0:0:0:0:0:0:0:1%lo, /127.0.0.1]]
23:33:49.833 [DEBUG] [org.gradle.launcher.daemon.registry.PersistentDaemonRegistry] Marking idle by address: [7f8cf1e9-a0ff-4146-9f0b-14598a812091 port:45045, addresses:[/0:0:0:0:0:0:0:1%lo, /127.0.0.1]]
23:33:49.834 [DEBUG] [org.gradle.cache.internal.DefaultFileLockManager] Waiting to acquire exclusive lock on daemon addresses registry.
23:33:49.834 [DEBUG] [org.gradle.cache.internal.DefaultFileLockManager] Lock acquired.
23:33:49.837 [DEBUG] [org.gradle.cache.internal.DefaultFileLockManager] Releasing lock on daemon addresses registry.
23:33:49.837 [DEBUG] [org.gradle.launcher.daemon.server.exec.ReturnResult] Daemon is dispatching the build result: DaemonCommandResult[type=CommandFailure, value=org.gradle.launcher.exec.ReportedException: org.gradle.internal.exceptions.LocationAwareException: A problem occurred configuring root project 'llqing-security'.]
23:33:49.837 [DEBUG] [org.gradle.launcher.daemon.server.DaemonStateCoordinator] Daemon is idle, sleeping until state change or idle timeout at Sun Nov 01 02:33:49 CST 2015
23:33:49.838 [DEBUG] [org.gradle.launcher.daemon.server.SynchronizedDispatchConnection] thread 13: dispatching class org.gradle.launcher.daemon.protocol.CommandFailure
23:33:49.848 [DEBUG] [org.gradle.launcher.daemon.server.DefaultIncomingConnectionHandler] Finishing executing command: Build{id=0f24b135-20b0-489c-bb35-8289f996d2be.1, currentDir=/media/jack/home-partition/grails-practice/llqing-security}
23:33:49.910 [DEBUG] [org.gradle.launcher.daemon.server.SynchronizedDispatchConnection] thread 20: received class org.gradle.launcher.daemon.protocol.Finished
23:33:49.910 [DEBUG] [org.gradle.launcher.daemon.server.DefaultDaemonConnection] Received non-IO message from client: org.gradle.launcher.daemon.protocol.Finished@221efd96
23:33:49.910 [DEBUG] [org.gradle.launcher.daemon.server.DefaultIncomingConnectionHandler] Received finished message: org.gradle.launcher.daemon.protocol.Finished@221efd96
23:33:49.911 [DEBUG] [org.gradle.launcher.daemon.server.SynchronizedDispatchConnection] thread 13: stopping connection
23:33:49.911 [DEBUG] [org.gradle.launcher.daemon.server.SynchronizedDispatchConnection] thread 20: received null
23:33:49.912 [DEBUG] [org.gradle.launcher.daemon.server.DefaultDaemonConnection] Received end-of-input from client.
23:33:49.913 [DEBUG] [org.gradle.launcher.daemon.server.SynchronizedDispatchConnection] thread 13: stopping connection
23:34:49.664 [DEBUG] [org.gradle.messaging.remote.internal.inet.TcpIncomingConnector] Accepted connection from /0:0:0:0:0:0:0:1:51468 to /0:0:0:0:0:0:0:1:45045.
23:34:49.694 [DEBUG] [org.gradle.launcher.daemon.server.SynchronizedDispatchConnection] thread 23: received class org.gradle.launcher.daemon.protocol.Build
23:34:49.695 [DEBUG] [org.gradle.launcher.daemon.server.DefaultDaemonConnection] Received non-IO message from client: Build{id=fd8bac7a-9a5e-4874-b166-ded7f820b3e8.1, currentDir=/media/jack/home-partition/grails-practice/llqing-security}
23:34:49.695 [INFO] [org.gradle.launcher.daemon.server.DefaultIncomingConnectionHandler] Received command: Build{id=fd8bac7a-9a5e-4874-b166-ded7f820b3e8.1, currentDir=/media/jack/home-partition/grails-practice/llqing-security}.
23:34:49.695 [DEBUG] [org.gradle.launcher.daemon.server.DefaultIncomingConnectionHandler] Starting executing command: Build{id=fd8bac7a-9a5e-4874-b166-ded7f820b3e8.1, currentDir=/media/jack/home-partition/grails-practice/llqing-security} with connection: socket connection from /0:0:0:0:0:0:0:1:45045 to /0:0:0:0:0:0:0:1:51468.
23:34:49.696 [DEBUG] [org.gradle.launcher.daemon.server.DaemonStateCoordinator] Command execution: started DaemonCommandExecution[command = Build{id=fd8bac7a-9a5e-4874-b166-ded7f820b3e8.1, currentDir=/media/jack/home-partition/grails-practice/llqing-security}, connection = org.gradle.launcher.daemon.server.DefaultDaemonConnection@150a042d] after 0.0 minutes of idle
23:34:49.696 [INFO] [org.gradle.launcher.daemon.server.DomainRegistryUpdater] Marking the daemon as busy, address: [7f8cf1e9-a0ff-4146-9f0b-14598a812091 port:45045, addresses:[/0:0:0:0:0:0:0:1%lo, /127.0.0.1]]
23:34:49.697 [DEBUG] [org.gradle.launcher.daemon.registry.PersistentDaemonRegistry] Marking busy by address: [7f8cf1e9-a0ff-4146-9f0b-14598a812091 port:45045, addresses:[/0:0:0:0:0:0:0:1%lo, /127.0.0.1]]
23:34:49.697 [DEBUG] [org.gradle.cache.internal.DefaultFileLockManager] Waiting to acquire exclusive lock on daemon addresses registry.
23:34:49.697 [DEBUG] [org.gradle.cache.internal.DefaultFileLockManager] Lock acquired.
23:34:49.700 [DEBUG] [org.gradle.cache.internal.DefaultFileLockManager] Releasing lock on daemon addresses registry.
23:34:49.700 [DEBUG] [org.gradle.launcher.daemon.server.DaemonStateCoordinator] updating lastActivityAt to 1446305689700
23:34:49.701 [DEBUG] [org.gradle.launcher.daemon.server.DaemonStateCoordinator] Daemon is busy, sleeping until state changes.
23:34:49.702 [INFO] [org.gradle.launcher.daemon.server.exec.StartBuildOrRespondWithBusy] Daemon is about to start building Build{id=fd8bac7a-9a5e-4874-b166-ded7f820b3e8.1, currentDir=/media/jack/home-partition/grails-practice/llqing-security}. Dispatching build started information...
23:34:49.703 [DEBUG] [org.gradle.launcher.daemon.server.SynchronizedDispatchConnection] thread 16: dispatching class org.gradle.launcher.daemon.protocol.BuildStarted
23:34:49.704 [DEBUG] [org.gradle.launcher.daemon.server.exec.EstablishBuildEnvironment] Configuring env variables: {PATH=/opt/grails-3.0.9/bin:/home/jack/bin:/home/jack/bin:/media/jack/home-partition/tool/jdk1.8.0_51/bin:/media/jack/home-partition/tool/jdk1.8.0_51/jre/bin:/home/jack/.rvm/gems/ruby-2.2.0/bin:/home/jack/.rvm/gems/ruby-2.2.0@global/bin:/home/jack/.rvm/rubies/ruby-2.2.0/bin:/home/jack/.gvm/springboot/current/bin:/home/jack/.gvm/lazybones/current/bin:/home/jack/.gvm/jbossforge/current/bin:/home/jack/.gvm/jbake/current/bin:/home/jack/.gvm/groovyserv/current/bin:/home/jack/.gvm/groovy/current/bin:/home/jack/.gvm/griffon/current/bin:/home/jack/.gvm/grails/current/bin:/home/jack/.gvm/gradle/current/bin:/home/jack/.gvm/glide/current/bin:/home/jack/.gvm/gaiden/current/bin:/home/jack/.gvm/crash/current/bin:/home/jack/.gvm/asciidoctorj/current/bin:/home/jack/bin:/opt/grails-3.0.7/bin:/home/jack/bin:/home/jack/bin:/media/jack/home-partition/tool/jdk1.8.0_51/bin:/media/jack/home-partition/tool/jdk1.8.0_51/jre/bin:/home/jack/bin:/usr/local/sbin:/usr/local/bin:/usr/sbin:/usr/bin:/sbin:/bin:/usr/games:/usr/local/games:/home/jack/.rvm/bin:/media/jack/home-partition/tool/android-studio/bin:/media/jack/home-partition/tool/android-studio/sdk/tools:/media/jack/home-partition/tool/android-studio/sdk/platform-tools:/media/jack/home-partition/tool/android-studio/sdk/build-tools:/home/jack/.rvm/bin:/media/jack/home-partition/tool/idea-IU-141.2735.5/bin:/home/jack/.rvm/bin:/media/jack/home-partition/tool/android-studio/bin:/media/jack/home-partition/tool/android-studio/sdk/tools:/media/jack/home-partition/tool/android-studio/sdk/platform-tools:/media/jack/home-partition/tool/android-studio/sdk/build-tools:/home/jack/.rvm/bin:/media/jack/home-partition/tool/idea-IU-141.2735.5/bin, IRBRC=/home/jack/.rvm/rubies/ruby-2.2.0/.irbrc, NO_PROXY=localhost,127.0.0.0/8,::1, XMODIFIERS=@im=ibus, GDMSESSION=ubuntu, GRAILS_HOME=/opt/grails-3.0.9, TEXTDOMAINDIR=/usr/share/locale/, DBUS_SESSION_BUS_ADDRESS=unix:abstract=/tmp/dbus-19uneEtd3l, DEFAULTS_PATH=/usr/share/gconf/ubuntu.default.path, COLORTERM=gnome-terminal, UPSTART_SESSION=unix:abstract=/com/ubuntu/upstart-session/1000/4514, SESSION_MANAGER=local/jack-ThinkPad-S430:@/tmp/.ICE-unix/4689,unix/jack-ThinkPad-S430:/tmp/.ICE-unix/4689, rvm_version=1.26.7 (master), PWD=/media/jack/home-partition/grails-practice/llqing-security, LANGUAGE=en_US:zh, WINDOWID=85983243, LESSOPEN=| /usr/bin/lesspipe %s, GROOVYSERV_HOME=/home/jack/.gvm/groovyserv/current, INSTANCE=, MY_RUBY_HOME=/home/jack/.rvm/rubies/ruby-2.2.0, rvm_path=/home/jack/.rvm, GNOME_DESKTOP_SESSION_ID=this-is-deprecated, GTK_MODULES=overlay-scrollbar:unity-gtk-module, CLUTTER_IM_MODULE=ibus, TEXTDOMAIN=im-config, COMPIZ_BIN_PATH=/usr/bin/, SHLVL=1, JAVA_HOME=/media/jack/home-partition/tool/jdk1.8.0_51, GVM_VERSION=2.4.2, GAIDEN_HOME=/home/jack/.gvm/gaiden/current, LAZYBONES_HOME=/home/jack/.gvm/lazybones/current, TERM=xterm, XDG_CONFIG_DIRS=/etc/xdg/xdg-ubuntu:/usr/share/upstart/xdg:/etc/xdg, XDG_SEAT_PATH=/org/freedesktop/DisplayManager/Seat0, XDG_SESSION_ID=c2, GRADLE_HOME=/home/jack/.gvm/gradle/current, SELINUX_INIT=YES, GROOVY_HOME=/home/jack/.gvm/groovy/current, no_proxy=localhost,127.0.0.0/8,::1, XDG_GREETER_DATA_DIR=/var/lib/lightdm-data/jack, DESKTOP_SESSION=ubuntu, SESSION=ubuntu, XDG_MENU_PREFIX=gnome-, ANDROID_STUDIO_HOME=/media/jack/home-partition/tool/android-studio, QT_ACCESSIBILITY=1, VTE_VERSION=3409, GVM_BROKER_SERVICE=http://release.gvm.io, GEM_PATH=/home/jack/.rvm/gems/ruby-2.2.0:/home/jack/.rvm/gems/ruby-2.2.0@global, NLSPATH=/usr/dt/lib/nls/msg/%L/%N.cat, GLIDE_HOME=/home/jack/.gvm/glide/current, XAUTHORITY=/home/jack/.Xauthority, XDG_DATA_DIRS=/usr/share/ubuntu:/usr/share/gnome:/usr/local/share/:/usr/share/, MANDATORY_PATH=/usr/share/gconf/ubuntu.mandatory.path, ASCIIDOCTORJ_HOME=/home/jack/.gvm/asciidoctorj/current, GTK_IM_MODULE=ibus, XDG_CURRENT_DESKTOP=Unity, QT4_IM_MODULE=ibus, LOGNAME=jack, JOB=dbus, IM_CONFIG_PHASE=1, SPRINGBOOT_HOME=/home/jack/.gvm/springboot/current, SHELL=/bin/bash, OLDPWD=/opt/grails-3.0.9, GVM_PLATFORM=Linux, GEM_HOME=/home/jack/.rvm/gems/ruby-2.2.0, RUBY_VERSION=ruby-2.2.0, _system_name=Ubuntu, XDG_SESSION_PATH=/org/freedesktop/DisplayManager/Session0, CRASH_HOME=/home/jack/.gvm/crash/current, SESSIONTYPE=gnome-session, LS_COLORS=rs=0:di=01;34:ln=01;36:mh=00:pi=40;33:so=01;35:do=01;35:bd=40;33;01:cd=40;33;01:or=40;31;01:su=37;41:sg=30;43:ca=30;41:tw=30;42:ow=34;42:st=37;44:ex=01;32:*.tar=01;31:*.tgz=01;31:*.arj=01;31:*.taz=01;31:*.lzh=01;31:*.lzma=01;31:*.tlz=01;31:*.txz=01;31:*.zip=01;31:*.z=01;31:*.Z=01;31:*.dz=01;31:*.gz=01;31:*.lz=01;31:*.xz=01;31:*.bz2=01;31:*.bz=01;31:*.tbz=01;31:*.tbz2=01;31:*.tz=01;31:*.deb=01;31:*.rpm=01;31:*.jar=01;31:*.war=01;31:*.ear=01;31:*.sar=01;31:*.rar=01;31:*.ace=01;31:*.zoo=01;31:*.cpio=01;31:*.7z=01;31:*.rz=01;31:*.jpg=01;35:*.jpeg=01;35:*.gif=01;35:*.bmp=01;35:*.pbm=01;35:*.pgm=01;35:*.ppm=01;35:*.tga=01;35:*.xbm=01;35:*.xpm=01;35:*.tif=01;35:*.tiff=01;35:*.png=01;35:*.svg=01;35:*.svgz=01;35:*.mng=01;35:*.pcx=01;35:*.mov=01;35:*.mpg=01;35:*.mpeg=01;35:*.m2v=01;35:*.mkv=01;35:*.webm=01;35:*.ogm=01;35:*.mp4=01;35:*.m4v=01;35:*.mp4v=01;35:*.vob=01;35:*.qt=01;35:*.nuv=01;35:*.wmv=01;35:*.asf=01;35:*.rm=01;35:*.rmvb=01;35:*.flc=01;35:*.avi=01;35:*.fli=01;35:*.flv=01;35:*.gl=01;35:*.dl=01;35:*.xcf=01;35:*.xwd=01;35:*.yuv=01;35:*.cgm=01;35:*.emf=01;35:*.axv=01;35:*.anx=01;35:*.ogv=01;35:*.ogx=01;35:*.aac=00;36:*.au=00;36:*.flac=00;36:*.mid=00;36:*.midi=00;36:*.mka=00;36:*.mp3=00;36:*.mpc=00;36:*.ogg=00;36:*.ra=00;36:*.wav=00;36:*.axa=00;36:*.oga=00;36:*.spx=00;36:*.xspf=00;36:, GVM_BROADCAST_SERVICE=http://cast.gvm.io, LESSCLOSE=/usr/bin/lesspipe %s %s, GRIFFON_HOME=/home/jack/.gvm/griffon/current, _system_arch=x86_64, COMPIZ_CONFIG_PROFILE=ubuntu, rvm_bin_path=/home/jack/.rvm/bin, QT_IM_MODULE=ibus, XFILESEARCHPATH=/usr/dt/app-defaults/%L/Dt, rvm_prefix=/home/jack, LANG=en_US.UTF-8, GNOME_KEYRING_CONTROL=/run/user/1000/keyring-PEuVXi, DISPLAY=:0, GVM_SERVICE=http://api.gvmtool.net, JBOSSFORGE_HOME=/home/jack/.gvm/jbossforge/current, JBAKE_HOME=/home/jack/.gvm/jbake/current, GDM_LANG=en_US, _system_type=Linux, GVM_DIR=/home/jack/.gvm, GPG_AGENT_INFO=/run/user/1000/keyring-PEuVXi/gpg:0:1, _system_version=14.04, USER=jack, CLASSPATH=/opt/grails-3.0.9/dist/grails-shell-3.0.9.jar:/opt/grails-3.0.9/lib/org.codehaus.groovy/groovy/jars/groovy-2.4.5.jar:/opt/grails-3.0.9/lib/org.slf4j/slf4j-api/jars/slf4j-api-1.7.10.jar:/opt/grails-3.0.9/lib/org.slf4j/jcl-over-slf4j/jars/jcl-over-slf4j-1.7.10.jar:/opt/grails-3.0.9/dist/grails-bootstrap-3.0.9.jar:/opt/grails-3.0.9/dist/grails-gradle-model-3.0.9.jar:/opt/grails-3.0.9/lib/org.apache.ant/ant/jars/ant-1.9.4.jar:/opt/grails-3.0.9/lib/org.codehaus.groovy/groovy-ant/jars/groovy-ant-2.4.5.jar:/opt/grails-3.0.9/lib/org.codehaus.groovy/groovy-json/jars/groovy-json-2.4.5.jar:/opt/grails-3.0.9/lib/org.codehaus.groovy/groovy-jmx/jars/groovy-jmx-2.4.5.jar:/opt/grails-3.0.9/lib/org.fusesource.jansi/jansi/jars/jansi-1.11.jar:/opt/grails-3.0.9/lib/jline/jline/jars/jline-2.12.jar:/opt/grails-3.0.9/lib/org.eclipse.jgit/org.eclipse.jgit/jars/org.eclipse.jgit-3.5.2.201411120430-r.jar:/opt/grails-3.0.9/lib/org.gradle/gradle-tooling-api/jars/gradle-tooling-api-2.3.jar:/opt/grails-3.0.9/lib/org.springframework.boot/spring-boot-cli/jars/spring-boot-cli-1.2.6.RELEASE.jar:/opt/grails-3.0.9/lib/org.slf4j/slf4j-simple/jars/slf4j-simple-1.7.10.jar:/opt/grails-3.0.9/lib/org.codehaus.plexus/plexus-component-api/jars/plexus-component-api-1.0-alpha-33.jar:/opt/grails-3.0.9/lib/org.codehaus.groovy/groovy-xml/jars/groovy-xml-2.4.5.jar:/opt/grails-3.0.9/lib/org.yaml/snakeyaml/jars/snakeyaml-1.14.jar:/opt/grails-3.0.9/lib/org.apache.ant/ant-launcher/jars/ant-launcher-1.9.4.jar:/opt/grails-3.0.9/lib/org.apache.ant/ant-antlr/jars/ant-antlr-1.9.4.jar:/opt/grails-3.0.9/lib/org.codehaus.groovy/groovy-groovydoc/jars/groovy-groovydoc-2.4.5.jar:/opt/grails-3.0.9/lib/org.apache.ant/ant-junit/jars/ant-junit-1.9.4.jar:/opt/grails-3.0.9/lib/com.jcraft/jsch/jars/jsch-0.1.50.jar:/opt/grails-3.0.9/lib/com.googlecode.javaewah/JavaEWAH/jars/JavaEWAH-0.7.9.jar:/opt/grails-3.0.9/lib/org.springframework.boot/spring-boot-dependency-tools/jars/spring-boot-dependency-tools-1.2.6.RELEASE.jar:/opt/grails-3.0.9/lib/org.springframework.boot/spring-boot-loader-tools/jars/spring-boot-loader-tools-1.2.6.RELEASE.jar:/opt/grails-3.0.9/lib/net.sf.jopt-simple/jopt-simple/jars/jopt-simple-4.6.jar:/opt/grails-3.0.9/lib/org.springframework/spring-core/jars/spring-core-4.1.7.RELEASE.jar:/opt/grails-3.0.9/lib/org.json/json/jars/json-20140107.jar:/opt/grails-3.0.9/lib/org.apache.maven/maven-aether-provider/jars/maven-aether-provider-3.2.1.jar:/opt/grails-3.0.9/lib/org.apache.maven/maven-settings-builder/jars/maven-settings-builder-3.1.1.jar:/opt/grails-3.0.9/lib/org.eclipse.aether/aether-api/jars/aether-api-0.9.1.v20140329.jar:/opt/grails-3.0.9/lib/org.eclipse.aether/aether-connector-basic/jars/aether-connector-basic-0.9.1.v20140329.jar:/opt/grails-3.0.9/lib/org.eclipse.aether/aether-impl/jars/aether-impl-0.9.1.v20140329.jar:/opt/grails-3.0.9/lib/org.eclipse.aether/aether-spi/jars/aether-spi-0.9.1.v20140329.jar:/opt/grails-3.0.9/lib/org.eclipse.aether/aether-transport-file/jars/aether-transport-file-0.9.1.v20140329.jar:/opt/grails-3.0.9/lib/org.eclipse.aether/aether-transport-http/jars/aether-transport-http-0.9.1.v20140329.jar:/opt/grails-3.0.9/lib/org.eclipse.aether/aether-util/jars/aether-util-0.9.1.v20140329.jar:/opt/grails-3.0.9/lib/org.codehaus.plexus/plexus-classworlds/jars/plexus-classworlds-1.2-alpha-10.jar:/opt/grails-3.0.9/lib/junit/junit/jars/junit-3.8.1.jar:/opt/grails-3.0.9/lib/org.codehaus.groovy/groovy-templates/jars/groovy-templates-2.4.5.jar:/opt/grails-3.0.9/lib/org.apache.maven/maven-model/jars/maven-model-3.2.1.jar:/opt/grails-3.0.9/lib/org.apache.maven/maven-model-builder/jars/maven-model-builder-3.2.1.jar:/opt/grails-3.0.9/lib/org.apache.maven/maven-repository-metadata/jars/maven-repository-metadata-3.2.1.jar:/opt/grails-3.0.9/lib/org.codehaus.plexus/plexus-component-annotations/jars/plexus-component-annotations-1.5.5.jar:/opt/grails-3.0.9/lib/org.codehaus.plexus/plexus-utils/jars/plexus-utils-3.0.17.jar:/opt/grails-3.0.9/lib/org.codehaus.plexus/plexus-interpolation/jars/plexus-interpolation-1.19.jar:/opt/grails-3.0.9/lib/org.apache.maven/maven-settings/jars/maven-settings-3.1.1.jar:/opt/grails-3.0.9/lib/org.sonatype.plexus/plexus-sec-dispatcher/jars/plexus-sec-dispatcher-1.3.jar:/opt/grails-3.0.9/lib/org.sonatype.plexus/plexus-cipher/jars/plexus-cipher-1.4.jar:/opt/grails-3.0.9/lib/org.apache.httpcomponents/httpclient/jars/httpclient-4.2.6.jar:/opt/grails-3.0.9/lib/org.apache.httpcomponents/httpcore/jars/httpcore-4.2.5.jar:/opt/grails-3.0.9/lib/commons-codec/commons-codec/jars/commons-codec-1.6.jar, XDG_SEAT=seat0, SSH_AUTH_SOCK=/run/user/1000/keyring-PEuVXi/ssh, QT_QPA_PLATFORMTHEME=appmenu-qt5, XDG_RUNTIME_DIR=/run/user/1000, GVM_INIT=true, XDG_VTNR=7, HOME=/home/jack, GNOME_KEYRING_PID=4512}
23:34:49.707 [DEBUG] [org.gradle.launcher.daemon.server.exec.LogToClient] About to start relaying all logs to the client via the connection.
23:34:49.707 [INFO] [org.gradle.launcher.daemon.server.exec.LogToClient] The client will now receive all logging from the daemon (pid: 10755). The daemon log file: /home/jack/.gradle/daemon/2.3/daemon-10755.out.log
23:34:49.708 [INFO] [org.gradle.launcher.daemon.server.health.DaemonHealthTracker] Starting 3rd build in daemon [uptime: 1 mins 31.442 secs, performance: 100%, memory: 14% of 954.7 MB]
23:34:49.716 [DEBUG] [org.gradle.launcher.daemon.server.exec.ExecuteBuild] The daemon has started executing the build.
23:34:49.716 [INFO] [org.gradle.launcher.daemon.server.exec.ExecuteBuild] Executing build with daemon context: DefaultDaemonContext[uid=a64d25cc-9265-49cc-a52c-1617a0a2b1e4,javaHome=/media/jack/home-partition/tool/jdk1.8.0_51,daemonRegistryDir=/home/jack/.gradle/daemon,pid=10755,idleTimeout=10800000,daemonOpts=-XX:MaxPermSize=256m,-XX:+HeapDumpOnOutOfMemoryError,-Xmx1024m,-Dfile.encoding=UTF-8,-Duser.country=US,-Duser.language=en,-Duser.variant]
23:34:49.728 [INFO] [org.gradle.tooling.internal.provider.DefaultPayloadClassLoaderRegistry] Creating ClassLoader 78e1c625-5e5d-44ce-a3e0-89b2c7f5b940 from [Spec classpath:[file:/opt/grails-3.0.9/lib/org.gradle/gradle-tooling-api/jars/gradle-tooling-api-2.3.jar, file:/opt/grails-3.0.9/dist/grails-shell-3.0.9.jar, file:/opt/grails-3.0.9/lib/org.codehaus.groovy/groovy/jars/groovy-2.4.5.jar, file:/opt/grails-3.0.9/dist/grails-gradle-model-3.0.9.jar]] and [org.gradle.internal.classloader.FilteringClassLoader@112c7990].
23:34:49.728 [DEBUG] [org.gradle.cache.internal.DefaultFileLockManager] Waiting to acquire exclusive lock on jars (/home/jack/.gradle/caches/jars-1).
23:34:49.729 [DEBUG] [org.gradle.cache.internal.DefaultFileLockManager] Lock acquired.
23:34:49.730 [DEBUG] [org.gradle.launcher.daemon.server.SynchronizedDispatchConnection] thread 23: received class org.gradle.launcher.daemon.protocol.CloseInput
23:34:49.730 [DEBUG] [org.gradle.launcher.daemon.server.DefaultDaemonConnection] Received IO message from client: CloseInput[id=fd8bac7a-9a5e-4874-b166-ded7f820b3e8.2]
23:34:49.730 [INFO] [org.gradle.launcher.daemon.server.exec.ForwardClientInput] Closing daemon's stdin at end of input.
23:34:49.730 [INFO] [org.gradle.launcher.daemon.server.exec.ForwardClientInput] The daemon will no longer process any standard input.
Download https://repo.grails.org/grails/core/org/grails/grails-gradle-plugin/3.0.9/grails-gradle-plugin-3.0.9.jar
Download https://repo.grails.org/grails/core/org/codehaus/groovy/groovy/2.4.5/groovy-2.4.5.jarDaemon vm is shutting down... The daemon has exited normally or was terminated in response to a user interrupt.
