18:10:36.506 [INFO] [org.gradle.launcher.daemon.server.Daemon] start() called on daemon - DefaultDaemonContext[uid=809b6926-5dcf-4c72-85b8-b03705092c8e,javaHome=/media/jack/home-partition/tool/jdk1.8.0_51,daemonRegistryDir=/home/jack/.gradle/daemon,pid=28145,idleTimeout=10800000,daemonOpts=-XX:MaxPermSize=256m,-XX:+HeapDumpOnOutOfMemoryError,-Xmx1024m,-Dfile.encoding=UTF-8,-Duser.country=CN,-Duser.language=zh,-Duser.variant]
18:10:36.511 [DEBUG] [org.gradle.launcher.daemon.server.DaemonStateCoordinator] updating lastActivityAt to 1444126236511
18:10:36.519 [DEBUG] [org.gradle.messaging.remote.internal.inet.InetAddressFactory] Adding IP addresses for network interface vmnet8
18:10:36.520 [DEBUG] [org.gradle.messaging.remote.internal.inet.InetAddressFactory] Is this a loopback interface? false
18:10:36.520 [DEBUG] [org.gradle.messaging.remote.internal.inet.InetAddressFactory] Is this a multicast interface? true
18:10:36.521 [DEBUG] [org.gradle.messaging.remote.internal.inet.InetAddressFactory] Adding remote address /fe80:0:0:0:250:56ff:fec0:8%vmnet8
18:10:36.521 [DEBUG] [org.gradle.messaging.remote.internal.inet.InetAddressFactory] Adding remote address /172.16.33.1
18:10:36.522 [DEBUG] [org.gradle.messaging.remote.internal.inet.InetAddressFactory] Adding remote multicast interface vmnet8
18:10:36.523 [DEBUG] [org.gradle.messaging.remote.internal.inet.InetAddressFactory] Adding IP addresses for network interface vmnet1
18:10:36.523 [DEBUG] [org.gradle.messaging.remote.internal.inet.InetAddressFactory] Is this a loopback interface? false
18:10:36.524 [DEBUG] [org.gradle.messaging.remote.internal.inet.InetAddressFactory] Is this a multicast interface? true
18:10:36.524 [DEBUG] [org.gradle.messaging.remote.internal.inet.InetAddressFactory] Adding remote address /fe80:0:0:0:250:56ff:fec0:1%vmnet1
18:10:36.524 [DEBUG] [org.gradle.messaging.remote.internal.inet.InetAddressFactory] Adding remote address /192.168.62.1
18:10:36.525 [DEBUG] [org.gradle.messaging.remote.internal.inet.InetAddressFactory] Adding remote multicast interface vmnet1
18:10:36.525 [DEBUG] [org.gradle.messaging.remote.internal.inet.InetAddressFactory] Adding IP addresses for network interface docker0
18:10:36.526 [DEBUG] [org.gradle.messaging.remote.internal.inet.InetAddressFactory] Is this a loopback interface? false
18:10:36.526 [DEBUG] [org.gradle.messaging.remote.internal.inet.InetAddressFactory] Is this a multicast interface? true
18:10:36.527 [DEBUG] [org.gradle.messaging.remote.internal.inet.InetAddressFactory] Adding remote address /172.17.42.1
18:10:36.527 [DEBUG] [org.gradle.messaging.remote.internal.inet.InetAddressFactory] Adding remote multicast interface docker0
18:10:36.527 [DEBUG] [org.gradle.messaging.remote.internal.inet.InetAddressFactory] Adding IP addresses for network interface wlan0
18:10:36.528 [DEBUG] [org.gradle.messaging.remote.internal.inet.InetAddressFactory] Is this a loopback interface? false
18:10:36.528 [DEBUG] [org.gradle.messaging.remote.internal.inet.InetAddressFactory] Is this a multicast interface? true
18:10:36.528 [DEBUG] [org.gradle.messaging.remote.internal.inet.InetAddressFactory] Adding remote address /fe80:0:0:0:626c:66ff:fe37:276a%wlan0
18:10:36.529 [DEBUG] [org.gradle.messaging.remote.internal.inet.InetAddressFactory] Adding remote address /192.168.1.104
18:10:36.529 [DEBUG] [org.gradle.messaging.remote.internal.inet.InetAddressFactory] Adding remote multicast interface wlan0
18:10:36.530 [DEBUG] [org.gradle.messaging.remote.internal.inet.InetAddressFactory] Adding IP addresses for network interface lo
18:10:36.530 [DEBUG] [org.gradle.messaging.remote.internal.inet.InetAddressFactory] Is this a loopback interface? true
18:10:36.531 [DEBUG] [org.gradle.messaging.remote.internal.inet.InetAddressFactory] Is this a multicast interface? false
18:10:36.531 [DEBUG] [org.gradle.messaging.remote.internal.inet.InetAddressFactory] Adding loopback address /0:0:0:0:0:0:0:1%lo
18:10:36.531 [DEBUG] [org.gradle.messaging.remote.internal.inet.InetAddressFactory] Adding loopback address /127.0.0.1
18:10:36.544 [DEBUG] [org.gradle.messaging.remote.internal.inet.TcpIncomingConnector] Listening on [c466a263-9766-4d06-b484-7b03d1eb77cd port:51105, addresses:[/0:0:0:0:0:0:0:1%lo, /127.0.0.1]].
18:10:36.548 [DEBUG] [org.gradle.launcher.daemon.server.Daemon] Daemon starting at: Tue Oct 06 18:10:36 CST 2015, with address: [c466a263-9766-4d06-b484-7b03d1eb77cd port:51105, addresses:[/0:0:0:0:0:0:0:1%lo, /127.0.0.1]]
18:10:36.549 [INFO] [org.gradle.launcher.daemon.server.DomainRegistryUpdater] Advertising the daemon address to the clients: [c466a263-9766-4d06-b484-7b03d1eb77cd port:51105, addresses:[/0:0:0:0:0:0:0:1%lo, /127.0.0.1]]
18:10:36.550 [DEBUG] [org.gradle.launcher.daemon.server.DomainRegistryUpdater] Advertised daemon context: DefaultDaemonContext[uid=809b6926-5dcf-4c72-85b8-b03705092c8e,javaHome=/media/jack/home-partition/tool/jdk1.8.0_51,daemonRegistryDir=/home/jack/.gradle/daemon,pid=28145,idleTimeout=10800000,daemonOpts=-XX:MaxPermSize=256m,-XX:+HeapDumpOnOutOfMemoryError,-Xmx1024m,-Dfile.encoding=UTF-8,-Duser.country=CN,-Duser.language=zh,-Duser.variant]
18:10:36.551 [DEBUG] [org.gradle.launcher.daemon.registry.PersistentDaemonRegistry] Storing daemon address: [c466a263-9766-4d06-b484-7b03d1eb77cd port:51105, addresses:[/0:0:0:0:0:0:0:1%lo, /127.0.0.1]], context: DefaultDaemonContext[uid=809b6926-5dcf-4c72-85b8-b03705092c8e,javaHome=/media/jack/home-partition/tool/jdk1.8.0_51,daemonRegistryDir=/home/jack/.gradle/daemon,pid=28145,idleTimeout=10800000,daemonOpts=-XX:MaxPermSize=256m,-XX:+HeapDumpOnOutOfMemoryError,-Xmx1024m,-Dfile.encoding=UTF-8,-Duser.country=CN,-Duser.language=zh,-Duser.variant]
18:10:36.558 [DEBUG] [org.gradle.cache.internal.DefaultFileLockManager] Waiting to acquire exclusive lock on daemon addresses registry.
18:10:36.560 [DEBUG] [org.gradle.cache.internal.DefaultFileLockManager] Lock acquired.
18:10:36.600 [DEBUG] [org.gradle.cache.internal.DefaultFileLockManager] Releasing lock on daemon addresses registry.
18:10:36.601 [LIFECYCLE] [org.gradle.launcher.daemon.server.Daemon] Daemon server started.
18:10:36.604 [DEBUG] [org.gradle.launcher.daemon.bootstrap.DaemonStartupCommunication] Completed writing the daemon greeting. Closing streams...
18:10:36.604 [DEBUG] [org.gradle.launcher.daemon.server.Daemon] requestStopOnIdleTimeout(10800000 MILLISECONDS) called on daemon
18:10:36.605 [DEBUG] [org.gradle.launcher.daemon.server.DaemonStateCoordinator] Idle timeout: waiting for daemon to stop or be idle for 10800000ms
18:10:36.605 [DEBUG] [org.gradle.launcher.daemon.server.DaemonStateCoordinator] Daemon is idle, sleeping until state change or idle timeout at Tue Oct 06 21:10:36 CST 2015
18:10:36.618 [DEBUG] [org.gradle.messaging.remote.internal.inet.TcpIncomingConnector] Accepted connection from /0:0:0:0:0:0:0:1:52535 to /0:0:0:0:0:0:0:1:51105.
18:10:36.681 [DEBUG] [org.gradle.launcher.daemon.server.SynchronizedDispatchConnection] thread 14: received class org.gradle.launcher.daemon.protocol.Build
18:10:36.681 [DEBUG] [org.gradle.launcher.daemon.server.DefaultDaemonConnection] Received non-IO message from client: Build{id=0dcefd7c-cfa8-42d1-a31f-8bd20f7ed391.1, currentDir=/media/jack/home-partition/grails-practice/TekDays}
18:10:36.682 [INFO] [org.gradle.launcher.daemon.server.DefaultIncomingConnectionHandler] Received command: Build{id=0dcefd7c-cfa8-42d1-a31f-8bd20f7ed391.1, currentDir=/media/jack/home-partition/grails-practice/TekDays}.
18:10:36.682 [DEBUG] [org.gradle.launcher.daemon.server.DefaultIncomingConnectionHandler] Starting executing command: Build{id=0dcefd7c-cfa8-42d1-a31f-8bd20f7ed391.1, currentDir=/media/jack/home-partition/grails-practice/TekDays} with connection: socket connection from /0:0:0:0:0:0:0:1:51105 to /0:0:0:0:0:0:0:1:52535.
18:10:36.691 [DEBUG] [org.gradle.launcher.daemon.server.DaemonStateCoordinator] Command execution: started DaemonCommandExecution[command = Build{id=0dcefd7c-cfa8-42d1-a31f-8bd20f7ed391.1, currentDir=/media/jack/home-partition/grails-practice/TekDays}, connection = org.gradle.launcher.daemon.server.DefaultDaemonConnection@66264127] after 0.0 minutes of idle
18:10:36.691 [INFO] [org.gradle.launcher.daemon.server.DomainRegistryUpdater] Marking the daemon as busy, address: [c466a263-9766-4d06-b484-7b03d1eb77cd port:51105, addresses:[/0:0:0:0:0:0:0:1%lo, /127.0.0.1]]
18:10:36.691 [DEBUG] [org.gradle.launcher.daemon.registry.PersistentDaemonRegistry] Marking busy by address: [c466a263-9766-4d06-b484-7b03d1eb77cd port:51105, addresses:[/0:0:0:0:0:0:0:1%lo, /127.0.0.1]]
18:10:36.692 [DEBUG] [org.gradle.cache.internal.DefaultFileLockManager] Waiting to acquire exclusive lock on daemon addresses registry.
18:10:36.693 [DEBUG] [org.gradle.cache.internal.DefaultFileLockManager] Lock acquired.
18:10:36.698 [DEBUG] [org.gradle.cache.internal.DefaultFileLockManager] Releasing lock on daemon addresses registry.
18:10:36.698 [DEBUG] [org.gradle.launcher.daemon.server.DaemonStateCoordinator] updating lastActivityAt to 1444126236698
18:10:36.699 [DEBUG] [org.gradle.launcher.daemon.server.DaemonStateCoordinator] Daemon is busy, sleeping until state changes.
18:10:36.699 [INFO] [org.gradle.launcher.daemon.server.exec.StartBuildOrRespondWithBusy] Daemon is about to start building Build{id=0dcefd7c-cfa8-42d1-a31f-8bd20f7ed391.1, currentDir=/media/jack/home-partition/grails-practice/TekDays}. Dispatching build started information...
18:10:36.700 [DEBUG] [org.gradle.launcher.daemon.server.SynchronizedDispatchConnection] thread 16: dispatching class org.gradle.launcher.daemon.protocol.BuildStarted
18:10:36.706 [DEBUG] [org.gradle.launcher.daemon.server.exec.EstablishBuildEnvironment] Configuring env variables: {PATH=/home/jack/.rvm/gems/ruby-2.2.0/bin:/home/jack/.rvm/gems/ruby-2.2.0@global/bin:/home/jack/.rvm/rubies/ruby-2.2.0/bin:/home/jack/bin:/home/jack/.gvm/springboot/current/bin:/home/jack/.gvm/lazybones/current/bin:/home/jack/.gvm/jbossforge/current/bin:/home/jack/.gvm/jbake/current/bin:/home/jack/.gvm/groovyserv/current/bin:/home/jack/.gvm/groovy/current/bin:/home/jack/.gvm/griffon/current/bin:/home/jack/.gvm/grails/current/bin:/home/jack/.gvm/gradle/current/bin:/home/jack/.gvm/glide/current/bin:/home/jack/.gvm/gaiden/current/bin:/home/jack/.gvm/crash/current/bin:/home/jack/.gvm/asciidoctorj/current/bin:/opt/grails-3.0.7/bin:/home/jack/bin:/home/jack/bin:/media/jack/home-partition/tool/jdk1.8.0_51/bin:/media/jack/home-partition/tool/jdk1.8.0_51/jre/bin:/home/jack/bin:/usr/local/sbin:/usr/local/bin:/usr/sbin:/usr/bin:/sbin:/bin:/usr/games:/usr/local/games:/home/jack/.rvm/bin:/media/jack/home-partition/tool/android-studio/bin:/media/jack/home-partition/tool/android-studio/sdk/tools:/media/jack/home-partition/tool/android-studio/sdk/platform-tools:/media/jack/home-partition/tool/android-studio/sdk/build-tools:/home/jack/.rvm/bin:/home/jack/.rvm/bin, IRBRC=/home/jack/.rvm/rubies/ruby-2.2.0/.irbrc, NO_PROXY=localhost,127.0.0.0/8,::1, XMODIFIERS=@im=ibus, GDMSESSION=ubuntu, GRAILS_HOME=/home/jack/.gvm/grails/current, TEXTDOMAINDIR=/usr/share/locale/, DBUS_SESSION_BUS_ADDRESS=unix:abstract=/tmp/dbus-a1rFOk8cD7, DEFAULTS_PATH=/usr/share/gconf/ubuntu.default.path, COLORTERM=gnome-terminal, UPSTART_SESSION=unix:abstract=/com/ubuntu/upstart-session/1000/4241, SESSION_MANAGER=local/jack-ThinkPad-S430:@/tmp/.ICE-unix/4443,unix/jack-ThinkPad-S430:/tmp/.ICE-unix/4443, rvm_version=1.26.7 (master), PWD=/media/jack/home-partition/grails-practice/TekDays, LANGUAGE=zh_CN:zh, WINDOWID=85983243, LESSOPEN=| /usr/bin/lesspipe %s, GROOVYSERV_HOME=/home/jack/.gvm/groovyserv/current, INSTANCE=, MY_RUBY_HOME=/home/jack/.rvm/rubies/ruby-2.2.0, rvm_path=/home/jack/.rvm, GNOME_DESKTOP_SESSION_ID=this-is-deprecated, GTK_MODULES=overlay-scrollbar:unity-gtk-module, CLUTTER_IM_MODULE=ibus, TEXTDOMAIN=im-config, COMPIZ_BIN_PATH=/usr/bin/, SHLVL=1, JAVA_HOME=/media/jack/home-partition/tool/jdk1.8.0_51, GVM_VERSION=2.4.2, GAIDEN_HOME=/home/jack/.gvm/gaiden/current, LAZYBONES_HOME=/home/jack/.gvm/lazybones/current, TERM=xterm, XDG_CONFIG_DIRS=/etc/xdg/xdg-ubuntu:/usr/share/upstart/xdg:/etc/xdg, XDG_SEAT_PATH=/org/freedesktop/DisplayManager/Seat0, XDG_SESSION_ID=c2, GRADLE_HOME=/home/jack/.gvm/gradle/current, SELINUX_INIT=YES, GROOVY_HOME=/home/jack/.gvm/groovy/current, no_proxy=localhost,127.0.0.0/8,::1, XDG_GREETER_DATA_DIR=/var/lib/lightdm-data/jack, DESKTOP_SESSION=ubuntu, SESSION=ubuntu, XDG_MENU_PREFIX=gnome-, ANDROID_STUDIO_HOME=/media/jack/home-partition/tool/android-studio, QT_ACCESSIBILITY=1, VTE_VERSION=3409, GVM_BROKER_SERVICE=http://release.gvm.io, GEM_PATH=/home/jack/.rvm/gems/ruby-2.2.0:/home/jack/.rvm/gems/ruby-2.2.0@global, NLSPATH=/usr/dt/lib/nls/msg/%L/%N.cat, GLIDE_HOME=/home/jack/.gvm/glide/current, XAUTHORITY=/home/jack/.Xauthority, XDG_DATA_DIRS=/usr/share/ubuntu:/usr/share/gnome:/usr/local/share/:/usr/share/, MANDATORY_PATH=/usr/share/gconf/ubuntu.mandatory.path, ASCIIDOCTORJ_HOME=/home/jack/.gvm/asciidoctorj/current, GTK_IM_MODULE=ibus, XDG_CURRENT_DESKTOP=Unity, QT4_IM_MODULE=ibus, LOGNAME=jack, JOB=dbus, IM_CONFIG_PHASE=1, SPRINGBOOT_HOME=/home/jack/.gvm/springboot/current, SHELL=/bin/bash, OLDPWD=/opt/grails-3.0.7, GVM_PLATFORM=Linux, GEM_HOME=/home/jack/.rvm/gems/ruby-2.2.0, RUBY_VERSION=ruby-2.2.0, _system_name=Ubuntu, XDG_SESSION_PATH=/org/freedesktop/DisplayManager/Session0, CRASH_HOME=/home/jack/.gvm/crash/current, SESSIONTYPE=gnome-session, LS_COLORS=rs=0:di=01;34:ln=01;36:mh=00:pi=40;33:so=01;35:do=01;35:bd=40;33;01:cd=40;33;01:or=40;31;01:su=37;41:sg=30;43:ca=30;41:tw=30;42:ow=34;42:st=37;44:ex=01;32:*.tar=01;31:*.tgz=01;31:*.arj=01;31:*.taz=01;31:*.lzh=01;31:*.lzma=01;31:*.tlz=01;31:*.txz=01;31:*.zip=01;31:*.z=01;31:*.Z=01;31:*.dz=01;31:*.gz=01;31:*.lz=01;31:*.xz=01;31:*.bz2=01;31:*.bz=01;31:*.tbz=01;31:*.tbz2=01;31:*.tz=01;31:*.deb=01;31:*.rpm=01;31:*.jar=01;31:*.war=01;31:*.ear=01;31:*.sar=01;31:*.rar=01;31:*.ace=01;31:*.zoo=01;31:*.cpio=01;31:*.7z=01;31:*.rz=01;31:*.jpg=01;35:*.jpeg=01;35:*.gif=01;35:*.bmp=01;35:*.pbm=01;35:*.pgm=01;35:*.ppm=01;35:*.tga=01;35:*.xbm=01;35:*.xpm=01;35:*.tif=01;35:*.tiff=01;35:*.png=01;35:*.svg=01;35:*.svgz=01;35:*.mng=01;35:*.pcx=01;35:*.mov=01;35:*.mpg=01;35:*.mpeg=01;35:*.m2v=01;35:*.mkv=01;35:*.webm=01;35:*.ogm=01;35:*.mp4=01;35:*.m4v=01;35:*.mp4v=01;35:*.vob=01;35:*.qt=01;35:*.nuv=01;35:*.wmv=01;35:*.asf=01;35:*.rm=01;35:*.rmvb=01;35:*.flc=01;35:*.avi=01;35:*.fli=01;35:*.flv=01;35:*.gl=01;35:*.dl=01;35:*.xcf=01;35:*.xwd=01;35:*.yuv=01;35:*.cgm=01;35:*.emf=01;35:*.axv=01;35:*.anx=01;35:*.ogv=01;35:*.ogx=01;35:*.aac=00;36:*.au=00;36:*.flac=00;36:*.mid=00;36:*.midi=00;36:*.mka=00;36:*.mp3=00;36:*.mpc=00;36:*.ogg=00;36:*.ra=00;36:*.wav=00;36:*.axa=00;36:*.oga=00;36:*.spx=00;36:*.xspf=00;36:, GVM_BROADCAST_SERVICE=http://cast.gvm.io, LESSCLOSE=/usr/bin/lesspipe %s %s, GRIFFON_HOME=/home/jack/.gvm/griffon/current, _system_arch=x86_64, COMPIZ_CONFIG_PROFILE=ubuntu, rvm_bin_path=/home/jack/.rvm/bin, QT_IM_MODULE=ibus, XFILESEARCHPATH=/usr/dt/app-defaults/%L/Dt, rvm_prefix=/home/jack, LANG=zh_CN.UTF-8, GNOME_KEYRING_CONTROL=/run/user/1000/keyring-f1xECL, GRAILS_PATH=/opt/grails-3.0.7, DISPLAY=:0, GVM_SERVICE=http://api.gvmtool.net, JBOSSFORGE_HOME=/home/jack/.gvm/jbossforge/current, JBAKE_HOME=/home/jack/.gvm/jbake/current, GDM_LANG=zh_CN, _system_type=Linux, GVM_DIR=/home/jack/.gvm, GPG_AGENT_INFO=/run/user/1000/keyring-f1xECL/gpg:0:1, _system_version=14.04, USER=jack, CLASSPATH=/opt/grails-3.0.7/dist/grails-shell-3.0.7.jar:/opt/grails-3.0.7/lib/org.codehaus.groovy/groovy/jars/groovy-2.4.4.jar:/opt/grails-3.0.7/lib/org.slf4j/slf4j-api/jars/slf4j-api-1.7.10.jar:/opt/grails-3.0.7/lib/org.slf4j/jcl-over-slf4j/jars/jcl-over-slf4j-1.7.10.jar:/opt/grails-3.0.7/dist/grails-bootstrap-3.0.7.jar:/opt/grails-3.0.7/dist/grails-gradle-model-3.0.7.jar:/opt/grails-3.0.7/lib/org.apache.ant/ant/jars/ant-1.9.4.jar:/opt/grails-3.0.7/lib/org.codehaus.groovy/groovy-ant/jars/groovy-ant-2.4.4.jar:/opt/grails-3.0.7/lib/org.codehaus.groovy/groovy-json/jars/groovy-json-2.4.4.jar:/opt/grails-3.0.7/lib/org.codehaus.groovy/groovy-jmx/jars/groovy-jmx-2.4.4.jar:/opt/grails-3.0.7/lib/org.fusesource.jansi/jansi/jars/jansi-1.11.jar:/opt/grails-3.0.7/lib/jline/jline/jars/jline-2.12.jar:/opt/grails-3.0.7/lib/org.eclipse.jgit/org.eclipse.jgit/jars/org.eclipse.jgit-3.5.2.201411120430-r.jar:/opt/grails-3.0.7/lib/org.gradle/gradle-tooling-api/jars/gradle-tooling-api-2.3.jar:/opt/grails-3.0.7/lib/org.springframework.boot/spring-boot-cli/jars/spring-boot-cli-1.2.5.RELEASE.jar:/opt/grails-3.0.7/lib/org.slf4j/slf4j-simple/jars/slf4j-simple-1.7.10.jar:/opt/grails-3.0.7/lib/org.codehaus.plexus/plexus-component-api/jars/plexus-component-api-1.0-alpha-33.jar:/opt/grails-3.0.7/lib/org.codehaus.groovy/groovy-xml/jars/groovy-xml-2.4.4.jar:/opt/grails-3.0.7/lib/org.yaml/snakeyaml/jars/snakeyaml-1.14.jar:/opt/grails-3.0.7/lib/org.apache.ant/ant-launcher/jars/ant-launcher-1.9.4.jar:/opt/grails-3.0.7/lib/org.codehaus.groovy/groovy-groovydoc/jars/groovy-groovydoc-2.4.4.jar:/opt/grails-3.0.7/lib/org.apache.ant/ant-antlr/jars/ant-antlr-1.9.4.jar:/opt/grails-3.0.7/lib/org.apache.ant/ant-junit/jars/ant-junit-1.9.4.jar:/opt/grails-3.0.7/lib/com.jcraft/jsch/jars/jsch-0.1.50.jar:/opt/grails-3.0.7/lib/com.googlecode.javaewah/JavaEWAH/jars/JavaEWAH-0.7.9.jar:/opt/grails-3.0.7/lib/org.springframework.boot/spring-boot-dependency-tools/jars/spring-boot-dependency-tools-1.2.5.RELEASE.jar:/opt/grails-3.0.7/lib/org.springframework.boot/spring-boot-loader-tools/jars/spring-boot-loader-tools-1.2.5.RELEASE.jar:/opt/grails-3.0.7/lib/net.sf.jopt-simple/jopt-simple/jars/jopt-simple-4.6.jar:/opt/grails-3.0.7/lib/org.springframework/spring-core/jars/spring-core-4.1.7.RELEASE.jar:/opt/grails-3.0.7/lib/org.json/json/jars/json-20140107.jar:/opt/grails-3.0.7/lib/org.apache.maven/maven-aether-provider/jars/maven-aether-provider-3.2.1.jar:/opt/grails-3.0.7/lib/org.apache.maven/maven-settings-builder/jars/maven-settings-builder-3.1.1.jar:/opt/grails-3.0.7/lib/org.eclipse.aether/aether-api/jars/aether-api-0.9.1.v20140329.jar:/opt/grails-3.0.7/lib/org.eclipse.aether/aether-connector-basic/jars/aether-connector-basic-0.9.1.v20140329.jar:/opt/grails-3.0.7/lib/org.eclipse.aether/aether-impl/jars/aether-impl-0.9.1.v20140329.jar:/opt/grails-3.0.7/lib/org.eclipse.aether/aether-spi/jars/aether-spi-0.9.1.v20140329.jar:/opt/grails-3.0.7/lib/org.eclipse.aether/aether-transport-file/jars/aether-transport-file-0.9.1.v20140329.jar:/opt/grails-3.0.7/lib/org.eclipse.aether/aether-transport-http/jars/aether-transport-http-0.9.1.v20140329.jar:/opt/grails-3.0.7/lib/org.eclipse.aether/aether-util/jars/aether-util-0.9.1.v20140329.jar:/opt/grails-3.0.7/lib/org.codehaus.plexus/plexus-classworlds/jars/plexus-classworlds-1.2-alpha-10.jar:/opt/grails-3.0.7/lib/junit/junit/jars/junit-3.8.1.jar:/opt/grails-3.0.7/lib/org.codehaus.groovy/groovy-templates/jars/groovy-templates-2.4.4.jar:/opt/grails-3.0.7/lib/org.apache.maven/maven-model/jars/maven-model-3.2.1.jar:/opt/grails-3.0.7/lib/org.apache.maven/maven-model-builder/jars/maven-model-builder-3.2.1.jar:/opt/grails-3.0.7/lib/org.apache.maven/maven-repository-metadata/jars/maven-repository-metadata-3.2.1.jar:/opt/grails-3.0.7/lib/org.codehaus.plexus/plexus-component-annotations/jars/plexus-component-annotations-1.5.5.jar:/opt/grails-3.0.7/lib/org.codehaus.plexus/plexus-utils/jars/plexus-utils-3.0.17.jar:/opt/grails-3.0.7/lib/org.codehaus.plexus/plexus-interpolation/jars/plexus-interpolation-1.19.jar:/opt/grails-3.0.7/lib/org.apache.maven/maven-settings/jars/maven-settings-3.1.1.jar:/opt/grails-3.0.7/lib/org.sonatype.plexus/plexus-sec-dispatcher/jars/plexus-sec-dispatcher-1.3.jar:/opt/grails-3.0.7/lib/org.sonatype.plexus/plexus-cipher/jars/plexus-cipher-1.4.jar:/opt/grails-3.0.7/lib/org.apache.httpcomponents/httpclient/jars/httpclient-4.2.6.jar:/opt/grails-3.0.7/lib/org.apache.httpcomponents/httpcore/jars/httpcore-4.2.5.jar:/opt/grails-3.0.7/lib/commons-codec/commons-codec/jars/commons-codec-1.6.jar, XDG_SEAT=seat0, SSH_AUTH_SOCK=/run/user/1000/keyring-f1xECL/ssh, QT_QPA_PLATFORMTHEME=appmenu-qt5, XDG_RUNTIME_DIR=/run/user/1000, GVM_INIT=true, XDG_VTNR=7, HOME=/home/jack, GNOME_KEYRING_PID=4239}
18:10:36.720 [DEBUG] [org.gradle.launcher.daemon.server.SynchronizedDispatchConnection] thread 14: received class org.gradle.launcher.daemon.protocol.CloseInput
18:10:36.720 [DEBUG] [org.gradle.launcher.daemon.server.DefaultDaemonConnection] Received IO message from client: CloseInput[id=0dcefd7c-cfa8-42d1-a31f-8bd20f7ed391.2]
18:10:36.725 [DEBUG] [org.gradle.launcher.daemon.server.exec.LogToClient] About to start relaying all logs to the client via the connection.
18:10:36.726 [INFO] [org.gradle.launcher.daemon.server.exec.LogToClient] The client will now receive all logging from the daemon (pid: 28145). The daemon log file: /home/jack/.gradle/daemon/2.3/daemon-28145.out.log
18:10:36.733 [INFO] [org.gradle.launcher.daemon.server.health.DaemonHealthTracker] Starting build in new daemon [memory: 954.7 MB]
18:10:36.734 [INFO] [org.gradle.launcher.daemon.server.exec.ForwardClientInput] Closing daemon's stdin at end of input.
18:10:36.735 [INFO] [org.gradle.launcher.daemon.server.exec.ForwardClientInput] The daemon will no longer process any standard input.
18:10:36.737 [DEBUG] [org.gradle.launcher.daemon.server.exec.ExecuteBuild] The daemon has started executing the build.
18:10:36.738 [INFO] [org.gradle.launcher.daemon.server.exec.ExecuteBuild] Executing build with daemon context: DefaultDaemonContext[uid=809b6926-5dcf-4c72-85b8-b03705092c8e,javaHome=/media/jack/home-partition/tool/jdk1.8.0_51,daemonRegistryDir=/home/jack/.gradle/daemon,pid=28145,idleTimeout=10800000,daemonOpts=-XX:MaxPermSize=256m,-XX:+HeapDumpOnOutOfMemoryError,-Xmx1024m,-Dfile.encoding=UTF-8,-Duser.country=CN,-Duser.language=zh,-Duser.variant]
18:10:37.253 [INFO] [org.gradle.tooling.internal.provider.DefaultPayloadClassLoaderRegistry] Creating ClassLoader b93258ac-1b1c-41d6-9c8b-b9c7c4b85dee from [Spec classpath:[file:/opt/grails-3.0.7/lib/org.gradle/gradle-tooling-api/jars/gradle-tooling-api-2.3.jar, file:/opt/grails-3.0.7/dist/grails-shell-3.0.7.jar, file:/opt/grails-3.0.7/lib/org.codehaus.groovy/groovy/jars/groovy-2.4.4.jar, file:/opt/grails-3.0.7/dist/grails-gradle-model-3.0.7.jar]] and [org.gradle.internal.classloader.FilteringClassLoader@443344d0].
18:10:37.255 [DEBUG] [org.gradle.cache.internal.DefaultFileLockManager] Waiting to acquire exclusive lock on jars (/home/jack/.gradle/caches/jars-1).
18:10:37.255 [DEBUG] [org.gradle.cache.internal.DefaultFileLockManager] Lock acquired.
18:10:37.256 [DEBUG] [org.gradle.cache.internal.locklistener.DefaultFileLockContentionHandler] Starting file lock listener thread.
Download https://repo.grails.org/grails/core/com/google/protobuf/protobuf-java/2.5.0/protobuf-java-2.5.0.jar
Download https://repo.grails.org/grails/core/com/google/code/gson/gson/2.2.4/gson-2.2.4.jar
Download https://repo.grails.org/grails/core/com/google/code/findbugs/jsr305/1.3.9/jsr305-1.3.9.jar
Download https://repo.grails.org/grails/core/org/codehaus/groovy/groovy-templates/2.4.4/groovy-templates-2.4.4.jar
Download https://repo.grails.org/grails/core/commons-logging/commons-logging/1.2/commons-logging-1.2.jar
Download https://repo.grails.org/grails/core/org/grails/grails-bom/3.0.7/grails-bom-3.0.7.pom
Download https://repo.grails.org/grails/core/org/springframework/springloaded/1.2.4.RELEASE/springloaded-1.2.4.RELEASE.pom
Download https://repo.grails.org/grails/core/org/springframework/springloaded/1.2.4.RELEASE/springloaded-1.2.4.RELEASE.jar

BUILD SUCCESSFUL

Total time: 32.286 secs
Download https://repo.grails.org/grails/core/org/springframework/boot/spring-boot-starter-actuator/1.2.5.RELEASE/spring-boot-starter-actuator-1.2.5.RELEASE.pom
Download https://repo.grails.org/grails/core/org/grails/grails-dependencies/3.0.7/grails-dependencies-3.0.7.pom
Download https://repo.grails.org/grails/core/org/grails/grails-web-boot/3.0.7/grails-web-boot-3.0.7.pom
Download https://repo.grails.org/grails/core/org/grails/plugins/hibernate/4.3.10.5/hibernate-4.3.10.5.pom
Download https://repo.grails.org/grails/core/org/grails/grails-bom/3.0.1/grails-bom-3.0.1.pom
Download https://repo.grails.org/grails/core/org/grails/plugins/cache/3.0.1/cache-3.0.1.pom
Download https://repo.grails.org/grails/core/org/hibernate/hibernate-ehcache/4.3.10.Final/hibernate-ehcache-4.3.10.Final.pom
Download https://repo.grails.org/grails/core/org/grails/plugins/scaffolding/3.1.1/scaffolding-3.1.1.pom
Download https://repo.grails.org/grails/core/org/grails/plugins/asset-pipeline/3.0.8/asset-pipeline-3.0.8.pom
Download https://repo.grails.org/grails/core/org/grails/grails-plugin-testing/3.0.7/grails-plugin-testing-3.0.7.pom
Download https://repo.grails.org/grails/core/org/grails/plugins/geb/1.0.0/geb-1.0.0.pom
Download https://repo.grails.org/grails/core/org/seleniumhq/selenium/selenium-htmlunit-driver/2.44.0/selenium-htmlunit-driver-2.44.0.pom
Download https://repo.grails.org/grails/core/org/seleniumhq/selenium/selenium-parent/2.44.0/selenium-parent-2.44.0.pom
Download https://repo.grails.org/grails/core/org/springframework/boot/spring-boot-actuator/1.2.5.RELEASE/spring-boot-actuator-1.2.5.RELEASE.pom
Download https://repo.grails.org/grails/core/org/grails/grails-plugin-rest/3.0.7/grails-plugin-rest-3.0.7.pom
Download https://repo.grails.org/grails/core/org/grails/grails-plugin-databinding/3.0.7/grails-plugin-databinding-3.0.7.pom
Download https://repo.grails.org/grails/core/org/grails/grails-plugin-i18n/3.0.7/grails-plugin-i18n-3.0.7.pom
Download https://repo.grails.org/grails/core/org/grails/grails-plugin-filters/3.0.7/grails-plugin-filters-3.0.7.pom
Download https://repo.grails.org/grails/core/org/grails/grails-plugin-gsp/3.0.7/grails-plugin-gsp-3.0.7.pom
Download https://repo.grails.org/grails/core/org/grails/grails-plugin-services/3.0.7/grails-plugin-services-3.0.7.pom
Download https://repo.grails.org/grails/core/org/grails/grails-plugin-url-mappings/3.0.7/grails-plugin-url-mappings-3.0.7.pom
Download https://repo.grails.org/grails/core/org/grails/grails-plugin-interceptors/3.0.7/grails-plugin-interceptors-3.0.7.pom
Download https://repo.grails.org/grails/core/org/grails/grails-plugin-async/3.0.7/grails-plugin-async-3.0.7.pom
Download https://repo.grails.org/grails/core/com/h2database/h2/1.3.176/h2-1.3.176.pom
Download https://repo.grails.org/grails/core/org/grails/grails-web-common/3.0.7/grails-web-common-3.0.7.pom
Download https://repo.grails.org/grails/core/org/grails/grails-datastore-gorm-hibernate4/4.0.5.RELEASE/grails-datastore-gorm-hibernate4-4.0.5.RELEASE.pom
Download https://repo.grails.org/grails/core/com/googlecode/concurrentlinkedhashmap/concurrentlinkedhashmap-lru/1.4/concurrentlinkedhashmap-lru-1.4.pom
Download https://repo.grails.org/grails/core/org/javassist/javassist/3.17.1-GA/javassist-3.17.1-GA.pom
Download https://repo.grails.org/grails/core/org/jboss/logging/jboss-logging-annotations/1.2.0.Beta1/jboss-logging-annotations-1.2.0.Beta1.pom
Download https://repo.grails.org/grails/core/org/jboss/logging/jboss-logging-tools-parent/1.2.0.Beta1/jboss-logging-tools-parent-1.2.0.Beta1.pom
Download https://repo.grails.org/grails/core/org/jboss/jboss-parent/10/jboss-parent-10.pom
Download https://repo.grails.org/grails/core/org/hibernate/hibernate-core/4.3.10.Final/hibernate-core-4.3.10.Final.pom
Download https://repo.grails.org/grails/core/net/sf/ehcache/ehcache-core/2.4.3/ehcache-core-2.4.3.pom
Download https://repo.grails.org/grails/core/net/sf/ehcache/ehcache-parent/2.2/ehcache-parent-2.2.pom
Download https://repo.grails.org/grails/core/org/grails/plugins/fields/2.1.0/fields-2.1.0.pom
Download https://repo.grails.org/grails/core/cglib/cglib/2.2.2/cglib-2.2.2.pom
Download https://repo.grails.org/grails/core/org/grails/grails-plugin-controllers/3.0.7/grails-plugin-controllers-3.0.7.pom
Download https://repo.grails.org/grails/core/org/grails/grails-plugin-domain-class/3.0.7/grails-plugin-domain-class-3.0.7.pom
Download https://repo.grails.org/grails/core/org/grails/grails-plugin-mimetypes/3.0.7/grails-plugin-mimetypes-3.0.7.pom
Download https://repo.grails.org/grails/core/org/grails/grails-plugin-converters/3.0.7/grails-plugin-converters-3.0.7.pom
Download https://repo.grails.org/grails/core/org/grails/grails-plugin-codecs/3.0.7/grails-plugin-codecs-3.0.7.pom
Download https://repo.grails.org/grails/core/org/grails/grails-test/3.0.7/grails-test-3.0.7.pom
Download https://repo.grails.org/grails/core/org/springframework/boot/spring-boot-starter-test/1.2.5.RELEASE/spring-boot-starter-test-1.2.5.RELEASE.pom
Download https://repo.grails.org/grails/core/org/spockframework/spock-spring/1.0-groovy-2.4/spock-spring-1.0-groovy-2.4.pom
Download https://repo.grails.org/grails/core/org/spockframework/spock-core/1.0-groovy-2.4/spock-core-1.0-groovy-2.4.pom
Download https://repo.grails.org/grails/core/org/gebish/geb-spock/0.10.0/geb-spock-0.10.0.pom
Download https://repo.grails.org/grails/core/org/seleniumhq/selenium/selenium-support/2.43.1/selenium-support-2.43.1.pom
Download https://repo.grails.org/grails/core/org/seleniumhq/selenium/selenium-parent/2.43.1/selenium-parent-2.43.1.pom
Download https://repo.grails.org/grails/core/org/seleniumhq/selenium/selenium-remote-driver/2.44.0/selenium-remote-driver-2.44.0.pom
Download https://repo.grails.org/grails/core/net/sourceforge/htmlunit/htmlunit/2.15/htmlunit-2.15.pom
Download https://repo.grails.org/grails/core/org/apache/httpcomponents/httpclient/4.3.4/httpclient-4.3.4.pom
Download https://repo.grails.org/grails/core/org/apache/httpcomponents/httpcomponents-client/4.3.4/httpcomponents-client-4.3.4.pom
Download https://repo.grails.org/grails/core/org/apache/httpcomponents/project/7/project-7.pom
Download https://repo.grails.org/grails/core/org/grails/grails-web/3.0.7/grails-web-3.0.7.pom
Download https://repo.grails.org/grails/core/org/grails/grails-plugin-datasource/3.0.7/grails-plugin-datasource-3.0.7.pom
Download https://repo.grails.org/grails/core/org/grails/grails-core/3.0.7/grails-core-3.0.7.pom
Download https://repo.grails.org/grails/core/org/grails/grails-logging/3.0.7/grails-logging-3.0.7.pom
Download https://repo.grails.org/grails/core/org/grails/grails-web-gsp-taglib/3.0.7/grails-web-gsp-taglib-3.0.7.pom
Download https://repo.grails.org/grails/core/org/springframework/spring-tx/4.1.7.RELEASE/spring-tx-4.1.7.RELEASE.pom
Download https://repo.grails.org/grails/core/org/grails/grails-plugin-events/3.0.7/grails-plugin-events-3.0.7.pom
Download https://repo.grails.org/grails/core/org/grails/grails-validation/3.0.7/grails-validation-3.0.7.pom
Download https://repo.grails.org/grails/core/org/grails/grails-databinding/3.0.7/grails-databinding-3.0.7.pom
Download https://repo.grails.org/grails/core/org/grails/grails-encoder/3.0.7/grails-encoder-3.0.7.pom
Download https://repo.grails.org/grails/core/org/grails/grails-gsp/3.0.7/grails-gsp-3.0.7.pom
Download https://repo.grails.org/grails/core/org/springframework/spring-context-support/4.1.7.RELEASE/spring-context-support-4.1.7.RELEASE.pom
Download https://repo.grails.org/grails/core/org/grails/grails-datastore-gorm-hibernate-core/4.0.5.RELEASE/grails-datastore-gorm-hibernate-core-4.0.5.RELEASE.pom
Download https://repo.grails.org/grails/core/org/hibernate/common/hibernate-commons-annotations/4.0.5.Final/hibernate-commons-annotations-4.0.5.Final.pom
Download https://repo.grails.org/grails/core/org/hibernate/hibernate-validator/5.0.3.Final/hibernate-validator-5.0.3.Final.pom
Download https://repo.grails.org/grails/core/org/hibernate/hibernate-validator-parent/5.0.3.Final/hibernate-validator-parent-5.0.3.Final.pom
Download https://repo.grails.org/grails/core/org/jboss/spec/javax/transaction/jboss-transaction-api_1.2_spec/1.0.0.Final/jboss-transaction-api_1.2_spec-1.0.0.Final.pom
Download https://repo.grails.org/grails/core/org/hibernate/javax/persistence/hibernate-jpa-2.1-api/1.0.0.Final/hibernate-jpa-2.1-api-1.0.0.Final.pom
Download https://repo.grails.org/grails/core/org/jboss/jandex/1.1.0.Final/jandex-1.1.0.Final.pom
Download https://repo.grails.org/grails/core/org/jboss/jboss-parent/5/jboss-parent-5.pom
Download https://repo.grails.org/grails/core/org/grails/grails-async/3.0.7/grails-async-3.0.7.pom
Download https://repo.grails.org/grails/core/org/grails/grails-plugin-validation/3.0.7/grails-plugin-validation-3.0.7.pom
Download https://repo.grails.org/grails/core/org/grails/grails-spring/3.0.7/grails-spring-3.0.7.pom
Download https://repo.grails.org/grails/core/org/grails/grails-datastore-gorm/4.0.5.RELEASE/grails-datastore-gorm-4.0.5.RELEASE.pom
Download https://repo.grails.org/grails/core/org/grails/grails-datastore-core/4.0.5.RELEASE/grails-datastore-core-4.0.5.RELEASE.pom
Download https://repo.grails.org/grails/core/org/grails/grails-datastore-simple/4.0.5.RELEASE/grails-datastore-simple-4.0.5.RELEASE.pom
Download https://repo.grails.org/grails/core/commons-codec/commons-codec/1.6/commons-codec-1.6.pom
Download https://repo.grails.org/grails/core/org/apache/commons/commons-parent/22/commons-parent-22.pom
Download https://repo.grails.org/grails/core/org/codehaus/groovy/groovy-test/2.4.4/groovy-test-2.4.4.pom
Download https://repo.grails.org/grails/core/org/objenesis/objenesis/1.4/objenesis-1.4.pom
Download https://repo.grails.org/grails/core/org/objenesis/objenesis-parent/1.4/objenesis-parent-1.4.pom
Download https://repo.grails.org/grails/core/org/mockito/mockito-core/1.10.19/mockito-core-1.10.19.pom
Download https://repo.grails.org/grails/core/org/hamcrest/hamcrest-library/1.3/hamcrest-library-1.3.pom
Download https://repo.grails.org/grails/core/org/springframework/spring-test/4.1.7.RELEASE/spring-test-4.1.7.RELEASE.pom
Download https://repo.grails.org/grails/core/org/gebish/geb-core/0.10.0/geb-core-0.10.0.pom
Download https://repo.grails.org/grails/core/xalan/xalan/2.7.1/xalan-2.7.1.pom
Download https://repo.grails.org/grails/core/org/apache/commons/commons-lang3/3.3.2/commons-lang3-3.3.2.pom
Download https://repo.grails.org/grails/core/org/apache/httpcomponents/httpmime/4.3.3/httpmime-4.3.3.pom
Download https://repo.grails.org/grails/core/org/apache/httpcomponents/httpcomponents-client/4.3.3/httpcomponents-client-4.3.3.pom
Download https://repo.grails.org/grails/core/net/sourceforge/htmlunit/htmlunit-core-js/2.15/htmlunit-core-js-2.15.pom
Download https://repo.grails.org/grails/core/xerces/xercesImpl/2.11.0/xercesImpl-2.11.0.pom
Download https://repo.grails.org/grails/core/net/sourceforge/nekohtml/nekohtml/1.9.21/nekohtml-1.9.21.pom
Download https://repo.grails.org/grails/core/net/sourceforge/cssparser/cssparser/0.9.14/cssparser-0.9.14.pom
Download https://repo.grails.org/grails/core/commons-io/commons-io/2.4/commons-io-2.4.pom
Download https://repo.grails.org/grails/core/org/apache/commons/commons-parent/25/commons-parent-25.pom
Download https://repo.grails.org/grails/core/org/eclipse/jetty/jetty-websocket/8.1.15.v20140411/jetty-websocket-8.1.15.v20140411.pom
Download https://repo.grails.org/grails/core/org/eclipse/jetty/jetty-project/8.1.15.v20140411/jetty-project-8.1.15.v20140411.pom
Download https://repo.grails.org/grails/core/org/eclipse/jetty/jetty-parent/20/jetty-parent-20.pom
Download https://repo.grails.org/grails/core/com/fasterxml/jackson/core/jackson-annotations/2.4.0/jackson-annotations-2.4.0.pom
Download https://repo.grails.org/grails/core/org/springframework/spring-aspects/4.1.7.RELEASE/spring-aspects-4.1.7.RELEASE.pom
Download https://repo.grails.org/grails/core/org/aspectj/aspectjrt/1.8.5/aspectjrt-1.8.5.pom
Download https://repo.grails.org/grails/core/org/aspectj/aspectjweaver/1.8.5/aspectjweaver-1.8.5.pom
Download https://repo.grails.org/grails/core/org/grails/grails-web-gsp/3.0.7/grails-web-gsp-3.0.7.pom
Download https://repo.grails.org/grails/core/org/grails/grails-web-databinding/3.0.7/grails-web-databinding-3.0.7.pom
Download https://repo.grails.org/grails/core/org/grails/grails-web-url-mappings/3.0.7/grails-web-url-mappings-3.0.7.pom
Download https://repo.grails.org/grails/core/org/grails/grails-web-jsp/3.0.7/grails-web-jsp-3.0.7.pom
Download https://repo.grails.org/grails/core/org/grails/grails-web-mvc/3.0.7/grails-web-mvc-3.0.7.pom
Download https://repo.grails.org/grails/core/org/grails/grails-web-sitemesh/3.0.7/grails-web-sitemesh-3.0.7.pom
Download https://repo.grails.org/grails/core/org/apache/tomcat/embed/tomcat-embed-logging-log4j/7.0.55/tomcat-embed-logging-log4j-7.0.55.pom
Download https://repo.grails.org/grails/core/org/springframework/spring-jdbc/4.1.7.RELEASE/spring-jdbc-4.1.7.RELEASE.pom
Download https://repo.grails.org/grails/core/org/codehaus/groovy/groovy-sql/2.4.4/groovy-sql-2.4.4.pom
Download https://repo.grails.org/grails/core/org/apache/tomcat/tomcat-jdbc/7.0.55/tomcat-jdbc-7.0.55.pom
Download https://repo.grails.org/grails/core/xalan/serializer/2.7.2/serializer-2.7.2.pom
Download https://repo.grails.org/grails/core/io/projectreactor/spring/reactor-spring-context/2.0.3.RELEASE/reactor-spring-context-2.0.3.RELEASE.pom
Download https://repo.grails.org/grails/core/io/projectreactor/reactor-bus/2.0.3.RELEASE/reactor-bus-2.0.3.RELEASE.pom
Download https://repo.grails.org/grails/core/commons-validator/commons-validator/1.4.0/commons-validator-1.4.0.pom
Download https://repo.grails.org/grails/core/org/apache/commons/commons-parent/23/commons-parent-23.pom
Download https://repo.grails.org/grails/core/org/codehaus/groovy/groovy-json/2.4.4/groovy-json-2.4.4.pom
Download https://repo.grails.org/grails/core/org/grails/grails-taglib/3.0.7/grails-taglib-3.0.7.pom
Download https://repo.grails.org/grails/core/org/grails/grails-datastore-gorm-plugin-support/4.0.5.RELEASE/grails-datastore-gorm-plugin-support-4.0.5.RELEASE.pom
Download https://repo.grails.org/grails/core/org/springframework/spring-orm/4.1.7.RELEASE/spring-orm-4.1.7.RELEASE.pom
Download https://repo.grails.org/grails/core/javax/transaction/jta/1.1/jta-1.1.pom
Download https://repo.grails.org/grails/core/org/hibernate/hibernate-commons-annotations/3.2.0.Final/hibernate-commons-annotations-3.2.0.Final.pom
Download https://repo.grails.org/grails/core/org/codehaus/gpars/gpars/1.2.1/gpars-1.2.1.pom
Download https://repo.grails.org/grails/core/io/projectreactor/reactor-core/2.0.3.RELEASE/reactor-core-2.0.3.RELEASE.pom
Download https://repo.grails.org/grails/core/io/projectreactor/reactor-stream/2.0.3.RELEASE/reactor-stream-2.0.3.RELEASE.pom
Download https://repo.grails.org/grails/core/org/gebish/geb-ast/0.10.0/geb-ast-0.10.0.pom
Download https://repo.grails.org/grails/core/org/gebish/geb-waiting/0.10.0/geb-waiting-0.10.0.pom
Download https://repo.grails.org/grails/core/org/w3c/css/sac/1.3/sac-1.3.pom
Download https://repo.grails.org/grails/core/org/eclipse/jetty/jetty-util/8.1.15.v20140411/jetty-util-8.1.15.v20140411.pom
Download https://repo.grails.org/grails/core/org/eclipse/jetty/jetty-io/8.1.15.v20140411/jetty-io-8.1.15.v20140411.pom
Download https://repo.grails.org/grails/core/org/eclipse/jetty/jetty-http/8.1.15.v20140411/jetty-http-8.1.15.v20140411.pom
Download https://repo.grails.org/grails/core/org/grails/grails-web-taglib/3.0.7/grails-web-taglib-3.0.7.pom
Download https://repo.grails.org/grails/core/opensymphony/sitemesh/2.4/sitemesh-2.4.pom
Download https://repo.grails.org/grails/core/org/apache/tomcat/tomcat-juli/7.0.55/tomcat-juli-7.0.55.pom
Download https://repo.grails.org/grails/core/com/jayway/jsonpath/json-path/0.9.0/json-path-0.9.0.pom
Download https://repo.grails.org/grails/core/com/jayway/jsonpath/json-path-parent/0.9.0/json-path-parent-0.9.0.pom
Download https://repo.grails.org/grails/core/io/projectreactor/spring/reactor-spring-core/2.0.3.RELEASE/reactor-spring-core-2.0.3.RELEASE.pom
Download https://repo.grails.org/grails/core/com/goldmansachs/gs-collections/5.1.0/gs-collections-5.1.0.pom
Download https://repo.grails.org/grails/core/org/grails/grails-datastore-web/4.0.5.RELEASE/grails-datastore-web-4.0.5.RELEASE.pom
Download https://repo.grails.org/grails/core/org/codehaus/jsr166-mirror/jsr166y/1.7.0/jsr166y-1.7.0.pom
Download https://repo.grails.org/grails/core/org/reactivestreams/reactive-streams/1.0.0/reactive-streams-1.0.0.pom
Download https://repo.grails.org/grails/core/org/gebish/geb-implicit-assertions/0.10.0/geb-implicit-assertions-0.10.0.pom
Download https://repo.grails.org/grails/core/net/minidev/json-smart/1.2/json-smart-1.2.pom
Download https://repo.grails.org/grails/core/net/minidev/parent/1.2/parent-1.2.pom
Download https://repo.grails.org/grails/core/com/goldmansachs/gs-collections-api/5.1.0/gs-collections-api-5.1.0.pom
Download https://repo.grails.org/grails/core/org/javassist/javassist/3.18.1-GA/javassist-3.18.1-GA.pom
Download https://repo.grails.org/grails/core/cglib/cglib-nodep/2.1_3/cglib-nodep-2.1_3.pom
Download https://repo.grails.org/grails/core/org/seleniumhq/selenium/selenium-api/2.44.0/selenium-api-2.44.0.pom
Download https://repo.grails.org/grails/core/org/apache/commons/commons-exec/1.1/commons-exec-1.1.pom
Download https://repo.grails.org/grails/core/net/java/dev/jna/jna/3.4.0/jna-3.4.0.pom
Download https://repo.grails.org/grails/core/net/java/dev/jna/platform/3.4.0/platform-3.4.0.pom
Download https://repo.grails.org/grails/core/org/apache/httpcomponents/httpcore/4.3.2/httpcore-4.3.2.pom
Download https://repo.grails.org/grails/core/org/apache/httpcomponents/httpcomponents-core/4.3.2/httpcomponents-core-4.3.2.pom
Download https://repo.grails.org/grails/core/commons-codec/commons-codec/1.9/commons-codec-1.9.pom
Download https://repo.grails.org/grails/core/org/apache/commons/commons-parent/32/commons-parent-32.pom
Download https://repo.grails.org/grails/core/org/objenesis/objenesis/2.1/objenesis-2.1.pom
Download https://repo.grails.org/grails/core/org/objenesis/objenesis-parent/2.1/objenesis-parent-2.1.pom
Download https://repo.grails.org/grails/core/xml-apis/xml-apis/1.4.01/xml-apis-1.4.01.pom
Download https://repo.grails.org/grails/core/org/aspectj/aspectjweaver/1.8.6/aspectjweaver-1.8.6.pom
Download https://repo.grails.org/grails/core/com/google/code/gson/gson/2.3/gson-2.3.pom
Download https://repo.grails.org/grails/core/org/springframework/boot/spring-boot-starter-actuator/1.2.5.RELEASE/spring-boot-starter-actuator-1.2.5.RELEASE.jar
Download https://repo.grails.org/grails/core/org/grails/grails-web-boot/3.0.7/grails-web-boot-3.0.7.jar
Download https://repo.grails.org/grails/core/org/grails/plugins/hibernate/4.3.10.5/hibernate-4.3.10.5.jar
Download https://repo.grails.org/grails/core/org/grails/plugins/cache/3.0.1/cache-3.0.1.jar
Download https://repo.grails.org/grails/core/org/hibernate/hibernate-ehcache/4.3.10.Final/hibernate-ehcache-4.3.10.Final.jar
Download https://repo.grails.org/grails/core/org/grails/plugins/scaffolding/3.1.1/scaffolding-3.1.1.jar
Download https://repo.grails.org/grails/core/org/grails/plugins/asset-pipeline/3.0.8/asset-pipeline-3.0.8.jar
Download https://repo.grails.org/grails/core/org/grails/grails-plugin-testing/3.0.7/grails-plugin-testing-3.0.7.jar
Download https://repo.grails.org/grails/core/org/grails/plugins/geb/1.0.0/geb-1.0.0.jar
Download https://repo.grails.org/grails/core/org/seleniumhq/selenium/selenium-htmlunit-driver/2.44.0/selenium-htmlunit-driver-2.44.0.jar
Download https://repo.grails.org/grails/core/org/springframework/boot/spring-boot-actuator/1.2.5.RELEASE/spring-boot-actuator-1.2.5.RELEASE.jar
Download https://repo.grails.org/grails/core/org/grails/grails-plugin-rest/3.0.7/grails-plugin-rest-3.0.7.jar
Download https://repo.grails.org/grails/core/org/grails/grails-plugin-databinding/3.0.7/grails-plugin-databinding-3.0.7.jar
Download https://repo.grails.org/grails/core/org/grails/grails-plugin-i18n/3.0.7/grails-plugin-i18n-3.0.7.jar
Download https://repo.grails.org/grails/core/org/grails/grails-plugin-filters/3.0.7/grails-plugin-filters-3.0.7.jar
Download https://repo.grails.org/grails/core/org/grails/grails-plugin-gsp/3.0.7/grails-plugin-gsp-3.0.7.jar
Download https://repo.grails.org/grails/core/org/grails/grails-plugin-services/3.0.7/grails-plugin-services-3.0.7.jar
Download https://repo.grails.org/grails/core/org/grails/grails-plugin-url-mappings/3.0.7/grails-plugin-url-mappings-3.0.7.jar
Download https://repo.grails.org/grails/core/org/grails/grails-plugin-interceptors/3.0.7/grails-plugin-interceptors-3.0.7.jar
Download https://repo.grails.org/grails/core/org/grails/grails-plugin-async/3.0.7/grails-plugin-async-3.0.7.jar
Download https://repo.grails.org/grails/core/com/h2database/h2/1.3.176/h2-1.3.176.jar
Download https://repo.grails.org/grails/core/org/grails/grails-web-common/3.0.7/grails-web-common-3.0.7.jar
Download https://repo.grails.org/grails/core/org/grails/grails-datastore-gorm-hibernate4/4.0.5.RELEASE/grails-datastore-gorm-hibernate4-4.0.5.RELEASE.jar
Download https://repo.grails.org/grails/core/com/googlecode/concurrentlinkedhashmap/concurrentlinkedhashmap-lru/1.4/concurrentlinkedhashmap-lru-1.4.jar
Download https://repo.grails.org/grails/core/org/jboss/logging/jboss-logging-annotations/1.2.0.Beta1/jboss-logging-annotations-1.2.0.Beta1.jar
Download https://repo.grails.org/grails/core/org/hibernate/hibernate-core/4.3.10.Final/hibernate-core-4.3.10.Final.jar
Download https://repo.grails.org/grails/core/net/sf/ehcache/ehcache-core/2.4.3/ehcache-core-2.4.3.jar
Download https://repo.grails.org/grails/core/org/grails/plugins/fields/2.1.0/fields-2.1.0.jar
Download https://repo.grails.org/grails/core/cglib/cglib/2.2.2/cglib-2.2.2.jar
Download https://repo.grails.org/grails/core/org/grails/grails-plugin-controllers/3.0.7/grails-plugin-controllers-3.0.7.jar
Download https://repo.grails.org/grails/core/org/grails/grails-plugin-domain-class/3.0.7/grails-plugin-domain-class-3.0.7.jar
Download https://repo.grails.org/grails/core/org/grails/grails-plugin-mimetypes/3.0.7/grails-plugin-mimetypes-3.0.7.jar
Download https://repo.grails.org/grails/core/org/grails/grails-plugin-converters/3.0.7/grails-plugin-converters-3.0.7.jar
Download https://repo.grails.org/grails/core/org/grails/grails-plugin-codecs/3.0.7/grails-plugin-codecs-3.0.7.jar
Download https://repo.grails.org/grails/core/org/grails/grails-test/3.0.7/grails-test-3.0.7.jar
Download https://repo.grails.org/grails/core/org/springframework/boot/spring-boot-starter-test/1.2.5.RELEASE/spring-boot-starter-test-1.2.5.RELEASE.jar
Download https://repo.grails.org/grails/core/org/spockframework/spock-spring/1.0-groovy-2.4/spock-spring-1.0-groovy-2.4.jar
Download https://repo.grails.org/grails/core/org/spockframework/spock-core/1.0-groovy-2.4/spock-core-1.0-groovy-2.4.jar
Download https://repo.grails.org/grails/core/org/gebish/geb-spock/0.10.0/geb-spock-0.10.0.jar
Download https://repo.grails.org/grails/core/org/seleniumhq/selenium/selenium-support/2.43.1/selenium-support-2.43.1.jar
Download https://repo.grails.org/grails/core/org/seleniumhq/selenium/selenium-remote-driver/2.44.0/selenium-remote-driver-2.44.0.jar
Download https://repo.grails.org/grails/core/net/sourceforge/htmlunit/htmlunit/2.15/htmlunit-2.15.jar
Download https://repo.grails.org/grails/core/org/apache/httpcomponents/httpclient/4.3.4/httpclient-4.3.4.jar
Download https://repo.grails.org/grails/core/org/grails/grails-web/3.0.7/grails-web-3.0.7.jar
Download https://repo.grails.org/grails/core/org/grails/grails-plugin-datasource/3.0.7/grails-plugin-datasource-3.0.7.jar
Download https://repo.grails.org/grails/core/org/grails/grails-core/3.0.7/grails-core-3.0.7.jar
Download https://repo.grails.org/grails/core/org/grails/grails-logging/3.0.7/grails-logging-3.0.7.jar
Download https://repo.grails.org/grails/core/org/grails/grails-web-gsp-taglib/3.0.7/grails-web-gsp-taglib-3.0.7.jar
Download https://repo.grails.org/grails/core/org/springframework/spring-tx/4.1.7.RELEASE/spring-tx-4.1.7.RELEASE.jar
Download https://repo.grails.org/grails/core/org/grails/grails-plugin-events/3.0.7/grails-plugin-events-3.0.7.jar
Download https://repo.grails.org/grails/core/org/grails/grails-validation/3.0.7/grails-validation-3.0.7.jar
Download https://repo.grails.org/grails/core/org/grails/grails-databinding/3.0.7/grails-databinding-3.0.7.jar
Download https://repo.grails.org/grails/core/org/grails/grails-encoder/3.0.7/grails-encoder-3.0.7.jar
Download https://repo.grails.org/grails/core/org/grails/grails-gsp/3.0.7/grails-gsp-3.0.7.jar
Download https://repo.grails.org/grails/core/org/springframework/spring-context-support/4.1.7.RELEASE/spring-context-support-4.1.7.RELEASE.jar
Download https://repo.grails.org/grails/core/org/grails/grails-datastore-gorm-hibernate-core/4.0.5.RELEASE/grails-datastore-gorm-hibernate-core-4.0.5.RELEASE.jar
Download https://repo.grails.org/grails/core/org/hibernate/common/hibernate-commons-annotations/4.0.5.Final/hibernate-commons-annotations-4.0.5.Final.jar
Download https://repo.grails.org/grails/core/org/hibernate/hibernate-validator/5.0.3.Final/hibernate-validator-5.0.3.Final.jar
Download https://repo.grails.org/grails/core/org/jboss/spec/javax/transaction/jboss-transaction-api_1.2_spec/1.0.0.Final/jboss-transaction-api_1.2_spec-1.0.0.Final.jar
Download https://repo.grails.org/grails/core/org/hibernate/javax/persistence/hibernate-jpa-2.1-api/1.0.0.Final/hibernate-jpa-2.1-api-1.0.0.Final.jar
Download https://repo.grails.org/grails/core/org/jboss/jandex/1.1.0.Final/jandex-1.1.0.Final.jar
Download https://repo.grails.org/grails/core/org/grails/grails-async/3.0.7/grails-async-3.0.7.jar
Download https://repo.grails.org/grails/core/org/grails/grails-plugin-validation/3.0.7/grails-plugin-validation-3.0.7.jar
Download https://repo.grails.org/grails/core/org/grails/grails-spring/3.0.7/grails-spring-3.0.7.jar
Download https://repo.grails.org/grails/core/org/grails/grails-datastore-gorm/4.0.5.RELEASE/grails-datastore-gorm-4.0.5.RELEASE.jar
Download https://repo.grails.org/grails/core/org/grails/grails-datastore-core/4.0.5.RELEASE/grails-datastore-core-4.0.5.RELEASE.jar
Download https://repo.grails.org/grails/core/org/grails/grails-datastore-simple/4.0.5.RELEASE/grails-datastore-simple-4.0.5.RELEASE.jar
Download https://repo.grails.org/grails/core/org/codehaus/groovy/groovy-test/2.4.4/groovy-test-2.4.4.jar
Download https://repo.grails.org/grails/core/org/mockito/mockito-core/1.10.19/mockito-core-1.10.19.jar
Download https://repo.grails.org/grails/core/org/hamcrest/hamcrest-library/1.3/hamcrest-library-1.3.jar
Download https://repo.grails.org/grails/core/org/springframework/spring-test/4.1.7.RELEASE/spring-test-4.1.7.RELEASE.jar
Download https://repo.grails.org/grails/core/org/gebish/geb-core/0.10.0/geb-core-0.10.0.jar
Download https://repo.grails.org/grails/core/xalan/xalan/2.7.1/xalan-2.7.1.jar
Download https://repo.grails.org/grails/core/org/apache/commons/commons-lang3/3.3.2/commons-lang3-3.3.2.jar
Download https://repo.grails.org/grails/core/org/apache/httpcomponents/httpmime/4.3.3/httpmime-4.3.3.jar
Download https://repo.grails.org/grails/core/net/sourceforge/htmlunit/htmlunit-core-js/2.15/htmlunit-core-js-2.15.jar
Download https://repo.grails.org/grails/core/xerces/xercesImpl/2.11.0/xercesImpl-2.11.0.jar
Download https://repo.grails.org/grails/core/net/sourceforge/nekohtml/nekohtml/1.9.21/nekohtml-1.9.21.jar
Download https://repo.grails.org/grails/core/net/sourceforge/cssparser/cssparser/0.9.14/cssparser-0.9.14.jar
Download https://repo.grails.org/grails/core/commons-io/commons-io/2.4/commons-io-2.4.jar
Download https://repo.grails.org/grails/core/org/eclipse/jetty/jetty-websocket/8.1.15.v20140411/jetty-websocket-8.1.15.v20140411.jar
Download https://repo.grails.org/grails/core/com/fasterxml/jackson/core/jackson-annotations/2.4.0/jackson-annotations-2.4.0.jar
Download https://repo.grails.org/grails/core/org/springframework/spring-aspects/4.1.7.RELEASE/spring-aspects-4.1.7.RELEASE.jar
Download https://repo.grails.org/grails/core/org/aspectj/aspectjrt/1.8.5/aspectjrt-1.8.5.jar
Download https://repo.grails.org/grails/core/org/grails/grails-web-gsp/3.0.7/grails-web-gsp-3.0.7.jar
Download https://repo.grails.org/grails/core/org/grails/grails-web-databinding/3.0.7/grails-web-databinding-3.0.7.jar
Download https://repo.grails.org/grails/core/org/grails/grails-web-url-mappings/3.0.7/grails-web-url-mappings-3.0.7.jar
Download https://repo.grails.org/grails/core/org/grails/grails-web-jsp/3.0.7/grails-web-jsp-3.0.7.jar
Download https://repo.grails.org/grails/core/org/grails/grails-web-mvc/3.0.7/grails-web-mvc-3.0.7.jar
Download https://repo.grails.org/grails/core/org/grails/grails-web-sitemesh/3.0.7/grails-web-sitemesh-3.0.7.jar
Download https://repo.grails.org/grails/core/org/apache/tomcat/embed/tomcat-embed-logging-log4j/7.0.55/tomcat-embed-logging-log4j-7.0.55.jar
Download https://repo.grails.org/grails/core/org/springframework/spring-jdbc/4.1.7.RELEASE/spring-jdbc-4.1.7.RELEASE.jar
Download https://repo.grails.org/grails/core/org/codehaus/groovy/groovy-sql/2.4.4/groovy-sql-2.4.4.jar
Download https://repo.grails.org/grails/core/org/apache/tomcat/tomcat-jdbc/7.0.55/tomcat-jdbc-7.0.55.jar
Download https://repo.grails.org/grails/core/xalan/serializer/2.7.2/serializer-2.7.2.jar
Download https://repo.grails.org/grails/core/io/projectreactor/spring/reactor-spring-context/2.0.3.RELEASE/reactor-spring-context-2.0.3.RELEASE.jar
Download https://repo.grails.org/grails/core/io/projectreactor/reactor-bus/2.0.3.RELEASE/reactor-bus-2.0.3.RELEASE.jar
Download https://repo.grails.org/grails/core/commons-validator/commons-validator/1.4.0/commons-validator-1.4.0.jar
Download https://repo.grails.org/grails/core/org/codehaus/groovy/groovy-json/2.4.4/groovy-json-2.4.4.jar
Download https://repo.grails.org/grails/core/org/grails/grails-taglib/3.0.7/grails-taglib-3.0.7.jar
Download https://repo.grails.org/grails/core/org/grails/grails-datastore-gorm-plugin-support/4.0.5.RELEASE/grails-datastore-gorm-plugin-support-4.0.5.RELEASE.jar
Download https://repo.grails.org/grails/core/org/springframework/spring-orm/4.1.7.RELEASE/spring-orm-4.1.7.RELEASE.jar
Download https://repo.grails.org/grails/core/javax/transaction/jta/1.1/jta-1.1.jar
Download https://repo.grails.org/grails/core/org/hibernate/hibernate-commons-annotations/3.2.0.Final/hibernate-commons-annotations-3.2.0.Final.jar
Download https://repo.grails.org/grails/core/org/codehaus/gpars/gpars/1.2.1/gpars-1.2.1.jar
Download https://repo.grails.org/grails/core/io/projectreactor/reactor-core/2.0.3.RELEASE/reactor-core-2.0.3.RELEASE.jar
Download https://repo.grails.org/grails/core/io/projectreactor/reactor-stream/2.0.3.RELEASE/reactor-stream-2.0.3.RELEASE.jar
Download https://repo.grails.org/grails/core/org/gebish/geb-ast/0.10.0/geb-ast-0.10.0.jar
Download https://repo.grails.org/grails/core/org/gebish/geb-waiting/0.10.0/geb-waiting-0.10.0.jar
Download https://repo.grails.org/grails/core/org/w3c/css/sac/1.3/sac-1.3.jar
Download https://repo.grails.org/grails/core/org/eclipse/jetty/jetty-util/8.1.15.v20140411/jetty-util-8.1.15.v20140411.jar
Download https://repo.grails.org/grails/core/org/eclipse/jetty/jetty-io/8.1.15.v20140411/jetty-io-8.1.15.v20140411.jar
Download https://repo.grails.org/grails/core/org/eclipse/jetty/jetty-http/8.1.15.v20140411/jetty-http-8.1.15.v20140411.jar
Download https://repo.grails.org/grails/core/org/grails/grails-web-taglib/3.0.7/grails-web-taglib-3.0.7.jar
Download https://repo.grails.org/grails/core/opensymphony/sitemesh/2.4/sitemesh-2.4.jar
Download https://repo.grails.org/grails/core/org/apache/tomcat/tomcat-juli/7.0.55/tomcat-juli-7.0.55.jar
Download https://repo.grails.org/grails/core/com/jayway/jsonpath/json-path/0.9.0/json-path-0.9.0.jar
Download https://repo.grails.org/grails/core/io/projectreactor/spring/reactor-spring-core/2.0.3.RELEASE/reactor-spring-core-2.0.3.RELEASE.jar
Download https://repo.grails.org/grails/core/com/goldmansachs/gs-collections/5.1.0/gs-collections-5.1.0.jar
Download https://repo.grails.org/grails/core/org/grails/grails-datastore-web/4.0.5.RELEASE/grails-datastore-web-4.0.5.RELEASE.jar
Download https://repo.grails.org/grails/core/org/codehaus/jsr166-mirror/jsr166y/1.7.0/jsr166y-1.7.0.jar
Download https://repo.grails.org/grails/core/org/reactivestreams/reactive-streams/1.0.0/reactive-streams-1.0.0.jar
Download https://repo.grails.org/grails/core/org/gebish/geb-implicit-assertions/0.10.0/geb-implicit-assertions-0.10.0.jar
Download https://repo.grails.org/grails/core/net/minidev/json-smart/1.2/json-smart-1.2.jar
Download https://repo.grails.org/grails/core/com/goldmansachs/gs-collections-api/5.1.0/gs-collections-api-5.1.0.jar
Download https://repo.grails.org/grails/core/org/javassist/javassist/3.18.1-GA/javassist-3.18.1-GA.jar
Download https://repo.grails.org/grails/core/cglib/cglib-nodep/2.1_3/cglib-nodep-2.1_3.jar
Download https://repo.grails.org/grails/core/org/seleniumhq/selenium/selenium-api/2.44.0/selenium-api-2.44.0.jar
Download https://repo.grails.org/grails/core/org/apache/commons/commons-exec/1.1/commons-exec-1.1.jar
Download https://repo.grails.org/grails/core/net/java/dev/jna/jna/3.4.0/jna-3.4.0.jar
Download https://repo.grails.org/grails/core/net/java/dev/jna/platform/3.4.0/platform-3.4.0.jar
Download https://repo.grails.org/grails/core/org/apache/httpcomponents/httpcore/4.3.2/httpcore-4.3.2.jar
Download https://repo.grails.org/grails/core/commons-codec/commons-codec/1.9/commons-codec-1.9.jar
Download https://repo.grails.org/grails/core/org/objenesis/objenesis/2.1/objenesis-2.1.jar
Download https://repo.grails.org/grails/core/xml-apis/xml-apis/1.4.01/xml-apis-1.4.01.jar
Download https://repo.grails.org/grails/core/org/aspectj/aspectjweaver/1.8.6/aspectjweaver-1.8.6.jar
Download https://repo.grails.org/grails/core/com/google/code/gson/gson/2.3/gson-2.3.jar
18:23:36.441 [DEBUG] [org.gradle.cache.internal.btree.BTreePersistentIndexedCache] Closing cache artifact-at-repository.bin (/home/jack/.gradle/caches/modules-2/metadata-2.14/artifact-at-repository.bin)
18:23:36.441 [DEBUG] [org.gradle.cache.internal.btree.BTreePersistentIndexedCache] Closing cache artifact-at-url.bin (/home/jack/.gradle/caches/modules-2/metadata-2.14/artifact-at-url.bin)
18:23:36.442 [DEBUG] [org.gradle.cache.internal.btree.BTreePersistentIndexedCache] Closing cache module-metadata.bin (/home/jack/.gradle/caches/modules-2/metadata-2.14/module-metadata.bin)
18:23:36.442 [DEBUG] [org.gradle.cache.internal.btree.BTreePersistentIndexedCache] Closing cache module-artifacts.bin (/home/jack/.gradle/caches/modules-2/metadata-2.14/module-artifacts.bin)
18:23:36.442 [DEBUG] [org.gradle.cache.internal.DefaultFileLockManager] Releasing lock on artifact cache (/home/jack/.gradle/caches/modules-2).
18:23:36.453 [DEBUG] [org.gradle.cache.internal.btree.BTreePersistentIndexedCache] Closing cache plugin-use-metadata.bin (/home/jack/.gradle/caches/2.3/plugin-resolution/plugin-use-metadata.bin)
18:23:36.453 [DEBUG] [org.gradle.cache.internal.DefaultFileLockManager] Releasing lock on Plugin Resolution Cache (/home/jack/.gradle/caches/2.3/plugin-resolution).
18:23:36.467 [DEBUG] [org.gradle.cache.internal.DefaultFileLockManager] Releasing lock on buildscript class cache for build file '/media/jack/home-partition/grails-practice/TekDays/build.gradle' (/home/jack/.gradle/caches/2.3/scripts/build_1dcldapn9r7wtqeu55r6mbdr6/ProjectScript/buildscript).
18:23:36.467 [DEBUG] [org.gradle.cache.internal.DefaultFileLockManager] Releasing lock on no_buildscript class cache for build file '/media/jack/home-partition/grails-practice/TekDays/build.gradle' (/home/jack/.gradle/caches/2.3/scripts/build_1dcldapn9r7wtqeu55r6mbdr6/ProjectScript/no_buildscript).
18:23:36.468 [DEBUG] [org.gradle.cache.internal.DefaultFileLockManager] Releasing lock on jars (/home/jack/.gradle/caches/jars-1).
18:23:36.478 [DEBUG] [org.gradle.api.internal.tasks.compile.daemon.CompilerDaemonManager] Stopping 0 compiler daemon(s).
18:23:36.478 [INFO] [org.gradle.api.internal.tasks.compile.daemon.CompilerDaemonManager] Stopped 0 compiler daemon(s).
18:23:36.497 [DEBUG] [org.gradle.api.internal.artifacts.ivyservice.ivyresolve.memcache.InMemoryCachedRepositoryFactory] In-memory dependency metadata cache closed. Repos cached: 9, cache instances: 3, modules served from cache: 189, artifacts: 144
18:23:36.497 [DEBUG] [org.gradle.api.internal.artifacts.ivyservice.resolveengine.store.CachedStoreFactory] Resolution result cache closed. Cache reads: 0, disk reads: 0 (avg: 0.0 secs, total: 0.0 secs)
18:23:36.497 [DEBUG] [org.gradle.api.internal.artifacts.ivyservice.resolveengine.store.CachedStoreFactory] Resolved configuration cache closed. Cache reads: 0, disk reads: 0 (avg: 0.0 secs, total: 0.0 secs)
18:23:36.498 [DEBUG] [org.gradle.api.internal.artifacts.ivyservice.resolveengine.store.ResolutionResultsStoreFactory] Deleted 2 resolution results binary files in 0.001 secs
18:23:36.498 [DEBUG] [org.gradle.launcher.daemon.server.exec.ExecuteBuild] The daemon has finished executing the build.
18:23:36.877 [DEBUG] [org.gradle.launcher.daemon.server.DaemonStateCoordinator] Daemon is busy, sleeping until state changes.
18:23:36.878 [DEBUG] [org.apache.http.impl.conn.PoolingClientConnectionManager] Connection manager is shutting down
18:23:36.878 [DEBUG] [org.gradle.launcher.daemon.server.DaemonStateCoordinator] Command execution: finished waiting for DaemonCommandExecution[command = Build{id=0dcefd7c-cfa8-42d1-a31f-8bd20f7ed391.1, currentDir=/media/jack/home-partition/grails-practice/TekDays}, connection = org.gradle.launcher.daemon.server.DefaultDaemonConnection@66264127]. Result org.gradle.launcher.daemon.server.DaemonStateCoordinator@1de8c929 with state Running
18:23:36.878 [DEBUG] [org.gradle.launcher.daemon.server.DaemonStateCoordinator] Command execution: completed DaemonCommandExecution[command = Build{id=0dcefd7c-cfa8-42d1-a31f-8bd20f7ed391.1, currentDir=/media/jack/home-partition/grails-practice/TekDays}, connection = org.gradle.launcher.daemon.server.DefaultDaemonConnection@66264127]
18:23:36.878 [DEBUG] [org.gradle.launcher.daemon.server.DaemonStateCoordinator] updating lastActivityAt to 1444127016878
18:23:36.878 [DEBUG] [org.apache.http.impl.conn.DefaultClientConnection] Connection 0.0.0.0:33915<->54.165.46.156:443 closed
18:23:36.878 [INFO] [org.gradle.launcher.daemon.server.DomainRegistryUpdater] Marking the daemon as idle, address: [c466a263-9766-4d06-b484-7b03d1eb77cd port:51105, addresses:[/0:0:0:0:0:0:0:1%lo, /127.0.0.1]]
18:23:36.879 [DEBUG] [org.apache.http.impl.conn.DefaultClientConnection] Connection 0.0.0.0:33915<->54.165.46.156:443 closed
18:23:36.879 [DEBUG] [org.gradle.launcher.daemon.registry.PersistentDaemonRegistry] Marking idle by address: [c466a263-9766-4d06-b484-7b03d1eb77cd port:51105, addresses:[/0:0:0:0:0:0:0:1%lo, /127.0.0.1]]
18:23:36.879 [DEBUG] [org.apache.http.impl.conn.PoolingClientConnectionManager] Connection manager shut down
18:23:36.880 [DEBUG] [org.apache.http.impl.conn.PoolingClientConnectionManager] Connection manager is shutting down
18:23:36.880 [DEBUG] [org.apache.http.impl.conn.DefaultClientConnection] Connection 0.0.0.0:33297<->107.21.27.23:443 closed
18:23:36.880 [DEBUG] [org.gradle.cache.internal.DefaultFileLockManager] Waiting to acquire exclusive lock on daemon addresses registry.
18:23:36.880 [DEBUG] [org.apache.http.impl.conn.DefaultClientConnection] Connection 0.0.0.0:33297<->107.21.27.23:443 closed
18:23:36.880 [DEBUG] [org.apache.http.impl.conn.PoolingClientConnectionManager] Connection manager shut down
18:23:36.880 [DEBUG] [org.gradle.cache.internal.DefaultFileLockManager] Lock acquired.
18:23:36.911 [DEBUG] [org.gradle.cache.internal.DefaultFileLockManager] Releasing lock on daemon addresses registry.
18:23:36.912 [DEBUG] [org.gradle.launcher.daemon.server.DaemonStateCoordinator] Daemon is idle, sleeping until state change or idle timeout at Tue Oct 06 21:23:36 CST 2015
18:23:36.912 [DEBUG] [org.gradle.launcher.daemon.server.exec.ReturnResult] Daemon is dispatching the build result: DaemonCommandResult[type=Success, value=org.gradle.tooling.internal.provider.BuildActionResult@547848ff]
18:23:36.912 [DEBUG] [org.gradle.launcher.daemon.server.SynchronizedDispatchConnection] thread 13: dispatching class org.gradle.launcher.daemon.protocol.Success
18:23:36.933 [DEBUG] [org.gradle.launcher.daemon.server.DefaultIncomingConnectionHandler] Finishing executing command: Build{id=0dcefd7c-cfa8-42d1-a31f-8bd20f7ed391.1, currentDir=/media/jack/home-partition/grails-practice/TekDays}
18:23:36.938 [DEBUG] [org.gradle.launcher.daemon.server.SynchronizedDispatchConnection] thread 14: received class org.gradle.launcher.daemon.protocol.Finished
18:23:36.938 [DEBUG] [org.gradle.launcher.daemon.server.DefaultDaemonConnection] Received non-IO message from client: org.gradle.launcher.daemon.protocol.Finished@7e6b9110
18:23:36.939 [DEBUG] [org.gradle.launcher.daemon.server.SynchronizedDispatchConnection] thread 14: received null
18:23:36.939 [DEBUG] [org.gradle.launcher.daemon.server.DefaultIncomingConnectionHandler] Received finished message: org.gradle.launcher.daemon.protocol.Finished@7e6b9110
18:23:36.939 [DEBUG] [org.gradle.launcher.daemon.server.DefaultDaemonConnection] Received end-of-input from client.
18:23:36.939 [DEBUG] [org.gradle.launcher.daemon.server.SynchronizedDispatchConnection] thread 13: stopping connection
18:23:36.940 [DEBUG] [org.gradle.launcher.daemon.server.SynchronizedDispatchConnection] thread 13: stopping connection
18:23:53.762 [DEBUG] [org.gradle.messaging.remote.internal.inet.TcpIncomingConnector] Accepted connection from /0:0:0:0:0:0:0:1:60262 to /0:0:0:0:0:0:0:1:51105.
18:23:53.881 [DEBUG] [org.gradle.launcher.daemon.server.SynchronizedDispatchConnection] thread 20: received class org.gradle.launcher.daemon.protocol.Build
18:23:53.881 [DEBUG] [org.gradle.launcher.daemon.server.DefaultDaemonConnection] Received non-IO message from client: Build{id=606a6270-7189-4cc9-85c8-cf6606c84933.1, currentDir=/media/jack/home-partition/grails-practice/TekDays}
18:23:53.882 [INFO] [org.gradle.launcher.daemon.server.DefaultIncomingConnectionHandler] Received command: Build{id=606a6270-7189-4cc9-85c8-cf6606c84933.1, currentDir=/media/jack/home-partition/grails-practice/TekDays}.
18:23:53.882 [DEBUG] [org.gradle.launcher.daemon.server.DefaultIncomingConnectionHandler] Starting executing command: Build{id=606a6270-7189-4cc9-85c8-cf6606c84933.1, currentDir=/media/jack/home-partition/grails-practice/TekDays} with connection: socket connection from /0:0:0:0:0:0:0:1:51105 to /0:0:0:0:0:0:0:1:60262.
18:23:53.884 [DEBUG] [org.gradle.launcher.daemon.server.DaemonStateCoordinator] Command execution: started DaemonCommandExecution[command = Build{id=606a6270-7189-4cc9-85c8-cf6606c84933.1, currentDir=/media/jack/home-partition/grails-practice/TekDays}, connection = org.gradle.launcher.daemon.server.DefaultDaemonConnection@12f2f77e] after 0.0 minutes of idle
18:23:53.884 [INFO] [org.gradle.launcher.daemon.server.DomainRegistryUpdater] Marking the daemon as busy, address: [c466a263-9766-4d06-b484-7b03d1eb77cd port:51105, addresses:[/0:0:0:0:0:0:0:1%lo, /127.0.0.1]]
18:23:53.884 [DEBUG] [org.gradle.launcher.daemon.registry.PersistentDaemonRegistry] Marking busy by address: [c466a263-9766-4d06-b484-7b03d1eb77cd port:51105, addresses:[/0:0:0:0:0:0:0:1%lo, /127.0.0.1]]
18:23:53.885 [DEBUG] [org.gradle.cache.internal.DefaultFileLockManager] Waiting to acquire exclusive lock on daemon addresses registry.
18:23:53.885 [DEBUG] [org.gradle.cache.internal.DefaultFileLockManager] Lock acquired.
18:23:53.888 [DEBUG] [org.gradle.cache.internal.DefaultFileLockManager] Releasing lock on daemon addresses registry.
18:23:53.888 [DEBUG] [org.gradle.launcher.daemon.server.DaemonStateCoordinator] updating lastActivityAt to 1444127033888
18:23:53.889 [DEBUG] [org.gradle.launcher.daemon.server.DaemonStateCoordinator] Daemon is busy, sleeping until state changes.
18:23:53.894 [INFO] [org.gradle.launcher.daemon.server.exec.StartBuildOrRespondWithBusy] Daemon is about to start building Build{id=606a6270-7189-4cc9-85c8-cf6606c84933.1, currentDir=/media/jack/home-partition/grails-practice/TekDays}. Dispatching build started information...
18:23:53.895 [DEBUG] [org.gradle.launcher.daemon.server.SynchronizedDispatchConnection] thread 16: dispatching class org.gradle.launcher.daemon.protocol.BuildStarted
18:23:53.896 [DEBUG] [org.gradle.launcher.daemon.server.exec.EstablishBuildEnvironment] Configuring env variables: {PATH=/home/jack/.rvm/gems/ruby-2.2.0/bin:/home/jack/.rvm/gems/ruby-2.2.0@global/bin:/home/jack/.rvm/rubies/ruby-2.2.0/bin:/home/jack/bin:/home/jack/.gvm/springboot/current/bin:/home/jack/.gvm/lazybones/current/bin:/home/jack/.gvm/jbossforge/current/bin:/home/jack/.gvm/jbake/current/bin:/home/jack/.gvm/groovyserv/current/bin:/home/jack/.gvm/groovy/current/bin:/home/jack/.gvm/griffon/current/bin:/home/jack/.gvm/grails/current/bin:/home/jack/.gvm/gradle/current/bin:/home/jack/.gvm/glide/current/bin:/home/jack/.gvm/gaiden/current/bin:/home/jack/.gvm/crash/current/bin:/home/jack/.gvm/asciidoctorj/current/bin:/opt/grails-3.0.7/bin:/home/jack/bin:/home/jack/bin:/media/jack/home-partition/tool/jdk1.8.0_51/bin:/media/jack/home-partition/tool/jdk1.8.0_51/jre/bin:/home/jack/bin:/usr/local/sbin:/usr/local/bin:/usr/sbin:/usr/bin:/sbin:/bin:/usr/games:/usr/local/games:/home/jack/.rvm/bin:/media/jack/home-partition/tool/android-studio/bin:/media/jack/home-partition/tool/android-studio/sdk/tools:/media/jack/home-partition/tool/android-studio/sdk/platform-tools:/media/jack/home-partition/tool/android-studio/sdk/build-tools:/home/jack/.rvm/bin:/home/jack/.rvm/bin, IRBRC=/home/jack/.rvm/rubies/ruby-2.2.0/.irbrc, NO_PROXY=localhost,127.0.0.0/8,::1, XMODIFIERS=@im=ibus, GDMSESSION=ubuntu, GRAILS_HOME=/home/jack/.gvm/grails/current, TEXTDOMAINDIR=/usr/share/locale/, DBUS_SESSION_BUS_ADDRESS=unix:abstract=/tmp/dbus-a1rFOk8cD7, DEFAULTS_PATH=/usr/share/gconf/ubuntu.default.path, COLORTERM=gnome-terminal, UPSTART_SESSION=unix:abstract=/com/ubuntu/upstart-session/1000/4241, SESSION_MANAGER=local/jack-ThinkPad-S430:@/tmp/.ICE-unix/4443,unix/jack-ThinkPad-S430:/tmp/.ICE-unix/4443, rvm_version=1.26.7 (master), PWD=/media/jack/home-partition/grails-practice/TekDays, LANGUAGE=zh_CN:zh, WINDOWID=85983243, LESSOPEN=| /usr/bin/lesspipe %s, GROOVYSERV_HOME=/home/jack/.gvm/groovyserv/current, INSTANCE=, MY_RUBY_HOME=/home/jack/.rvm/rubies/ruby-2.2.0, rvm_path=/home/jack/.rvm, GNOME_DESKTOP_SESSION_ID=this-is-deprecated, GTK_MODULES=overlay-scrollbar:unity-gtk-module, CLUTTER_IM_MODULE=ibus, TEXTDOMAIN=im-config, COMPIZ_BIN_PATH=/usr/bin/, SHLVL=1, JAVA_HOME=/media/jack/home-partition/tool/jdk1.8.0_51, GVM_VERSION=2.4.2, GAIDEN_HOME=/home/jack/.gvm/gaiden/current, LAZYBONES_HOME=/home/jack/.gvm/lazybones/current, TERM=xterm, XDG_CONFIG_DIRS=/etc/xdg/xdg-ubuntu:/usr/share/upstart/xdg:/etc/xdg, XDG_SEAT_PATH=/org/freedesktop/DisplayManager/Seat0, XDG_SESSION_ID=c2, GRADLE_HOME=/home/jack/.gvm/gradle/current, SELINUX_INIT=YES, GROOVY_HOME=/home/jack/.gvm/groovy/current, no_proxy=localhost,127.0.0.0/8,::1, XDG_GREETER_DATA_DIR=/var/lib/lightdm-data/jack, DESKTOP_SESSION=ubuntu, SESSION=ubuntu, XDG_MENU_PREFIX=gnome-, ANDROID_STUDIO_HOME=/media/jack/home-partition/tool/android-studio, QT_ACCESSIBILITY=1, VTE_VERSION=3409, GVM_BROKER_SERVICE=http://release.gvm.io, GEM_PATH=/home/jack/.rvm/gems/ruby-2.2.0:/home/jack/.rvm/gems/ruby-2.2.0@global, NLSPATH=/usr/dt/lib/nls/msg/%L/%N.cat, GLIDE_HOME=/home/jack/.gvm/glide/current, XAUTHORITY=/home/jack/.Xauthority, XDG_DATA_DIRS=/usr/share/ubuntu:/usr/share/gnome:/usr/local/share/:/usr/share/, MANDATORY_PATH=/usr/share/gconf/ubuntu.mandatory.path, ASCIIDOCTORJ_HOME=/home/jack/.gvm/asciidoctorj/current, GTK_IM_MODULE=ibus, XDG_CURRENT_DESKTOP=Unity, QT4_IM_MODULE=ibus, LOGNAME=jack, JOB=dbus, IM_CONFIG_PHASE=1, SPRINGBOOT_HOME=/home/jack/.gvm/springboot/current, SHELL=/bin/bash, OLDPWD=/opt/grails-3.0.7, GVM_PLATFORM=Linux, GEM_HOME=/home/jack/.rvm/gems/ruby-2.2.0, RUBY_VERSION=ruby-2.2.0, _system_name=Ubuntu, XDG_SESSION_PATH=/org/freedesktop/DisplayManager/Session0, CRASH_HOME=/home/jack/.gvm/crash/current, SESSIONTYPE=gnome-session, LS_COLORS=rs=0:di=01;34:ln=01;36:mh=00:pi=40;33:so=01;35:do=01;35:bd=40;33;01:cd=40;33;01:or=40;31;01:su=37;41:sg=30;43:ca=30;41:tw=30;42:ow=34;42:st=37;44:ex=01;32:*.tar=01;31:*.tgz=01;31:*.arj=01;31:*.taz=01;31:*.lzh=01;31:*.lzma=01;31:*.tlz=01;31:*.txz=01;31:*.zip=01;31:*.z=01;31:*.Z=01;31:*.dz=01;31:*.gz=01;31:*.lz=01;31:*.xz=01;31:*.bz2=01;31:*.bz=01;31:*.tbz=01;31:*.tbz2=01;31:*.tz=01;31:*.deb=01;31:*.rpm=01;31:*.jar=01;31:*.war=01;31:*.ear=01;31:*.sar=01;31:*.rar=01;31:*.ace=01;31:*.zoo=01;31:*.cpio=01;31:*.7z=01;31:*.rz=01;31:*.jpg=01;35:*.jpeg=01;35:*.gif=01;35:*.bmp=01;35:*.pbm=01;35:*.pgm=01;35:*.ppm=01;35:*.tga=01;35:*.xbm=01;35:*.xpm=01;35:*.tif=01;35:*.tiff=01;35:*.png=01;35:*.svg=01;35:*.svgz=01;35:*.mng=01;35:*.pcx=01;35:*.mov=01;35:*.mpg=01;35:*.mpeg=01;35:*.m2v=01;35:*.mkv=01;35:*.webm=01;35:*.ogm=01;35:*.mp4=01;35:*.m4v=01;35:*.mp4v=01;35:*.vob=01;35:*.qt=01;35:*.nuv=01;35:*.wmv=01;35:*.asf=01;35:*.rm=01;35:*.rmvb=01;35:*.flc=01;35:*.avi=01;35:*.fli=01;35:*.flv=01;35:*.gl=01;35:*.dl=01;35:*.xcf=01;35:*.xwd=01;35:*.yuv=01;35:*.cgm=01;35:*.emf=01;35:*.axv=01;35:*.anx=01;35:*.ogv=01;35:*.ogx=01;35:*.aac=00;36:*.au=00;36:*.flac=00;36:*.mid=00;36:*.midi=00;36:*.mka=00;36:*.mp3=00;36:*.mpc=00;36:*.ogg=00;36:*.ra=00;36:*.wav=00;36:*.axa=00;36:*.oga=00;36:*.spx=00;36:*.xspf=00;36:, GVM_BROADCAST_SERVICE=http://cast.gvm.io, LESSCLOSE=/usr/bin/lesspipe %s %s, GRIFFON_HOME=/home/jack/.gvm/griffon/current, _system_arch=x86_64, COMPIZ_CONFIG_PROFILE=ubuntu, rvm_bin_path=/home/jack/.rvm/bin, QT_IM_MODULE=ibus, XFILESEARCHPATH=/usr/dt/app-defaults/%L/Dt, rvm_prefix=/home/jack, LANG=zh_CN.UTF-8, GNOME_KEYRING_CONTROL=/run/user/1000/keyring-f1xECL, GRAILS_PATH=/opt/grails-3.0.7, DISPLAY=:0, GVM_SERVICE=http://api.gvmtool.net, JBOSSFORGE_HOME=/home/jack/.gvm/jbossforge/current, JBAKE_HOME=/home/jack/.gvm/jbake/current, GDM_LANG=zh_CN, _system_type=Linux, GVM_DIR=/home/jack/.gvm, GPG_AGENT_INFO=/run/user/1000/keyring-f1xECL/gpg:0:1, _system_version=14.04, USER=jack, CLASSPATH=/opt/grails-3.0.7/dist/grails-shell-3.0.7.jar:/opt/grails-3.0.7/lib/org.codehaus.groovy/groovy/jars/groovy-2.4.4.jar:/opt/grails-3.0.7/lib/org.slf4j/slf4j-api/jars/slf4j-api-1.7.10.jar:/opt/grails-3.0.7/lib/org.slf4j/jcl-over-slf4j/jars/jcl-over-slf4j-1.7.10.jar:/opt/grails-3.0.7/dist/grails-bootstrap-3.0.7.jar:/opt/grails-3.0.7/dist/grails-gradle-model-3.0.7.jar:/opt/grails-3.0.7/lib/org.apache.ant/ant/jars/ant-1.9.4.jar:/opt/grails-3.0.7/lib/org.codehaus.groovy/groovy-ant/jars/groovy-ant-2.4.4.jar:/opt/grails-3.0.7/lib/org.codehaus.groovy/groovy-json/jars/groovy-json-2.4.4.jar:/opt/grails-3.0.7/lib/org.codehaus.groovy/groovy-jmx/jars/groovy-jmx-2.4.4.jar:/opt/grails-3.0.7/lib/org.fusesource.jansi/jansi/jars/jansi-1.11.jar:/opt/grails-3.0.7/lib/jline/jline/jars/jline-2.12.jar:/opt/grails-3.0.7/lib/org.eclipse.jgit/org.eclipse.jgit/jars/org.eclipse.jgit-3.5.2.201411120430-r.jar:/opt/grails-3.0.7/lib/org.gradle/gradle-tooling-api/jars/gradle-tooling-api-2.3.jar:/opt/grails-3.0.7/lib/org.springframework.boot/spring-boot-cli/jars/spring-boot-cli-1.2.5.RELEASE.jar:/opt/grails-3.0.7/lib/org.slf4j/slf4j-simple/jars/slf4j-simple-1.7.10.jar:/opt/grails-3.0.7/lib/org.codehaus.plexus/plexus-component-api/jars/plexus-component-api-1.0-alpha-33.jar:/opt/grails-3.0.7/lib/org.codehaus.groovy/groovy-xml/jars/groovy-xml-2.4.4.jar:/opt/grails-3.0.7/lib/org.yaml/snakeyaml/jars/snakeyaml-1.14.jar:/opt/grails-3.0.7/lib/org.apache.ant/ant-launcher/jars/ant-launcher-1.9.4.jar:/opt/grails-3.0.7/lib/org.codehaus.groovy/groovy-groovydoc/jars/groovy-groovydoc-2.4.4.jar:/opt/grails-3.0.7/lib/org.apache.ant/ant-antlr/jars/ant-antlr-1.9.4.jar:/opt/grails-3.0.7/lib/org.apache.ant/ant-junit/jars/ant-junit-1.9.4.jar:/opt/grails-3.0.7/lib/com.jcraft/jsch/jars/jsch-0.1.50.jar:/opt/grails-3.0.7/lib/com.googlecode.javaewah/JavaEWAH/jars/JavaEWAH-0.7.9.jar:/opt/grails-3.0.7/lib/org.springframework.boot/spring-boot-dependency-tools/jars/spring-boot-dependency-tools-1.2.5.RELEASE.jar:/opt/grails-3.0.7/lib/org.springframework.boot/spring-boot-loader-tools/jars/spring-boot-loader-tools-1.2.5.RELEASE.jar:/opt/grails-3.0.7/lib/net.sf.jopt-simple/jopt-simple/jars/jopt-simple-4.6.jar:/opt/grails-3.0.7/lib/org.springframework/spring-core/jars/spring-core-4.1.7.RELEASE.jar:/opt/grails-3.0.7/lib/org.json/json/jars/json-20140107.jar:/opt/grails-3.0.7/lib/org.apache.maven/maven-aether-provider/jars/maven-aether-provider-3.2.1.jar:/opt/grails-3.0.7/lib/org.apache.maven/maven-settings-builder/jars/maven-settings-builder-3.1.1.jar:/opt/grails-3.0.7/lib/org.eclipse.aether/aether-api/jars/aether-api-0.9.1.v20140329.jar:/opt/grails-3.0.7/lib/org.eclipse.aether/aether-connector-basic/jars/aether-connector-basic-0.9.1.v20140329.jar:/opt/grails-3.0.7/lib/org.eclipse.aether/aether-impl/jars/aether-impl-0.9.1.v20140329.jar:/opt/grails-3.0.7/lib/org.eclipse.aether/aether-spi/jars/aether-spi-0.9.1.v20140329.jar:/opt/grails-3.0.7/lib/org.eclipse.aether/aether-transport-file/jars/aether-transport-file-0.9.1.v20140329.jar:/opt/grails-3.0.7/lib/org.eclipse.aether/aether-transport-http/jars/aether-transport-http-0.9.1.v20140329.jar:/opt/grails-3.0.7/lib/org.eclipse.aether/aether-util/jars/aether-util-0.9.1.v20140329.jar:/opt/grails-3.0.7/lib/org.codehaus.plexus/plexus-classworlds/jars/plexus-classworlds-1.2-alpha-10.jar:/opt/grails-3.0.7/lib/junit/junit/jars/junit-3.8.1.jar:/opt/grails-3.0.7/lib/org.codehaus.groovy/groovy-templates/jars/groovy-templates-2.4.4.jar:/opt/grails-3.0.7/lib/org.apache.maven/maven-model/jars/maven-model-3.2.1.jar:/opt/grails-3.0.7/lib/org.apache.maven/maven-model-builder/jars/maven-model-builder-3.2.1.jar:/opt/grails-3.0.7/lib/org.apache.maven/maven-repository-metadata/jars/maven-repository-metadata-3.2.1.jar:/opt/grails-3.0.7/lib/org.codehaus.plexus/plexus-component-annotations/jars/plexus-component-annotations-1.5.5.jar:/opt/grails-3.0.7/lib/org.codehaus.plexus/plexus-utils/jars/plexus-utils-3.0.17.jar:/opt/grails-3.0.7/lib/org.codehaus.plexus/plexus-interpolation/jars/plexus-interpolation-1.19.jar:/opt/grails-3.0.7/lib/org.apache.maven/maven-settings/jars/maven-settings-3.1.1.jar:/opt/grails-3.0.7/lib/org.sonatype.plexus/plexus-sec-dispatcher/jars/plexus-sec-dispatcher-1.3.jar:/opt/grails-3.0.7/lib/org.sonatype.plexus/plexus-cipher/jars/plexus-cipher-1.4.jar:/opt/grails-3.0.7/lib/org.apache.httpcomponents/httpclient/jars/httpclient-4.2.6.jar:/opt/grails-3.0.7/lib/org.apache.httpcomponents/httpcore/jars/httpcore-4.2.5.jar:/opt/grails-3.0.7/lib/commons-codec/commons-codec/jars/commons-codec-1.6.jar, XDG_SEAT=seat0, SSH_AUTH_SOCK=/run/user/1000/keyring-f1xECL/ssh, QT_QPA_PLATFORMTHEME=appmenu-qt5, XDG_RUNTIME_DIR=/run/user/1000, GVM_INIT=true, XDG_VTNR=7, HOME=/home/jack, GNOME_KEYRING_PID=4239}
18:23:53.898 [DEBUG] [org.gradle.launcher.daemon.server.SynchronizedDispatchConnection] thread 20: received class org.gradle.launcher.daemon.protocol.CloseInput
18:23:53.898 [DEBUG] [org.gradle.launcher.daemon.server.DefaultDaemonConnection] Received IO message from client: CloseInput[id=606a6270-7189-4cc9-85c8-cf6606c84933.2]
18:23:53.902 [DEBUG] [org.gradle.launcher.daemon.server.exec.LogToClient] About to start relaying all logs to the client via the connection.
18:23:53.902 [INFO] [org.gradle.launcher.daemon.server.exec.LogToClient] The client will now receive all logging from the daemon (pid: 28145). The daemon log file: /home/jack/.gradle/daemon/2.3/daemon-28145.out.log
18:23:53.902 [INFO] [org.gradle.launcher.daemon.server.health.DaemonHealthTracker] Starting 2nd build in daemon [uptime: 13 mins 17.398 secs, performance: 100%, memory: 34% of 954.7 MB]
18:23:53.903 [DEBUG] [org.gradle.launcher.daemon.server.exec.ExecuteBuild] The daemon has started executing the build.
18:23:53.903 [INFO] [org.gradle.launcher.daemon.server.exec.ForwardClientInput] Closing daemon's stdin at end of input.
18:23:53.903 [INFO] [org.gradle.launcher.daemon.server.exec.ExecuteBuild] Executing build with daemon context: DefaultDaemonContext[uid=809b6926-5dcf-4c72-85b8-b03705092c8e,javaHome=/media/jack/home-partition/tool/jdk1.8.0_51,daemonRegistryDir=/home/jack/.gradle/daemon,pid=28145,idleTimeout=10800000,daemonOpts=-XX:MaxPermSize=256m,-XX:+HeapDumpOnOutOfMemoryError,-Xmx1024m,-Dfile.encoding=UTF-8,-Duser.country=CN,-Duser.language=zh,-Duser.variant]
18:23:53.903 [INFO] [org.gradle.launcher.daemon.server.exec.ForwardClientInput] The daemon will no longer process any standard input.
Grails application running at http://localhost:8080 in environment: development
Daemon vm is shutting down... The daemon has exited normally or was terminated in response to a user interrupt.
