09:50:16.302 [INFO] [org.gradle.launcher.daemon.server.Daemon] start() called on daemon - DefaultDaemonContext[uid=0d9e10ac-f620-4ead-851b-da17bc9338c1,javaHome=/media/jack/home-partition/tool/jdk1.8.0_51,daemonRegistryDir=/home/jack/.gradle/daemon,pid=30353,idleTimeout=10800000,daemonOpts=-XX:MaxPermSize=256m,-XX:+HeapDumpOnOutOfMemoryError,-Xmx1024m,-Dfile.encoding=UTF-8,-Duser.country=US,-Duser.language=en,-Duser.variant]
09:50:16.309 [DEBUG] [org.gradle.launcher.daemon.server.DaemonStateCoordinator] updating lastActivityAt to 1446342616309
09:50:16.360 [DEBUG] [org.gradle.messaging.remote.internal.inet.InetAddressFactory] Adding IP addresses for network interface ppp0
09:50:16.361 [DEBUG] [org.gradle.messaging.remote.internal.inet.InetAddressFactory] Is this a loopback interface? false
09:50:16.361 [DEBUG] [org.gradle.messaging.remote.internal.inet.InetAddressFactory] Is this a multicast interface? true
09:50:16.362 [DEBUG] [org.gradle.messaging.remote.internal.inet.InetAddressFactory] Adding remote address /192.168.0.100
09:50:16.362 [DEBUG] [org.gradle.messaging.remote.internal.inet.InetAddressFactory] Adding remote multicast interface ppp0
09:50:16.363 [DEBUG] [org.gradle.messaging.remote.internal.inet.InetAddressFactory] Adding IP addresses for network interface vmnet8
09:50:16.363 [DEBUG] [org.gradle.messaging.remote.internal.inet.InetAddressFactory] Is this a loopback interface? false
09:50:16.364 [DEBUG] [org.gradle.messaging.remote.internal.inet.InetAddressFactory] Is this a multicast interface? true
09:50:16.364 [DEBUG] [org.gradle.messaging.remote.internal.inet.InetAddressFactory] Adding remote address /fe80:0:0:0:250:56ff:fec0:8%vmnet8
09:50:16.364 [DEBUG] [org.gradle.messaging.remote.internal.inet.InetAddressFactory] Adding remote address /172.16.33.1
09:50:16.365 [DEBUG] [org.gradle.messaging.remote.internal.inet.InetAddressFactory] Adding remote multicast interface vmnet8
09:50:16.365 [DEBUG] [org.gradle.messaging.remote.internal.inet.InetAddressFactory] Adding IP addresses for network interface vmnet1
09:50:16.365 [DEBUG] [org.gradle.messaging.remote.internal.inet.InetAddressFactory] Is this a loopback interface? false
09:50:16.365 [DEBUG] [org.gradle.messaging.remote.internal.inet.InetAddressFactory] Is this a multicast interface? true
09:50:16.366 [DEBUG] [org.gradle.messaging.remote.internal.inet.InetAddressFactory] Adding remote address /fe80:0:0:0:250:56ff:fec0:1%vmnet1
09:50:16.366 [DEBUG] [org.gradle.messaging.remote.internal.inet.InetAddressFactory] Adding remote address /192.168.62.1
09:50:16.366 [DEBUG] [org.gradle.messaging.remote.internal.inet.InetAddressFactory] Adding remote multicast interface vmnet1
09:50:16.367 [DEBUG] [org.gradle.messaging.remote.internal.inet.InetAddressFactory] Adding IP addresses for network interface docker0
09:50:16.367 [DEBUG] [org.gradle.messaging.remote.internal.inet.InetAddressFactory] Is this a loopback interface? false
09:50:16.367 [DEBUG] [org.gradle.messaging.remote.internal.inet.InetAddressFactory] Is this a multicast interface? true
09:50:16.368 [DEBUG] [org.gradle.messaging.remote.internal.inet.InetAddressFactory] Adding remote address /172.17.42.1
09:50:16.368 [DEBUG] [org.gradle.messaging.remote.internal.inet.InetAddressFactory] Adding remote multicast interface docker0
09:50:16.368 [DEBUG] [org.gradle.messaging.remote.internal.inet.InetAddressFactory] Adding IP addresses for network interface wlan0
09:50:16.369 [DEBUG] [org.gradle.messaging.remote.internal.inet.InetAddressFactory] Is this a loopback interface? false
09:50:16.369 [DEBUG] [org.gradle.messaging.remote.internal.inet.InetAddressFactory] Is this a multicast interface? true
09:50:16.369 [DEBUG] [org.gradle.messaging.remote.internal.inet.InetAddressFactory] Adding remote address /fe80:0:0:0:626c:66ff:fe37:276a%wlan0
09:50:16.369 [DEBUG] [org.gradle.messaging.remote.internal.inet.InetAddressFactory] Adding remote address /192.168.1.104
09:50:16.370 [DEBUG] [org.gradle.messaging.remote.internal.inet.InetAddressFactory] Adding remote multicast interface wlan0
09:50:16.370 [DEBUG] [org.gradle.messaging.remote.internal.inet.InetAddressFactory] Adding IP addresses for network interface lo
09:50:16.370 [DEBUG] [org.gradle.messaging.remote.internal.inet.InetAddressFactory] Is this a loopback interface? true
09:50:16.371 [DEBUG] [org.gradle.messaging.remote.internal.inet.InetAddressFactory] Is this a multicast interface? false
09:50:16.371 [DEBUG] [org.gradle.messaging.remote.internal.inet.InetAddressFactory] Adding loopback address /0:0:0:0:0:0:0:1%lo
09:50:16.371 [DEBUG] [org.gradle.messaging.remote.internal.inet.InetAddressFactory] Adding loopback address /127.0.0.1
09:50:16.395 [DEBUG] [org.gradle.messaging.remote.internal.inet.TcpIncomingConnector] Listening on [bc546b13-6b4b-4cd0-b6e0-91e3dae962c8 port:52664, addresses:[/0:0:0:0:0:0:0:1%lo, /127.0.0.1]].
09:50:16.398 [DEBUG] [org.gradle.launcher.daemon.server.Daemon] Daemon starting at: Sun Nov 01 09:50:16 CST 2015, with address: [bc546b13-6b4b-4cd0-b6e0-91e3dae962c8 port:52664, addresses:[/0:0:0:0:0:0:0:1%lo, /127.0.0.1]]
09:50:16.398 [INFO] [org.gradle.launcher.daemon.server.DomainRegistryUpdater] Advertising the daemon address to the clients: [bc546b13-6b4b-4cd0-b6e0-91e3dae962c8 port:52664, addresses:[/0:0:0:0:0:0:0:1%lo, /127.0.0.1]]
09:50:16.398 [DEBUG] [org.gradle.launcher.daemon.server.DomainRegistryUpdater] Advertised daemon context: DefaultDaemonContext[uid=0d9e10ac-f620-4ead-851b-da17bc9338c1,javaHome=/media/jack/home-partition/tool/jdk1.8.0_51,daemonRegistryDir=/home/jack/.gradle/daemon,pid=30353,idleTimeout=10800000,daemonOpts=-XX:MaxPermSize=256m,-XX:+HeapDumpOnOutOfMemoryError,-Xmx1024m,-Dfile.encoding=UTF-8,-Duser.country=US,-Duser.language=en,-Duser.variant]
09:50:16.399 [DEBUG] [org.gradle.launcher.daemon.registry.PersistentDaemonRegistry] Storing daemon address: [bc546b13-6b4b-4cd0-b6e0-91e3dae962c8 port:52664, addresses:[/0:0:0:0:0:0:0:1%lo, /127.0.0.1]], context: DefaultDaemonContext[uid=0d9e10ac-f620-4ead-851b-da17bc9338c1,javaHome=/media/jack/home-partition/tool/jdk1.8.0_51,daemonRegistryDir=/home/jack/.gradle/daemon,pid=30353,idleTimeout=10800000,daemonOpts=-XX:MaxPermSize=256m,-XX:+HeapDumpOnOutOfMemoryError,-Xmx1024m,-Dfile.encoding=UTF-8,-Duser.country=US,-Duser.language=en,-Duser.variant]
09:50:16.406 [DEBUG] [org.gradle.cache.internal.DefaultFileLockManager] Waiting to acquire exclusive lock on daemon addresses registry.
09:50:16.408 [DEBUG] [org.gradle.cache.internal.DefaultFileLockManager] Lock acquired.
09:50:16.462 [DEBUG] [org.gradle.cache.internal.DefaultFileLockManager] Releasing lock on daemon addresses registry.
09:50:16.463 [LIFECYCLE] [org.gradle.launcher.daemon.server.Daemon] Daemon server started.
09:50:16.465 [DEBUG] [org.gradle.launcher.daemon.bootstrap.DaemonStartupCommunication] Completed writing the daemon greeting. Closing streams...
09:50:16.466 [DEBUG] [org.gradle.launcher.daemon.server.Daemon] requestStopOnIdleTimeout(10800000 MILLISECONDS) called on daemon
09:50:16.466 [DEBUG] [org.gradle.launcher.daemon.server.DaemonStateCoordinator] Idle timeout: waiting for daemon to stop or be idle for 10800000ms
09:50:16.474 [DEBUG] [org.gradle.launcher.daemon.server.DaemonStateCoordinator] Daemon is idle, sleeping until state change or idle timeout at Sun Nov 01 12:50:16 CST 2015
09:50:16.483 [DEBUG] [org.gradle.messaging.remote.internal.inet.TcpIncomingConnector] Accepted connection from /0:0:0:0:0:0:0:1:53762 to /0:0:0:0:0:0:0:1:52664.
09:50:16.560 [DEBUG] [org.gradle.launcher.daemon.server.SynchronizedDispatchConnection] thread 14: received class org.gradle.launcher.daemon.protocol.Build
09:50:16.562 [DEBUG] [org.gradle.launcher.daemon.server.DefaultDaemonConnection] Received non-IO message from client: Build{id=3cfc4c08-6efb-4bbf-8455-9d5a07662645.1, currentDir=/media/jack/home-partition/grails-practice/llqing}
09:50:16.562 [INFO] [org.gradle.launcher.daemon.server.DefaultIncomingConnectionHandler] Received command: Build{id=3cfc4c08-6efb-4bbf-8455-9d5a07662645.1, currentDir=/media/jack/home-partition/grails-practice/llqing}.
09:50:16.563 [DEBUG] [org.gradle.launcher.daemon.server.DefaultIncomingConnectionHandler] Starting executing command: Build{id=3cfc4c08-6efb-4bbf-8455-9d5a07662645.1, currentDir=/media/jack/home-partition/grails-practice/llqing} with connection: socket connection from /0:0:0:0:0:0:0:1:52664 to /0:0:0:0:0:0:0:1:53762.
09:50:16.571 [DEBUG] [org.gradle.launcher.daemon.server.DaemonStateCoordinator] Command execution: started DaemonCommandExecution[command = Build{id=3cfc4c08-6efb-4bbf-8455-9d5a07662645.1, currentDir=/media/jack/home-partition/grails-practice/llqing}, connection = org.gradle.launcher.daemon.server.DefaultDaemonConnection@16c9b17b] after 0.0 minutes of idle
09:50:16.572 [INFO] [org.gradle.launcher.daemon.server.DomainRegistryUpdater] Marking the daemon as busy, address: [bc546b13-6b4b-4cd0-b6e0-91e3dae962c8 port:52664, addresses:[/0:0:0:0:0:0:0:1%lo, /127.0.0.1]]
09:50:16.572 [DEBUG] [org.gradle.launcher.daemon.registry.PersistentDaemonRegistry] Marking busy by address: [bc546b13-6b4b-4cd0-b6e0-91e3dae962c8 port:52664, addresses:[/0:0:0:0:0:0:0:1%lo, /127.0.0.1]]
09:50:16.573 [DEBUG] [org.gradle.cache.internal.DefaultFileLockManager] Waiting to acquire exclusive lock on daemon addresses registry.
09:50:16.574 [DEBUG] [org.gradle.cache.internal.DefaultFileLockManager] Lock acquired.
09:50:16.582 [DEBUG] [org.gradle.cache.internal.DefaultFileLockManager] Releasing lock on daemon addresses registry.
09:50:16.582 [DEBUG] [org.gradle.launcher.daemon.server.DaemonStateCoordinator] updating lastActivityAt to 1446342616582
09:50:16.583 [DEBUG] [org.gradle.launcher.daemon.server.DaemonStateCoordinator] Daemon is busy, sleeping until state changes.
09:50:16.583 [INFO] [org.gradle.launcher.daemon.server.exec.StartBuildOrRespondWithBusy] Daemon is about to start building Build{id=3cfc4c08-6efb-4bbf-8455-9d5a07662645.1, currentDir=/media/jack/home-partition/grails-practice/llqing}. Dispatching build started information...
09:50:16.584 [DEBUG] [org.gradle.launcher.daemon.server.SynchronizedDispatchConnection] thread 16: dispatching class org.gradle.launcher.daemon.protocol.BuildStarted
09:50:16.588 [DEBUG] [org.gradle.launcher.daemon.server.exec.EstablishBuildEnvironment] Configuring env variables: {PATH=/home/jack/.rvm/gems/ruby-2.2.0/bin:/home/jack/.rvm/gems/ruby-2.2.0@global/bin:/home/jack/.rvm/rubies/ruby-2.2.0/bin:/home/jack/.gvm/springboot/current/bin:/home/jack/.gvm/lazybones/current/bin:/home/jack/.gvm/jbossforge/current/bin:/home/jack/.gvm/jbake/current/bin:/home/jack/.gvm/groovyserv/current/bin:/home/jack/.gvm/groovy/current/bin:/home/jack/.gvm/griffon/current/bin:/home/jack/.gvm/grails/current/bin:/home/jack/.gvm/gradle/current/bin:/home/jack/.gvm/glide/current/bin:/home/jack/.gvm/gaiden/current/bin:/home/jack/.gvm/crash/current/bin:/home/jack/.gvm/asciidoctorj/current/bin:/home/jack/bin:/opt/grails-3.0.9/bin:/home/jack/bin:/home/jack/bin:/media/jack/home-partition/tool/jdk1.8.0_51/bin:/media/jack/home-partition/tool/jdk1.8.0_51/jre/bin:/home/jack/bin:/usr/local/sbin:/usr/local/bin:/usr/sbin:/usr/bin:/sbin:/bin:/usr/games:/usr/local/games:/home/jack/.rvm/bin:/media/jack/home-partition/tool/android-studio/bin:/media/jack/home-partition/tool/android-studio/sdk/tools:/media/jack/home-partition/tool/android-studio/sdk/platform-tools:/media/jack/home-partition/tool/android-studio/sdk/build-tools:/home/jack/.rvm/bin:/media/jack/home-partition/tool/idea-IU-141.2735.5/bin:/home/jack/.rvm/bin, IRBRC=/home/jack/.rvm/rubies/ruby-2.2.0/.irbrc, NO_PROXY=localhost,127.0.0.0/8,::1, XMODIFIERS=@im=ibus, GDMSESSION=ubuntu, GRAILS_HOME=/home/jack/.gvm/grails/current, TEXTDOMAINDIR=/usr/share/locale/, DBUS_SESSION_BUS_ADDRESS=unix:abstract=/tmp/dbus-19uneEtd3l, DEFAULTS_PATH=/usr/share/gconf/ubuntu.default.path, COLORTERM=gnome-terminal, UPSTART_SESSION=unix:abstract=/com/ubuntu/upstart-session/1000/4514, SESSION_MANAGER=local/jack-ThinkPad-S430:@/tmp/.ICE-unix/4689,unix/jack-ThinkPad-S430:/tmp/.ICE-unix/4689, rvm_version=1.26.7 (master), PWD=/media/jack/home-partition/grails-practice/llqing, LANGUAGE=en_US:zh, WINDOWID=85983243, LESSOPEN=| /usr/bin/lesspipe %s, GROOVYSERV_HOME=/home/jack/.gvm/groovyserv/current, INSTANCE=, MY_RUBY_HOME=/home/jack/.rvm/rubies/ruby-2.2.0, rvm_path=/home/jack/.rvm, GNOME_DESKTOP_SESSION_ID=this-is-deprecated, GTK_MODULES=overlay-scrollbar:unity-gtk-module, CLUTTER_IM_MODULE=ibus, TEXTDOMAIN=im-config, COMPIZ_BIN_PATH=/usr/bin/, SHLVL=1, JAVA_HOME=/media/jack/home-partition/tool/jdk1.8.0_51, GVM_VERSION=2.4.2, GAIDEN_HOME=/home/jack/.gvm/gaiden/current, LAZYBONES_HOME=/home/jack/.gvm/lazybones/current, TERM=xterm, XDG_CONFIG_DIRS=/etc/xdg/xdg-ubuntu:/usr/share/upstart/xdg:/etc/xdg, XDG_SEAT_PATH=/org/freedesktop/DisplayManager/Seat0, XDG_SESSION_ID=c2, GRADLE_HOME=/home/jack/.gvm/gradle/current, SELINUX_INIT=YES, GROOVY_HOME=/home/jack/.gvm/groovy/current, no_proxy=localhost,127.0.0.0/8,::1, XDG_GREETER_DATA_DIR=/var/lib/lightdm-data/jack, DESKTOP_SESSION=ubuntu, SESSION=ubuntu, XDG_MENU_PREFIX=gnome-, ANDROID_STUDIO_HOME=/media/jack/home-partition/tool/android-studio, QT_ACCESSIBILITY=1, VTE_VERSION=3409, GVM_BROKER_SERVICE=http://release.gvm.io, GEM_PATH=/home/jack/.rvm/gems/ruby-2.2.0:/home/jack/.rvm/gems/ruby-2.2.0@global, NLSPATH=/usr/dt/lib/nls/msg/%L/%N.cat, GLIDE_HOME=/home/jack/.gvm/glide/current, XAUTHORITY=/home/jack/.Xauthority, XDG_DATA_DIRS=/usr/share/ubuntu:/usr/share/gnome:/usr/local/share/:/usr/share/, MANDATORY_PATH=/usr/share/gconf/ubuntu.mandatory.path, ASCIIDOCTORJ_HOME=/home/jack/.gvm/asciidoctorj/current, GTK_IM_MODULE=ibus, XDG_CURRENT_DESKTOP=Unity, QT4_IM_MODULE=ibus, LOGNAME=jack, JOB=dbus, IM_CONFIG_PHASE=1, SPRINGBOOT_HOME=/home/jack/.gvm/springboot/current, SHELL=/bin/bash, OLDPWD=/opt/grails-3.0.9, GVM_PLATFORM=Linux, GEM_HOME=/home/jack/.rvm/gems/ruby-2.2.0, RUBY_VERSION=ruby-2.2.0, _system_name=Ubuntu, XDG_SESSION_PATH=/org/freedesktop/DisplayManager/Session0, CRASH_HOME=/home/jack/.gvm/crash/current, SESSIONTYPE=gnome-session, LS_COLORS=rs=0:di=01;34:ln=01;36:mh=00:pi=40;33:so=01;35:do=01;35:bd=40;33;01:cd=40;33;01:or=40;31;01:su=37;41:sg=30;43:ca=30;41:tw=30;42:ow=34;42:st=37;44:ex=01;32:*.tar=01;31:*.tgz=01;31:*.arj=01;31:*.taz=01;31:*.lzh=01;31:*.lzma=01;31:*.tlz=01;31:*.txz=01;31:*.zip=01;31:*.z=01;31:*.Z=01;31:*.dz=01;31:*.gz=01;31:*.lz=01;31:*.xz=01;31:*.bz2=01;31:*.bz=01;31:*.tbz=01;31:*.tbz2=01;31:*.tz=01;31:*.deb=01;31:*.rpm=01;31:*.jar=01;31:*.war=01;31:*.ear=01;31:*.sar=01;31:*.rar=01;31:*.ace=01;31:*.zoo=01;31:*.cpio=01;31:*.7z=01;31:*.rz=01;31:*.jpg=01;35:*.jpeg=01;35:*.gif=01;35:*.bmp=01;35:*.pbm=01;35:*.pgm=01;35:*.ppm=01;35:*.tga=01;35:*.xbm=01;35:*.xpm=01;35:*.tif=01;35:*.tiff=01;35:*.png=01;35:*.svg=01;35:*.svgz=01;35:*.mng=01;35:*.pcx=01;35:*.mov=01;35:*.mpg=01;35:*.mpeg=01;35:*.m2v=01;35:*.mkv=01;35:*.webm=01;35:*.ogm=01;35:*.mp4=01;35:*.m4v=01;35:*.mp4v=01;35:*.vob=01;35:*.qt=01;35:*.nuv=01;35:*.wmv=01;35:*.asf=01;35:*.rm=01;35:*.rmvb=01;35:*.flc=01;35:*.avi=01;35:*.fli=01;35:*.flv=01;35:*.gl=01;35:*.dl=01;35:*.xcf=01;35:*.xwd=01;35:*.yuv=01;35:*.cgm=01;35:*.emf=01;35:*.axv=01;35:*.anx=01;35:*.ogv=01;35:*.ogx=01;35:*.aac=00;36:*.au=00;36:*.flac=00;36:*.mid=00;36:*.midi=00;36:*.mka=00;36:*.mp3=00;36:*.mpc=00;36:*.ogg=00;36:*.ra=00;36:*.wav=00;36:*.axa=00;36:*.oga=00;36:*.spx=00;36:*.xspf=00;36:, GVM_BROADCAST_SERVICE=http://cast.gvm.io, LESSCLOSE=/usr/bin/lesspipe %s %s, GRIFFON_HOME=/home/jack/.gvm/griffon/current, _system_arch=x86_64, COMPIZ_CONFIG_PROFILE=ubuntu, rvm_bin_path=/home/jack/.rvm/bin, QT_IM_MODULE=ibus, XFILESEARCHPATH=/usr/dt/app-defaults/%L/Dt, rvm_prefix=/home/jack, LANG=en_US.UTF-8, GNOME_KEYRING_CONTROL=/run/user/1000/keyring-PEuVXi, DISPLAY=:0, GVM_SERVICE=http://api.gvmtool.net, JBOSSFORGE_HOME=/home/jack/.gvm/jbossforge/current, JBAKE_HOME=/home/jack/.gvm/jbake/current, GDM_LANG=en_US, _system_type=Linux, GVM_DIR=/home/jack/.gvm, GPG_AGENT_INFO=/run/user/1000/keyring-PEuVXi/gpg:0:1, _system_version=14.04, USER=jack, CLASSPATH=/opt/grails-3.0.9/dist/grails-shell-3.0.9.jar:/opt/grails-3.0.9/lib/org.codehaus.groovy/groovy/jars/groovy-2.4.5.jar:/opt/grails-3.0.9/lib/org.slf4j/slf4j-api/jars/slf4j-api-1.7.10.jar:/opt/grails-3.0.9/lib/org.slf4j/jcl-over-slf4j/jars/jcl-over-slf4j-1.7.10.jar:/opt/grails-3.0.9/dist/grails-bootstrap-3.0.9.jar:/opt/grails-3.0.9/dist/grails-gradle-model-3.0.9.jar:/opt/grails-3.0.9/lib/org.apache.ant/ant/jars/ant-1.9.4.jar:/opt/grails-3.0.9/lib/org.codehaus.groovy/groovy-ant/jars/groovy-ant-2.4.5.jar:/opt/grails-3.0.9/lib/org.codehaus.groovy/groovy-json/jars/groovy-json-2.4.5.jar:/opt/grails-3.0.9/lib/org.codehaus.groovy/groovy-jmx/jars/groovy-jmx-2.4.5.jar:/opt/grails-3.0.9/lib/org.fusesource.jansi/jansi/jars/jansi-1.11.jar:/opt/grails-3.0.9/lib/jline/jline/jars/jline-2.12.jar:/opt/grails-3.0.9/lib/org.eclipse.jgit/org.eclipse.jgit/jars/org.eclipse.jgit-3.5.2.201411120430-r.jar:/opt/grails-3.0.9/lib/org.gradle/gradle-tooling-api/jars/gradle-tooling-api-2.3.jar:/opt/grails-3.0.9/lib/org.springframework.boot/spring-boot-cli/jars/spring-boot-cli-1.2.6.RELEASE.jar:/opt/grails-3.0.9/lib/org.slf4j/slf4j-simple/jars/slf4j-simple-1.7.10.jar:/opt/grails-3.0.9/lib/org.codehaus.plexus/plexus-component-api/jars/plexus-component-api-1.0-alpha-33.jar:/opt/grails-3.0.9/lib/org.codehaus.groovy/groovy-xml/jars/groovy-xml-2.4.5.jar:/opt/grails-3.0.9/lib/org.yaml/snakeyaml/jars/snakeyaml-1.14.jar:/opt/grails-3.0.9/lib/org.apache.ant/ant-launcher/jars/ant-launcher-1.9.4.jar:/opt/grails-3.0.9/lib/org.apache.ant/ant-antlr/jars/ant-antlr-1.9.4.jar:/opt/grails-3.0.9/lib/org.codehaus.groovy/groovy-groovydoc/jars/groovy-groovydoc-2.4.5.jar:/opt/grails-3.0.9/lib/org.apache.ant/ant-junit/jars/ant-junit-1.9.4.jar:/opt/grails-3.0.9/lib/com.jcraft/jsch/jars/jsch-0.1.50.jar:/opt/grails-3.0.9/lib/com.googlecode.javaewah/JavaEWAH/jars/JavaEWAH-0.7.9.jar:/opt/grails-3.0.9/lib/org.springframework.boot/spring-boot-dependency-tools/jars/spring-boot-dependency-tools-1.2.6.RELEASE.jar:/opt/grails-3.0.9/lib/org.springframework.boot/spring-boot-loader-tools/jars/spring-boot-loader-tools-1.2.6.RELEASE.jar:/opt/grails-3.0.9/lib/net.sf.jopt-simple/jopt-simple/jars/jopt-simple-4.6.jar:/opt/grails-3.0.9/lib/org.springframework/spring-core/jars/spring-core-4.1.7.RELEASE.jar:/opt/grails-3.0.9/lib/org.json/json/jars/json-20140107.jar:/opt/grails-3.0.9/lib/org.apache.maven/maven-aether-provider/jars/maven-aether-provider-3.2.1.jar:/opt/grails-3.0.9/lib/org.apache.maven/maven-settings-builder/jars/maven-settings-builder-3.1.1.jar:/opt/grails-3.0.9/lib/org.eclipse.aether/aether-api/jars/aether-api-0.9.1.v20140329.jar:/opt/grails-3.0.9/lib/org.eclipse.aether/aether-connector-basic/jars/aether-connector-basic-0.9.1.v20140329.jar:/opt/grails-3.0.9/lib/org.eclipse.aether/aether-impl/jars/aether-impl-0.9.1.v20140329.jar:/opt/grails-3.0.9/lib/org.eclipse.aether/aether-spi/jars/aether-spi-0.9.1.v20140329.jar:/opt/grails-3.0.9/lib/org.eclipse.aether/aether-transport-file/jars/aether-transport-file-0.9.1.v20140329.jar:/opt/grails-3.0.9/lib/org.eclipse.aether/aether-transport-http/jars/aether-transport-http-0.9.1.v20140329.jar:/opt/grails-3.0.9/lib/org.eclipse.aether/aether-util/jars/aether-util-0.9.1.v20140329.jar:/opt/grails-3.0.9/lib/org.codehaus.plexus/plexus-classworlds/jars/plexus-classworlds-1.2-alpha-10.jar:/opt/grails-3.0.9/lib/junit/junit/jars/junit-3.8.1.jar:/opt/grails-3.0.9/lib/org.codehaus.groovy/groovy-templates/jars/groovy-templates-2.4.5.jar:/opt/grails-3.0.9/lib/org.apache.maven/maven-model/jars/maven-model-3.2.1.jar:/opt/grails-3.0.9/lib/org.apache.maven/maven-model-builder/jars/maven-model-builder-3.2.1.jar:/opt/grails-3.0.9/lib/org.apache.maven/maven-repository-metadata/jars/maven-repository-metadata-3.2.1.jar:/opt/grails-3.0.9/lib/org.codehaus.plexus/plexus-component-annotations/jars/plexus-component-annotations-1.5.5.jar:/opt/grails-3.0.9/lib/org.codehaus.plexus/plexus-utils/jars/plexus-utils-3.0.17.jar:/opt/grails-3.0.9/lib/org.codehaus.plexus/plexus-interpolation/jars/plexus-interpolation-1.19.jar:/opt/grails-3.0.9/lib/org.apache.maven/maven-settings/jars/maven-settings-3.1.1.jar:/opt/grails-3.0.9/lib/org.sonatype.plexus/plexus-sec-dispatcher/jars/plexus-sec-dispatcher-1.3.jar:/opt/grails-3.0.9/lib/org.sonatype.plexus/plexus-cipher/jars/plexus-cipher-1.4.jar:/opt/grails-3.0.9/lib/org.apache.httpcomponents/httpclient/jars/httpclient-4.2.6.jar:/opt/grails-3.0.9/lib/org.apache.httpcomponents/httpcore/jars/httpcore-4.2.5.jar:/opt/grails-3.0.9/lib/commons-codec/commons-codec/jars/commons-codec-1.6.jar, XDG_SEAT=seat0, SSH_AUTH_SOCK=/run/user/1000/keyring-PEuVXi/ssh, QT_QPA_PLATFORMTHEME=appmenu-qt5, XDG_RUNTIME_DIR=/run/user/1000, GVM_INIT=true, XDG_VTNR=7, HOME=/home/jack, GNOME_KEYRING_PID=4512}
09:50:16.697 [DEBUG] [org.gradle.launcher.daemon.server.SynchronizedDispatchConnection] thread 14: received class org.gradle.launcher.daemon.protocol.CloseInput
09:50:16.698 [DEBUG] [org.gradle.launcher.daemon.server.DefaultDaemonConnection] Received IO message from client: CloseInput[id=3cfc4c08-6efb-4bbf-8455-9d5a07662645.2]
09:50:16.740 [DEBUG] [org.gradle.launcher.daemon.server.exec.LogToClient] About to start relaying all logs to the client via the connection.
09:50:16.741 [INFO] [org.gradle.launcher.daemon.server.exec.LogToClient] The client will now receive all logging from the daemon (pid: 30353). The daemon log file: /home/jack/.gradle/daemon/2.3/daemon-30353.out.log
09:50:16.755 [INFO] [org.gradle.launcher.daemon.server.health.DaemonHealthTracker] Starting build in new daemon [memory: 954.7 MB]
09:50:16.757 [INFO] [org.gradle.launcher.daemon.server.exec.ForwardClientInput] Closing daemon's stdin at end of input.
09:50:16.758 [INFO] [org.gradle.launcher.daemon.server.exec.ForwardClientInput] The daemon will no longer process any standard input.
09:50:16.761 [DEBUG] [org.gradle.launcher.daemon.server.exec.ExecuteBuild] The daemon has started executing the build.
09:50:16.762 [INFO] [org.gradle.launcher.daemon.server.exec.ExecuteBuild] Executing build with daemon context: DefaultDaemonContext[uid=0d9e10ac-f620-4ead-851b-da17bc9338c1,javaHome=/media/jack/home-partition/tool/jdk1.8.0_51,daemonRegistryDir=/home/jack/.gradle/daemon,pid=30353,idleTimeout=10800000,daemonOpts=-XX:MaxPermSize=256m,-XX:+HeapDumpOnOutOfMemoryError,-Xmx1024m,-Dfile.encoding=UTF-8,-Duser.country=US,-Duser.language=en,-Duser.variant]
09:50:18.349 [INFO] [org.gradle.tooling.internal.provider.DefaultPayloadClassLoaderRegistry] Creating ClassLoader c521e598-062d-4c21-9dba-477628daa40f from [Spec classpath:[file:/opt/grails-3.0.9/lib/org.gradle/gradle-tooling-api/jars/gradle-tooling-api-2.3.jar, file:/opt/grails-3.0.9/dist/grails-shell-3.0.9.jar, file:/opt/grails-3.0.9/lib/org.codehaus.groovy/groovy/jars/groovy-2.4.5.jar, file:/opt/grails-3.0.9/dist/grails-gradle-model-3.0.9.jar]] and [org.gradle.internal.classloader.FilteringClassLoader@36763bec].
09:50:18.359 [DEBUG] [org.gradle.cache.internal.DefaultFileLockManager] Waiting to acquire exclusive lock on jars (/home/jack/.gradle/caches/jars-1).
09:50:18.379 [DEBUG] [org.gradle.cache.internal.DefaultFileLockManager] Lock acquired.
09:50:18.387 [DEBUG] [org.gradle.cache.internal.locklistener.DefaultFileLockContentionHandler] Starting file lock listener thread.

BUILD SUCCESSFUL

Total time: 25.75 secs
Download https://repo.grails.org/grails/core/org/grails/plugins/spring-security-core/3.0.0.M1/spring-security-core-3.0.0.M1.pom
Download https://repo.grails.org/grails/core/org/springframework/security/spring-security-core/3.2.8.RELEASE/spring-security-core-3.2.8.RELEASE.pom
Download https://repo.grails.org/grails/core/org/springframework/security/spring-security-web/3.2.8.RELEASE/spring-security-web-3.2.8.RELEASE.pom
Download https://repo.grails.org/grails/core/net/sf/ehcache/ehcache/2.9.0/ehcache-2.9.0.pom
Download https://repo.grails.org/grails/core/net/sf/ehcache/ehcache-root/2.9.0/ehcache-root-2.9.0.pom
Download https://repo.grails.org/grails/core/net/sf/ehcache/ehcache-parent/2.16/ehcache-parent-2.16.pom
Download https://repo.grails.org/grails/core/org/grails/plugins/spring-security-core/3.0.0.M1/spring-security-core-3.0.0.M1.jar
Download https://repo.grails.org/grails/core/org/springframework/security/spring-security-core/3.2.8.RELEASE/spring-security-core-3.2.8.RELEASE.jar
Download https://repo.grails.org/grails/core/org/springframework/security/spring-security-web/3.2.8.RELEASE/spring-security-web-3.2.8.RELEASE.jar
Download https://repo.grails.org/grails/core/net/sf/ehcache/ehcache/2.9.0/ehcache-2.9.0.jar
09:55:39.746 [DEBUG] [org.gradle.cache.internal.DefaultFileLockManager] Releasing lock on jars (/home/jack/.gradle/caches/jars-1).
09:55:39.755 [DEBUG] [org.gradle.cache.internal.DefaultFileLockManager] Releasing lock on buildscript class cache for build file '/media/jack/home-partition/grails-practice/llqing/build.gradle' (/home/jack/.gradle/caches/2.3/scripts/build_czko9j01uggzk6p0k3cgaft9i/ProjectScript/buildscript).
09:55:39.755 [DEBUG] [org.gradle.cache.internal.DefaultFileLockManager] Releasing lock on no_buildscript class cache for build file '/media/jack/home-partition/grails-practice/llqing/build.gradle' (/home/jack/.gradle/caches/2.3/scripts/build_czko9j01uggzk6p0k3cgaft9i/ProjectScript/no_buildscript).
09:55:39.775 [DEBUG] [org.gradle.cache.internal.btree.BTreePersistentIndexedCache] Closing cache plugin-use-metadata.bin (/home/jack/.gradle/caches/2.3/plugin-resolution/plugin-use-metadata.bin)
09:55:39.776 [DEBUG] [org.gradle.cache.internal.DefaultFileLockManager] Releasing lock on Plugin Resolution Cache (/home/jack/.gradle/caches/2.3/plugin-resolution).
09:55:39.793 [DEBUG] [org.gradle.cache.internal.btree.BTreePersistentIndexedCache] Closing cache artifact-at-repository.bin (/home/jack/.gradle/caches/modules-2/metadata-2.14/artifact-at-repository.bin)
09:55:39.794 [DEBUG] [org.gradle.cache.internal.btree.BTreePersistentIndexedCache] Closing cache module-artifacts.bin (/home/jack/.gradle/caches/modules-2/metadata-2.14/module-artifacts.bin)
09:55:39.794 [DEBUG] [org.gradle.cache.internal.btree.BTreePersistentIndexedCache] Closing cache module-metadata.bin (/home/jack/.gradle/caches/modules-2/metadata-2.14/module-metadata.bin)
09:55:39.794 [DEBUG] [org.gradle.cache.internal.btree.BTreePersistentIndexedCache] Closing cache artifact-at-url.bin (/home/jack/.gradle/caches/modules-2/metadata-2.14/artifact-at-url.bin)
09:55:39.794 [DEBUG] [org.gradle.cache.internal.DefaultFileLockManager] Releasing lock on artifact cache (/home/jack/.gradle/caches/modules-2).
09:55:39.794 [DEBUG] [org.gradle.api.internal.tasks.compile.daemon.CompilerDaemonManager] Stopping 0 compiler daemon(s).
09:55:39.795 [INFO] [org.gradle.api.internal.tasks.compile.daemon.CompilerDaemonManager] Stopped 0 compiler daemon(s).
09:55:39.795 [DEBUG] [org.gradle.api.internal.artifacts.ivyservice.ivyresolve.memcache.InMemoryCachedRepositoryFactory] In-memory dependency metadata cache closed. Repos cached: 9, cache instances: 3, modules served from cache: 86, artifacts: 47
09:55:39.807 [DEBUG] [org.gradle.api.internal.artifacts.ivyservice.resolveengine.store.CachedStoreFactory] Resolution result cache closed. Cache reads: 0, disk reads: 0 (avg: 0.0 secs, total: 0.0 secs)
09:55:39.807 [DEBUG] [org.gradle.api.internal.artifacts.ivyservice.resolveengine.store.CachedStoreFactory] Resolved configuration cache closed. Cache reads: 0, disk reads: 0 (avg: 0.0 secs, total: 0.0 secs)
09:55:39.808 [DEBUG] [org.gradle.api.internal.artifacts.ivyservice.resolveengine.store.ResolutionResultsStoreFactory] Deleted 2 resolution results binary files in 0.013 secs
09:55:39.808 [DEBUG] [org.gradle.launcher.daemon.server.exec.ExecuteBuild] The daemon has finished executing the build.
09:55:40.379 [DEBUG] [org.gradle.launcher.daemon.server.DaemonStateCoordinator] Daemon is busy, sleeping until state changes.
09:55:40.380 [DEBUG] [org.gradle.launcher.daemon.server.DaemonStateCoordinator] Command execution: finished waiting for DaemonCommandExecution[command = Build{id=3cfc4c08-6efb-4bbf-8455-9d5a07662645.1, currentDir=/media/jack/home-partition/grails-practice/llqing}, connection = org.gradle.launcher.daemon.server.DefaultDaemonConnection@16c9b17b]. Result org.gradle.launcher.daemon.server.DaemonStateCoordinator@10772ce4 with state Running
09:55:40.380 [DEBUG] [org.gradle.launcher.daemon.server.DaemonStateCoordinator] Command execution: completed DaemonCommandExecution[command = Build{id=3cfc4c08-6efb-4bbf-8455-9d5a07662645.1, currentDir=/media/jack/home-partition/grails-practice/llqing}, connection = org.gradle.launcher.daemon.server.DefaultDaemonConnection@16c9b17b]
09:55:40.380 [DEBUG] [org.gradle.launcher.daemon.server.DaemonStateCoordinator] updating lastActivityAt to 1446342940380
09:55:40.380 [INFO] [org.gradle.launcher.daemon.server.DomainRegistryUpdater] Marking the daemon as idle, address: [bc546b13-6b4b-4cd0-b6e0-91e3dae962c8 port:52664, addresses:[/0:0:0:0:0:0:0:1%lo, /127.0.0.1]]
09:55:40.380 [DEBUG] [org.gradle.launcher.daemon.registry.PersistentDaemonRegistry] Marking idle by address: [bc546b13-6b4b-4cd0-b6e0-91e3dae962c8 port:52664, addresses:[/0:0:0:0:0:0:0:1%lo, /127.0.0.1]]
09:55:40.381 [DEBUG] [org.gradle.cache.internal.DefaultFileLockManager] Waiting to acquire exclusive lock on daemon addresses registry.
09:55:40.408 [DEBUG] [org.gradle.cache.internal.DefaultFileLockManager] Lock acquired.
09:55:40.460 [DEBUG] [org.apache.http.impl.conn.PoolingClientConnectionManager] Connection manager is shutting down
09:55:40.460 [DEBUG] [org.apache.http.impl.conn.DefaultClientConnection] Connection 0.0.0.0:50972<->54.165.46.156:443 closed
09:55:40.461 [DEBUG] [org.apache.http.impl.conn.DefaultClientConnection] Connection 0.0.0.0:50972<->54.165.46.156:443 closed
09:55:40.461 [DEBUG] [org.apache.http.impl.conn.PoolingClientConnectionManager] Connection manager shut down
09:55:40.463 [DEBUG] [org.gradle.cache.internal.DefaultFileLockManager] Releasing lock on daemon addresses registry.
09:55:40.464 [DEBUG] [org.gradle.launcher.daemon.server.DaemonStateCoordinator] Daemon is idle, sleeping until state change or idle timeout at Sun Nov 01 12:55:40 CST 2015
09:55:40.464 [DEBUG] [org.gradle.launcher.daemon.server.exec.ReturnResult] Daemon is dispatching the build result: DaemonCommandResult[type=Success, value=org.gradle.tooling.internal.provider.BuildActionResult@14b5ed7]
09:55:40.464 [DEBUG] [org.gradle.launcher.daemon.server.SynchronizedDispatchConnection] thread 13: dispatching class org.gradle.launcher.daemon.protocol.Success
09:55:40.494 [DEBUG] [org.gradle.launcher.daemon.server.DefaultIncomingConnectionHandler] Finishing executing command: Build{id=3cfc4c08-6efb-4bbf-8455-9d5a07662645.1, currentDir=/media/jack/home-partition/grails-practice/llqing}
09:55:40.533 [DEBUG] [org.gradle.launcher.daemon.server.SynchronizedDispatchConnection] thread 14: received class org.gradle.launcher.daemon.protocol.Finished
09:55:40.534 [DEBUG] [org.gradle.launcher.daemon.server.DefaultDaemonConnection] Received non-IO message from client: org.gradle.launcher.daemon.protocol.Finished@20d28d8b
09:55:40.534 [DEBUG] [org.gradle.launcher.daemon.server.DefaultIncomingConnectionHandler] Received finished message: org.gradle.launcher.daemon.protocol.Finished@20d28d8b
09:55:40.534 [DEBUG] [org.gradle.launcher.daemon.server.SynchronizedDispatchConnection] thread 14: received null
09:55:40.534 [DEBUG] [org.gradle.launcher.daemon.server.SynchronizedDispatchConnection] thread 13: stopping connection
09:55:40.535 [DEBUG] [org.gradle.launcher.daemon.server.DefaultDaemonConnection] Received end-of-input from client.
09:55:40.536 [DEBUG] [org.gradle.launcher.daemon.server.SynchronizedDispatchConnection] thread 13: stopping connection
09:56:01.577 [DEBUG] [org.gradle.messaging.remote.internal.inet.TcpIncomingConnector] Accepted connection from /0:0:0:0:0:0:0:1:53825 to /0:0:0:0:0:0:0:1:52664.
09:56:01.730 [DEBUG] [org.gradle.launcher.daemon.server.SynchronizedDispatchConnection] thread 20: received class org.gradle.launcher.daemon.protocol.Build
09:56:01.730 [DEBUG] [org.gradle.launcher.daemon.server.DefaultDaemonConnection] Received non-IO message from client: Build{id=63b95460-8542-4cc2-b12b-a0350a20870b.1, currentDir=/media/jack/home-partition/grails-practice/llqing}
09:56:01.731 [INFO] [org.gradle.launcher.daemon.server.DefaultIncomingConnectionHandler] Received command: Build{id=63b95460-8542-4cc2-b12b-a0350a20870b.1, currentDir=/media/jack/home-partition/grails-practice/llqing}.
09:56:01.731 [DEBUG] [org.gradle.launcher.daemon.server.DefaultIncomingConnectionHandler] Starting executing command: Build{id=63b95460-8542-4cc2-b12b-a0350a20870b.1, currentDir=/media/jack/home-partition/grails-practice/llqing} with connection: socket connection from /0:0:0:0:0:0:0:1:52664 to /0:0:0:0:0:0:0:1:53825.
09:56:01.731 [DEBUG] [org.gradle.launcher.daemon.server.DaemonStateCoordinator] Command execution: started DaemonCommandExecution[command = Build{id=63b95460-8542-4cc2-b12b-a0350a20870b.1, currentDir=/media/jack/home-partition/grails-practice/llqing}, connection = org.gradle.launcher.daemon.server.DefaultDaemonConnection@35f53553] after 0.0 minutes of idle
09:56:01.731 [INFO] [org.gradle.launcher.daemon.server.DomainRegistryUpdater] Marking the daemon as busy, address: [bc546b13-6b4b-4cd0-b6e0-91e3dae962c8 port:52664, addresses:[/0:0:0:0:0:0:0:1%lo, /127.0.0.1]]
09:56:01.731 [DEBUG] [org.gradle.launcher.daemon.registry.PersistentDaemonRegistry] Marking busy by address: [bc546b13-6b4b-4cd0-b6e0-91e3dae962c8 port:52664, addresses:[/0:0:0:0:0:0:0:1%lo, /127.0.0.1]]
09:56:01.731 [DEBUG] [org.gradle.cache.internal.DefaultFileLockManager] Waiting to acquire exclusive lock on daemon addresses registry.
09:56:01.732 [DEBUG] [org.gradle.cache.internal.DefaultFileLockManager] Lock acquired.
09:56:01.734 [DEBUG] [org.gradle.cache.internal.DefaultFileLockManager] Releasing lock on daemon addresses registry.
09:56:01.734 [DEBUG] [org.gradle.launcher.daemon.server.DaemonStateCoordinator] updating lastActivityAt to 1446342961734
09:56:01.735 [DEBUG] [org.gradle.launcher.daemon.server.DaemonStateCoordinator] Daemon is busy, sleeping until state changes.
09:56:01.735 [INFO] [org.gradle.launcher.daemon.server.exec.StartBuildOrRespondWithBusy] Daemon is about to start building Build{id=63b95460-8542-4cc2-b12b-a0350a20870b.1, currentDir=/media/jack/home-partition/grails-practice/llqing}. Dispatching build started information...
09:56:01.735 [DEBUG] [org.gradle.launcher.daemon.server.SynchronizedDispatchConnection] thread 16: dispatching class org.gradle.launcher.daemon.protocol.BuildStarted
09:56:01.989 [DEBUG] [org.gradle.launcher.daemon.server.exec.EstablishBuildEnvironment] Configuring env variables: {PATH=/home/jack/.rvm/gems/ruby-2.2.0/bin:/home/jack/.rvm/gems/ruby-2.2.0@global/bin:/home/jack/.rvm/rubies/ruby-2.2.0/bin:/home/jack/.gvm/springboot/current/bin:/home/jack/.gvm/lazybones/current/bin:/home/jack/.gvm/jbossforge/current/bin:/home/jack/.gvm/jbake/current/bin:/home/jack/.gvm/groovyserv/current/bin:/home/jack/.gvm/groovy/current/bin:/home/jack/.gvm/griffon/current/bin:/home/jack/.gvm/grails/current/bin:/home/jack/.gvm/gradle/current/bin:/home/jack/.gvm/glide/current/bin:/home/jack/.gvm/gaiden/current/bin:/home/jack/.gvm/crash/current/bin:/home/jack/.gvm/asciidoctorj/current/bin:/home/jack/bin:/opt/grails-3.0.9/bin:/home/jack/bin:/home/jack/bin:/media/jack/home-partition/tool/jdk1.8.0_51/bin:/media/jack/home-partition/tool/jdk1.8.0_51/jre/bin:/home/jack/bin:/usr/local/sbin:/usr/local/bin:/usr/sbin:/usr/bin:/sbin:/bin:/usr/games:/usr/local/games:/home/jack/.rvm/bin:/media/jack/home-partition/tool/android-studio/bin:/media/jack/home-partition/tool/android-studio/sdk/tools:/media/jack/home-partition/tool/android-studio/sdk/platform-tools:/media/jack/home-partition/tool/android-studio/sdk/build-tools:/home/jack/.rvm/bin:/media/jack/home-partition/tool/idea-IU-141.2735.5/bin:/home/jack/.rvm/bin, IRBRC=/home/jack/.rvm/rubies/ruby-2.2.0/.irbrc, NO_PROXY=localhost,127.0.0.0/8,::1, XMODIFIERS=@im=ibus, GDMSESSION=ubuntu, GRAILS_HOME=/home/jack/.gvm/grails/current, TEXTDOMAINDIR=/usr/share/locale/, DBUS_SESSION_BUS_ADDRESS=unix:abstract=/tmp/dbus-19uneEtd3l, DEFAULTS_PATH=/usr/share/gconf/ubuntu.default.path, COLORTERM=gnome-terminal, UPSTART_SESSION=unix:abstract=/com/ubuntu/upstart-session/1000/4514, SESSION_MANAGER=local/jack-ThinkPad-S430:@/tmp/.ICE-unix/4689,unix/jack-ThinkPad-S430:/tmp/.ICE-unix/4689, rvm_version=1.26.7 (master), PWD=/media/jack/home-partition/grails-practice/llqing, LANGUAGE=en_US:zh, WINDOWID=85983243, LESSOPEN=| /usr/bin/lesspipe %s, GROOVYSERV_HOME=/home/jack/.gvm/groovyserv/current, INSTANCE=, MY_RUBY_HOME=/home/jack/.rvm/rubies/ruby-2.2.0, rvm_path=/home/jack/.rvm, GNOME_DESKTOP_SESSION_ID=this-is-deprecated, GTK_MODULES=overlay-scrollbar:unity-gtk-module, CLUTTER_IM_MODULE=ibus, TEXTDOMAIN=im-config, COMPIZ_BIN_PATH=/usr/bin/, SHLVL=1, JAVA_HOME=/media/jack/home-partition/tool/jdk1.8.0_51, GVM_VERSION=2.4.2, GAIDEN_HOME=/home/jack/.gvm/gaiden/current, LAZYBONES_HOME=/home/jack/.gvm/lazybones/current, TERM=xterm, XDG_CONFIG_DIRS=/etc/xdg/xdg-ubuntu:/usr/share/upstart/xdg:/etc/xdg, XDG_SEAT_PATH=/org/freedesktop/DisplayManager/Seat0, XDG_SESSION_ID=c2, GRADLE_HOME=/home/jack/.gvm/gradle/current, SELINUX_INIT=YES, GROOVY_HOME=/home/jack/.gvm/groovy/current, no_proxy=localhost,127.0.0.0/8,::1, XDG_GREETER_DATA_DIR=/var/lib/lightdm-data/jack, DESKTOP_SESSION=ubuntu, SESSION=ubuntu, XDG_MENU_PREFIX=gnome-, ANDROID_STUDIO_HOME=/media/jack/home-partition/tool/android-studio, QT_ACCESSIBILITY=1, VTE_VERSION=3409, GVM_BROKER_SERVICE=http://release.gvm.io, GEM_PATH=/home/jack/.rvm/gems/ruby-2.2.0:/home/jack/.rvm/gems/ruby-2.2.0@global, NLSPATH=/usr/dt/lib/nls/msg/%L/%N.cat, GLIDE_HOME=/home/jack/.gvm/glide/current, XAUTHORITY=/home/jack/.Xauthority, XDG_DATA_DIRS=/usr/share/ubuntu:/usr/share/gnome:/usr/local/share/:/usr/share/, MANDATORY_PATH=/usr/share/gconf/ubuntu.mandatory.path, ASCIIDOCTORJ_HOME=/home/jack/.gvm/asciidoctorj/current, GTK_IM_MODULE=ibus, XDG_CURRENT_DESKTOP=Unity, QT4_IM_MODULE=ibus, LOGNAME=jack, JOB=dbus, IM_CONFIG_PHASE=1, SPRINGBOOT_HOME=/home/jack/.gvm/springboot/current, SHELL=/bin/bash, OLDPWD=/opt/grails-3.0.9, GVM_PLATFORM=Linux, GEM_HOME=/home/jack/.rvm/gems/ruby-2.2.0, RUBY_VERSION=ruby-2.2.0, _system_name=Ubuntu, XDG_SESSION_PATH=/org/freedesktop/DisplayManager/Session0, CRASH_HOME=/home/jack/.gvm/crash/current, SESSIONTYPE=gnome-session, LS_COLORS=rs=0:di=01;34:ln=01;36:mh=00:pi=40;33:so=01;35:do=01;35:bd=40;33;01:cd=40;33;01:or=40;31;01:su=37;41:sg=30;43:ca=30;41:tw=30;42:ow=34;42:st=37;44:ex=01;32:*.tar=01;31:*.tgz=01;31:*.arj=01;31:*.taz=01;31:*.lzh=01;31:*.lzma=01;31:*.tlz=01;31:*.txz=01;31:*.zip=01;31:*.z=01;31:*.Z=01;31:*.dz=01;31:*.gz=01;31:*.lz=01;31:*.xz=01;31:*.bz2=01;31:*.bz=01;31:*.tbz=01;31:*.tbz2=01;31:*.tz=01;31:*.deb=01;31:*.rpm=01;31:*.jar=01;31:*.war=01;31:*.ear=01;31:*.sar=01;31:*.rar=01;31:*.ace=01;31:*.zoo=01;31:*.cpio=01;31:*.7z=01;31:*.rz=01;31:*.jpg=01;35:*.jpeg=01;35:*.gif=01;35:*.bmp=01;35:*.pbm=01;35:*.pgm=01;35:*.ppm=01;35:*.tga=01;35:*.xbm=01;35:*.xpm=01;35:*.tif=01;35:*.tiff=01;35:*.png=01;35:*.svg=01;35:*.svgz=01;35:*.mng=01;35:*.pcx=01;35:*.mov=01;35:*.mpg=01;35:*.mpeg=01;35:*.m2v=01;35:*.mkv=01;35:*.webm=01;35:*.ogm=01;35:*.mp4=01;35:*.m4v=01;35:*.mp4v=01;35:*.vob=01;35:*.qt=01;35:*.nuv=01;35:*.wmv=01;35:*.asf=01;35:*.rm=01;35:*.rmvb=01;35:*.flc=01;35:*.avi=01;35:*.fli=01;35:*.flv=01;35:*.gl=01;35:*.dl=01;35:*.xcf=01;35:*.xwd=01;35:*.yuv=01;35:*.cgm=01;35:*.emf=01;35:*.axv=01;35:*.anx=01;35:*.ogv=01;35:*.ogx=01;35:*.aac=00;36:*.au=00;36:*.flac=00;36:*.mid=00;36:*.midi=00;36:*.mka=00;36:*.mp3=00;36:*.mpc=00;36:*.ogg=00;36:*.ra=00;36:*.wav=00;36:*.axa=00;36:*.oga=00;36:*.spx=00;36:*.xspf=00;36:, GVM_BROADCAST_SERVICE=http://cast.gvm.io, LESSCLOSE=/usr/bin/lesspipe %s %s, GRIFFON_HOME=/home/jack/.gvm/griffon/current, _system_arch=x86_64, COMPIZ_CONFIG_PROFILE=ubuntu, rvm_bin_path=/home/jack/.rvm/bin, QT_IM_MODULE=ibus, XFILESEARCHPATH=/usr/dt/app-defaults/%L/Dt, rvm_prefix=/home/jack, LANG=en_US.UTF-8, GNOME_KEYRING_CONTROL=/run/user/1000/keyring-PEuVXi, DISPLAY=:0, GVM_SERVICE=http://api.gvmtool.net, JBOSSFORGE_HOME=/home/jack/.gvm/jbossforge/current, JBAKE_HOME=/home/jack/.gvm/jbake/current, GDM_LANG=en_US, _system_type=Linux, GVM_DIR=/home/jack/.gvm, GPG_AGENT_INFO=/run/user/1000/keyring-PEuVXi/gpg:0:1, _system_version=14.04, USER=jack, CLASSPATH=/opt/grails-3.0.9/dist/grails-shell-3.0.9.jar:/opt/grails-3.0.9/lib/org.codehaus.groovy/groovy/jars/groovy-2.4.5.jar:/opt/grails-3.0.9/lib/org.slf4j/slf4j-api/jars/slf4j-api-1.7.10.jar:/opt/grails-3.0.9/lib/org.slf4j/jcl-over-slf4j/jars/jcl-over-slf4j-1.7.10.jar:/opt/grails-3.0.9/dist/grails-bootstrap-3.0.9.jar:/opt/grails-3.0.9/dist/grails-gradle-model-3.0.9.jar:/opt/grails-3.0.9/lib/org.apache.ant/ant/jars/ant-1.9.4.jar:/opt/grails-3.0.9/lib/org.codehaus.groovy/groovy-ant/jars/groovy-ant-2.4.5.jar:/opt/grails-3.0.9/lib/org.codehaus.groovy/groovy-json/jars/groovy-json-2.4.5.jar:/opt/grails-3.0.9/lib/org.codehaus.groovy/groovy-jmx/jars/groovy-jmx-2.4.5.jar:/opt/grails-3.0.9/lib/org.fusesource.jansi/jansi/jars/jansi-1.11.jar:/opt/grails-3.0.9/lib/jline/jline/jars/jline-2.12.jar:/opt/grails-3.0.9/lib/org.eclipse.jgit/org.eclipse.jgit/jars/org.eclipse.jgit-3.5.2.201411120430-r.jar:/opt/grails-3.0.9/lib/org.gradle/gradle-tooling-api/jars/gradle-tooling-api-2.3.jar:/opt/grails-3.0.9/lib/org.springframework.boot/spring-boot-cli/jars/spring-boot-cli-1.2.6.RELEASE.jar:/opt/grails-3.0.9/lib/org.slf4j/slf4j-simple/jars/slf4j-simple-1.7.10.jar:/opt/grails-3.0.9/lib/org.codehaus.plexus/plexus-component-api/jars/plexus-component-api-1.0-alpha-33.jar:/opt/grails-3.0.9/lib/org.codehaus.groovy/groovy-xml/jars/groovy-xml-2.4.5.jar:/opt/grails-3.0.9/lib/org.yaml/snakeyaml/jars/snakeyaml-1.14.jar:/opt/grails-3.0.9/lib/org.apache.ant/ant-launcher/jars/ant-launcher-1.9.4.jar:/opt/grails-3.0.9/lib/org.apache.ant/ant-antlr/jars/ant-antlr-1.9.4.jar:/opt/grails-3.0.9/lib/org.codehaus.groovy/groovy-groovydoc/jars/groovy-groovydoc-2.4.5.jar:/opt/grails-3.0.9/lib/org.apache.ant/ant-junit/jars/ant-junit-1.9.4.jar:/opt/grails-3.0.9/lib/com.jcraft/jsch/jars/jsch-0.1.50.jar:/opt/grails-3.0.9/lib/com.googlecode.javaewah/JavaEWAH/jars/JavaEWAH-0.7.9.jar:/opt/grails-3.0.9/lib/org.springframework.boot/spring-boot-dependency-tools/jars/spring-boot-dependency-tools-1.2.6.RELEASE.jar:/opt/grails-3.0.9/lib/org.springframework.boot/spring-boot-loader-tools/jars/spring-boot-loader-tools-1.2.6.RELEASE.jar:/opt/grails-3.0.9/lib/net.sf.jopt-simple/jopt-simple/jars/jopt-simple-4.6.jar:/opt/grails-3.0.9/lib/org.springframework/spring-core/jars/spring-core-4.1.7.RELEASE.jar:/opt/grails-3.0.9/lib/org.json/json/jars/json-20140107.jar:/opt/grails-3.0.9/lib/org.apache.maven/maven-aether-provider/jars/maven-aether-provider-3.2.1.jar:/opt/grails-3.0.9/lib/org.apache.maven/maven-settings-builder/jars/maven-settings-builder-3.1.1.jar:/opt/grails-3.0.9/lib/org.eclipse.aether/aether-api/jars/aether-api-0.9.1.v20140329.jar:/opt/grails-3.0.9/lib/org.eclipse.aether/aether-connector-basic/jars/aether-connector-basic-0.9.1.v20140329.jar:/opt/grails-3.0.9/lib/org.eclipse.aether/aether-impl/jars/aether-impl-0.9.1.v20140329.jar:/opt/grails-3.0.9/lib/org.eclipse.aether/aether-spi/jars/aether-spi-0.9.1.v20140329.jar:/opt/grails-3.0.9/lib/org.eclipse.aether/aether-transport-file/jars/aether-transport-file-0.9.1.v20140329.jar:/opt/grails-3.0.9/lib/org.eclipse.aether/aether-transport-http/jars/aether-transport-http-0.9.1.v20140329.jar:/opt/grails-3.0.9/lib/org.eclipse.aether/aether-util/jars/aether-util-0.9.1.v20140329.jar:/opt/grails-3.0.9/lib/org.codehaus.plexus/plexus-classworlds/jars/plexus-classworlds-1.2-alpha-10.jar:/opt/grails-3.0.9/lib/junit/junit/jars/junit-3.8.1.jar:/opt/grails-3.0.9/lib/org.codehaus.groovy/groovy-templates/jars/groovy-templates-2.4.5.jar:/opt/grails-3.0.9/lib/org.apache.maven/maven-model/jars/maven-model-3.2.1.jar:/opt/grails-3.0.9/lib/org.apache.maven/maven-model-builder/jars/maven-model-builder-3.2.1.jar:/opt/grails-3.0.9/lib/org.apache.maven/maven-repository-metadata/jars/maven-repository-metadata-3.2.1.jar:/opt/grails-3.0.9/lib/org.codehaus.plexus/plexus-component-annotations/jars/plexus-component-annotations-1.5.5.jar:/opt/grails-3.0.9/lib/org.codehaus.plexus/plexus-utils/jars/plexus-utils-3.0.17.jar:/opt/grails-3.0.9/lib/org.codehaus.plexus/plexus-interpolation/jars/plexus-interpolation-1.19.jar:/opt/grails-3.0.9/lib/org.apache.maven/maven-settings/jars/maven-settings-3.1.1.jar:/opt/grails-3.0.9/lib/org.sonatype.plexus/plexus-sec-dispatcher/jars/plexus-sec-dispatcher-1.3.jar:/opt/grails-3.0.9/lib/org.sonatype.plexus/plexus-cipher/jars/plexus-cipher-1.4.jar:/opt/grails-3.0.9/lib/org.apache.httpcomponents/httpclient/jars/httpclient-4.2.6.jar:/opt/grails-3.0.9/lib/org.apache.httpcomponents/httpcore/jars/httpcore-4.2.5.jar:/opt/grails-3.0.9/lib/commons-codec/commons-codec/jars/commons-codec-1.6.jar, XDG_SEAT=seat0, SSH_AUTH_SOCK=/run/user/1000/keyring-PEuVXi/ssh, QT_QPA_PLATFORMTHEME=appmenu-qt5, XDG_RUNTIME_DIR=/run/user/1000, GVM_INIT=true, XDG_VTNR=7, HOME=/home/jack, GNOME_KEYRING_PID=4512}
09:56:01.991 [DEBUG] [org.gradle.launcher.daemon.server.SynchronizedDispatchConnection] thread 20: received class org.gradle.launcher.daemon.protocol.CloseInput
09:56:01.991 [DEBUG] [org.gradle.launcher.daemon.server.DefaultDaemonConnection] Received IO message from client: CloseInput[id=63b95460-8542-4cc2-b12b-a0350a20870b.2]
09:56:01.991 [DEBUG] [org.gradle.launcher.daemon.server.exec.LogToClient] About to start relaying all logs to the client via the connection.
09:56:01.992 [INFO] [org.gradle.launcher.daemon.server.exec.LogToClient] The client will now receive all logging from the daemon (pid: 30353). The daemon log file: /home/jack/.gradle/daemon/2.3/daemon-30353.out.log
09:56:01.992 [INFO] [org.gradle.launcher.daemon.server.health.DaemonHealthTracker] Starting 2nd build in daemon [uptime: 5 mins 45.691 secs, performance: 100%, memory: 35% of 954.7 MB]
09:56:01.992 [DEBUG] [org.gradle.launcher.daemon.server.exec.ExecuteBuild] The daemon has started executing the build.
09:56:01.992 [INFO] [org.gradle.launcher.daemon.server.exec.ForwardClientInput] Closing daemon's stdin at end of input.
09:56:01.992 [INFO] [org.gradle.launcher.daemon.server.exec.ExecuteBuild] Executing build with daemon context: DefaultDaemonContext[uid=0d9e10ac-f620-4ead-851b-da17bc9338c1,javaHome=/media/jack/home-partition/tool/jdk1.8.0_51,daemonRegistryDir=/home/jack/.gradle/daemon,pid=30353,idleTimeout=10800000,daemonOpts=-XX:MaxPermSize=256m,-XX:+HeapDumpOnOutOfMemoryError,-Xmx1024m,-Dfile.encoding=UTF-8,-Duser.country=US,-Duser.language=en,-Duser.variant]
09:56:01.992 [INFO] [org.gradle.launcher.daemon.server.exec.ForwardClientInput] The daemon will no longer process any standard input.
:compileJava UP-TO-DATE
:compileGroovy
:processResources
:classes

BUILD SUCCESSFUL

Total time: 32.603 secs
09:56:30.085 [DEBUG] [org.gradle.cache.internal.btree.BTreePersistentIndexedCache] Closing cache fileSnapshots.bin (/media/jack/home-partition/grails-practice/llqing/.gradle/2.3/taskArtifacts/fileSnapshots.bin)
09:56:30.086 [DEBUG] [org.gradle.cache.internal.btree.BTreePersistentIndexedCache] Closing cache taskArtifacts.bin (/media/jack/home-partition/grails-practice/llqing/.gradle/2.3/taskArtifacts/taskArtifacts.bin)
09:56:30.086 [DEBUG] [org.gradle.cache.internal.btree.BTreePersistentIndexedCache] Closing cache outputFileStates.bin (/media/jack/home-partition/grails-practice/llqing/.gradle/2.3/taskArtifacts/outputFileStates.bin)
09:56:30.086 [DEBUG] [org.gradle.cache.internal.btree.BTreePersistentIndexedCache] Closing cache fileHashes.bin (/media/jack/home-partition/grails-practice/llqing/.gradle/2.3/taskArtifacts/fileHashes.bin)
09:56:30.086 [DEBUG] [org.gradle.cache.internal.DefaultFileLockManager] Releasing lock on task history cache (/media/jack/home-partition/grails-practice/llqing/.gradle/2.3/taskArtifacts).
09:56:30.086 [DEBUG] [org.gradle.cache.internal.DefaultFileLockManager] Releasing lock on buildscript class cache for build file '/media/jack/home-partition/grails-practice/llqing/build.gradle' (/home/jack/.gradle/caches/2.3/scripts/build_czko9j01uggzk6p0k3cgaft9i/ProjectScript/buildscript).
09:56:30.086 [DEBUG] [org.gradle.cache.internal.DefaultFileLockManager] Releasing lock on no_buildscript class cache for build file '/media/jack/home-partition/grails-practice/llqing/build.gradle' (/home/jack/.gradle/caches/2.3/scripts/build_czko9j01uggzk6p0k3cgaft9i/ProjectScript/no_buildscript).
09:56:30.087 [DEBUG] [org.gradle.cache.internal.DefaultCacheAccess] Cache jars (/home/jack/.gradle/caches/jars-1) was closed 0 times.
09:56:30.134 [DEBUG] [org.gradle.cache.internal.btree.BTreePersistentIndexedCache] Closing cache artifact-at-repository.bin (/home/jack/.gradle/caches/modules-2/metadata-2.14/artifact-at-repository.bin)
09:56:30.135 [DEBUG] [org.gradle.cache.internal.btree.BTreePersistentIndexedCache] Closing cache module-metadata.bin (/home/jack/.gradle/caches/modules-2/metadata-2.14/module-metadata.bin)
09:56:30.135 [DEBUG] [org.gradle.cache.internal.btree.BTreePersistentIndexedCache] Closing cache module-artifacts.bin (/home/jack/.gradle/caches/modules-2/metadata-2.14/module-artifacts.bin)
09:56:30.135 [DEBUG] [org.gradle.cache.internal.DefaultFileLockManager] Releasing lock on artifact cache (/home/jack/.gradle/caches/modules-2).
09:56:30.149 [DEBUG] [org.gradle.cache.internal.btree.BTreePersistentIndexedCache] Closing cache plugin-use-metadata.bin (/home/jack/.gradle/caches/2.3/plugin-resolution/plugin-use-metadata.bin)
09:56:30.149 [DEBUG] [org.gradle.cache.internal.DefaultFileLockManager] Releasing lock on Plugin Resolution Cache (/home/jack/.gradle/caches/2.3/plugin-resolution).
09:56:30.150 [DEBUG] [org.gradle.api.internal.tasks.compile.daemon.CompilerDaemonManager] Stopping 1 compiler daemon(s).
09:56:30.239 [DEBUG] [org.gradle.process.internal.DefaultExecHandle] Changing state to: SUCCEEDED
09:56:30.252 [DEBUG] [org.gradle.process.internal.DefaultExecHandle] Process 'Gradle Compiler Daemon 1' finished with exit value 0 (state: SUCCEEDED)
09:56:30.255 [INFO] [org.gradle.api.internal.tasks.compile.daemon.CompilerDaemonManager] Stopped 1 compiler daemon(s).
09:56:30.255 [DEBUG] [org.gradle.api.internal.artifacts.ivyservice.ivyresolve.memcache.InMemoryCachedRepositoryFactory] In-memory dependency metadata cache closed. Repos cached: 15, cache instances: 3, modules served from cache: 121, artifacts: 67
09:56:30.282 [DEBUG] [org.gradle.api.internal.artifacts.ivyservice.resolveengine.store.CachedStoreFactory] Resolution result cache closed. Cache reads: 0, disk reads: 0 (avg: 0.0 secs, total: 0.0 secs)
09:56:30.285 [DEBUG] [org.gradle.api.internal.artifacts.ivyservice.resolveengine.store.CachedStoreFactory] Resolved configuration cache closed. Cache reads: 0, disk reads: 0 (avg: 0.0 secs, total: 0.0 secs)
09:56:30.285 [DEBUG] [org.gradle.api.internal.artifacts.ivyservice.resolveengine.store.ResolutionResultsStoreFactory] Deleted 2 resolution results binary files in 0.03 secs
09:56:30.285 [DEBUG] [org.gradle.launcher.daemon.server.exec.ExecuteBuild] The daemon has finished executing the build.
09:56:30.320 [DEBUG] [org.gradle.launcher.daemon.server.DaemonStateCoordinator] Command execution: finished waiting for DaemonCommandExecution[command = Build{id=63b95460-8542-4cc2-b12b-a0350a20870b.1, currentDir=/media/jack/home-partition/grails-practice/llqing}, connection = org.gradle.launcher.daemon.server.DefaultDaemonConnection@35f53553]. Result org.gradle.launcher.daemon.server.DaemonStateCoordinator@10772ce4 with state Running
09:56:30.320 [DEBUG] [org.gradle.launcher.daemon.server.DaemonStateCoordinator] Command execution: completed DaemonCommandExecution[command = Build{id=63b95460-8542-4cc2-b12b-a0350a20870b.1, currentDir=/media/jack/home-partition/grails-practice/llqing}, connection = org.gradle.launcher.daemon.server.DefaultDaemonConnection@35f53553]
09:56:30.321 [DEBUG] [org.gradle.launcher.daemon.server.DaemonStateCoordinator] updating lastActivityAt to 1446342990321
09:56:30.321 [INFO] [org.gradle.launcher.daemon.server.DomainRegistryUpdater] Marking the daemon as idle, address: [bc546b13-6b4b-4cd0-b6e0-91e3dae962c8 port:52664, addresses:[/0:0:0:0:0:0:0:1%lo, /127.0.0.1]]
09:56:30.321 [DEBUG] [org.gradle.launcher.daemon.registry.PersistentDaemonRegistry] Marking idle by address: [bc546b13-6b4b-4cd0-b6e0-91e3dae962c8 port:52664, addresses:[/0:0:0:0:0:0:0:1%lo, /127.0.0.1]]
09:56:30.321 [DEBUG] [org.gradle.cache.internal.DefaultFileLockManager] Waiting to acquire exclusive lock on daemon addresses registry.
09:56:30.352 [DEBUG] [org.gradle.cache.internal.DefaultFileLockManager] Lock acquired.
09:56:30.359 [DEBUG] [org.gradle.cache.internal.DefaultFileLockManager] Releasing lock on daemon addresses registry.
09:56:30.359 [DEBUG] [org.gradle.launcher.daemon.server.exec.ReturnResult] Daemon is dispatching the build result: DaemonCommandResult[type=Success, value=org.gradle.tooling.internal.provider.BuildActionResult@521fb363]
09:56:30.359 [DEBUG] [org.gradle.launcher.daemon.server.DaemonStateCoordinator] Daemon is idle, sleeping until state change or idle timeout at Sun Nov 01 12:56:30 CST 2015
09:56:30.360 [DEBUG] [org.gradle.launcher.daemon.server.SynchronizedDispatchConnection] thread 13: dispatching class org.gradle.launcher.daemon.protocol.Success
09:56:30.362 [DEBUG] [org.gradle.launcher.daemon.server.SynchronizedDispatchConnection] thread 20: received class org.gradle.launcher.daemon.protocol.Finished
09:56:30.362 [DEBUG] [org.gradle.launcher.daemon.server.DefaultDaemonConnection] Received non-IO message from client: org.gradle.launcher.daemon.protocol.Finished@6590c59
09:56:30.362 [DEBUG] [org.gradle.launcher.daemon.server.DefaultIncomingConnectionHandler] Finishing executing command: Build{id=63b95460-8542-4cc2-b12b-a0350a20870b.1, currentDir=/media/jack/home-partition/grails-practice/llqing}
09:56:30.362 [DEBUG] [org.gradle.launcher.daemon.server.DefaultIncomingConnectionHandler] Received finished message: org.gradle.launcher.daemon.protocol.Finished@6590c59
09:56:30.362 [DEBUG] [org.gradle.launcher.daemon.server.SynchronizedDispatchConnection] thread 13: stopping connection
09:56:30.362 [DEBUG] [org.gradle.launcher.daemon.server.SynchronizedDispatchConnection] thread 20: received null
09:56:30.363 [DEBUG] [org.gradle.launcher.daemon.server.DefaultDaemonConnection] Received end-of-input from client.
09:56:30.364 [DEBUG] [org.gradle.launcher.daemon.server.SynchronizedDispatchConnection] thread 13: stopping connection
12:56:30.322 [DEBUG] [org.gradle.launcher.daemon.server.DaemonStateCoordinator] Idle timeout: daemon has been idle for requested period. Stopping now.
12:56:30.322 [DEBUG] [org.gradle.launcher.daemon.server.DaemonStateCoordinator] Marking daemon stopped due to idle timeout. The daemon is running a build: false
12:56:30.322 [DEBUG] [org.gradle.launcher.daemon.server.Daemon] stop() called on daemon
12:56:30.323 [INFO] [org.gradle.launcher.daemon.server.Daemon] Stop requested. Daemon is removing its presence from the registry...
12:56:30.323 [DEBUG] [org.gradle.launcher.daemon.server.DomainRegistryUpdater] Removing our presence to clients, eg. removing this address from the registry: [bc546b13-6b4b-4cd0-b6e0-91e3dae962c8 port:52664, addresses:[/0:0:0:0:0:0:0:1%lo, /127.0.0.1]]
12:56:30.323 [DEBUG] [org.gradle.launcher.daemon.registry.PersistentDaemonRegistry] Removing daemon address: [bc546b13-6b4b-4cd0-b6e0-91e3dae962c8 port:52664, addresses:[/0:0:0:0:0:0:0:1%lo, /127.0.0.1]]
12:56:30.345 [DEBUG] [org.gradle.cache.internal.DefaultFileLockManager] Waiting to acquire exclusive lock on daemon addresses registry.
12:56:30.346 [DEBUG] [org.gradle.cache.internal.DefaultFileLockManager] Lock acquired.
12:56:30.363 [DEBUG] [org.gradle.cache.internal.DefaultFileLockManager] Releasing lock on daemon addresses registry.
12:56:30.363 [DEBUG] [org.gradle.launcher.daemon.server.DomainRegistryUpdater] Address removed from registry.
Daemon vm is shutting down... The daemon has exited normally or was terminated in response to a user interrupt.
12:56:30.405 [DEBUG] [org.gradle.launcher.daemon.registry.PersistentDaemonRegistry] Removing daemon address: [bc546b13-6b4b-4cd0-b6e0-91e3dae962c8 port:52664, addresses:[/0:0:0:0:0:0:0:1%lo, /127.0.0.1]]
12:56:30.405 [DEBUG] [org.gradle.cache.internal.DefaultFileLockManager] Waiting to acquire exclusive lock on daemon addresses registry.
12:56:30.405 [DEBUG] [org.gradle.cache.internal.DefaultFileLockManager] Lock acquired.
12:56:30.408 [DEBUG] [org.gradle.cache.internal.DefaultFileLockManager] Releasing lock on daemon addresses registry.
