22:59:42.436 [INFO] [org.gradle.launcher.daemon.server.Daemon] start() called on daemon - DefaultDaemonContext[uid=d9f3cdde-719a-4ef3-a647-de6b5bd213e6,javaHome=/media/jack/home-partition/tool/jdk1.8.0_51,daemonRegistryDir=/home/jack/.gradle/daemon,pid=452,idleTimeout=10800000,daemonOpts=-XX:MaxPermSize=256m,-XX:+HeapDumpOnOutOfMemoryError,-Xmx1024m,-Dfile.encoding=UTF-8,-Duser.country=CN,-Duser.language=zh,-Duser.variant]
22:59:42.442 [DEBUG] [org.gradle.launcher.daemon.server.DaemonStateCoordinator] updating lastActivityAt to 1444143582442
22:59:42.458 [DEBUG] [org.gradle.messaging.remote.internal.inet.InetAddressFactory] Adding IP addresses for network interface ppp0
22:59:42.459 [DEBUG] [org.gradle.messaging.remote.internal.inet.InetAddressFactory] Is this a loopback interface? false
22:59:42.459 [DEBUG] [org.gradle.messaging.remote.internal.inet.InetAddressFactory] Is this a multicast interface? true
22:59:42.459 [DEBUG] [org.gradle.messaging.remote.internal.inet.InetAddressFactory] Adding remote address /192.168.0.100
22:59:42.460 [DEBUG] [org.gradle.messaging.remote.internal.inet.InetAddressFactory] Adding remote multicast interface ppp0
22:59:42.461 [DEBUG] [org.gradle.messaging.remote.internal.inet.InetAddressFactory] Adding IP addresses for network interface vmnet8
22:59:42.461 [DEBUG] [org.gradle.messaging.remote.internal.inet.InetAddressFactory] Is this a loopback interface? false
22:59:42.461 [DEBUG] [org.gradle.messaging.remote.internal.inet.InetAddressFactory] Is this a multicast interface? true
22:59:42.462 [DEBUG] [org.gradle.messaging.remote.internal.inet.InetAddressFactory] Adding remote address /fe80:0:0:0:250:56ff:fec0:8%vmnet8
22:59:42.462 [DEBUG] [org.gradle.messaging.remote.internal.inet.InetAddressFactory] Adding remote address /172.16.33.1
22:59:42.462 [DEBUG] [org.gradle.messaging.remote.internal.inet.InetAddressFactory] Adding remote multicast interface vmnet8
22:59:42.463 [DEBUG] [org.gradle.messaging.remote.internal.inet.InetAddressFactory] Adding IP addresses for network interface vmnet1
22:59:42.463 [DEBUG] [org.gradle.messaging.remote.internal.inet.InetAddressFactory] Is this a loopback interface? false
22:59:42.463 [DEBUG] [org.gradle.messaging.remote.internal.inet.InetAddressFactory] Is this a multicast interface? true
22:59:42.464 [DEBUG] [org.gradle.messaging.remote.internal.inet.InetAddressFactory] Adding remote address /fe80:0:0:0:250:56ff:fec0:1%vmnet1
22:59:42.464 [DEBUG] [org.gradle.messaging.remote.internal.inet.InetAddressFactory] Adding remote address /192.168.62.1
22:59:42.464 [DEBUG] [org.gradle.messaging.remote.internal.inet.InetAddressFactory] Adding remote multicast interface vmnet1
22:59:42.464 [DEBUG] [org.gradle.messaging.remote.internal.inet.InetAddressFactory] Adding IP addresses for network interface docker0
22:59:42.465 [DEBUG] [org.gradle.messaging.remote.internal.inet.InetAddressFactory] Is this a loopback interface? false
22:59:42.465 [DEBUG] [org.gradle.messaging.remote.internal.inet.InetAddressFactory] Is this a multicast interface? true
22:59:42.465 [DEBUG] [org.gradle.messaging.remote.internal.inet.InetAddressFactory] Adding remote address /172.17.42.1
22:59:42.466 [DEBUG] [org.gradle.messaging.remote.internal.inet.InetAddressFactory] Adding remote multicast interface docker0
22:59:42.466 [DEBUG] [org.gradle.messaging.remote.internal.inet.InetAddressFactory] Adding IP addresses for network interface wlan0
22:59:42.466 [DEBUG] [org.gradle.messaging.remote.internal.inet.InetAddressFactory] Is this a loopback interface? false
22:59:42.466 [DEBUG] [org.gradle.messaging.remote.internal.inet.InetAddressFactory] Is this a multicast interface? true
22:59:42.467 [DEBUG] [org.gradle.messaging.remote.internal.inet.InetAddressFactory] Adding remote address /fe80:0:0:0:626c:66ff:fe37:276a%wlan0
22:59:42.467 [DEBUG] [org.gradle.messaging.remote.internal.inet.InetAddressFactory] Adding remote address /192.168.1.104
22:59:42.467 [DEBUG] [org.gradle.messaging.remote.internal.inet.InetAddressFactory] Adding remote multicast interface wlan0
22:59:42.467 [DEBUG] [org.gradle.messaging.remote.internal.inet.InetAddressFactory] Adding IP addresses for network interface lo
22:59:42.468 [DEBUG] [org.gradle.messaging.remote.internal.inet.InetAddressFactory] Is this a loopback interface? true
22:59:42.468 [DEBUG] [org.gradle.messaging.remote.internal.inet.InetAddressFactory] Is this a multicast interface? false
22:59:42.468 [DEBUG] [org.gradle.messaging.remote.internal.inet.InetAddressFactory] Adding loopback address /0:0:0:0:0:0:0:1%lo
22:59:42.469 [DEBUG] [org.gradle.messaging.remote.internal.inet.InetAddressFactory] Adding loopback address /127.0.0.1
22:59:42.480 [DEBUG] [org.gradle.messaging.remote.internal.inet.TcpIncomingConnector] Listening on [81c1646c-c854-46d5-b8b2-7e95344c943e port:57554, addresses:[/0:0:0:0:0:0:0:1%lo, /127.0.0.1]].
22:59:42.483 [DEBUG] [org.gradle.launcher.daemon.server.Daemon] Daemon starting at: Tue Oct 06 22:59:42 CST 2015, with address: [81c1646c-c854-46d5-b8b2-7e95344c943e port:57554, addresses:[/0:0:0:0:0:0:0:1%lo, /127.0.0.1]]
22:59:42.484 [INFO] [org.gradle.launcher.daemon.server.DomainRegistryUpdater] Advertising the daemon address to the clients: [81c1646c-c854-46d5-b8b2-7e95344c943e port:57554, addresses:[/0:0:0:0:0:0:0:1%lo, /127.0.0.1]]
22:59:42.485 [DEBUG] [org.gradle.launcher.daemon.server.DomainRegistryUpdater] Advertised daemon context: DefaultDaemonContext[uid=d9f3cdde-719a-4ef3-a647-de6b5bd213e6,javaHome=/media/jack/home-partition/tool/jdk1.8.0_51,daemonRegistryDir=/home/jack/.gradle/daemon,pid=452,idleTimeout=10800000,daemonOpts=-XX:MaxPermSize=256m,-XX:+HeapDumpOnOutOfMemoryError,-Xmx1024m,-Dfile.encoding=UTF-8,-Duser.country=CN,-Duser.language=zh,-Duser.variant]
22:59:42.485 [DEBUG] [org.gradle.launcher.daemon.registry.PersistentDaemonRegistry] Storing daemon address: [81c1646c-c854-46d5-b8b2-7e95344c943e port:57554, addresses:[/0:0:0:0:0:0:0:1%lo, /127.0.0.1]], context: DefaultDaemonContext[uid=d9f3cdde-719a-4ef3-a647-de6b5bd213e6,javaHome=/media/jack/home-partition/tool/jdk1.8.0_51,daemonRegistryDir=/home/jack/.gradle/daemon,pid=452,idleTimeout=10800000,daemonOpts=-XX:MaxPermSize=256m,-XX:+HeapDumpOnOutOfMemoryError,-Xmx1024m,-Dfile.encoding=UTF-8,-Duser.country=CN,-Duser.language=zh,-Duser.variant]
22:59:42.493 [DEBUG] [org.gradle.cache.internal.DefaultFileLockManager] Waiting to acquire exclusive lock on daemon addresses registry.
22:59:42.494 [DEBUG] [org.gradle.cache.internal.DefaultFileLockManager] Lock acquired.
22:59:42.521 [DEBUG] [org.gradle.cache.internal.DefaultFileLockManager] Releasing lock on daemon addresses registry.
22:59:42.522 [LIFECYCLE] [org.gradle.launcher.daemon.server.Daemon] Daemon server started.
22:59:42.524 [DEBUG] [org.gradle.launcher.daemon.bootstrap.DaemonStartupCommunication] Completed writing the daemon greeting. Closing streams...
22:59:42.525 [DEBUG] [org.gradle.launcher.daemon.server.Daemon] requestStopOnIdleTimeout(10800000 MILLISECONDS) called on daemon
22:59:42.531 [DEBUG] [org.gradle.launcher.daemon.server.DaemonStateCoordinator] Idle timeout: waiting for daemon to stop or be idle for 10800000ms
22:59:42.532 [DEBUG] [org.gradle.launcher.daemon.server.DaemonStateCoordinator] Daemon is idle, sleeping until state change or idle timeout at Wed Oct 07 01:59:42 CST 2015
22:59:42.537 [DEBUG] [org.gradle.messaging.remote.internal.inet.TcpIncomingConnector] Accepted connection from /0:0:0:0:0:0:0:1:43856 to /0:0:0:0:0:0:0:1:57554.
22:59:42.599 [DEBUG] [org.gradle.launcher.daemon.server.SynchronizedDispatchConnection] thread 14: received class org.gradle.launcher.daemon.protocol.Build
22:59:42.600 [DEBUG] [org.gradle.launcher.daemon.server.DefaultDaemonConnection] Received non-IO message from client: Build{id=ea3d5d98-2cf1-453d-9feb-f3222c5a4baa.1, currentDir=/media/jack/home-partition/grails-practice/grails-petclinic-master}
22:59:42.600 [INFO] [org.gradle.launcher.daemon.server.DefaultIncomingConnectionHandler] Received command: Build{id=ea3d5d98-2cf1-453d-9feb-f3222c5a4baa.1, currentDir=/media/jack/home-partition/grails-practice/grails-petclinic-master}.
22:59:42.601 [DEBUG] [org.gradle.launcher.daemon.server.DefaultIncomingConnectionHandler] Starting executing command: Build{id=ea3d5d98-2cf1-453d-9feb-f3222c5a4baa.1, currentDir=/media/jack/home-partition/grails-practice/grails-petclinic-master} with connection: socket connection from /0:0:0:0:0:0:0:1:57554 to /0:0:0:0:0:0:0:1:43856.
22:59:42.609 [DEBUG] [org.gradle.launcher.daemon.server.DaemonStateCoordinator] Command execution: started DaemonCommandExecution[command = Build{id=ea3d5d98-2cf1-453d-9feb-f3222c5a4baa.1, currentDir=/media/jack/home-partition/grails-practice/grails-petclinic-master}, connection = org.gradle.launcher.daemon.server.DefaultDaemonConnection@edf7a87] after 0.0 minutes of idle
22:59:42.610 [INFO] [org.gradle.launcher.daemon.server.DomainRegistryUpdater] Marking the daemon as busy, address: [81c1646c-c854-46d5-b8b2-7e95344c943e port:57554, addresses:[/0:0:0:0:0:0:0:1%lo, /127.0.0.1]]
22:59:42.610 [DEBUG] [org.gradle.launcher.daemon.registry.PersistentDaemonRegistry] Marking busy by address: [81c1646c-c854-46d5-b8b2-7e95344c943e port:57554, addresses:[/0:0:0:0:0:0:0:1%lo, /127.0.0.1]]
22:59:42.611 [DEBUG] [org.gradle.cache.internal.DefaultFileLockManager] Waiting to acquire exclusive lock on daemon addresses registry.
22:59:42.612 [DEBUG] [org.gradle.cache.internal.DefaultFileLockManager] Lock acquired.
22:59:42.617 [DEBUG] [org.gradle.cache.internal.DefaultFileLockManager] Releasing lock on daemon addresses registry.
22:59:42.618 [DEBUG] [org.gradle.launcher.daemon.server.DaemonStateCoordinator] updating lastActivityAt to 1444143582618
22:59:42.618 [DEBUG] [org.gradle.launcher.daemon.server.DaemonStateCoordinator] Daemon is busy, sleeping until state changes.
22:59:42.619 [INFO] [org.gradle.launcher.daemon.server.exec.StartBuildOrRespondWithBusy] Daemon is about to start building Build{id=ea3d5d98-2cf1-453d-9feb-f3222c5a4baa.1, currentDir=/media/jack/home-partition/grails-practice/grails-petclinic-master}. Dispatching build started information...
22:59:42.620 [DEBUG] [org.gradle.launcher.daemon.server.SynchronizedDispatchConnection] thread 16: dispatching class org.gradle.launcher.daemon.protocol.BuildStarted
22:59:42.625 [DEBUG] [org.gradle.launcher.daemon.server.exec.EstablishBuildEnvironment] Configuring env variables: {PATH=/home/jack/.rvm/gems/ruby-2.2.0/bin:/home/jack/.rvm/gems/ruby-2.2.0@global/bin:/home/jack/.rvm/rubies/ruby-2.2.0/bin:/home/jack/bin:/home/jack/.gvm/springboot/current/bin:/home/jack/.gvm/lazybones/current/bin:/home/jack/.gvm/jbossforge/current/bin:/home/jack/.gvm/jbake/current/bin:/home/jack/.gvm/groovyserv/current/bin:/home/jack/.gvm/groovy/current/bin:/home/jack/.gvm/griffon/current/bin:/home/jack/.gvm/grails/current/bin:/home/jack/.gvm/gradle/current/bin:/home/jack/.gvm/glide/current/bin:/home/jack/.gvm/gaiden/current/bin:/home/jack/.gvm/crash/current/bin:/home/jack/.gvm/asciidoctorj/current/bin:/opt/grails-3.0.7/bin:/home/jack/bin:/home/jack/bin:/media/jack/home-partition/tool/jdk1.8.0_51/bin:/media/jack/home-partition/tool/jdk1.8.0_51/jre/bin:/home/jack/bin:/usr/local/sbin:/usr/local/bin:/usr/sbin:/usr/bin:/sbin:/bin:/usr/games:/usr/local/games:/home/jack/.rvm/bin:/media/jack/home-partition/tool/android-studio/bin:/media/jack/home-partition/tool/android-studio/sdk/tools:/media/jack/home-partition/tool/android-studio/sdk/platform-tools:/media/jack/home-partition/tool/android-studio/sdk/build-tools:/home/jack/.rvm/bin:/home/jack/.rvm/bin, IRBRC=/home/jack/.rvm/rubies/ruby-2.2.0/.irbrc, NO_PROXY=localhost,127.0.0.0/8,::1, XMODIFIERS=@im=ibus, GDMSESSION=ubuntu, GRAILS_HOME=/home/jack/.gvm/grails/current, TEXTDOMAINDIR=/usr/share/locale/, DBUS_SESSION_BUS_ADDRESS=unix:abstract=/tmp/dbus-a1rFOk8cD7, DEFAULTS_PATH=/usr/share/gconf/ubuntu.default.path, COLORTERM=gnome-terminal, UPSTART_SESSION=unix:abstract=/com/ubuntu/upstart-session/1000/4241, SESSION_MANAGER=local/jack-ThinkPad-S430:@/tmp/.ICE-unix/4443,unix/jack-ThinkPad-S430:/tmp/.ICE-unix/4443, rvm_version=1.26.7 (master), PWD=/home/jack/partition/grails-practice/grails-petclinic-master, LANGUAGE=zh_CN:zh, WINDOWID=85983243, LESSOPEN=| /usr/bin/lesspipe %s, GROOVYSERV_HOME=/home/jack/.gvm/groovyserv/current, INSTANCE=, MY_RUBY_HOME=/home/jack/.rvm/rubies/ruby-2.2.0, rvm_path=/home/jack/.rvm, GNOME_DESKTOP_SESSION_ID=this-is-deprecated, GTK_MODULES=overlay-scrollbar:unity-gtk-module, CLUTTER_IM_MODULE=ibus, TEXTDOMAIN=im-config, COMPIZ_BIN_PATH=/usr/bin/, SHLVL=1, JAVA_HOME=/media/jack/home-partition/tool/jdk1.8.0_51, GVM_VERSION=2.4.2, GAIDEN_HOME=/home/jack/.gvm/gaiden/current, LAZYBONES_HOME=/home/jack/.gvm/lazybones/current, TERM=xterm, XDG_CONFIG_DIRS=/etc/xdg/xdg-ubuntu:/usr/share/upstart/xdg:/etc/xdg, XDG_SEAT_PATH=/org/freedesktop/DisplayManager/Seat0, XDG_SESSION_ID=c2, GRADLE_HOME=/home/jack/.gvm/gradle/current, SELINUX_INIT=YES, GROOVY_HOME=/home/jack/.gvm/groovy/current, no_proxy=localhost,127.0.0.0/8,::1, XDG_GREETER_DATA_DIR=/var/lib/lightdm-data/jack, DESKTOP_SESSION=ubuntu, SESSION=ubuntu, XDG_MENU_PREFIX=gnome-, ANDROID_STUDIO_HOME=/media/jack/home-partition/tool/android-studio, QT_ACCESSIBILITY=1, VTE_VERSION=3409, GVM_BROKER_SERVICE=http://release.gvm.io, GEM_PATH=/home/jack/.rvm/gems/ruby-2.2.0:/home/jack/.rvm/gems/ruby-2.2.0@global, NLSPATH=/usr/dt/lib/nls/msg/%L/%N.cat, GLIDE_HOME=/home/jack/.gvm/glide/current, XAUTHORITY=/home/jack/.Xauthority, XDG_DATA_DIRS=/usr/share/ubuntu:/usr/share/gnome:/usr/local/share/:/usr/share/, MANDATORY_PATH=/usr/share/gconf/ubuntu.mandatory.path, ASCIIDOCTORJ_HOME=/home/jack/.gvm/asciidoctorj/current, GTK_IM_MODULE=ibus, XDG_CURRENT_DESKTOP=Unity, QT4_IM_MODULE=ibus, LOGNAME=jack, JOB=dbus, IM_CONFIG_PHASE=1, SPRINGBOOT_HOME=/home/jack/.gvm/springboot/current, SHELL=/bin/bash, OLDPWD=/opt/grails-3.0.7, GVM_PLATFORM=Linux, GEM_HOME=/home/jack/.rvm/gems/ruby-2.2.0, RUBY_VERSION=ruby-2.2.0, _system_name=Ubuntu, XDG_SESSION_PATH=/org/freedesktop/DisplayManager/Session0, CRASH_HOME=/home/jack/.gvm/crash/current, SESSIONTYPE=gnome-session, LS_COLORS=rs=0:di=01;34:ln=01;36:mh=00:pi=40;33:so=01;35:do=01;35:bd=40;33;01:cd=40;33;01:or=40;31;01:su=37;41:sg=30;43:ca=30;41:tw=30;42:ow=34;42:st=37;44:ex=01;32:*.tar=01;31:*.tgz=01;31:*.arj=01;31:*.taz=01;31:*.lzh=01;31:*.lzma=01;31:*.tlz=01;31:*.txz=01;31:*.zip=01;31:*.z=01;31:*.Z=01;31:*.dz=01;31:*.gz=01;31:*.lz=01;31:*.xz=01;31:*.bz2=01;31:*.bz=01;31:*.tbz=01;31:*.tbz2=01;31:*.tz=01;31:*.deb=01;31:*.rpm=01;31:*.jar=01;31:*.war=01;31:*.ear=01;31:*.sar=01;31:*.rar=01;31:*.ace=01;31:*.zoo=01;31:*.cpio=01;31:*.7z=01;31:*.rz=01;31:*.jpg=01;35:*.jpeg=01;35:*.gif=01;35:*.bmp=01;35:*.pbm=01;35:*.pgm=01;35:*.ppm=01;35:*.tga=01;35:*.xbm=01;35:*.xpm=01;35:*.tif=01;35:*.tiff=01;35:*.png=01;35:*.svg=01;35:*.svgz=01;35:*.mng=01;35:*.pcx=01;35:*.mov=01;35:*.mpg=01;35:*.mpeg=01;35:*.m2v=01;35:*.mkv=01;35:*.webm=01;35:*.ogm=01;35:*.mp4=01;35:*.m4v=01;35:*.mp4v=01;35:*.vob=01;35:*.qt=01;35:*.nuv=01;35:*.wmv=01;35:*.asf=01;35:*.rm=01;35:*.rmvb=01;35:*.flc=01;35:*.avi=01;35:*.fli=01;35:*.flv=01;35:*.gl=01;35:*.dl=01;35:*.xcf=01;35:*.xwd=01;35:*.yuv=01;35:*.cgm=01;35:*.emf=01;35:*.axv=01;35:*.anx=01;35:*.ogv=01;35:*.ogx=01;35:*.aac=00;36:*.au=00;36:*.flac=00;36:*.mid=00;36:*.midi=00;36:*.mka=00;36:*.mp3=00;36:*.mpc=00;36:*.ogg=00;36:*.ra=00;36:*.wav=00;36:*.axa=00;36:*.oga=00;36:*.spx=00;36:*.xspf=00;36:, GVM_BROADCAST_SERVICE=http://cast.gvm.io, LESSCLOSE=/usr/bin/lesspipe %s %s, GRIFFON_HOME=/home/jack/.gvm/griffon/current, _system_arch=x86_64, COMPIZ_CONFIG_PROFILE=ubuntu, rvm_bin_path=/home/jack/.rvm/bin, QT_IM_MODULE=ibus, XFILESEARCHPATH=/usr/dt/app-defaults/%L/Dt, rvm_prefix=/home/jack, LANG=zh_CN.UTF-8, GNOME_KEYRING_CONTROL=/run/user/1000/keyring-f1xECL, GRAILS_PATH=/opt/grails-3.0.7, DISPLAY=:0, GVM_SERVICE=http://api.gvmtool.net, JBOSSFORGE_HOME=/home/jack/.gvm/jbossforge/current, JBAKE_HOME=/home/jack/.gvm/jbake/current, GDM_LANG=zh_CN, _system_type=Linux, GVM_DIR=/home/jack/.gvm, GPG_AGENT_INFO=/run/user/1000/keyring-f1xECL/gpg:0:1, _system_version=14.04, USER=jack, CLASSPATH=/opt/grails-3.0.7/dist/grails-shell-3.0.7.jar:/opt/grails-3.0.7/lib/org.codehaus.groovy/groovy/jars/groovy-2.4.4.jar:/opt/grails-3.0.7/lib/org.slf4j/slf4j-api/jars/slf4j-api-1.7.10.jar:/opt/grails-3.0.7/lib/org.slf4j/jcl-over-slf4j/jars/jcl-over-slf4j-1.7.10.jar:/opt/grails-3.0.7/dist/grails-bootstrap-3.0.7.jar:/opt/grails-3.0.7/dist/grails-gradle-model-3.0.7.jar:/opt/grails-3.0.7/lib/org.apache.ant/ant/jars/ant-1.9.4.jar:/opt/grails-3.0.7/lib/org.codehaus.groovy/groovy-ant/jars/groovy-ant-2.4.4.jar:/opt/grails-3.0.7/lib/org.codehaus.groovy/groovy-json/jars/groovy-json-2.4.4.jar:/opt/grails-3.0.7/lib/org.codehaus.groovy/groovy-jmx/jars/groovy-jmx-2.4.4.jar:/opt/grails-3.0.7/lib/org.fusesource.jansi/jansi/jars/jansi-1.11.jar:/opt/grails-3.0.7/lib/jline/jline/jars/jline-2.12.jar:/opt/grails-3.0.7/lib/org.eclipse.jgit/org.eclipse.jgit/jars/org.eclipse.jgit-3.5.2.201411120430-r.jar:/opt/grails-3.0.7/lib/org.gradle/gradle-tooling-api/jars/gradle-tooling-api-2.3.jar:/opt/grails-3.0.7/lib/org.springframework.boot/spring-boot-cli/jars/spring-boot-cli-1.2.5.RELEASE.jar:/opt/grails-3.0.7/lib/org.slf4j/slf4j-simple/jars/slf4j-simple-1.7.10.jar:/opt/grails-3.0.7/lib/org.codehaus.plexus/plexus-component-api/jars/plexus-component-api-1.0-alpha-33.jar:/opt/grails-3.0.7/lib/org.codehaus.groovy/groovy-xml/jars/groovy-xml-2.4.4.jar:/opt/grails-3.0.7/lib/org.yaml/snakeyaml/jars/snakeyaml-1.14.jar:/opt/grails-3.0.7/lib/org.apache.ant/ant-launcher/jars/ant-launcher-1.9.4.jar:/opt/grails-3.0.7/lib/org.codehaus.groovy/groovy-groovydoc/jars/groovy-groovydoc-2.4.4.jar:/opt/grails-3.0.7/lib/org.apache.ant/ant-antlr/jars/ant-antlr-1.9.4.jar:/opt/grails-3.0.7/lib/org.apache.ant/ant-junit/jars/ant-junit-1.9.4.jar:/opt/grails-3.0.7/lib/com.jcraft/jsch/jars/jsch-0.1.50.jar:/opt/grails-3.0.7/lib/com.googlecode.javaewah/JavaEWAH/jars/JavaEWAH-0.7.9.jar:/opt/grails-3.0.7/lib/org.springframework.boot/spring-boot-dependency-tools/jars/spring-boot-dependency-tools-1.2.5.RELEASE.jar:/opt/grails-3.0.7/lib/org.springframework.boot/spring-boot-loader-tools/jars/spring-boot-loader-tools-1.2.5.RELEASE.jar:/opt/grails-3.0.7/lib/net.sf.jopt-simple/jopt-simple/jars/jopt-simple-4.6.jar:/opt/grails-3.0.7/lib/org.springframework/spring-core/jars/spring-core-4.1.7.RELEASE.jar:/opt/grails-3.0.7/lib/org.json/json/jars/json-20140107.jar:/opt/grails-3.0.7/lib/org.apache.maven/maven-aether-provider/jars/maven-aether-provider-3.2.1.jar:/opt/grails-3.0.7/lib/org.apache.maven/maven-settings-builder/jars/maven-settings-builder-3.1.1.jar:/opt/grails-3.0.7/lib/org.eclipse.aether/aether-api/jars/aether-api-0.9.1.v20140329.jar:/opt/grails-3.0.7/lib/org.eclipse.aether/aether-connector-basic/jars/aether-connector-basic-0.9.1.v20140329.jar:/opt/grails-3.0.7/lib/org.eclipse.aether/aether-impl/jars/aether-impl-0.9.1.v20140329.jar:/opt/grails-3.0.7/lib/org.eclipse.aether/aether-spi/jars/aether-spi-0.9.1.v20140329.jar:/opt/grails-3.0.7/lib/org.eclipse.aether/aether-transport-file/jars/aether-transport-file-0.9.1.v20140329.jar:/opt/grails-3.0.7/lib/org.eclipse.aether/aether-transport-http/jars/aether-transport-http-0.9.1.v20140329.jar:/opt/grails-3.0.7/lib/org.eclipse.aether/aether-util/jars/aether-util-0.9.1.v20140329.jar:/opt/grails-3.0.7/lib/org.codehaus.plexus/plexus-classworlds/jars/plexus-classworlds-1.2-alpha-10.jar:/opt/grails-3.0.7/lib/junit/junit/jars/junit-3.8.1.jar:/opt/grails-3.0.7/lib/org.codehaus.groovy/groovy-templates/jars/groovy-templates-2.4.4.jar:/opt/grails-3.0.7/lib/org.apache.maven/maven-model/jars/maven-model-3.2.1.jar:/opt/grails-3.0.7/lib/org.apache.maven/maven-model-builder/jars/maven-model-builder-3.2.1.jar:/opt/grails-3.0.7/lib/org.apache.maven/maven-repository-metadata/jars/maven-repository-metadata-3.2.1.jar:/opt/grails-3.0.7/lib/org.codehaus.plexus/plexus-component-annotations/jars/plexus-component-annotations-1.5.5.jar:/opt/grails-3.0.7/lib/org.codehaus.plexus/plexus-utils/jars/plexus-utils-3.0.17.jar:/opt/grails-3.0.7/lib/org.codehaus.plexus/plexus-interpolation/jars/plexus-interpolation-1.19.jar:/opt/grails-3.0.7/lib/org.apache.maven/maven-settings/jars/maven-settings-3.1.1.jar:/opt/grails-3.0.7/lib/org.sonatype.plexus/plexus-sec-dispatcher/jars/plexus-sec-dispatcher-1.3.jar:/opt/grails-3.0.7/lib/org.sonatype.plexus/plexus-cipher/jars/plexus-cipher-1.4.jar:/opt/grails-3.0.7/lib/org.apache.httpcomponents/httpclient/jars/httpclient-4.2.6.jar:/opt/grails-3.0.7/lib/org.apache.httpcomponents/httpcore/jars/httpcore-4.2.5.jar:/opt/grails-3.0.7/lib/commons-codec/commons-codec/jars/commons-codec-1.6.jar, XDG_SEAT=seat0, SSH_AUTH_SOCK=/run/user/1000/keyring-f1xECL/ssh, QT_QPA_PLATFORMTHEME=appmenu-qt5, XDG_RUNTIME_DIR=/run/user/1000, GVM_INIT=true, XDG_VTNR=7, HOME=/home/jack, GNOME_KEYRING_PID=4239}
22:59:42.652 [DEBUG] [org.gradle.launcher.daemon.server.SynchronizedDispatchConnection] thread 14: received class org.gradle.launcher.daemon.protocol.CloseInput
22:59:42.653 [DEBUG] [org.gradle.launcher.daemon.server.DefaultDaemonConnection] Received IO message from client: CloseInput[id=ea3d5d98-2cf1-453d-9feb-f3222c5a4baa.2]
22:59:42.656 [DEBUG] [org.gradle.launcher.daemon.server.exec.LogToClient] About to start relaying all logs to the client via the connection.
22:59:42.656 [INFO] [org.gradle.launcher.daemon.server.exec.LogToClient] The client will now receive all logging from the daemon (pid: 452). The daemon log file: /home/jack/.gradle/daemon/2.3/daemon-452.out.log
22:59:42.662 [INFO] [org.gradle.launcher.daemon.server.health.DaemonHealthTracker] Starting build in new daemon [memory: 954.7 MB]
22:59:42.663 [INFO] [org.gradle.launcher.daemon.server.exec.ForwardClientInput] Closing daemon's stdin at end of input.
22:59:42.663 [INFO] [org.gradle.launcher.daemon.server.exec.ForwardClientInput] The daemon will no longer process any standard input.
22:59:42.665 [DEBUG] [org.gradle.launcher.daemon.server.exec.ExecuteBuild] The daemon has started executing the build.
22:59:42.666 [INFO] [org.gradle.launcher.daemon.server.exec.ExecuteBuild] Executing build with daemon context: DefaultDaemonContext[uid=d9f3cdde-719a-4ef3-a647-de6b5bd213e6,javaHome=/media/jack/home-partition/tool/jdk1.8.0_51,daemonRegistryDir=/home/jack/.gradle/daemon,pid=452,idleTimeout=10800000,daemonOpts=-XX:MaxPermSize=256m,-XX:+HeapDumpOnOutOfMemoryError,-Xmx1024m,-Dfile.encoding=UTF-8,-Duser.country=CN,-Duser.language=zh,-Duser.variant]
22:59:43.521 [INFO] [org.gradle.tooling.internal.provider.DefaultPayloadClassLoaderRegistry] Creating ClassLoader f393b384-0b96-47ab-a857-7d4cc3aa4f56 from [Spec classpath:[file:/opt/grails-3.0.7/lib/org.gradle/gradle-tooling-api/jars/gradle-tooling-api-2.3.jar, file:/opt/grails-3.0.7/dist/grails-shell-3.0.7.jar, file:/opt/grails-3.0.7/lib/org.codehaus.groovy/groovy/jars/groovy-2.4.4.jar, file:/opt/grails-3.0.7/dist/grails-gradle-model-3.0.7.jar]] and [org.gradle.internal.classloader.FilteringClassLoader@13e5e9b5].
22:59:43.589 [DEBUG] [org.gradle.cache.internal.DefaultFileLockManager] Waiting to acquire exclusive lock on jars (/home/jack/.gradle/caches/jars-1).
22:59:43.599 [DEBUG] [org.gradle.cache.internal.DefaultFileLockManager] Lock acquired.
22:59:43.606 [DEBUG] [org.gradle.cache.internal.locklistener.DefaultFileLockContentionHandler] Starting file lock listener thread.
Download https://repo.grails.org/grails/core/org/grails/grails-gradle-plugin/3.0.3/grails-gradle-plugin-3.0.3.pom
Download https://repo.grails.org/grails/core/org/codehaus/groovy/groovy/2.4.3/groovy-2.4.3.pom
Download https://repo.grails.org/grails/core/org/grails/grails-gradle-model/3.0.3/grails-gradle-model-3.0.3.pom
Download https://repo.grails.org/grails/core/org/grails/grails-bootstrap/3.0.3/grails-bootstrap-3.0.3.pom
Download https://repo.grails.org/grails/core/org/codehaus/groovy/groovy-xml/2.4.3/groovy-xml-2.4.3.pom
Download https://repo.grails.org/grails/core/org/codehaus/groovy/groovy-ant/2.4.3/groovy-ant-2.4.3.pom
Download https://repo.grails.org/grails/core/org/codehaus/groovy/groovy-groovydoc/2.4.3/groovy-groovydoc-2.4.3.pom
Download https://repo.grails.org/grails/core/org/codehaus/groovy/groovy-templates/2.4.3/groovy-templates-2.4.3.pom
Download https://repo.grails.org/grails/core/org/grails/grails-gradle-plugin/3.0.3/grails-gradle-plugin-3.0.3.jar
Download https://repo.grails.org/grails/core/com/bertramlabs/plugins/asset-pipeline-gradle/2.1.1/asset-pipeline-gradle-2.1.1.jar
Download https://repo.grails.org/grails/core/org/codehaus/groovy/groovy/2.4.3/groovy-2.4.3.jar
Download https://repo.grails.org/grails/core/org/grails/grails-gradle-model/3.0.3/grails-gradle-model-3.0.3.jar
Download https://repo.grails.org/grails/core/org/grails/grails-bootstrap/3.0.3/grails-bootstrap-3.0.3.jar
Download https://repo.grails.org/grails/core/com/bertramlabs/plugins/asset-pipeline-core/2.1.1/asset-pipeline-core-2.1.1.jar
Download https://repo.grails.org/grails/core/org/codehaus/groovy/groovy-xml/2.4.3/groovy-xml-2.4.3.jar
Download https://repo.grails.org/grails/core/org/codehaus/groovy/groovy-ant/2.4.3/groovy-ant-2.4.3.jar
Download https://repo.grails.org/grails/core/org/codehaus/groovy/groovy-groovydoc/2.4.3/groovy-groovydoc-2.4.3.jar
Download https://repo.grails.org/grails/core/org/codehaus/groovy/groovy-templates/2.4.3/groovy-templates-2.4.3.jar
Download https://repo.grails.org/grails/core/org/grails/grails-bom/3.0.3/grails-bom-3.0.3.pom
Download https://repo.grails.org/grails/core/org/springframework/springloaded/1.2.3.RELEASE/springloaded-1.2.3.RELEASE.pom
Download https://repo.grails.org/grails/core/org/springframework/springloaded/1.2.3.RELEASE/springloaded-1.2.3.RELEASE.jar

BUILD SUCCESSFUL

Total time: 8 mins 51.988 secs
Download https://repo.grails.org/grails/core/org/grails/grails-dependencies/3.0.3/grails-dependencies-3.0.3.pom
Download https://repo.grails.org/grails/core/org/grails/grails-web-boot/3.0.3/grails-web-boot-3.0.3.pom
Download https://repo.grails.org/grails/core/org/grails/plugins/hibernate/4.3.10.4/hibernate-4.3.10.4.pom
Download https://repo.grails.org/grails/core/org/grails/plugins/asset-pipeline/3.0.3/asset-pipeline-3.0.3.pom
Download https://repo.grails.org/grails/core/org/grails/plugins/scaffolding/3.0.3/scaffolding-3.0.3.pom
Download https://repo.grails.org/grails/core/org/grails/grails-plugin-testing/3.0.3/grails-plugin-testing-3.0.3.pom
Download https://repo.grails.org/grails/core/com/github/detro/phantomjsdriver/1.2.0/phantomjsdriver-1.2.0.pom
Download https://repo.grails.org/grails/core/org/grails/grails-plugin-rest/3.0.3/grails-plugin-rest-3.0.3.pom
Download https://repo.grails.org/grails/core/org/grails/grails-plugin-databinding/3.0.3/grails-plugin-databinding-3.0.3.pom
Download https://repo.grails.org/grails/core/org/grails/grails-plugin-i18n/3.0.3/grails-plugin-i18n-3.0.3.pom
Download https://repo.grails.org/grails/core/org/grails/grails-plugin-filters/3.0.3/grails-plugin-filters-3.0.3.pom
Download https://repo.grails.org/grails/core/org/grails/grails-plugin-gsp/3.0.3/grails-plugin-gsp-3.0.3.pom
Download https://repo.grails.org/grails/core/org/grails/grails-plugin-services/3.0.3/grails-plugin-services-3.0.3.pom
Download https://repo.grails.org/grails/core/org/grails/grails-plugin-url-mappings/3.0.3/grails-plugin-url-mappings-3.0.3.pom
Download https://repo.grails.org/grails/core/org/grails/grails-plugin-interceptors/3.0.3/grails-plugin-interceptors-3.0.3.pom
Download https://repo.grails.org/grails/core/org/grails/grails-plugin-async/3.0.3/grails-plugin-async-3.0.3.pom
Download https://repo.grails.org/grails/core/org/grails/grails-web-common/3.0.3/grails-web-common-3.0.3.pom
Download https://repo.grails.org/grails/core/org/grails/grails-datastore-gorm-hibernate4/4.0.4.RELEASE/grails-datastore-gorm-hibernate4-4.0.4.RELEASE.pom
Download https://repo.grails.org/grails/core/com/bertramlabs/plugins/asset-pipeline-core/2.3.8/asset-pipeline-core-2.3.8.pom
Download https://repo.grails.org/grails/core/org/grails/plugins/fields/2.0.2/fields-2.0.2.pom
Download https://repo.grails.org/grails/core/org/grails/grails-plugin-controllers/3.0.3/grails-plugin-controllers-3.0.3.pom
Download https://repo.grails.org/grails/core/org/grails/grails-plugin-domain-class/3.0.3/grails-plugin-domain-class-3.0.3.pom
Download https://repo.grails.org/grails/core/org/grails/grails-plugin-mimetypes/3.0.3/grails-plugin-mimetypes-3.0.3.pom
Download https://repo.grails.org/grails/core/org/grails/grails-plugin-converters/3.0.3/grails-plugin-converters-3.0.3.pom
Download https://repo.grails.org/grails/core/org/grails/grails-plugin-codecs/3.0.3/grails-plugin-codecs-3.0.3.pom
Download https://repo.grails.org/grails/core/org/grails/grails-test/3.0.3/grails-test-3.0.3.pom
Download https://repo.grails.org/grails/core/org/seleniumhq/selenium/selenium-java/2.41.0/selenium-java-2.41.0.pom
Download https://repo.grails.org/grails/core/org/seleniumhq/selenium/selenium-parent/2.41.0/selenium-parent-2.41.0.pom
Download https://repo.grails.org/grails/core/org/grails/grails-web/3.0.3/grails-web-3.0.3.pom
Download https://repo.grails.org/grails/core/org/grails/grails-plugin-datasource/3.0.3/grails-plugin-datasource-3.0.3.pom
Download https://repo.grails.org/grails/core/org/grails/grails-core/3.0.3/grails-core-3.0.3.pom
Download https://repo.grails.org/grails/core/org/grails/grails-logging/3.0.3/grails-logging-3.0.3.pom
Download https://repo.grails.org/grails/core/org/grails/grails-web-gsp-taglib/3.0.3/grails-web-gsp-taglib-3.0.3.pom
Download https://repo.grails.org/grails/core/org/grails/grails-plugin-events/3.0.3/grails-plugin-events-3.0.3.pom
Download https://repo.grails.org/grails/core/org/grails/grails-validation/3.0.3/grails-validation-3.0.3.pom
Download https://repo.grails.org/grails/core/org/grails/grails-databinding/3.0.3/grails-databinding-3.0.3.pom
Download https://repo.grails.org/grails/core/org/grails/grails-encoder/3.0.3/grails-encoder-3.0.3.pom
Download https://repo.grails.org/grails/core/org/grails/grails-gsp/3.0.3/grails-gsp-3.0.3.pom
Download https://repo.grails.org/grails/core/org/grails/grails-datastore-gorm-hibernate-core/4.0.4.RELEASE/grails-datastore-gorm-hibernate-core-4.0.4.RELEASE.pom
Download https://repo.grails.org/grails/core/org/grails/grails-async/3.0.3/grails-async-3.0.3.pom
Download https://repo.grails.org/grails/core/org/grails/grails-plugin-validation/3.0.3/grails-plugin-validation-3.0.3.pom
Download https://repo.grails.org/grails/core/org/grails/grails-spring/3.0.3/grails-spring-3.0.3.pom
Download https://repo.grails.org/grails/core/org/grails/grails-datastore-gorm/4.0.4.RELEASE/grails-datastore-gorm-4.0.4.RELEASE.pom
Download https://repo.grails.org/grails/core/org/grails/grails-datastore-core/4.0.4.RELEASE/grails-datastore-core-4.0.4.RELEASE.pom
Download https://repo.grails.org/grails/core/org/grails/grails-datastore-simple/4.0.4.RELEASE/grails-datastore-simple-4.0.4.RELEASE.pom
Download https://repo.grails.org/grails/core/org/codehaus/groovy/groovy-test/2.4.3/groovy-test-2.4.3.pom
Download https://repo.grails.org/grails/core/org/seleniumhq/selenium/selenium-chrome-driver/2.41.0/selenium-chrome-driver-2.41.0.pom
Download https://repo.grails.org/grails/core/org/seleniumhq/selenium/selenium-firefox-driver/2.41.0/selenium-firefox-driver-2.41.0.pom
Download https://repo.grails.org/grails/core/org/seleniumhq/selenium/selenium-ie-driver/2.41.0/selenium-ie-driver-2.41.0.pom
Download https://repo.grails.org/grails/core/org/seleniumhq/selenium/selenium-safari-driver/2.41.0/selenium-safari-driver-2.41.0.pom
Download https://repo.grails.org/grails/core/org/webbitserver/webbit/0.4.14/webbit-0.4.14.pom
Download https://repo.grails.org/grails/core/org/sonatype/oss/oss-parent/6/oss-parent-6.pom
Download https://repo.grails.org/grails/core/org/grails/grails-web-gsp/3.0.3/grails-web-gsp-3.0.3.pom
Download https://repo.grails.org/grails/core/org/grails/grails-web-databinding/3.0.3/grails-web-databinding-3.0.3.pom
Download https://repo.grails.org/grails/core/org/grails/grails-web-url-mappings/3.0.3/grails-web-url-mappings-3.0.3.pom
Download https://repo.grails.org/grails/core/org/grails/grails-web-jsp/3.0.3/grails-web-jsp-3.0.3.pom
Download https://repo.grails.org/grails/core/org/grails/grails-web-mvc/3.0.3/grails-web-mvc-3.0.3.pom
Download https://repo.grails.org/grails/core/org/grails/grails-web-sitemesh/3.0.3/grails-web-sitemesh-3.0.3.pom
Download https://repo.grails.org/grails/core/org/codehaus/groovy/groovy-sql/2.4.3/groovy-sql-2.4.3.pom
Download https://repo.grails.org/grails/core/org/codehaus/groovy/groovy-json/2.4.3/groovy-json-2.4.3.pom
Download https://repo.grails.org/grails/core/org/grails/grails-taglib/3.0.3/grails-taglib-3.0.3.pom
Download https://repo.grails.org/grails/core/org/grails/grails-datastore-gorm-plugin-support/4.0.4.RELEASE/grails-datastore-gorm-plugin-support-4.0.4.RELEASE.pom
Download https://repo.grails.org/grails/core/io/netty/netty/3.5.2.Final/netty-3.5.2.Final.pom
Download https://repo.grails.org/grails/core/org/grails/grails-web-taglib/3.0.3/grails-web-taglib-3.0.3.pom
Download https://repo.grails.org/grails/core/org/grails/grails-datastore-web/4.0.4.RELEASE/grails-datastore-web-4.0.4.RELEASE.pom
Download https://repo.grails.org/grails/core/org/grails/grails-web-boot/3.0.3/grails-web-boot-3.0.3.jar
Download https://repo.grails.org/grails/core/org/grails/plugins/hibernate/4.3.10.4/hibernate-4.3.10.4.jar
Download https://repo.grails.org/grails/core/org/grails/plugins/asset-pipeline/3.0.3/asset-pipeline-3.0.3.jar
Download https://repo.grails.org/grails/core/org/grails/plugins/scaffolding/3.0.3/scaffolding-3.0.3.jar
Download https://repo.grails.org/grails/core/org/grails/grails-plugin-testing/3.0.3/grails-plugin-testing-3.0.3.jar
Download https://repo.grails.org/grails/core/com/github/detro/phantomjsdriver/1.2.0/phantomjsdriver-1.2.0.jar
Download https://repo.grails.org/grails/core/org/grails/grails-plugin-rest/3.0.3/grails-plugin-rest-3.0.3.jar
Download https://repo.grails.org/grails/core/org/grails/grails-plugin-databinding/3.0.3/grails-plugin-databinding-3.0.3.jar
Download https://repo.grails.org/grails/core/org/grails/grails-plugin-i18n/3.0.3/grails-plugin-i18n-3.0.3.jar
Download https://repo.grails.org/grails/core/org/grails/grails-plugin-filters/3.0.3/grails-plugin-filters-3.0.3.jar
Download https://repo.grails.org/grails/core/org/grails/grails-plugin-gsp/3.0.3/grails-plugin-gsp-3.0.3.jar
Download https://repo.grails.org/grails/core/org/grails/grails-plugin-services/3.0.3/grails-plugin-services-3.0.3.jar
Download https://repo.grails.org/grails/core/org/grails/grails-plugin-url-mappings/3.0.3/grails-plugin-url-mappings-3.0.3.jar
Download https://repo.grails.org/grails/core/org/grails/grails-plugin-interceptors/3.0.3/grails-plugin-interceptors-3.0.3.jar
Download https://repo.grails.org/grails/core/org/grails/grails-plugin-async/3.0.3/grails-plugin-async-3.0.3.jar
Download https://repo.grails.org/grails/core/org/grails/grails-web-common/3.0.3/grails-web-common-3.0.3.jar
Download https://repo.grails.org/grails/core/org/grails/grails-datastore-gorm-hibernate4/4.0.4.RELEASE/grails-datastore-gorm-hibernate4-4.0.4.RELEASE.jar
Download https://repo.grails.org/grails/core/com/bertramlabs/plugins/asset-pipeline-core/2.3.8/asset-pipeline-core-2.3.8.jar
Download https://repo.grails.org/grails/core/org/grails/plugins/fields/2.0.2/fields-2.0.2.jar
Download https://repo.grails.org/grails/core/org/grails/grails-plugin-controllers/3.0.3/grails-plugin-controllers-3.0.3.jar
Download https://repo.grails.org/grails/core/org/grails/grails-plugin-domain-class/3.0.3/grails-plugin-domain-class-3.0.3.jar
Download https://repo.grails.org/grails/core/org/grails/grails-plugin-mimetypes/3.0.3/grails-plugin-mimetypes-3.0.3.jar
Download https://repo.grails.org/grails/core/org/grails/grails-plugin-converters/3.0.3/grails-plugin-converters-3.0.3.jar
Download https://repo.grails.org/grails/core/org/grails/grails-plugin-codecs/3.0.3/grails-plugin-codecs-3.0.3.jar
Download https://repo.grails.org/grails/core/org/grails/grails-test/3.0.3/grails-test-3.0.3.jar
Download https://repo.grails.org/grails/core/org/seleniumhq/selenium/selenium-java/2.41.0/selenium-java-2.41.0.jar
Download https://repo.grails.org/grails/core/org/grails/grails-web/3.0.3/grails-web-3.0.3.jar
Download https://repo.grails.org/grails/core/org/grails/grails-plugin-datasource/3.0.3/grails-plugin-datasource-3.0.3.jar
Download https://repo.grails.org/grails/core/org/grails/grails-core/3.0.3/grails-core-3.0.3.jar
Download https://repo.grails.org/grails/core/org/grails/grails-logging/3.0.3/grails-logging-3.0.3.jar
Download https://repo.grails.org/grails/core/org/grails/grails-web-gsp-taglib/3.0.3/grails-web-gsp-taglib-3.0.3.jar
Download https://repo.grails.org/grails/core/org/grails/grails-plugin-events/3.0.3/grails-plugin-events-3.0.3.jar
Download https://repo.grails.org/grails/core/org/grails/grails-validation/3.0.3/grails-validation-3.0.3.jarDaemon vm is shutting down... The daemon has exited normally or was terminated in response to a user interrupt.
