06:08:28.149 [INFO] [org.gradle.launcher.daemon.server.Daemon] start() called on daemon - DefaultDaemonContext[uid=0d9a9630-5940-4ab0-8a3a-e72288c461d3,javaHome=/home/jack/github/myPractice/jdk1.8.0_51,daemonRegistryDir=/home/jack/github/myPractice/gradleRepo/.gradle/daemon,pid=21487,idleTimeout=10800000,daemonOpts=-XX:MaxPermSize=256m,-XX:+HeapDumpOnOutOfMemoryError,-Xmx1024m,-Dfile.encoding=UTF-8,-Duser.country=US,-Duser.language=en,-Duser.variant]
06:08:28.154 [DEBUG] [org.gradle.launcher.daemon.server.DaemonStateCoordinator] updating lastActivityAt to 1460120908154
06:08:28.163 [DEBUG] [org.gradle.messaging.remote.internal.inet.InetAddressFactory] Adding IP addresses for network interface eth0
06:08:28.163 [DEBUG] [org.gradle.messaging.remote.internal.inet.InetAddressFactory] Is this a loopback interface? false
06:08:28.164 [DEBUG] [org.gradle.messaging.remote.internal.inet.InetAddressFactory] Is this a multicast interface? true
06:08:28.164 [DEBUG] [org.gradle.messaging.remote.internal.inet.InetAddressFactory] Adding remote address /fe80:0:0:0:20c:29ff:fe8b:427%eth0
06:08:28.165 [DEBUG] [org.gradle.messaging.remote.internal.inet.InetAddressFactory] Adding remote address /192.168.10.103
06:08:28.167 [DEBUG] [org.gradle.messaging.remote.internal.inet.InetAddressFactory] Adding remote multicast interface eth0
06:08:28.170 [DEBUG] [org.gradle.messaging.remote.internal.inet.InetAddressFactory] Adding IP addresses for network interface lo
06:08:28.170 [DEBUG] [org.gradle.messaging.remote.internal.inet.InetAddressFactory] Is this a loopback interface? true
06:08:28.171 [DEBUG] [org.gradle.messaging.remote.internal.inet.InetAddressFactory] Is this a multicast interface? false
06:08:28.171 [DEBUG] [org.gradle.messaging.remote.internal.inet.InetAddressFactory] Adding loopback address /0:0:0:0:0:0:0:1%lo
06:08:28.172 [DEBUG] [org.gradle.messaging.remote.internal.inet.InetAddressFactory] Adding loopback address /127.0.0.1
06:08:28.190 [DEBUG] [org.gradle.messaging.remote.internal.inet.TcpIncomingConnector] Listening on [64a70512-e4e6-4593-ab19-d8f273f3e83e port:38304, addresses:[/0:0:0:0:0:0:0:1%lo, /127.0.0.1]].
06:08:28.195 [DEBUG] [org.gradle.launcher.daemon.server.Daemon] Daemon starting at: Fri Apr 08 06:08:28 PDT 2016, with address: [64a70512-e4e6-4593-ab19-d8f273f3e83e port:38304, addresses:[/0:0:0:0:0:0:0:1%lo, /127.0.0.1]]
06:08:28.197 [INFO] [org.gradle.launcher.daemon.server.DomainRegistryUpdater] Advertising the daemon address to the clients: [64a70512-e4e6-4593-ab19-d8f273f3e83e port:38304, addresses:[/0:0:0:0:0:0:0:1%lo, /127.0.0.1]]
06:08:28.201 [DEBUG] [org.gradle.launcher.daemon.server.DomainRegistryUpdater] Advertised daemon context: DefaultDaemonContext[uid=0d9a9630-5940-4ab0-8a3a-e72288c461d3,javaHome=/home/jack/github/myPractice/jdk1.8.0_51,daemonRegistryDir=/home/jack/github/myPractice/gradleRepo/.gradle/daemon,pid=21487,idleTimeout=10800000,daemonOpts=-XX:MaxPermSize=256m,-XX:+HeapDumpOnOutOfMemoryError,-Xmx1024m,-Dfile.encoding=UTF-8,-Duser.country=US,-Duser.language=en,-Duser.variant]
06:08:28.202 [DEBUG] [org.gradle.launcher.daemon.registry.PersistentDaemonRegistry] Storing daemon address: [64a70512-e4e6-4593-ab19-d8f273f3e83e port:38304, addresses:[/0:0:0:0:0:0:0:1%lo, /127.0.0.1]], context: DefaultDaemonContext[uid=0d9a9630-5940-4ab0-8a3a-e72288c461d3,javaHome=/home/jack/github/myPractice/jdk1.8.0_51,daemonRegistryDir=/home/jack/github/myPractice/gradleRepo/.gradle/daemon,pid=21487,idleTimeout=10800000,daemonOpts=-XX:MaxPermSize=256m,-XX:+HeapDumpOnOutOfMemoryError,-Xmx1024m,-Dfile.encoding=UTF-8,-Duser.country=US,-Duser.language=en,-Duser.variant]
06:08:28.210 [DEBUG] [org.gradle.cache.internal.DefaultFileLockManager] Waiting to acquire exclusive lock on daemon addresses registry.
06:08:28.212 [DEBUG] [org.gradle.cache.internal.DefaultFileLockManager] Lock acquired.
06:08:28.253 [DEBUG] [org.gradle.cache.internal.DefaultFileLockManager] Releasing lock on daemon addresses registry.
06:08:28.253 [LIFECYCLE] [org.gradle.launcher.daemon.server.Daemon] Daemon server started.
06:08:28.263 [DEBUG] [org.gradle.launcher.daemon.bootstrap.DaemonStartupCommunication] Completed writing the daemon greeting. Closing streams...
06:08:28.264 [DEBUG] [org.gradle.launcher.daemon.server.Daemon] requestStopOnIdleTimeout(10800000 MILLISECONDS) called on daemon
06:08:28.265 [DEBUG] [org.gradle.launcher.daemon.server.DaemonStateCoordinator] Idle timeout: waiting for daemon to stop or be idle for 10800000ms
06:08:28.268 [DEBUG] [org.gradle.launcher.daemon.server.DaemonStateCoordinator] Daemon is idle, sleeping until state change or idle timeout at Fri Apr 08 09:08:28 PDT 2016
06:08:28.282 [DEBUG] [org.gradle.messaging.remote.internal.inet.TcpIncomingConnector] Accepted connection from /0:0:0:0:0:0:0:1:43788 to /0:0:0:0:0:0:0:1:38304.
06:08:28.393 [DEBUG] [org.gradle.launcher.daemon.server.SynchronizedDispatchConnection] thread 13: received class org.gradle.launcher.daemon.protocol.Build
06:08:28.394 [DEBUG] [org.gradle.launcher.daemon.server.DefaultDaemonConnection] Received non-IO message from client: Build{id=3959e357-0152-433e-a1be-e5077e546043.1, currentDir=/home/jack/github/myPractice/grails3-security-demo}
06:08:28.399 [INFO] [org.gradle.launcher.daemon.server.DefaultIncomingConnectionHandler] Received command: Build{id=3959e357-0152-433e-a1be-e5077e546043.1, currentDir=/home/jack/github/myPractice/grails3-security-demo}.
06:08:28.400 [DEBUG] [org.gradle.launcher.daemon.server.DefaultIncomingConnectionHandler] Starting executing command: Build{id=3959e357-0152-433e-a1be-e5077e546043.1, currentDir=/home/jack/github/myPractice/grails3-security-demo} with connection: socket connection from /0:0:0:0:0:0:0:1:38304 to /0:0:0:0:0:0:0:1:43788.
06:08:28.408 [DEBUG] [org.gradle.launcher.daemon.server.DaemonStateCoordinator] Command execution: started DaemonCommandExecution[command = Build{id=3959e357-0152-433e-a1be-e5077e546043.1, currentDir=/home/jack/github/myPractice/grails3-security-demo}, connection = org.gradle.launcher.daemon.server.DefaultDaemonConnection@7dc70109] after 0.0 minutes of idle
06:08:28.409 [INFO] [org.gradle.launcher.daemon.server.DomainRegistryUpdater] Marking the daemon as busy, address: [64a70512-e4e6-4593-ab19-d8f273f3e83e port:38304, addresses:[/0:0:0:0:0:0:0:1%lo, /127.0.0.1]]
06:08:28.409 [DEBUG] [org.gradle.launcher.daemon.registry.PersistentDaemonRegistry] Marking busy by address: [64a70512-e4e6-4593-ab19-d8f273f3e83e port:38304, addresses:[/0:0:0:0:0:0:0:1%lo, /127.0.0.1]]
06:08:28.411 [DEBUG] [org.gradle.cache.internal.DefaultFileLockManager] Waiting to acquire exclusive lock on daemon addresses registry.
06:08:28.412 [DEBUG] [org.gradle.cache.internal.DefaultFileLockManager] Lock acquired.
06:08:28.418 [DEBUG] [org.gradle.cache.internal.DefaultFileLockManager] Releasing lock on daemon addresses registry.
06:08:28.418 [DEBUG] [org.gradle.launcher.daemon.server.DaemonStateCoordinator] updating lastActivityAt to 1460120908418
06:08:28.418 [DEBUG] [org.gradle.launcher.daemon.server.DaemonStateCoordinator] Daemon is busy, sleeping until state changes.
06:08:28.421 [INFO] [org.gradle.launcher.daemon.server.exec.StartBuildOrRespondWithBusy] Daemon is about to start building Build{id=3959e357-0152-433e-a1be-e5077e546043.1, currentDir=/home/jack/github/myPractice/grails3-security-demo}. Dispatching build started information...
06:08:28.422 [DEBUG] [org.gradle.launcher.daemon.server.SynchronizedDispatchConnection] thread 15: dispatching class org.gradle.launcher.daemon.protocol.BuildStarted
06:08:28.430 [DEBUG] [org.gradle.launcher.daemon.server.exec.EstablishBuildEnvironment] Configuring env variables: {PATH=/home/jack/github/myPractice/gradle-2.10/bin:/home/jack/github/myPractice/jdk1.8.0_51/bin:/home/jack/github/myPractice/jdk1.8.0_51/jre/bin:/home/jack/github/myPractice/grails-3.0.11/bin:/home/jack/.rvm/gems/ruby-2.2.0/bin:/home/jack/.rvm/gems/ruby-2.2.0@global/bin:/home/jack/.rvm/rubies/ruby-2.2.0/bin:/usr/local/sbin:/usr/local/bin:/usr/sbin:/usr/bin:/sbin:/bin:/usr/games:/usr/local/games:/home/jack/.rvm/bin:/home/jack/.rvm/bin:/home/jack/.rvm/bin, IRBRC=/home/jack/.rvm/rubies/ruby-2.2.0/.irbrc, XAUTHORITY=/home/jack/.Xauthority, XMODIFIERS=@im=ibus, XDG_DATA_DIRS=/usr/share/ubuntu:/usr/share/gnome:/usr/local/share/:/usr/share/, GDMSESSION=ubuntu, MANDATORY_PATH=/usr/share/gconf/ubuntu.mandatory.path, GRAILS_HOME=/home/jack/github/myPractice/grails-3.0.11, TEXTDOMAINDIR=/usr/share/locale/, GTK_IM_MODULE=ibus, DBUS_SESSION_BUS_ADDRESS=unix:abstract=/tmp/dbus-STfAv2R5jK, DEFAULTS_PATH=/usr/share/gconf/ubuntu.default.path, XDG_CURRENT_DESKTOP=Unity, SSH_AGENT_PID=2178, COLORTERM=gnome-terminal, QT4_IM_MODULE=xim, UPSTART_SESSION=unix:abstract=/com/ubuntu/upstart-session/1001/2096, SESSION_MANAGER=local/ubuntu:@/tmp/.ICE-unix/2250,unix/ubuntu:/tmp/.ICE-unix/2250, LOGNAME=jack, rvm_version=1.26.10 (latest), JOB=dbus, PWD=/home/jack/github/myPractice/grails3-security-demo, IM_CONFIG_PHASE=1, LANGUAGE=en_US, WINDOWID=62914571, LESSOPEN=| /usr/bin/lesspipe %s, SHELL=/bin/bash, INSTANCE=, MY_RUBY_HOME=/home/jack/.rvm/rubies/ruby-2.2.0, OLDPWD=/home/jack/github/myPractice/grails-3.0.11, GEM_HOME=/home/jack/.rvm/gems/ruby-2.2.0, rvm_path=/home/jack/.rvm, GNOME_DESKTOP_SESSION_ID=this-is-deprecated, GTK_MODULES=overlay-scrollbar:unity-gtk-module, RUBY_VERSION=ruby-2.2.0, CLUTTER_IM_MODULE=xim, _system_name=Ubuntu, TEXTDOMAIN=im-config, XDG_SESSION_PATH=/org/freedesktop/DisplayManager/Session0, COMPIZ_BIN_PATH=/usr/bin/, SESSIONTYPE=gnome-session, LS_COLORS=rs=0:di=01;34:ln=01;36:mh=00:pi=40;33:so=01;35:do=01;35:bd=40;33;01:cd=40;33;01:or=40;31;01:su=37;41:sg=30;43:ca=30;41:tw=30;42:ow=34;42:st=37;44:ex=01;32:*.tar=01;31:*.tgz=01;31:*.arj=01;31:*.taz=01;31:*.lzh=01;31:*.lzma=01;31:*.tlz=01;31:*.txz=01;31:*.zip=01;31:*.z=01;31:*.Z=01;31:*.dz=01;31:*.gz=01;31:*.lz=01;31:*.xz=01;31:*.bz2=01;31:*.bz=01;31:*.tbz=01;31:*.tbz2=01;31:*.tz=01;31:*.deb=01;31:*.rpm=01;31:*.jar=01;31:*.war=01;31:*.ear=01;31:*.sar=01;31:*.rar=01;31:*.ace=01;31:*.zoo=01;31:*.cpio=01;31:*.7z=01;31:*.rz=01;31:*.jpg=01;35:*.jpeg=01;35:*.gif=01;35:*.bmp=01;35:*.pbm=01;35:*.pgm=01;35:*.ppm=01;35:*.tga=01;35:*.xbm=01;35:*.xpm=01;35:*.tif=01;35:*.tiff=01;35:*.png=01;35:*.svg=01;35:*.svgz=01;35:*.mng=01;35:*.pcx=01;35:*.mov=01;35:*.mpg=01;35:*.mpeg=01;35:*.m2v=01;35:*.mkv=01;35:*.webm=01;35:*.ogm=01;35:*.mp4=01;35:*.m4v=01;35:*.mp4v=01;35:*.vob=01;35:*.qt=01;35:*.nuv=01;35:*.wmv=01;35:*.asf=01;35:*.rm=01;35:*.rmvb=01;35:*.flc=01;35:*.avi=01;35:*.fli=01;35:*.flv=01;35:*.gl=01;35:*.dl=01;35:*.xcf=01;35:*.xwd=01;35:*.yuv=01;35:*.cgm=01;35:*.emf=01;35:*.axv=01;35:*.anx=01;35:*.ogv=01;35:*.ogx=01;35:*.aac=00;36:*.au=00;36:*.flac=00;36:*.mid=00;36:*.midi=00;36:*.mka=00;36:*.mp3=00;36:*.mpc=00;36:*.ogg=00;36:*.ra=00;36:*.wav=00;36:*.axa=00;36:*.oga=00;36:*.spx=00;36:*.xspf=00;36:, SSH_AGENT_LAUNCHER=upstart, SHLVL=1, LESSCLOSE=/usr/bin/lesspipe %s %s, _system_arch=x86_64, COMPIZ_CONFIG_PROFILE=ubuntu, rvm_bin_path=/home/jack/.rvm/bin, QT_IM_MODULE=ibus, JAVA_HOME=/home/jack/github/myPractice/jdk1.8.0_51, TERM=xterm, XFILESEARCHPATH=/usr/dt/app-defaults/%L/Dt, rvm_prefix=/home/jack, XDG_CONFIG_DIRS=/etc/xdg/xdg-ubuntu:/usr/share/upstart/xdg:/etc/xdg, LANG=en_US.UTF-8, XDG_SEAT_PATH=/org/freedesktop/DisplayManager/Seat0, GNOME_KEYRING_CONTROL=/run/user/1001/keyring-vRRGve, XDG_SESSION_ID=c2, SELINUX_INIT=YES, DISPLAY=:0, GDM_LANG=en_US, UBUNTU_MENUPROXY=1, _system_type=Linux, XDG_GREETER_DATA_DIR=/var/lib/lightdm-data/jack, DESKTOP_SESSION=ubuntu, GPG_AGENT_INFO=/run/user/1001/keyring-vRRGve/gpg:0:1, SESSION=ubuntu, _system_version=14.04, USER=jack, CLASSPATH=/home/jack/github/myPractice/grails-3.0.11/dist/grails-shell-3.0.11.jar:/home/jack/github/myPractice/grails-3.0.11/lib/org.codehaus.groovy/groovy/jars/groovy-2.4.5.jar:/home/jack/github/myPractice/grails-3.0.11/lib/org.slf4j/slf4j-api/jars/slf4j-api-1.7.10.jar:/home/jack/github/myPractice/grails-3.0.11/lib/org.slf4j/jcl-over-slf4j/jars/jcl-over-slf4j-1.7.10.jar:/home/jack/github/myPractice/grails-3.0.11/dist/grails-bootstrap-3.0.11.jar:/home/jack/github/myPractice/grails-3.0.11/dist/grails-gradle-model-3.0.11.jar:/home/jack/github/myPractice/grails-3.0.11/lib/org.apache.ant/ant/jars/ant-1.9.4.jar:/home/jack/github/myPractice/grails-3.0.11/lib/org.codehaus.groovy/groovy-ant/jars/groovy-ant-2.4.5.jar:/home/jack/github/myPractice/grails-3.0.11/lib/org.codehaus.groovy/groovy-json/jars/groovy-json-2.4.5.jar:/home/jack/github/myPractice/grails-3.0.11/lib/org.codehaus.groovy/groovy-jmx/jars/groovy-jmx-2.4.5.jar:/home/jack/github/myPractice/grails-3.0.11/lib/org.fusesource.jansi/jansi/jars/jansi-1.11.jar:/home/jack/github/myPractice/grails-3.0.11/lib/jline/jline/jars/jline-2.12.jar:/home/jack/github/myPractice/grails-3.0.11/lib/org.eclipse.jgit/org.eclipse.jgit/jars/org.eclipse.jgit-3.5.2.201411120430-r.jar:/home/jack/github/myPractice/grails-3.0.11/lib/org.gradle/gradle-tooling-api/jars/gradle-tooling-api-2.3.jar:/home/jack/github/myPractice/grails-3.0.11/lib/org.springframework.boot/spring-boot-cli/jars/spring-boot-cli-1.2.7.RELEASE.jar:/home/jack/github/myPractice/grails-3.0.11/lib/org.slf4j/slf4j-simple/jars/slf4j-simple-1.7.10.jar:/home/jack/github/myPractice/grails-3.0.11/lib/org.codehaus.plexus/plexus-component-api/jars/plexus-component-api-1.0-alpha-33.jar:/home/jack/github/myPractice/grails-3.0.11/lib/org.codehaus.groovy/groovy-xml/jars/groovy-xml-2.4.5.jar:/home/jack/github/myPractice/grails-3.0.11/lib/org.yaml/snakeyaml/jars/snakeyaml-1.14.jar:/home/jack/github/myPractice/grails-3.0.11/lib/org.apache.ant/ant-launcher/jars/ant-launcher-1.9.4.jar:/home/jack/github/myPractice/grails-3.0.11/lib/org.apache.ant/ant-antlr/jars/ant-antlr-1.9.4.jar:/home/jack/github/myPractice/grails-3.0.11/lib/org.codehaus.groovy/groovy-groovydoc/jars/groovy-groovydoc-2.4.5.jar:/home/jack/github/myPractice/grails-3.0.11/lib/org.apache.ant/ant-junit/jars/ant-junit-1.9.4.jar:/home/jack/github/myPractice/grails-3.0.11/lib/com.jcraft/jsch/jars/jsch-0.1.50.jar:/home/jack/github/myPractice/grails-3.0.11/lib/com.googlecode.javaewah/JavaEWAH/jars/JavaEWAH-0.7.9.jar:/home/jack/github/myPractice/grails-3.0.11/lib/org.springframework.boot/spring-boot-dependency-tools/jars/spring-boot-dependency-tools-1.2.7.RELEASE.jar:/home/jack/github/myPractice/grails-3.0.11/lib/org.springframework.boot/spring-boot-loader-tools/jars/spring-boot-loader-tools-1.2.7.RELEASE.jar:/home/jack/github/myPractice/grails-3.0.11/lib/net.sf.jopt-simple/jopt-simple/jars/jopt-simple-4.6.jar:/home/jack/github/myPractice/grails-3.0.11/lib/org.springframework/spring-core/jars/spring-core-4.1.8.RELEASE.jar:/home/jack/github/myPractice/grails-3.0.11/lib/org.json/json/jars/json-20140107.jar:/home/jack/github/myPractice/grails-3.0.11/lib/org.apache.maven/maven-aether-provider/jars/maven-aether-provider-3.2.1.jar:/home/jack/github/myPractice/grails-3.0.11/lib/org.apache.maven/maven-settings-builder/jars/maven-settings-builder-3.1.1.jar:/home/jack/github/myPractice/grails-3.0.11/lib/org.eclipse.aether/aether-api/jars/aether-api-0.9.1.v20140329.jar:/home/jack/github/myPractice/grails-3.0.11/lib/org.eclipse.aether/aether-connector-basic/jars/aether-connector-basic-0.9.1.v20140329.jar:/home/jack/github/myPractice/grails-3.0.11/lib/org.eclipse.aether/aether-impl/jars/aether-impl-0.9.1.v20140329.jar:/home/jack/github/myPractice/grails-3.0.11/lib/org.eclipse.aether/aether-spi/jars/aether-spi-0.9.1.v20140329.jar:/home/jack/github/myPractice/grails-3.0.11/lib/org.eclipse.aether/aether-transport-file/jars/aether-transport-file-0.9.1.v20140329.jar:/home/jack/github/myPractice/grails-3.0.11/lib/org.eclipse.aether/aether-transport-http/jars/aether-transport-http-0.9.1.v20140329.jar:/home/jack/github/myPractice/grails-3.0.11/lib/org.eclipse.aether/aether-util/jars/aether-util-0.9.1.v20140329.jar:/home/jack/github/myPractice/grails-3.0.11/lib/org.codehaus.plexus/plexus-classworlds/jars/plexus-classworlds-1.2-alpha-10.jar:/home/jack/github/myPractice/grails-3.0.11/lib/junit/junit/jars/junit-3.8.1.jar:/home/jack/github/myPractice/grails-3.0.11/lib/org.codehaus.groovy/groovy-templates/jars/groovy-templates-2.4.5.jar:/home/jack/github/myPractice/grails-3.0.11/lib/org.apache.maven/maven-model/jars/maven-model-3.2.1.jar:/home/jack/github/myPractice/grails-3.0.11/lib/org.apache.maven/maven-model-builder/jars/maven-model-builder-3.2.1.jar:/home/jack/github/myPractice/grails-3.0.11/lib/org.apache.maven/maven-repository-metadata/jars/maven-repository-metadata-3.2.1.jar:/home/jack/github/myPractice/grails-3.0.11/lib/org.codehaus.plexus/plexus-component-annotations/jars/plexus-component-annotations-1.5.5.jar:/home/jack/github/myPractice/grails-3.0.11/lib/org.codehaus.plexus/plexus-utils/jars/plexus-utils-3.0.17.jar:/home/jack/github/myPractice/grails-3.0.11/lib/org.codehaus.plexus/plexus-interpolation/jars/plexus-interpolation-1.19.jar:/home/jack/github/myPractice/grails-3.0.11/lib/org.apache.maven/maven-settings/jars/maven-settings-3.1.1.jar:/home/jack/github/myPractice/grails-3.0.11/lib/org.sonatype.plexus/plexus-sec-dispatcher/jars/plexus-sec-dispatcher-1.3.jar:/home/jack/github/myPractice/grails-3.0.11/lib/org.sonatype.plexus/plexus-cipher/jars/plexus-cipher-1.4.jar:/home/jack/github/myPractice/grails-3.0.11/lib/org.apache.httpcomponents/httpclient/jars/httpclient-4.2.6.jar:/home/jack/github/myPractice/grails-3.0.11/lib/org.apache.httpcomponents/httpcore/jars/httpcore-4.2.5.jar:/home/jack/github/myPractice/grails-3.0.11/lib/commons-codec/commons-codec/jars/commons-codec-1.6.jar, XDG_MENU_PREFIX=gnome-, VTE_VERSION=3409, XDG_SEAT=seat0, SSH_AUTH_SOCK=/tmp/ssh-6fFyMU2J0FYC/agent.2172, GEM_PATH=/home/jack/.rvm/gems/ruby-2.2.0:/home/jack/.rvm/gems/ruby-2.2.0@global, NLSPATH=/usr/dt/lib/nls/msg/%L/%N.cat, QT_QPA_PLATFORMTHEME=appmenu-qt5, XDG_RUNTIME_DIR=/run/user/1001, XDG_VTNR=7, HOME=/home/jack, GNOME_KEYRING_PID=2078}
06:08:28.443 [DEBUG] [org.gradle.launcher.daemon.server.SynchronizedDispatchConnection] thread 13: received class org.gradle.launcher.daemon.protocol.CloseInput
06:08:28.470 [DEBUG] [org.gradle.launcher.daemon.server.DefaultDaemonConnection] Received IO message from client: CloseInput[id=3959e357-0152-433e-a1be-e5077e546043.2]
06:08:28.472 [DEBUG] [org.gradle.launcher.daemon.server.exec.LogToClient] About to start relaying all logs to the client via the connection.
06:08:28.472 [INFO] [org.gradle.launcher.daemon.server.exec.LogToClient] The client will now receive all logging from the daemon (pid: 21487). The daemon log file: /home/jack/github/myPractice/gradleRepo/.gradle/daemon/2.3/daemon-21487.out.log
06:08:28.482 [INFO] [org.gradle.launcher.daemon.server.health.DaemonHealthTracker] Starting build in new daemon [memory: 1.0 GB]
06:08:28.486 [DEBUG] [org.gradle.launcher.daemon.server.exec.ExecuteBuild] The daemon has started executing the build.
06:08:28.488 [INFO] [org.gradle.launcher.daemon.server.exec.ExecuteBuild] Executing build with daemon context: DefaultDaemonContext[uid=0d9a9630-5940-4ab0-8a3a-e72288c461d3,javaHome=/home/jack/github/myPractice/jdk1.8.0_51,daemonRegistryDir=/home/jack/github/myPractice/gradleRepo/.gradle/daemon,pid=21487,idleTimeout=10800000,daemonOpts=-XX:MaxPermSize=256m,-XX:+HeapDumpOnOutOfMemoryError,-Xmx1024m,-Dfile.encoding=UTF-8,-Duser.country=US,-Duser.language=en,-Duser.variant]
06:08:28.494 [INFO] [org.gradle.launcher.daemon.server.exec.ForwardClientInput] Closing daemon's stdin at end of input.
06:08:28.494 [INFO] [org.gradle.launcher.daemon.server.exec.ForwardClientInput] The daemon will no longer process any standard input.

Configuring Spring Security Core ...
... finished configuring Spring Security Core


Configuring Spring Security UI ...
... finished configuring Spring Security UI

ERROR org.apache.coyote.http11.Http11NioProtocol - Failed to start end point associated with ProtocolHandler ["http-nio-8080"]
java.net.BindException: Address already in use
	at sun.nio.ch.Net.bind0(Native Method) ~[na:1.8.0_51]
	at sun.nio.ch.Net.bind(Net.java:437) ~[na:1.8.0_51]
	at sun.nio.ch.Net.bind(Net.java:429) ~[na:1.8.0_51]
	at sun.nio.ch.ServerSocketChannelImpl.bind(ServerSocketChannelImpl.java:223) ~[na:1.8.0_51]
	at sun.nio.ch.ServerSocketAdaptor.bind(ServerSocketAdaptor.java:74) ~[na:1.8.0_51]
	at org.apache.tomcat.util.net.NioEndpoint.bind(NioEndpoint.java:340) ~[tomcat-embed-core-8.0.28.jar:8.0.28]
	at org.apache.tomcat.util.net.AbstractEndpoint.start(AbstractEndpoint.java:765) ~[tomcat-embed-core-8.0.28.jar:8.0.28]
	at org.apache.coyote.AbstractProtocol.start(AbstractProtocol.java:472) ~[tomcat-embed-core-8.0.28.jar:8.0.28]
	at org.apache.catalina.connector.Connector.startInternal(Connector.java:986) [tomcat-embed-core-8.0.28.jar:8.0.28]
	at org.apache.catalina.util.LifecycleBase.start(LifecycleBase.java:150) [tomcat-embed-core-8.0.28.jar:8.0.28]
	at org.apache.catalina.core.StandardService.addConnector(StandardService.java:237) [tomcat-embed-core-8.0.28.jar:8.0.28]
	at org.springframework.boot.context.embedded.tomcat.TomcatEmbeddedServletContainer.addPreviouslyRemovedConnectors(TomcatEmbeddedServletContainer.java:186) [spring-boot-1.2.7.RELEASE.jar:1.2.7.RELEASE]
	at org.springframework.boot.context.embedded.tomcat.TomcatEmbeddedServletContainer.start(TomcatEmbeddedServletContainer.java:149) [spring-boot-1.2.7.RELEASE.jar:1.2.7.RELEASE]
	at org.springframework.boot.context.embedded.EmbeddedWebApplicationContext.startEmbeddedServletContainer(EmbeddedWebApplicationContext.java:288) [spring-boot-1.2.7.RELEASE.jar:1.2.7.RELEASE]
	at org.springframework.boot.context.embedded.EmbeddedWebApplicationContext.finishRefresh(EmbeddedWebApplicationContext.java:140) [spring-boot-1.2.7.RELEASE.jar:1.2.7.RELEASE]
	at org.springframework.context.support.AbstractApplicationContext.refresh(AbstractApplicationContext.java:483) [spring-context-4.1.8.RELEASE.jar:4.1.8.RELEASE]
	at org.springframework.boot.context.embedded.EmbeddedWebApplicationContext.refresh(EmbeddedWebApplicationContext.java:117) [spring-boot-1.2.7.RELEASE.jar:1.2.7.RELEASE]
	at org.springframework.boot.SpringApplication.refresh(SpringApplication.java:689) [spring-boot-1.2.7.RELEASE.jar:1.2.7.RELEASE]
	at org.springframework.boot.SpringApplication.run(SpringApplication.java:321) [spring-boot-1.2.7.RELEASE.jar:1.2.7.RELEASE]
	at grails.boot.GrailsApp.run(GrailsApp.groovy:51) [grails-core-3.0.11.jar:3.0.11]
	at grails.boot.GrailsApp.run(GrailsApp.groovy:335) [grails-core-3.0.11.jar:3.0.11]
	at grails.boot.GrailsApp.run(GrailsApp.groovy:324) [grails-core-3.0.11.jar:3.0.11]
	at grails.boot.GrailsApp$run.call(Unknown Source) [grails-core-3.0.11.jar:3.0.11]
	at org.codehaus.groovy.runtime.callsite.CallSiteArray.defaultCall(CallSiteArray.java:48) [groovy-2.4.5.jar:2.4.5]
	at org.codehaus.groovy.runtime.callsite.AbstractCallSite.call(AbstractCallSite.java:113) [groovy-2.4.5.jar:2.4.5]
	at org.codehaus.groovy.runtime.callsite.AbstractCallSite.call(AbstractCallSite.java:133) [groovy-2.4.5.jar:2.4.5]
	at grails3.security.demo.Application.main(Application.groovy:8) [main/:na]
ERROR org.apache.catalina.core.StandardService - Failed to start connector [Connector[HTTP/1.1-8080]]
org.apache.catalina.LifecycleException: Failed to start component [Connector[HTTP/1.1-8080]]
	at org.apache.catalina.util.LifecycleBase.start(LifecycleBase.java:154) ~[tomcat-embed-core-8.0.28.jar:8.0.28]
	at org.apache.catalina.core.StandardService.addConnector(StandardService.java:237) ~[tomcat-embed-core-8.0.28.jar:8.0.28]
	at org.springframework.boot.context.embedded.tomcat.TomcatEmbeddedServletContainer.addPreviouslyRemovedConnectors(TomcatEmbeddedServletContainer.java:186) [spring-boot-1.2.7.RELEASE.jar:1.2.7.RELEASE]
	at org.springframework.boot.context.embedded.tomcat.TomcatEmbeddedServletContainer.start(TomcatEmbeddedServletContainer.java:149) [spring-boot-1.2.7.RELEASE.jar:1.2.7.RELEASE]
	at org.springframework.boot.context.embedded.EmbeddedWebApplicationContext.startEmbeddedServletContainer(EmbeddedWebApplicationContext.java:288) [spring-boot-1.2.7.RELEASE.jar:1.2.7.RELEASE]
	at org.springframework.boot.context.embedded.EmbeddedWebApplicationContext.finishRefresh(EmbeddedWebApplicationContext.java:140) [spring-boot-1.2.7.RELEASE.jar:1.2.7.RELEASE]
	at org.springframework.context.support.AbstractApplicationContext.refresh(AbstractApplicationContext.java:483) [spring-context-4.1.8.RELEASE.jar:4.1.8.RELEASE]
	at org.springframework.boot.context.embedded.EmbeddedWebApplicationContext.refresh(EmbeddedWebApplicationContext.java:117) [spring-boot-1.2.7.RELEASE.jar:1.2.7.RELEASE]
	at org.springframework.boot.SpringApplication.refresh(SpringApplication.java:689) [spring-boot-1.2.7.RELEASE.jar:1.2.7.RELEASE]
	at org.springframework.boot.SpringApplication.run(SpringApplication.java:321) [spring-boot-1.2.7.RELEASE.jar:1.2.7.RELEASE]
	at grails.boot.GrailsApp.run(GrailsApp.groovy:51) [grails-core-3.0.11.jar:3.0.11]
	at grails.boot.GrailsApp.run(GrailsApp.groovy:335) [grails-core-3.0.11.jar:3.0.11]
	at grails.boot.GrailsApp.run(GrailsApp.groovy:324) [grails-core-3.0.11.jar:3.0.11]
	at grails.boot.GrailsApp$run.call(Unknown Source) [grails-core-3.0.11.jar:3.0.11]
	at org.codehaus.groovy.runtime.callsite.CallSiteArray.defaultCall(CallSiteArray.java:48) [groovy-2.4.5.jar:2.4.5]
	at org.codehaus.groovy.runtime.callsite.AbstractCallSite.call(AbstractCallSite.java:113) [groovy-2.4.5.jar:2.4.5]
	at org.codehaus.groovy.runtime.callsite.AbstractCallSite.call(AbstractCallSite.java:133) [groovy-2.4.5.jar:2.4.5]
	at grails3.security.demo.Application.main(Application.groovy:8) [main/:na]
Caused by: org.apache.catalina.LifecycleException: service.getName(): "Tomcat";  Protocol handler start failed
	at org.apache.catalina.connector.Connector.startInternal(Connector.java:993) ~[tomcat-embed-core-8.0.28.jar:8.0.28]
	at org.apache.catalina.util.LifecycleBase.start(LifecycleBase.java:150) ~[tomcat-embed-core-8.0.28.jar:8.0.28]
	... 17 common frames omitted
Caused by: java.net.BindException: Address already in use
	at sun.nio.ch.Net.bind0(Native Method) ~[na:1.8.0_51]
	at sun.nio.ch.Net.bind(Net.java:437) ~[na:1.8.0_51]
	at sun.nio.ch.Net.bind(Net.java:429) ~[na:1.8.0_51]
	at sun.nio.ch.ServerSocketChannelImpl.bind(ServerSocketChannelImpl.java:223) ~[na:1.8.0_51]
	at sun.nio.ch.ServerSocketAdaptor.bind(ServerSocketAdaptor.java:74) ~[na:1.8.0_51]
	at org.apache.tomcat.util.net.NioEndpoint.bind(NioEndpoint.java:340) ~[tomcat-embed-core-8.0.28.jar:8.0.28]
	at org.apache.tomcat.util.net.AbstractEndpoint.start(AbstractEndpoint.java:765) ~[tomcat-embed-core-8.0.28.jar:8.0.28]
	at org.apache.coyote.AbstractProtocol.start(AbstractProtocol.java:472) ~[tomcat-embed-core-8.0.28.jar:8.0.28]
	at org.apache.catalina.connector.Connector.startInternal(Connector.java:986) ~[tomcat-embed-core-8.0.28.jar:8.0.28]
	... 18 common frames omitted
ERROR grails.boot.GrailsApp - Application startup failed
java.lang.IllegalStateException: Tomcat connector in failed state
	at org.springframework.boot.context.embedded.tomcat.TomcatEmbeddedServletContainer.start(TomcatEmbeddedServletContainer.java:157) ~[spring-boot-1.2.7.RELEASE.jar:1.2.7.RELEASE]
	at org.springframework.boot.context.embedded.EmbeddedWebApplicationContext.startEmbeddedServletContainer(EmbeddedWebApplicationContext.java:288) ~[spring-boot-1.2.7.RELEASE.jar:1.2.7.RELEASE]
	at org.springframework.boot.context.embedded.EmbeddedWebApplicationContext.finishRefresh(EmbeddedWebApplicationContext.java:140) ~[spring-boot-1.2.7.RELEASE.jar:1.2.7.RELEASE]
	at org.springframework.context.support.AbstractApplicationContext.refresh(AbstractApplicationContext.java:483) ~[spring-context-4.1.8.RELEASE.jar:4.1.8.RELEASE]
	at org.springframework.boot.context.embedded.EmbeddedWebApplicationContext.refresh(EmbeddedWebApplicationContext.java:117) ~[spring-boot-1.2.7.RELEASE.jar:1.2.7.RELEASE]
	at org.springframework.boot.SpringApplication.refresh(SpringApplication.java:689) ~[spring-boot-1.2.7.RELEASE.jar:1.2.7.RELEASE]
	at org.springframework.boot.SpringApplication.run(SpringApplication.java:321) ~[spring-boot-1.2.7.RELEASE.jar:1.2.7.RELEASE]
	at grails.boot.GrailsApp.run(GrailsApp.groovy:51) [grails-core-3.0.11.jar:3.0.11]
	at grails.boot.GrailsApp.run(GrailsApp.groovy:335) [grails-core-3.0.11.jar:3.0.11]
	at grails.boot.GrailsApp.run(GrailsApp.groovy:324) [grails-core-3.0.11.jar:3.0.11]
	at grails.boot.GrailsApp$run.call(Unknown Source) [grails-core-3.0.11.jar:3.0.11]
	at org.codehaus.groovy.runtime.callsite.CallSiteArray.defaultCall(CallSiteArray.java:48) [groovy-2.4.5.jar:2.4.5]
	at org.codehaus.groovy.runtime.callsite.AbstractCallSite.call(AbstractCallSite.java:113) [groovy-2.4.5.jar:2.4.5]
	at org.codehaus.groovy.runtime.callsite.AbstractCallSite.call(AbstractCallSite.java:133) [groovy-2.4.5.jar:2.4.5]
	at grails3.security.demo.Application.main(Application.groovy:8) [main/:na]
Exception in thread "main" java.lang.IllegalStateException: Tomcat connector in failed state
	at org.springframework.boot.context.embedded.tomcat.TomcatEmbeddedServletContainer.start(TomcatEmbeddedServletContainer.java:157)
	at org.springframework.boot.context.embedded.EmbeddedWebApplicationContext.startEmbeddedServletContainer(EmbeddedWebApplicationContext.java:288)
	at org.springframework.boot.context.embedded.EmbeddedWebApplicationContext.finishRefresh(EmbeddedWebApplicationContext.java:140)
	at org.springframework.context.support.AbstractApplicationContext.refresh(AbstractApplicationContext.java:483)
	at org.springframework.boot.context.embedded.EmbeddedWebApplicationContext.refresh(EmbeddedWebApplicationContext.java:117)
	at org.springframework.boot.SpringApplication.refresh(SpringApplication.java:689)
	at org.springframework.boot.SpringApplication.run(SpringApplication.java:321)
	at grails.boot.GrailsApp.run(GrailsApp.groovy:51)
	at grails.boot.GrailsApp.run(GrailsApp.groovy:335)
	at grails.boot.GrailsApp.run(GrailsApp.groovy:324)
	at grails.boot.GrailsApp$run.call(Unknown Source)
	at org.codehaus.groovy.runtime.callsite.CallSiteArray.defaultCall(CallSiteArray.java:48)
	at org.codehaus.groovy.runtime.callsite.AbstractCallSite.call(AbstractCallSite.java:113)
	at org.codehaus.groovy.runtime.callsite.AbstractCallSite.call(AbstractCallSite.java:133)
	at grails3.security.demo.Application.main(Application.groovy:8)

FAILURE: Build failed with an exception.

* What went wrong:
Execution failed for task ':bootRun'.
> Process 'command '/home/jack/github/myPractice/jdk1.8.0_51/bin/java'' finished with non-zero exit value 1

* Try:
Run with --stacktrace option to get the stack trace. Run with --info or --debug option to get more log output.
06:09:07.909 [DEBUG] [org.gradle.cache.internal.DefaultFileLockManager] Releasing lock on buildscript class cache for build file '/home/jack/github/myPractice/grails3-security-demo/build.gradle' (/home/jack/github/myPractice/gradleRepo/.gradle/caches/2.3/scripts/build_cbxzeaquvdayjxgfwg7sa9fwb/ProjectScript/buildscript).
06:09:07.912 [DEBUG] [org.gradle.cache.internal.DefaultFileLockManager] Releasing lock on no_buildscript class cache for build file '/home/jack/github/myPractice/grails3-security-demo/build.gradle' (/home/jack/github/myPractice/gradleRepo/.gradle/caches/2.3/scripts/build_cbxzeaquvdayjxgfwg7sa9fwb/ProjectScript/no_buildscript).
06:09:07.912 [DEBUG] [org.gradle.cache.internal.btree.BTreePersistentIndexedCache] Closing cache plugin-use-metadata.bin (/home/jack/github/myPractice/gradleRepo/.gradle/caches/2.3/plugin-resolution/plugin-use-metadata.bin)
06:09:07.912 [DEBUG] [org.gradle.cache.internal.DefaultFileLockManager] Releasing lock on Plugin Resolution Cache (/home/jack/github/myPractice/gradleRepo/.gradle/caches/2.3/plugin-resolution).
06:09:07.913 [DEBUG] [org.gradle.cache.internal.btree.BTreePersistentIndexedCache] Closing cache module-artifacts.bin (/home/jack/github/myPractice/gradleRepo/.gradle/caches/modules-2/metadata-2.14/module-artifacts.bin)
06:09:07.913 [DEBUG] [org.gradle.cache.internal.btree.BTreePersistentIndexedCache] Closing cache module-metadata.bin (/home/jack/github/myPractice/gradleRepo/.gradle/caches/modules-2/metadata-2.14/module-metadata.bin)
06:09:07.913 [DEBUG] [org.gradle.cache.internal.btree.BTreePersistentIndexedCache] Closing cache artifact-at-repository.bin (/home/jack/github/myPractice/gradleRepo/.gradle/caches/modules-2/metadata-2.14/artifact-at-repository.bin)
06:09:07.914 [DEBUG] [org.gradle.cache.internal.DefaultFileLockManager] Releasing lock on artifact cache (/home/jack/github/myPractice/gradleRepo/.gradle/caches/modules-2).
06:09:07.919 [DEBUG] [org.gradle.api.internal.tasks.compile.daemon.CompilerDaemonManager] Stopping 1 compiler daemon(s).
06:09:07.937 [DEBUG] [org.gradle.process.internal.DefaultExecHandle] Changing state to: SUCCEEDED
06:09:07.938 [DEBUG] [org.gradle.process.internal.DefaultExecHandle] Process 'Gradle Compiler Daemon 1' finished with exit value 0 (state: SUCCEEDED)
06:09:07.944 [INFO] [org.gradle.api.internal.tasks.compile.daemon.CompilerDaemonManager] Stopped 1 compiler daemon(s).
06:09:07.961 [DEBUG] [org.gradle.cache.internal.btree.BTreePersistentIndexedCache] Closing cache outputFileStates.bin (/home/jack/github/myPractice/grails3-security-demo/.gradle/2.3/taskArtifacts/outputFileStates.bin)
06:09:07.962 [DEBUG] [org.gradle.cache.internal.btree.BTreePersistentIndexedCache] Closing cache fileSnapshots.bin (/home/jack/github/myPractice/grails3-security-demo/.gradle/2.3/taskArtifacts/fileSnapshots.bin)
06:09:07.962 [DEBUG] [org.gradle.cache.internal.btree.BTreePersistentIndexedCache] Closing cache fileHashes.bin (/home/jack/github/myPractice/grails3-security-demo/.gradle/2.3/taskArtifacts/fileHashes.bin)
06:09:07.962 [DEBUG] [org.gradle.cache.internal.btree.BTreePersistentIndexedCache] Closing cache taskArtifacts.bin (/home/jack/github/myPractice/grails3-security-demo/.gradle/2.3/taskArtifacts/taskArtifacts.bin)
06:09:07.962 [DEBUG] [org.gradle.cache.internal.DefaultFileLockManager] Releasing lock on task history cache (/home/jack/github/myPractice/grails3-security-demo/.gradle/2.3/taskArtifacts).
06:09:07.963 [DEBUG] [org.gradle.api.internal.artifacts.ivyservice.resolveengine.store.CachedStoreFactory] Resolution result cache closed. Cache reads: 0, disk reads: 0 (avg: 0.0 secs, total: 0.0 secs)
06:09:07.963 [DEBUG] [org.gradle.api.internal.artifacts.ivyservice.resolveengine.store.CachedStoreFactory] Resolved configuration cache closed. Cache reads: 0, disk reads: 0 (avg: 0.0 secs, total: 0.0 secs)
06:09:07.964 [DEBUG] [org.gradle.api.internal.artifacts.ivyservice.resolveengine.store.ResolutionResultsStoreFactory] Deleted 2 resolution results binary files in 0.001 secs
06:09:07.964 [DEBUG] [org.gradle.api.internal.artifacts.ivyservice.ivyresolve.memcache.InMemoryCachedRepositoryFactory] In-memory dependency metadata cache closed. Repos cached: 17, cache instances: 3, modules served from cache: 452, artifacts: 218
06:09:07.964 [DEBUG] [org.gradle.launcher.daemon.server.exec.ExecuteBuild] The daemon has finished executing the build.
06:09:08.093 [DEBUG] [org.gradle.launcher.daemon.server.DaemonStateCoordinator] Daemon is busy, sleeping until state changes.
06:09:08.094 [DEBUG] [org.gradle.launcher.daemon.server.DaemonStateCoordinator] Command execution: finished waiting for DaemonCommandExecution[command = Build{id=3959e357-0152-433e-a1be-e5077e546043.1, currentDir=/home/jack/github/myPractice/grails3-security-demo}, connection = org.gradle.launcher.daemon.server.DefaultDaemonConnection@7dc70109]. Result org.gradle.launcher.daemon.server.DaemonStateCoordinator@5e35c368 with state Running
06:09:08.094 [DEBUG] [org.gradle.launcher.daemon.server.DaemonStateCoordinator] Command execution: completed DaemonCommandExecution[command = Build{id=3959e357-0152-433e-a1be-e5077e546043.1, currentDir=/home/jack/github/myPractice/grails3-security-demo}, connection = org.gradle.launcher.daemon.server.DefaultDaemonConnection@7dc70109]
06:09:08.094 [DEBUG] [org.gradle.launcher.daemon.server.DaemonStateCoordinator] updating lastActivityAt to 1460120948094
06:09:08.094 [INFO] [org.gradle.launcher.daemon.server.DomainRegistryUpdater] Marking the daemon as idle, address: [64a70512-e4e6-4593-ab19-d8f273f3e83e port:38304, addresses:[/0:0:0:0:0:0:0:1%lo, /127.0.0.1]]
06:09:08.094 [DEBUG] [org.gradle.launcher.daemon.registry.PersistentDaemonRegistry] Marking idle by address: [64a70512-e4e6-4593-ab19-d8f273f3e83e port:38304, addresses:[/0:0:0:0:0:0:0:1%lo, /127.0.0.1]]
06:09:08.095 [DEBUG] [org.gradle.cache.internal.DefaultFileLockManager] Waiting to acquire exclusive lock on daemon addresses registry.
06:09:08.095 [DEBUG] [org.gradle.cache.internal.DefaultFileLockManager] Lock acquired.
06:09:08.098 [DEBUG] [org.gradle.cache.internal.DefaultFileLockManager] Releasing lock on daemon addresses registry.
06:09:08.098 [DEBUG] [org.gradle.launcher.daemon.server.DaemonStateCoordinator] Daemon is idle, sleeping until state change or idle timeout at Fri Apr 08 09:09:08 PDT 2016
06:09:08.098 [DEBUG] [org.gradle.launcher.daemon.server.exec.ReturnResult] Daemon is dispatching the build result: DaemonCommandResult[type=CommandFailure, value=org.gradle.launcher.exec.ReportedException: org.gradle.internal.exceptions.LocationAwareException: Execution failed for task ':bootRun'.]
06:09:08.098 [DEBUG] [org.gradle.launcher.daemon.server.SynchronizedDispatchConnection] thread 12: dispatching class org.gradle.launcher.daemon.protocol.CommandFailure
06:09:08.136 [DEBUG] [org.gradle.launcher.daemon.server.DefaultIncomingConnectionHandler] Finishing executing command: Build{id=3959e357-0152-433e-a1be-e5077e546043.1, currentDir=/home/jack/github/myPractice/grails3-security-demo}
06:09:08.156 [DEBUG] [org.gradle.launcher.daemon.server.SynchronizedDispatchConnection] thread 13: received class org.gradle.launcher.daemon.protocol.Finished
06:09:08.156 [DEBUG] [org.gradle.launcher.daemon.server.DefaultDaemonConnection] Received non-IO message from client: org.gradle.launcher.daemon.protocol.Finished@35dcc187
06:09:08.156 [DEBUG] [org.gradle.launcher.daemon.server.DefaultIncomingConnectionHandler] Received finished message: org.gradle.launcher.daemon.protocol.Finished@35dcc187
06:09:08.156 [DEBUG] [org.gradle.launcher.daemon.server.SynchronizedDispatchConnection] thread 12: stopping connection
06:09:08.157 [DEBUG] [org.gradle.launcher.daemon.server.SynchronizedDispatchConnection] thread 13: received null
06:09:08.157 [DEBUG] [org.gradle.launcher.daemon.server.DefaultDaemonConnection] Received end-of-input from client.
06:09:08.160 [DEBUG] [org.gradle.launcher.daemon.server.SynchronizedDispatchConnection] thread 12: stopping connection
06:10:05.666 [DEBUG] [org.gradle.messaging.remote.internal.inet.TcpIncomingConnector] Accepted connection from /0:0:0:0:0:0:0:1:43798 to /0:0:0:0:0:0:0:1:38304.
06:10:05.704 [DEBUG] [org.gradle.launcher.daemon.server.SynchronizedDispatchConnection] thread 35: received class org.gradle.launcher.daemon.protocol.Build
06:10:05.704 [DEBUG] [org.gradle.launcher.daemon.server.DefaultDaemonConnection] Received non-IO message from client: Build{id=4ab1a783-8113-4f34-b0ee-056b3bb19394.1, currentDir=/home/jack/github/myPractice/grails3-security-demo}
06:10:05.705 [INFO] [org.gradle.launcher.daemon.server.DefaultIncomingConnectionHandler] Received command: Build{id=4ab1a783-8113-4f34-b0ee-056b3bb19394.1, currentDir=/home/jack/github/myPractice/grails3-security-demo}.
06:10:05.705 [DEBUG] [org.gradle.launcher.daemon.server.DefaultIncomingConnectionHandler] Starting executing command: Build{id=4ab1a783-8113-4f34-b0ee-056b3bb19394.1, currentDir=/home/jack/github/myPractice/grails3-security-demo} with connection: socket connection from /0:0:0:0:0:0:0:1:38304 to /0:0:0:0:0:0:0:1:43798.
06:10:05.705 [DEBUG] [org.gradle.launcher.daemon.server.DaemonStateCoordinator] Command execution: started DaemonCommandExecution[command = Build{id=4ab1a783-8113-4f34-b0ee-056b3bb19394.1, currentDir=/home/jack/github/myPractice/grails3-security-demo}, connection = org.gradle.launcher.daemon.server.DefaultDaemonConnection@76be58bb] after 0.0 minutes of idle
06:10:05.705 [INFO] [org.gradle.launcher.daemon.server.DomainRegistryUpdater] Marking the daemon as busy, address: [64a70512-e4e6-4593-ab19-d8f273f3e83e port:38304, addresses:[/0:0:0:0:0:0:0:1%lo, /127.0.0.1]]
06:10:05.705 [DEBUG] [org.gradle.launcher.daemon.registry.PersistentDaemonRegistry] Marking busy by address: [64a70512-e4e6-4593-ab19-d8f273f3e83e port:38304, addresses:[/0:0:0:0:0:0:0:1%lo, /127.0.0.1]]
06:10:05.706 [DEBUG] [org.gradle.cache.internal.DefaultFileLockManager] Waiting to acquire exclusive lock on daemon addresses registry.
06:10:05.706 [DEBUG] [org.gradle.cache.internal.DefaultFileLockManager] Lock acquired.
06:10:05.708 [DEBUG] [org.gradle.cache.internal.DefaultFileLockManager] Releasing lock on daemon addresses registry.
06:10:05.708 [DEBUG] [org.gradle.launcher.daemon.server.DaemonStateCoordinator] updating lastActivityAt to 1460121005708
06:10:05.708 [DEBUG] [org.gradle.launcher.daemon.server.DaemonStateCoordinator] Daemon is busy, sleeping until state changes.
06:10:05.708 [INFO] [org.gradle.launcher.daemon.server.exec.StartBuildOrRespondWithBusy] Daemon is about to start building Build{id=4ab1a783-8113-4f34-b0ee-056b3bb19394.1, currentDir=/home/jack/github/myPractice/grails3-security-demo}. Dispatching build started information...
06:10:05.709 [DEBUG] [org.gradle.launcher.daemon.server.SynchronizedDispatchConnection] thread 15: dispatching class org.gradle.launcher.daemon.protocol.BuildStarted
06:10:05.709 [DEBUG] [org.gradle.launcher.daemon.server.exec.EstablishBuildEnvironment] Configuring env variables: {PATH=/home/jack/github/myPractice/gradle-2.10/bin:/home/jack/github/myPractice/jdk1.8.0_51/bin:/home/jack/github/myPractice/jdk1.8.0_51/jre/bin:/home/jack/github/myPractice/grails-3.0.11/bin:/home/jack/.rvm/gems/ruby-2.2.0/bin:/home/jack/.rvm/gems/ruby-2.2.0@global/bin:/home/jack/.rvm/rubies/ruby-2.2.0/bin:/usr/local/sbin:/usr/local/bin:/usr/sbin:/usr/bin:/sbin:/bin:/usr/games:/usr/local/games:/home/jack/.rvm/bin:/home/jack/.rvm/bin:/home/jack/.rvm/bin, IRBRC=/home/jack/.rvm/rubies/ruby-2.2.0/.irbrc, XAUTHORITY=/home/jack/.Xauthority, XMODIFIERS=@im=ibus, XDG_DATA_DIRS=/usr/share/ubuntu:/usr/share/gnome:/usr/local/share/:/usr/share/, GDMSESSION=ubuntu, MANDATORY_PATH=/usr/share/gconf/ubuntu.mandatory.path, GRAILS_HOME=/home/jack/github/myPractice/grails-3.0.11, TEXTDOMAINDIR=/usr/share/locale/, GTK_IM_MODULE=ibus, DBUS_SESSION_BUS_ADDRESS=unix:abstract=/tmp/dbus-STfAv2R5jK, DEFAULTS_PATH=/usr/share/gconf/ubuntu.default.path, XDG_CURRENT_DESKTOP=Unity, SSH_AGENT_PID=2178, COLORTERM=gnome-terminal, QT4_IM_MODULE=xim, UPSTART_SESSION=unix:abstract=/com/ubuntu/upstart-session/1001/2096, SESSION_MANAGER=local/ubuntu:@/tmp/.ICE-unix/2250,unix/ubuntu:/tmp/.ICE-unix/2250, LOGNAME=jack, rvm_version=1.26.10 (latest), JOB=dbus, PWD=/home/jack/github/myPractice/grails3-security-demo, IM_CONFIG_PHASE=1, LANGUAGE=en_US, WINDOWID=62914571, LESSOPEN=| /usr/bin/lesspipe %s, SHELL=/bin/bash, INSTANCE=, MY_RUBY_HOME=/home/jack/.rvm/rubies/ruby-2.2.0, OLDPWD=/home/jack/github/myPractice/grails-3.0.11, GEM_HOME=/home/jack/.rvm/gems/ruby-2.2.0, rvm_path=/home/jack/.rvm, GNOME_DESKTOP_SESSION_ID=this-is-deprecated, GTK_MODULES=overlay-scrollbar:unity-gtk-module, RUBY_VERSION=ruby-2.2.0, CLUTTER_IM_MODULE=xim, _system_name=Ubuntu, TEXTDOMAIN=im-config, XDG_SESSION_PATH=/org/freedesktop/DisplayManager/Session0, COMPIZ_BIN_PATH=/usr/bin/, SESSIONTYPE=gnome-session, LS_COLORS=rs=0:di=01;34:ln=01;36:mh=00:pi=40;33:so=01;35:do=01;35:bd=40;33;01:cd=40;33;01:or=40;31;01:su=37;41:sg=30;43:ca=30;41:tw=30;42:ow=34;42:st=37;44:ex=01;32:*.tar=01;31:*.tgz=01;31:*.arj=01;31:*.taz=01;31:*.lzh=01;31:*.lzma=01;31:*.tlz=01;31:*.txz=01;31:*.zip=01;31:*.z=01;31:*.Z=01;31:*.dz=01;31:*.gz=01;31:*.lz=01;31:*.xz=01;31:*.bz2=01;31:*.bz=01;31:*.tbz=01;31:*.tbz2=01;31:*.tz=01;31:*.deb=01;31:*.rpm=01;31:*.jar=01;31:*.war=01;31:*.ear=01;31:*.sar=01;31:*.rar=01;31:*.ace=01;31:*.zoo=01;31:*.cpio=01;31:*.7z=01;31:*.rz=01;31:*.jpg=01;35:*.jpeg=01;35:*.gif=01;35:*.bmp=01;35:*.pbm=01;35:*.pgm=01;35:*.ppm=01;35:*.tga=01;35:*.xbm=01;35:*.xpm=01;35:*.tif=01;35:*.tiff=01;35:*.png=01;35:*.svg=01;35:*.svgz=01;35:*.mng=01;35:*.pcx=01;35:*.mov=01;35:*.mpg=01;35:*.mpeg=01;35:*.m2v=01;35:*.mkv=01;35:*.webm=01;35:*.ogm=01;35:*.mp4=01;35:*.m4v=01;35:*.mp4v=01;35:*.vob=01;35:*.qt=01;35:*.nuv=01;35:*.wmv=01;35:*.asf=01;35:*.rm=01;35:*.rmvb=01;35:*.flc=01;35:*.avi=01;35:*.fli=01;35:*.flv=01;35:*.gl=01;35:*.dl=01;35:*.xcf=01;35:*.xwd=01;35:*.yuv=01;35:*.cgm=01;35:*.emf=01;35:*.axv=01;35:*.anx=01;35:*.ogv=01;35:*.ogx=01;35:*.aac=00;36:*.au=00;36:*.flac=00;36:*.mid=00;36:*.midi=00;36:*.mka=00;36:*.mp3=00;36:*.mpc=00;36:*.ogg=00;36:*.ra=00;36:*.wav=00;36:*.axa=00;36:*.oga=00;36:*.spx=00;36:*.xspf=00;36:, SSH_AGENT_LAUNCHER=upstart, SHLVL=1, LESSCLOSE=/usr/bin/lesspipe %s %s, _system_arch=x86_64, COMPIZ_CONFIG_PROFILE=ubuntu, rvm_bin_path=/home/jack/.rvm/bin, QT_IM_MODULE=ibus, JAVA_HOME=/home/jack/github/myPractice/jdk1.8.0_51, TERM=xterm, XFILESEARCHPATH=/usr/dt/app-defaults/%L/Dt, rvm_prefix=/home/jack, XDG_CONFIG_DIRS=/etc/xdg/xdg-ubuntu:/usr/share/upstart/xdg:/etc/xdg, LANG=en_US.UTF-8, XDG_SEAT_PATH=/org/freedesktop/DisplayManager/Seat0, GNOME_KEYRING_CONTROL=/run/user/1001/keyring-vRRGve, XDG_SESSION_ID=c2, SELINUX_INIT=YES, DISPLAY=:0, GDM_LANG=en_US, UBUNTU_MENUPROXY=1, _system_type=Linux, XDG_GREETER_DATA_DIR=/var/lib/lightdm-data/jack, DESKTOP_SESSION=ubuntu, GPG_AGENT_INFO=/run/user/1001/keyring-vRRGve/gpg:0:1, SESSION=ubuntu, _system_version=14.04, USER=jack, CLASSPATH=/home/jack/github/myPractice/grails-3.0.11/dist/grails-shell-3.0.11.jar:/home/jack/github/myPractice/grails-3.0.11/lib/org.codehaus.groovy/groovy/jars/groovy-2.4.5.jar:/home/jack/github/myPractice/grails-3.0.11/lib/org.slf4j/slf4j-api/jars/slf4j-api-1.7.10.jar:/home/jack/github/myPractice/grails-3.0.11/lib/org.slf4j/jcl-over-slf4j/jars/jcl-over-slf4j-1.7.10.jar:/home/jack/github/myPractice/grails-3.0.11/dist/grails-bootstrap-3.0.11.jar:/home/jack/github/myPractice/grails-3.0.11/dist/grails-gradle-model-3.0.11.jar:/home/jack/github/myPractice/grails-3.0.11/lib/org.apache.ant/ant/jars/ant-1.9.4.jar:/home/jack/github/myPractice/grails-3.0.11/lib/org.codehaus.groovy/groovy-ant/jars/groovy-ant-2.4.5.jar:/home/jack/github/myPractice/grails-3.0.11/lib/org.codehaus.groovy/groovy-json/jars/groovy-json-2.4.5.jar:/home/jack/github/myPractice/grails-3.0.11/lib/org.codehaus.groovy/groovy-jmx/jars/groovy-jmx-2.4.5.jar:/home/jack/github/myPractice/grails-3.0.11/lib/org.fusesource.jansi/jansi/jars/jansi-1.11.jar:/home/jack/github/myPractice/grails-3.0.11/lib/jline/jline/jars/jline-2.12.jar:/home/jack/github/myPractice/grails-3.0.11/lib/org.eclipse.jgit/org.eclipse.jgit/jars/org.eclipse.jgit-3.5.2.201411120430-r.jar:/home/jack/github/myPractice/grails-3.0.11/lib/org.gradle/gradle-tooling-api/jars/gradle-tooling-api-2.3.jar:/home/jack/github/myPractice/grails-3.0.11/lib/org.springframework.boot/spring-boot-cli/jars/spring-boot-cli-1.2.7.RELEASE.jar:/home/jack/github/myPractice/grails-3.0.11/lib/org.slf4j/slf4j-simple/jars/slf4j-simple-1.7.10.jar:/home/jack/github/myPractice/grails-3.0.11/lib/org.codehaus.plexus/plexus-component-api/jars/plexus-component-api-1.0-alpha-33.jar:/home/jack/github/myPractice/grails-3.0.11/lib/org.codehaus.groovy/groovy-xml/jars/groovy-xml-2.4.5.jar:/home/jack/github/myPractice/grails-3.0.11/lib/org.yaml/snakeyaml/jars/snakeyaml-1.14.jar:/home/jack/github/myPractice/grails-3.0.11/lib/org.apache.ant/ant-launcher/jars/ant-launcher-1.9.4.jar:/home/jack/github/myPractice/grails-3.0.11/lib/org.apache.ant/ant-antlr/jars/ant-antlr-1.9.4.jar:/home/jack/github/myPractice/grails-3.0.11/lib/org.codehaus.groovy/groovy-groovydoc/jars/groovy-groovydoc-2.4.5.jar:/home/jack/github/myPractice/grails-3.0.11/lib/org.apache.ant/ant-junit/jars/ant-junit-1.9.4.jar:/home/jack/github/myPractice/grails-3.0.11/lib/com.jcraft/jsch/jars/jsch-0.1.50.jar:/home/jack/github/myPractice/grails-3.0.11/lib/com.googlecode.javaewah/JavaEWAH/jars/JavaEWAH-0.7.9.jar:/home/jack/github/myPractice/grails-3.0.11/lib/org.springframework.boot/spring-boot-dependency-tools/jars/spring-boot-dependency-tools-1.2.7.RELEASE.jar:/home/jack/github/myPractice/grails-3.0.11/lib/org.springframework.boot/spring-boot-loader-tools/jars/spring-boot-loader-tools-1.2.7.RELEASE.jar:/home/jack/github/myPractice/grails-3.0.11/lib/net.sf.jopt-simple/jopt-simple/jars/jopt-simple-4.6.jar:/home/jack/github/myPractice/grails-3.0.11/lib/org.springframework/spring-core/jars/spring-core-4.1.8.RELEASE.jar:/home/jack/github/myPractice/grails-3.0.11/lib/org.json/json/jars/json-20140107.jar:/home/jack/github/myPractice/grails-3.0.11/lib/org.apache.maven/maven-aether-provider/jars/maven-aether-provider-3.2.1.jar:/home/jack/github/myPractice/grails-3.0.11/lib/org.apache.maven/maven-settings-builder/jars/maven-settings-builder-3.1.1.jar:/home/jack/github/myPractice/grails-3.0.11/lib/org.eclipse.aether/aether-api/jars/aether-api-0.9.1.v20140329.jar:/home/jack/github/myPractice/grails-3.0.11/lib/org.eclipse.aether/aether-connector-basic/jars/aether-connector-basic-0.9.1.v20140329.jar:/home/jack/github/myPractice/grails-3.0.11/lib/org.eclipse.aether/aether-impl/jars/aether-impl-0.9.1.v20140329.jar:/home/jack/github/myPractice/grails-3.0.11/lib/org.eclipse.aether/aether-spi/jars/aether-spi-0.9.1.v20140329.jar:/home/jack/github/myPractice/grails-3.0.11/lib/org.eclipse.aether/aether-transport-file/jars/aether-transport-file-0.9.1.v20140329.jar:/home/jack/github/myPractice/grails-3.0.11/lib/org.eclipse.aether/aether-transport-http/jars/aether-transport-http-0.9.1.v20140329.jar:/home/jack/github/myPractice/grails-3.0.11/lib/org.eclipse.aether/aether-util/jars/aether-util-0.9.1.v20140329.jar:/home/jack/github/myPractice/grails-3.0.11/lib/org.codehaus.plexus/plexus-classworlds/jars/plexus-classworlds-1.2-alpha-10.jar:/home/jack/github/myPractice/grails-3.0.11/lib/junit/junit/jars/junit-3.8.1.jar:/home/jack/github/myPractice/grails-3.0.11/lib/org.codehaus.groovy/groovy-templates/jars/groovy-templates-2.4.5.jar:/home/jack/github/myPractice/grails-3.0.11/lib/org.apache.maven/maven-model/jars/maven-model-3.2.1.jar:/home/jack/github/myPractice/grails-3.0.11/lib/org.apache.maven/maven-model-builder/jars/maven-model-builder-3.2.1.jar:/home/jack/github/myPractice/grails-3.0.11/lib/org.apache.maven/maven-repository-metadata/jars/maven-repository-metadata-3.2.1.jar:/home/jack/github/myPractice/grails-3.0.11/lib/org.codehaus.plexus/plexus-component-annotations/jars/plexus-component-annotations-1.5.5.jar:/home/jack/github/myPractice/grails-3.0.11/lib/org.codehaus.plexus/plexus-utils/jars/plexus-utils-3.0.17.jar:/home/jack/github/myPractice/grails-3.0.11/lib/org.codehaus.plexus/plexus-interpolation/jars/plexus-interpolation-1.19.jar:/home/jack/github/myPractice/grails-3.0.11/lib/org.apache.maven/maven-settings/jars/maven-settings-3.1.1.jar:/home/jack/github/myPractice/grails-3.0.11/lib/org.sonatype.plexus/plexus-sec-dispatcher/jars/plexus-sec-dispatcher-1.3.jar:/home/jack/github/myPractice/grails-3.0.11/lib/org.sonatype.plexus/plexus-cipher/jars/plexus-cipher-1.4.jar:/home/jack/github/myPractice/grails-3.0.11/lib/org.apache.httpcomponents/httpclient/jars/httpclient-4.2.6.jar:/home/jack/github/myPractice/grails-3.0.11/lib/org.apache.httpcomponents/httpcore/jars/httpcore-4.2.5.jar:/home/jack/github/myPractice/grails-3.0.11/lib/commons-codec/commons-codec/jars/commons-codec-1.6.jar, XDG_MENU_PREFIX=gnome-, VTE_VERSION=3409, XDG_SEAT=seat0, SSH_AUTH_SOCK=/tmp/ssh-6fFyMU2J0FYC/agent.2172, GEM_PATH=/home/jack/.rvm/gems/ruby-2.2.0:/home/jack/.rvm/gems/ruby-2.2.0@global, NLSPATH=/usr/dt/lib/nls/msg/%L/%N.cat, QT_QPA_PLATFORMTHEME=appmenu-qt5, XDG_RUNTIME_DIR=/run/user/1001, XDG_VTNR=7, HOME=/home/jack, GNOME_KEYRING_PID=2078}
06:10:05.710 [DEBUG] [org.gradle.launcher.daemon.server.exec.LogToClient] About to start relaying all logs to the client via the connection.
06:10:05.710 [INFO] [org.gradle.launcher.daemon.server.exec.LogToClient] The client will now receive all logging from the daemon (pid: 21487). The daemon log file: /home/jack/github/myPractice/gradleRepo/.gradle/daemon/2.3/daemon-21487.out.log
06:10:05.710 [INFO] [org.gradle.launcher.daemon.server.health.DaemonHealthTracker] Starting 2nd build in daemon [uptime: 1 mins 37.565 secs, performance: 99%, memory: 12% of 1.0 GB]
06:10:05.720 [DEBUG] [org.gradle.launcher.daemon.server.exec.ExecuteBuild] The daemon has started executing the build.
06:10:05.720 [INFO] [org.gradle.launcher.daemon.server.exec.ExecuteBuild] Executing build with daemon context: DefaultDaemonContext[uid=0d9a9630-5940-4ab0-8a3a-e72288c461d3,javaHome=/home/jack/github/myPractice/jdk1.8.0_51,daemonRegistryDir=/home/jack/github/myPractice/gradleRepo/.gradle/daemon,pid=21487,idleTimeout=10800000,daemonOpts=-XX:MaxPermSize=256m,-XX:+HeapDumpOnOutOfMemoryError,-Xmx1024m,-Dfile.encoding=UTF-8,-Duser.country=US,-Duser.language=en,-Duser.variant]

Configuring Spring Security Core ...
... finished configuring Spring Security Core


Configuring Spring Security UI ...
... finished configuring Spring Security UI

ERROR org.apache.coyote.http11.Http11NioProtocol - Failed to start end point associated with ProtocolHandler ["http-nio-8080"]
java.net.BindException: Address already in use
	at sun.nio.ch.Net.bind0(Native Method) ~[na:1.8.0_51]
	at sun.nio.ch.Net.bind(Net.java:437) ~[na:1.8.0_51]
	at sun.nio.ch.Net.bind(Net.java:429) ~[na:1.8.0_51]
	at sun.nio.ch.ServerSocketChannelImpl.bind(ServerSocketChannelImpl.java:223) ~[na:1.8.0_51]
	at sun.nio.ch.ServerSocketAdaptor.bind(ServerSocketAdaptor.java:74) ~[na:1.8.0_51]
	at org.apache.tomcat.util.net.NioEndpoint.bind(NioEndpoint.java:340) ~[tomcat-embed-core-8.0.28.jar:8.0.28]
	at org.apache.tomcat.util.net.AbstractEndpoint.start(AbstractEndpoint.java:765) ~[tomcat-embed-core-8.0.28.jar:8.0.28]
	at org.apache.coyote.AbstractProtocol.start(AbstractProtocol.java:472) ~[tomcat-embed-core-8.0.28.jar:8.0.28]
	at org.apache.catalina.connector.Connector.startInternal(Connector.java:986) [tomcat-embed-core-8.0.28.jar:8.0.28]
	at org.apache.catalina.util.LifecycleBase.start(LifecycleBase.java:150) [tomcat-embed-core-8.0.28.jar:8.0.28]
	at org.apache.catalina.core.StandardService.addConnector(StandardService.java:237) [tomcat-embed-core-8.0.28.jar:8.0.28]
	at org.springframework.boot.context.embedded.tomcat.TomcatEmbeddedServletContainer.addPreviouslyRemovedConnectors(TomcatEmbeddedServletContainer.java:186) [spring-boot-1.2.7.RELEASE.jar:1.2.7.RELEASE]
	at org.springframework.boot.context.embedded.tomcat.TomcatEmbeddedServletContainer.start(TomcatEmbeddedServletContainer.java:149) [spring-boot-1.2.7.RELEASE.jar:1.2.7.RELEASE]
	at org.springframework.boot.context.embedded.EmbeddedWebApplicationContext.startEmbeddedServletContainer(EmbeddedWebApplicationContext.java:288) [spring-boot-1.2.7.RELEASE.jar:1.2.7.RELEASE]
	at org.springframework.boot.context.embedded.EmbeddedWebApplicationContext.finishRefresh(EmbeddedWebApplicationContext.java:140) [spring-boot-1.2.7.RELEASE.jar:1.2.7.RELEASE]
	at org.springframework.context.support.AbstractApplicationContext.refresh(AbstractApplicationContext.java:483) [spring-context-4.1.8.RELEASE.jar:4.1.8.RELEASE]
	at org.springframework.boot.context.embedded.EmbeddedWebApplicationContext.refresh(EmbeddedWebApplicationContext.java:117) [spring-boot-1.2.7.RELEASE.jar:1.2.7.RELEASE]
	at org.springframework.boot.SpringApplication.refresh(SpringApplication.java:689) [spring-boot-1.2.7.RELEASE.jar:1.2.7.RELEASE]
	at org.springframework.boot.SpringApplication.run(SpringApplication.java:321) [spring-boot-1.2.7.RELEASE.jar:1.2.7.RELEASE]
	at grails.boot.GrailsApp.run(GrailsApp.groovy:51) [grails-core-3.0.11.jar:3.0.11]
	at grails.boot.GrailsApp.run(GrailsApp.groovy:335) [grails-core-3.0.11.jar:3.0.11]
	at grails.boot.GrailsApp.run(GrailsApp.groovy:324) [grails-core-3.0.11.jar:3.0.11]
	at grails.boot.GrailsApp$run.call(Unknown Source) [grails-core-3.0.11.jar:3.0.11]
	at org.codehaus.groovy.runtime.callsite.CallSiteArray.defaultCall(CallSiteArray.java:48) [groovy-2.4.5.jar:2.4.5]
	at org.codehaus.groovy.runtime.callsite.AbstractCallSite.call(AbstractCallSite.java:113) [groovy-2.4.5.jar:2.4.5]
	at org.codehaus.groovy.runtime.callsite.AbstractCallSite.call(AbstractCallSite.java:133) [groovy-2.4.5.jar:2.4.5]
	at grails3.security.demo.Application.main(Application.groovy:8) [main/:na]
ERROR org.apache.catalina.core.StandardService - Failed to start connector [Connector[HTTP/1.1-8080]]
org.apache.catalina.LifecycleException: Failed to start component [Connector[HTTP/1.1-8080]]
	at org.apache.catalina.util.LifecycleBase.start(LifecycleBase.java:154) ~[tomcat-embed-core-8.0.28.jar:8.0.28]
	at org.apache.catalina.core.StandardService.addConnector(StandardService.java:237) ~[tomcat-embed-core-8.0.28.jar:8.0.28]
	at org.springframework.boot.context.embedded.tomcat.TomcatEmbeddedServletContainer.addPreviouslyRemovedConnectors(TomcatEmbeddedServletContainer.java:186) [spring-boot-1.2.7.RELEASE.jar:1.2.7.RELEASE]
	at org.springframework.boot.context.embedded.tomcat.TomcatEmbeddedServletContainer.start(TomcatEmbeddedServletContainer.java:149) [spring-boot-1.2.7.RELEASE.jar:1.2.7.RELEASE]
	at org.springframework.boot.context.embedded.EmbeddedWebApplicationContext.startEmbeddedServletContainer(EmbeddedWebApplicationContext.java:288) [spring-boot-1.2.7.RELEASE.jar:1.2.7.RELEASE]
	at org.springframework.boot.context.embedded.EmbeddedWebApplicationContext.finishRefresh(EmbeddedWebApplicationContext.java:140) [spring-boot-1.2.7.RELEASE.jar:1.2.7.RELEASE]
	at org.springframework.context.support.AbstractApplicationContext.refresh(AbstractApplicationContext.java:483) [spring-context-4.1.8.RELEASE.jar:4.1.8.RELEASE]
	at org.springframework.boot.context.embedded.EmbeddedWebApplicationContext.refresh(EmbeddedWebApplicationContext.java:117) [spring-boot-1.2.7.RELEASE.jar:1.2.7.RELEASE]
	at org.springframework.boot.SpringApplication.refresh(SpringApplication.java:689) [spring-boot-1.2.7.RELEASE.jar:1.2.7.RELEASE]
	at org.springframework.boot.SpringApplication.run(SpringApplication.java:321) [spring-boot-1.2.7.RELEASE.jar:1.2.7.RELEASE]
	at grails.boot.GrailsApp.run(GrailsApp.groovy:51) [grails-core-3.0.11.jar:3.0.11]
	at grails.boot.GrailsApp.run(GrailsApp.groovy:335) [grails-core-3.0.11.jar:3.0.11]
	at grails.boot.GrailsApp.run(GrailsApp.groovy:324) [grails-core-3.0.11.jar:3.0.11]
	at grails.boot.GrailsApp$run.call(Unknown Source) [grails-core-3.0.11.jar:3.0.11]
	at org.codehaus.groovy.runtime.callsite.CallSiteArray.defaultCall(CallSiteArray.java:48) [groovy-2.4.5.jar:2.4.5]
	at org.codehaus.groovy.runtime.callsite.AbstractCallSite.call(AbstractCallSite.java:113) [groovy-2.4.5.jar:2.4.5]
	at org.codehaus.groovy.runtime.callsite.AbstractCallSite.call(AbstractCallSite.java:133) [groovy-2.4.5.jar:2.4.5]
	at grails3.security.demo.Application.main(Application.groovy:8) [main/:na]
Caused by: org.apache.catalina.LifecycleException: service.getName(): "Tomcat";  Protocol handler start failed
	at org.apache.catalina.connector.Connector.startInternal(Connector.java:993) ~[tomcat-embed-core-8.0.28.jar:8.0.28]
	at org.apache.catalina.util.LifecycleBase.start(LifecycleBase.java:150) ~[tomcat-embed-core-8.0.28.jar:8.0.28]
	... 17 common frames omitted
Caused by: java.net.BindException: Address already in use
	at sun.nio.ch.Net.bind0(Native Method) ~[na:1.8.0_51]
	at sun.nio.ch.Net.bind(Net.java:437) ~[na:1.8.0_51]
	at sun.nio.ch.Net.bind(Net.java:429) ~[na:1.8.0_51]
	at sun.nio.ch.ServerSocketChannelImpl.bind(ServerSocketChannelImpl.java:223) ~[na:1.8.0_51]
	at sun.nio.ch.ServerSocketAdaptor.bind(ServerSocketAdaptor.java:74) ~[na:1.8.0_51]
	at org.apache.tomcat.util.net.NioEndpoint.bind(NioEndpoint.java:340) ~[tomcat-embed-core-8.0.28.jar:8.0.28]
	at org.apache.tomcat.util.net.AbstractEndpoint.start(AbstractEndpoint.java:765) ~[tomcat-embed-core-8.0.28.jar:8.0.28]
	at org.apache.coyote.AbstractProtocol.start(AbstractProtocol.java:472) ~[tomcat-embed-core-8.0.28.jar:8.0.28]
	at org.apache.catalina.connector.Connector.startInternal(Connector.java:986) ~[tomcat-embed-core-8.0.28.jar:8.0.28]
	... 18 common frames omitted
ERROR grails.boot.GrailsApp - Application startup failed
java.lang.IllegalStateException: Tomcat connector in failed state
	at org.springframework.boot.context.embedded.tomcat.TomcatEmbeddedServletContainer.start(TomcatEmbeddedServletContainer.java:157) ~[spring-boot-1.2.7.RELEASE.jar:1.2.7.RELEASE]
	at org.springframework.boot.context.embedded.EmbeddedWebApplicationContext.startEmbeddedServletContainer(EmbeddedWebApplicationContext.java:288) ~[spring-boot-1.2.7.RELEASE.jar:1.2.7.RELEASE]
	at org.springframework.boot.context.embedded.EmbeddedWebApplicationContext.finishRefresh(EmbeddedWebApplicationContext.java:140) ~[spring-boot-1.2.7.RELEASE.jar:1.2.7.RELEASE]
	at org.springframework.context.support.AbstractApplicationContext.refresh(AbstractApplicationContext.java:483) ~[spring-context-4.1.8.RELEASE.jar:4.1.8.RELEASE]
	at org.springframework.boot.context.embedded.EmbeddedWebApplicationContext.refresh(EmbeddedWebApplicationContext.java:117) ~[spring-boot-1.2.7.RELEASE.jar:1.2.7.RELEASE]
	at org.springframework.boot.SpringApplication.refresh(SpringApplication.java:689) ~[spring-boot-1.2.7.RELEASE.jar:1.2.7.RELEASE]
	at org.springframework.boot.SpringApplication.run(SpringApplication.java:321) ~[spring-boot-1.2.7.RELEASE.jar:1.2.7.RELEASE]
	at grails.boot.GrailsApp.run(GrailsApp.groovy:51) [grails-core-3.0.11.jar:3.0.11]
	at grails.boot.GrailsApp.run(GrailsApp.groovy:335) [grails-core-3.0.11.jar:3.0.11]
	at grails.boot.GrailsApp.run(GrailsApp.groovy:324) [grails-core-3.0.11.jar:3.0.11]
	at grails.boot.GrailsApp$run.call(Unknown Source) [grails-core-3.0.11.jar:3.0.11]
	at org.codehaus.groovy.runtime.callsite.CallSiteArray.defaultCall(CallSiteArray.java:48) [groovy-2.4.5.jar:2.4.5]
	at org.codehaus.groovy.runtime.callsite.AbstractCallSite.call(AbstractCallSite.java:113) [groovy-2.4.5.jar:2.4.5]
	at org.codehaus.groovy.runtime.callsite.AbstractCallSite.call(AbstractCallSite.java:133) [groovy-2.4.5.jar:2.4.5]
	at grails3.security.demo.Application.main(Application.groovy:8) [main/:na]
Exception in thread "main" java.lang.IllegalStateException: Tomcat connector in failed state
	at org.springframework.boot.context.embedded.tomcat.TomcatEmbeddedServletContainer.start(TomcatEmbeddedServletContainer.java:157)
	at org.springframework.boot.context.embedded.EmbeddedWebApplicationContext.startEmbeddedServletContainer(EmbeddedWebApplicationContext.java:288)
	at org.springframework.boot.context.embedded.EmbeddedWebApplicationContext.finishRefresh(EmbeddedWebApplicationContext.java:140)
	at org.springframework.context.support.AbstractApplicationContext.refresh(AbstractApplicationContext.java:483)
	at org.springframework.boot.context.embedded.EmbeddedWebApplicationContext.refresh(EmbeddedWebApplicationContext.java:117)
	at org.springframework.boot.SpringApplication.refresh(SpringApplication.java:689)
	at org.springframework.boot.SpringApplication.run(SpringApplication.java:321)
	at grails.boot.GrailsApp.run(GrailsApp.groovy:51)
	at grails.boot.GrailsApp.run(GrailsApp.groovy:335)
	at grails.boot.GrailsApp.run(GrailsApp.groovy:324)
	at grails.boot.GrailsApp$run.call(Unknown Source)
	at org.codehaus.groovy.runtime.callsite.CallSiteArray.defaultCall(CallSiteArray.java:48)
	at org.codehaus.groovy.runtime.callsite.AbstractCallSite.call(AbstractCallSite.java:113)
	at org.codehaus.groovy.runtime.callsite.AbstractCallSite.call(AbstractCallSite.java:133)
	at grails3.security.demo.Application.main(Application.groovy:8)

FAILURE: Build failed with an exception.

* What went wrong:
Execution failed for task ':bootRun'.
> Process 'command '/home/jack/github/myPractice/jdk1.8.0_51/bin/java'' finished with non-zero exit value 1

* Try:
Run with --stacktrace option to get the stack trace. Run with --info or --debug option to get more log output.
06:10:24.760 [DEBUG] [org.gradle.cache.internal.btree.BTreePersistentIndexedCache] Closing cache plugin-use-metadata.bin (/home/jack/github/myPractice/gradleRepo/.gradle/caches/2.3/plugin-resolution/plugin-use-metadata.bin)
06:10:24.769 [DEBUG] [org.gradle.cache.internal.DefaultFileLockManager] Releasing lock on Plugin Resolution Cache (/home/jack/github/myPractice/gradleRepo/.gradle/caches/2.3/plugin-resolution).
06:10:24.769 [DEBUG] [org.gradle.cache.internal.btree.BTreePersistentIndexedCache] Closing cache module-metadata.bin (/home/jack/github/myPractice/gradleRepo/.gradle/caches/modules-2/metadata-2.14/module-metadata.bin)
06:10:24.769 [DEBUG] [org.gradle.cache.internal.btree.BTreePersistentIndexedCache] Closing cache artifact-at-repository.bin (/home/jack/github/myPractice/gradleRepo/.gradle/caches/modules-2/metadata-2.14/artifact-at-repository.bin)
06:10:24.769 [DEBUG] [org.gradle.cache.internal.btree.BTreePersistentIndexedCache] Closing cache module-artifacts.bin (/home/jack/github/myPractice/gradleRepo/.gradle/caches/modules-2/metadata-2.14/module-artifacts.bin)
06:10:24.779 [DEBUG] [org.gradle.cache.internal.DefaultFileLockManager] Releasing lock on artifact cache (/home/jack/github/myPractice/gradleRepo/.gradle/caches/modules-2).
06:10:24.780 [DEBUG] [org.gradle.cache.internal.DefaultFileLockManager] Releasing lock on buildscript class cache for build file '/home/jack/github/myPractice/grails3-security-demo/build.gradle' (/home/jack/github/myPractice/gradleRepo/.gradle/caches/2.3/scripts/build_cbxzeaquvdayjxgfwg7sa9fwb/ProjectScript/buildscript).
06:10:24.780 [DEBUG] [org.gradle.cache.internal.DefaultFileLockManager] Releasing lock on no_buildscript class cache for build file '/home/jack/github/myPractice/grails3-security-demo/build.gradle' (/home/jack/github/myPractice/gradleRepo/.gradle/caches/2.3/scripts/build_cbxzeaquvdayjxgfwg7sa9fwb/ProjectScript/no_buildscript).
06:10:24.781 [DEBUG] [org.gradle.api.internal.tasks.compile.daemon.CompilerDaemonManager] Stopping 0 compiler daemon(s).
06:10:24.781 [INFO] [org.gradle.api.internal.tasks.compile.daemon.CompilerDaemonManager] Stopped 0 compiler daemon(s).
06:10:24.785 [DEBUG] [org.gradle.cache.internal.btree.BTreePersistentIndexedCache] Closing cache fileHashes.bin (/home/jack/github/myPractice/grails3-security-demo/.gradle/2.3/taskArtifacts/fileHashes.bin)
06:10:24.786 [DEBUG] [org.gradle.cache.internal.btree.BTreePersistentIndexedCache] Closing cache fileSnapshots.bin (/home/jack/github/myPractice/grails3-security-demo/.gradle/2.3/taskArtifacts/fileSnapshots.bin)
06:10:24.786 [DEBUG] [org.gradle.cache.internal.btree.BTreePersistentIndexedCache] Closing cache taskArtifacts.bin (/home/jack/github/myPractice/grails3-security-demo/.gradle/2.3/taskArtifacts/taskArtifacts.bin)
06:10:24.786 [DEBUG] [org.gradle.cache.internal.DefaultFileLockManager] Releasing lock on task history cache (/home/jack/github/myPractice/grails3-security-demo/.gradle/2.3/taskArtifacts).
06:10:24.791 [DEBUG] [org.gradle.api.internal.artifacts.ivyservice.resolveengine.store.CachedStoreFactory] Resolution result cache closed. Cache reads: 0, disk reads: 0 (avg: 0.0 secs, total: 0.0 secs)
06:10:24.795 [DEBUG] [org.gradle.api.internal.artifacts.ivyservice.resolveengine.store.CachedStoreFactory] Resolved configuration cache closed. Cache reads: 0, disk reads: 0 (avg: 0.0 secs, total: 0.0 secs)
06:10:24.795 [DEBUG] [org.gradle.api.internal.artifacts.ivyservice.resolveengine.store.ResolutionResultsStoreFactory] Deleted 2 resolution results binary files in 0.007 secs
06:10:24.795 [DEBUG] [org.gradle.api.internal.artifacts.ivyservice.ivyresolve.memcache.InMemoryCachedRepositoryFactory] In-memory dependency metadata cache closed. Repos cached: 13, cache instances: 3, modules served from cache: 416, artifacts: 200
06:10:24.796 [DEBUG] [org.gradle.launcher.daemon.server.exec.ExecuteBuild] The daemon has finished executing the build.
06:10:24.797 [DEBUG] [org.gradle.launcher.daemon.server.DaemonStateCoordinator] Daemon is busy, sleeping until state changes.
06:10:24.797 [DEBUG] [org.gradle.launcher.daemon.server.DaemonStateCoordinator] Command execution: finished waiting for DaemonCommandExecution[command = Build{id=4ab1a783-8113-4f34-b0ee-056b3bb19394.1, currentDir=/home/jack/github/myPractice/grails3-security-demo}, connection = org.gradle.launcher.daemon.server.DefaultDaemonConnection@76be58bb]. Result org.gradle.launcher.daemon.server.DaemonStateCoordinator@5e35c368 with state Running
06:10:24.797 [DEBUG] [org.gradle.launcher.daemon.server.DaemonStateCoordinator] Command execution: completed DaemonCommandExecution[command = Build{id=4ab1a783-8113-4f34-b0ee-056b3bb19394.1, currentDir=/home/jack/github/myPractice/grails3-security-demo}, connection = org.gradle.launcher.daemon.server.DefaultDaemonConnection@76be58bb]
06:10:24.797 [DEBUG] [org.gradle.launcher.daemon.server.DaemonStateCoordinator] updating lastActivityAt to 1460121024797
06:10:24.797 [INFO] [org.gradle.launcher.daemon.server.DomainRegistryUpdater] Marking the daemon as idle, address: [64a70512-e4e6-4593-ab19-d8f273f3e83e port:38304, addresses:[/0:0:0:0:0:0:0:1%lo, /127.0.0.1]]
06:10:24.797 [DEBUG] [org.gradle.launcher.daemon.registry.PersistentDaemonRegistry] Marking idle by address: [64a70512-e4e6-4593-ab19-d8f273f3e83e port:38304, addresses:[/0:0:0:0:0:0:0:1%lo, /127.0.0.1]]
06:10:24.798 [DEBUG] [org.gradle.cache.internal.DefaultFileLockManager] Waiting to acquire exclusive lock on daemon addresses registry.
06:10:24.798 [DEBUG] [org.gradle.cache.internal.DefaultFileLockManager] Lock acquired.
06:10:24.804 [DEBUG] [org.gradle.cache.internal.DefaultFileLockManager] Releasing lock on daemon addresses registry.
06:10:24.807 [DEBUG] [org.gradle.launcher.daemon.server.DaemonStateCoordinator] Daemon is idle, sleeping until state change or idle timeout at Fri Apr 08 09:10:24 PDT 2016
06:10:24.807 [DEBUG] [org.gradle.launcher.daemon.server.exec.ReturnResult] Daemon is dispatching the build result: DaemonCommandResult[type=CommandFailure, value=org.gradle.launcher.exec.ReportedException: org.gradle.internal.exceptions.LocationAwareException: Execution failed for task ':bootRun'.]
06:10:24.807 [DEBUG] [org.gradle.launcher.daemon.server.SynchronizedDispatchConnection] thread 12: dispatching class org.gradle.launcher.daemon.protocol.CommandFailure
06:10:24.821 [DEBUG] [org.gradle.launcher.daemon.server.DefaultIncomingConnectionHandler] Finishing executing command: Build{id=4ab1a783-8113-4f34-b0ee-056b3bb19394.1, currentDir=/home/jack/github/myPractice/grails3-security-demo}
06:10:24.842 [DEBUG] [org.gradle.launcher.daemon.server.SynchronizedDispatchConnection] thread 35: received class org.gradle.launcher.daemon.protocol.Finished
06:10:24.842 [DEBUG] [org.gradle.launcher.daemon.server.DefaultDaemonConnection] Received non-IO message from client: org.gradle.launcher.daemon.protocol.Finished@324c7edc
06:10:24.842 [DEBUG] [org.gradle.launcher.daemon.server.DefaultIncomingConnectionHandler] Received finished message: org.gradle.launcher.daemon.protocol.Finished@324c7edc
06:10:24.842 [DEBUG] [org.gradle.launcher.daemon.server.SynchronizedDispatchConnection] thread 12: stopping connection
06:10:24.842 [DEBUG] [org.gradle.launcher.daemon.server.SynchronizedDispatchConnection] thread 35: received null
06:10:24.842 [DEBUG] [org.gradle.launcher.daemon.server.DefaultDaemonConnection] Received end-of-input from client.
06:10:24.843 [DEBUG] [org.gradle.launcher.daemon.server.SynchronizedDispatchConnection] thread 12: stopping connection
02:12:41.972 [DEBUG] [org.gradle.launcher.daemon.server.DaemonStateCoordinator] Idle timeout: daemon has been idle for requested period. Stopping now.
02:12:41.989 [DEBUG] [org.gradle.launcher.daemon.server.DaemonStateCoordinator] Marking daemon stopped due to idle timeout. The daemon is running a build: false
02:12:41.989 [DEBUG] [org.gradle.launcher.daemon.server.Daemon] stop() called on daemon
02:12:41.990 [INFO] [org.gradle.launcher.daemon.server.Daemon] Stop requested. Daemon is removing its presence from the registry...
02:12:42.029 [DEBUG] [org.gradle.launcher.daemon.server.DomainRegistryUpdater] Removing our presence to clients, eg. removing this address from the registry: [64a70512-e4e6-4593-ab19-d8f273f3e83e port:38304, addresses:[/0:0:0:0:0:0:0:1%lo, /127.0.0.1]]
02:12:42.030 [DEBUG] [org.gradle.launcher.daemon.registry.PersistentDaemonRegistry] Removing daemon address: [64a70512-e4e6-4593-ab19-d8f273f3e83e port:38304, addresses:[/0:0:0:0:0:0:0:1%lo, /127.0.0.1]]
02:12:42.056 [DEBUG] [org.gradle.cache.internal.DefaultFileLockManager] Waiting to acquire exclusive lock on daemon addresses registry.
02:12:42.115 [DEBUG] [org.gradle.cache.internal.DefaultFileLockManager] Lock acquired.
02:12:42.324 [DEBUG] [org.gradle.cache.internal.DefaultFileLockManager] Releasing lock on daemon addresses registry.
02:12:42.324 [DEBUG] [org.gradle.launcher.daemon.server.DomainRegistryUpdater] Address removed from registry.
Daemon vm is shutting down... The daemon has exited normally or was terminated in response to a user interrupt.
02:12:42.354 [DEBUG] [org.gradle.launcher.daemon.registry.PersistentDaemonRegistry] Removing daemon address: [64a70512-e4e6-4593-ab19-d8f273f3e83e port:38304, addresses:[/0:0:0:0:0:0:0:1%lo, /127.0.0.1]]
02:12:42.356 [DEBUG] [org.gradle.cache.internal.DefaultFileLockManager] Waiting to acquire exclusive lock on daemon addresses registry.
02:12:42.357 [DEBUG] [org.gradle.cache.internal.DefaultFileLockManager] Lock acquired.
02:12:43.567 [DEBUG] [org.gradle.cache.internal.DefaultFileLockManager] Releasing lock on daemon addresses registry.
