17:55:41.477 [INFO] [org.gradle.launcher.daemon.server.Daemon] start() called on daemon - DefaultDaemonContext[uid=a7c1db69-4ec7-4f9e-aea0-508758bfe963,javaHome=/media/jack/home-partition/tool/jdk1.8.0_51,daemonRegistryDir=/home/jack/.gradle/daemon,pid=26855,idleTimeout=10800000,daemonOpts=-XX:MaxPermSize=256m,-XX:+HeapDumpOnOutOfMemoryError,-Xmx1024m,-Dfile.encoding=UTF-8,-Duser.country=CN,-Duser.language=zh,-Duser.variant]
17:55:41.485 [DEBUG] [org.gradle.launcher.daemon.server.DaemonStateCoordinator] updating lastActivityAt to 1444125341485
17:55:41.513 [DEBUG] [org.gradle.messaging.remote.internal.inet.InetAddressFactory] Adding IP addresses for network interface vmnet8
17:55:41.514 [DEBUG] [org.gradle.messaging.remote.internal.inet.InetAddressFactory] Is this a loopback interface? false
17:55:41.514 [DEBUG] [org.gradle.messaging.remote.internal.inet.InetAddressFactory] Is this a multicast interface? true
17:55:41.515 [DEBUG] [org.gradle.messaging.remote.internal.inet.InetAddressFactory] Adding remote address /fe80:0:0:0:250:56ff:fec0:8%vmnet8
17:55:41.515 [DEBUG] [org.gradle.messaging.remote.internal.inet.InetAddressFactory] Adding remote address /172.16.33.1
17:55:41.517 [DEBUG] [org.gradle.messaging.remote.internal.inet.InetAddressFactory] Adding remote multicast interface vmnet8
17:55:41.517 [DEBUG] [org.gradle.messaging.remote.internal.inet.InetAddressFactory] Adding IP addresses for network interface vmnet1
17:55:41.518 [DEBUG] [org.gradle.messaging.remote.internal.inet.InetAddressFactory] Is this a loopback interface? false
17:55:41.518 [DEBUG] [org.gradle.messaging.remote.internal.inet.InetAddressFactory] Is this a multicast interface? true
17:55:41.519 [DEBUG] [org.gradle.messaging.remote.internal.inet.InetAddressFactory] Adding remote address /fe80:0:0:0:250:56ff:fec0:1%vmnet1
17:55:41.519 [DEBUG] [org.gradle.messaging.remote.internal.inet.InetAddressFactory] Adding remote address /192.168.62.1
17:55:41.520 [DEBUG] [org.gradle.messaging.remote.internal.inet.InetAddressFactory] Adding remote multicast interface vmnet1
17:55:41.520 [DEBUG] [org.gradle.messaging.remote.internal.inet.InetAddressFactory] Adding IP addresses for network interface docker0
17:55:41.521 [DEBUG] [org.gradle.messaging.remote.internal.inet.InetAddressFactory] Is this a loopback interface? false
17:55:41.521 [DEBUG] [org.gradle.messaging.remote.internal.inet.InetAddressFactory] Is this a multicast interface? true
17:55:41.522 [DEBUG] [org.gradle.messaging.remote.internal.inet.InetAddressFactory] Adding remote address /172.17.42.1
17:55:41.522 [DEBUG] [org.gradle.messaging.remote.internal.inet.InetAddressFactory] Adding remote multicast interface docker0
17:55:41.523 [DEBUG] [org.gradle.messaging.remote.internal.inet.InetAddressFactory] Adding IP addresses for network interface wlan0
17:55:41.523 [DEBUG] [org.gradle.messaging.remote.internal.inet.InetAddressFactory] Is this a loopback interface? false
17:55:41.523 [DEBUG] [org.gradle.messaging.remote.internal.inet.InetAddressFactory] Is this a multicast interface? true
17:55:41.524 [DEBUG] [org.gradle.messaging.remote.internal.inet.InetAddressFactory] Adding remote address /fe80:0:0:0:626c:66ff:fe37:276a%wlan0
17:55:41.524 [DEBUG] [org.gradle.messaging.remote.internal.inet.InetAddressFactory] Adding remote address /192.168.1.104
17:55:41.525 [DEBUG] [org.gradle.messaging.remote.internal.inet.InetAddressFactory] Adding remote multicast interface wlan0
17:55:41.525 [DEBUG] [org.gradle.messaging.remote.internal.inet.InetAddressFactory] Adding IP addresses for network interface lo
17:55:41.526 [DEBUG] [org.gradle.messaging.remote.internal.inet.InetAddressFactory] Is this a loopback interface? true
17:55:41.526 [DEBUG] [org.gradle.messaging.remote.internal.inet.InetAddressFactory] Is this a multicast interface? false
17:55:41.526 [DEBUG] [org.gradle.messaging.remote.internal.inet.InetAddressFactory] Adding loopback address /0:0:0:0:0:0:0:1%lo
17:55:41.527 [DEBUG] [org.gradle.messaging.remote.internal.inet.InetAddressFactory] Adding loopback address /127.0.0.1
17:55:41.551 [DEBUG] [org.gradle.messaging.remote.internal.inet.TcpIncomingConnector] Listening on [aa76025b-3edc-4b30-944a-62e0ab40ecb1 port:55200, addresses:[/0:0:0:0:0:0:0:1%lo, /127.0.0.1]].
17:55:41.563 [DEBUG] [org.gradle.launcher.daemon.server.Daemon] Daemon starting at: Tue Oct 06 17:55:41 CST 2015, with address: [aa76025b-3edc-4b30-944a-62e0ab40ecb1 port:55200, addresses:[/0:0:0:0:0:0:0:1%lo, /127.0.0.1]]
17:55:41.563 [INFO] [org.gradle.launcher.daemon.server.DomainRegistryUpdater] Advertising the daemon address to the clients: [aa76025b-3edc-4b30-944a-62e0ab40ecb1 port:55200, addresses:[/0:0:0:0:0:0:0:1%lo, /127.0.0.1]]
17:55:41.564 [DEBUG] [org.gradle.launcher.daemon.server.DomainRegistryUpdater] Advertised daemon context: DefaultDaemonContext[uid=a7c1db69-4ec7-4f9e-aea0-508758bfe963,javaHome=/media/jack/home-partition/tool/jdk1.8.0_51,daemonRegistryDir=/home/jack/.gradle/daemon,pid=26855,idleTimeout=10800000,daemonOpts=-XX:MaxPermSize=256m,-XX:+HeapDumpOnOutOfMemoryError,-Xmx1024m,-Dfile.encoding=UTF-8,-Duser.country=CN,-Duser.language=zh,-Duser.variant]
17:55:41.565 [DEBUG] [org.gradle.launcher.daemon.registry.PersistentDaemonRegistry] Storing daemon address: [aa76025b-3edc-4b30-944a-62e0ab40ecb1 port:55200, addresses:[/0:0:0:0:0:0:0:1%lo, /127.0.0.1]], context: DefaultDaemonContext[uid=a7c1db69-4ec7-4f9e-aea0-508758bfe963,javaHome=/media/jack/home-partition/tool/jdk1.8.0_51,daemonRegistryDir=/home/jack/.gradle/daemon,pid=26855,idleTimeout=10800000,daemonOpts=-XX:MaxPermSize=256m,-XX:+HeapDumpOnOutOfMemoryError,-Xmx1024m,-Dfile.encoding=UTF-8,-Duser.country=CN,-Duser.language=zh,-Duser.variant]
17:55:41.577 [DEBUG] [org.gradle.cache.internal.DefaultFileLockManager] Waiting to acquire exclusive lock on daemon addresses registry.
17:55:41.579 [DEBUG] [org.gradle.cache.internal.DefaultFileLockManager] Lock acquired.
17:55:41.581 [DEBUG] [org.gradle.cache.internal.DefaultFileLockManager] Releasing lock on daemon addresses registry.
17:55:41.582 [DEBUG] [org.gradle.cache.internal.DefaultFileLockManager] Waiting to acquire exclusive lock on daemon addresses registry.
17:55:41.583 [DEBUG] [org.gradle.cache.internal.DefaultFileLockManager] Lock acquired.
17:55:41.635 [DEBUG] [org.gradle.cache.internal.DefaultFileLockManager] Releasing lock on daemon addresses registry.
17:55:41.636 [LIFECYCLE] [org.gradle.launcher.daemon.server.Daemon] Daemon server started.
17:55:41.639 [DEBUG] [org.gradle.launcher.daemon.bootstrap.DaemonStartupCommunication] Completed writing the daemon greeting. Closing streams...
17:55:41.639 [DEBUG] [org.gradle.launcher.daemon.server.Daemon] requestStopOnIdleTimeout(10800000 MILLISECONDS) called on daemon
17:55:41.640 [DEBUG] [org.gradle.launcher.daemon.server.DaemonStateCoordinator] Idle timeout: waiting for daemon to stop or be idle for 10800000ms
17:55:41.641 [DEBUG] [org.gradle.launcher.daemon.server.DaemonStateCoordinator] Daemon is idle, sleeping until state change or idle timeout at Tue Oct 06 20:55:41 CST 2015
17:55:41.665 [DEBUG] [org.gradle.messaging.remote.internal.inet.TcpIncomingConnector] Accepted connection from /0:0:0:0:0:0:0:1:43724 to /0:0:0:0:0:0:0:1:55200.
17:55:41.741 [DEBUG] [org.gradle.launcher.daemon.server.SynchronizedDispatchConnection] thread 14: received class org.gradle.launcher.daemon.protocol.Build
17:55:41.741 [DEBUG] [org.gradle.launcher.daemon.server.DefaultDaemonConnection] Received non-IO message from client: Build{id=69e9254a-fb21-4856-95af-f3dd994769d6.1, currentDir=/media/jack/home-partition/book/meizu/code/foundation/TekDays}
17:55:41.742 [INFO] [org.gradle.launcher.daemon.server.DefaultIncomingConnectionHandler] Received command: Build{id=69e9254a-fb21-4856-95af-f3dd994769d6.1, currentDir=/media/jack/home-partition/book/meizu/code/foundation/TekDays}.
17:55:41.743 [DEBUG] [org.gradle.launcher.daemon.server.DefaultIncomingConnectionHandler] Starting executing command: Build{id=69e9254a-fb21-4856-95af-f3dd994769d6.1, currentDir=/media/jack/home-partition/book/meizu/code/foundation/TekDays} with connection: socket connection from /0:0:0:0:0:0:0:1:55200 to /0:0:0:0:0:0:0:1:43724.
17:55:41.751 [DEBUG] [org.gradle.launcher.daemon.server.DaemonStateCoordinator] Command execution: started DaemonCommandExecution[command = Build{id=69e9254a-fb21-4856-95af-f3dd994769d6.1, currentDir=/media/jack/home-partition/book/meizu/code/foundation/TekDays}, connection = org.gradle.launcher.daemon.server.DefaultDaemonConnection@addfa9e] after 0.0 minutes of idle
17:55:41.752 [INFO] [org.gradle.launcher.daemon.server.DomainRegistryUpdater] Marking the daemon as busy, address: [aa76025b-3edc-4b30-944a-62e0ab40ecb1 port:55200, addresses:[/0:0:0:0:0:0:0:1%lo, /127.0.0.1]]
17:55:41.752 [DEBUG] [org.gradle.launcher.daemon.registry.PersistentDaemonRegistry] Marking busy by address: [aa76025b-3edc-4b30-944a-62e0ab40ecb1 port:55200, addresses:[/0:0:0:0:0:0:0:1%lo, /127.0.0.1]]
17:55:41.753 [DEBUG] [org.gradle.cache.internal.DefaultFileLockManager] Waiting to acquire exclusive lock on daemon addresses registry.
17:55:41.754 [DEBUG] [org.gradle.cache.internal.DefaultFileLockManager] Lock acquired.
17:55:41.759 [DEBUG] [org.gradle.cache.internal.DefaultFileLockManager] Releasing lock on daemon addresses registry.
17:55:41.760 [DEBUG] [org.gradle.launcher.daemon.server.DaemonStateCoordinator] updating lastActivityAt to 1444125341760
17:55:41.761 [INFO] [org.gradle.launcher.daemon.server.exec.StartBuildOrRespondWithBusy] Daemon is about to start building Build{id=69e9254a-fb21-4856-95af-f3dd994769d6.1, currentDir=/media/jack/home-partition/book/meizu/code/foundation/TekDays}. Dispatching build started information...
17:55:41.761 [DEBUG] [org.gradle.launcher.daemon.server.DaemonStateCoordinator] Daemon is busy, sleeping until state changes.
17:55:41.761 [DEBUG] [org.gradle.launcher.daemon.server.SynchronizedDispatchConnection] thread 16: dispatching class org.gradle.launcher.daemon.protocol.BuildStarted
17:55:41.768 [DEBUG] [org.gradle.launcher.daemon.server.exec.EstablishBuildEnvironment] Configuring env variables: {PATH=/home/jack/.rvm/gems/ruby-2.2.0/bin:/home/jack/.rvm/gems/ruby-2.2.0@global/bin:/home/jack/.rvm/rubies/ruby-2.2.0/bin:/home/jack/bin:/home/jack/.gvm/springboot/current/bin:/home/jack/.gvm/lazybones/current/bin:/home/jack/.gvm/jbossforge/current/bin:/home/jack/.gvm/jbake/current/bin:/home/jack/.gvm/groovyserv/current/bin:/home/jack/.gvm/groovy/current/bin:/home/jack/.gvm/griffon/current/bin:/home/jack/.gvm/grails/current/bin:/home/jack/.gvm/gradle/current/bin:/home/jack/.gvm/glide/current/bin:/home/jack/.gvm/gaiden/current/bin:/home/jack/.gvm/crash/current/bin:/home/jack/.gvm/asciidoctorj/current/bin:/opt/grails-3.0.7/bin:/home/jack/bin:/home/jack/bin:/media/jack/home-partition/tool/jdk1.8.0_51/bin:/media/jack/home-partition/tool/jdk1.8.0_51/jre/bin:/home/jack/bin:/usr/local/sbin:/usr/local/bin:/usr/sbin:/usr/bin:/sbin:/bin:/usr/games:/usr/local/games:/home/jack/.rvm/bin:/media/jack/home-partition/tool/android-studio/bin:/media/jack/home-partition/tool/android-studio/sdk/tools:/media/jack/home-partition/tool/android-studio/sdk/platform-tools:/media/jack/home-partition/tool/android-studio/sdk/build-tools:/home/jack/.rvm/bin:/home/jack/.rvm/bin, IRBRC=/home/jack/.rvm/rubies/ruby-2.2.0/.irbrc, NO_PROXY=localhost,127.0.0.0/8,::1, XMODIFIERS=@im=ibus, GDMSESSION=ubuntu, GRAILS_HOME=/home/jack/.gvm/grails/current, TEXTDOMAINDIR=/usr/share/locale/, DBUS_SESSION_BUS_ADDRESS=unix:abstract=/tmp/dbus-a1rFOk8cD7, DEFAULTS_PATH=/usr/share/gconf/ubuntu.default.path, COLORTERM=gnome-terminal, UPSTART_SESSION=unix:abstract=/com/ubuntu/upstart-session/1000/4241, SESSION_MANAGER=local/jack-ThinkPad-S430:@/tmp/.ICE-unix/4443,unix/jack-ThinkPad-S430:/tmp/.ICE-unix/4443, rvm_version=1.26.7 (master), PWD=/home/jack/partition/book/meizu/code/foundation/TekDays, LANGUAGE=zh_CN:zh, WINDOWID=85983243, LESSOPEN=| /usr/bin/lesspipe %s, GROOVYSERV_HOME=/home/jack/.gvm/groovyserv/current, INSTANCE=, MY_RUBY_HOME=/home/jack/.rvm/rubies/ruby-2.2.0, rvm_path=/home/jack/.rvm, GNOME_DESKTOP_SESSION_ID=this-is-deprecated, GTK_MODULES=overlay-scrollbar:unity-gtk-module, CLUTTER_IM_MODULE=ibus, TEXTDOMAIN=im-config, COMPIZ_BIN_PATH=/usr/bin/, SHLVL=1, JAVA_HOME=/media/jack/home-partition/tool/jdk1.8.0_51, GVM_VERSION=2.4.2, GAIDEN_HOME=/home/jack/.gvm/gaiden/current, LAZYBONES_HOME=/home/jack/.gvm/lazybones/current, TERM=xterm, XDG_CONFIG_DIRS=/etc/xdg/xdg-ubuntu:/usr/share/upstart/xdg:/etc/xdg, XDG_SEAT_PATH=/org/freedesktop/DisplayManager/Seat0, XDG_SESSION_ID=c2, GRADLE_HOME=/home/jack/.gvm/gradle/current, SELINUX_INIT=YES, GROOVY_HOME=/home/jack/.gvm/groovy/current, no_proxy=localhost,127.0.0.0/8,::1, XDG_GREETER_DATA_DIR=/var/lib/lightdm-data/jack, DESKTOP_SESSION=ubuntu, SESSION=ubuntu, XDG_MENU_PREFIX=gnome-, ANDROID_STUDIO_HOME=/media/jack/home-partition/tool/android-studio, QT_ACCESSIBILITY=1, VTE_VERSION=3409, GVM_BROKER_SERVICE=http://release.gvm.io, GEM_PATH=/home/jack/.rvm/gems/ruby-2.2.0:/home/jack/.rvm/gems/ruby-2.2.0@global, NLSPATH=/usr/dt/lib/nls/msg/%L/%N.cat, GLIDE_HOME=/home/jack/.gvm/glide/current, XAUTHORITY=/home/jack/.Xauthority, XDG_DATA_DIRS=/usr/share/ubuntu:/usr/share/gnome:/usr/local/share/:/usr/share/, MANDATORY_PATH=/usr/share/gconf/ubuntu.mandatory.path, ASCIIDOCTORJ_HOME=/home/jack/.gvm/asciidoctorj/current, GTK_IM_MODULE=ibus, XDG_CURRENT_DESKTOP=Unity, QT4_IM_MODULE=ibus, LOGNAME=jack, JOB=dbus, IM_CONFIG_PHASE=1, SPRINGBOOT_HOME=/home/jack/.gvm/springboot/current, SHELL=/bin/bash, OLDPWD=/opt/grails-3.0.7, GVM_PLATFORM=Linux, GEM_HOME=/home/jack/.rvm/gems/ruby-2.2.0, RUBY_VERSION=ruby-2.2.0, _system_name=Ubuntu, XDG_SESSION_PATH=/org/freedesktop/DisplayManager/Session0, CRASH_HOME=/home/jack/.gvm/crash/current, SESSIONTYPE=gnome-session, LS_COLORS=rs=0:di=01;34:ln=01;36:mh=00:pi=40;33:so=01;35:do=01;35:bd=40;33;01:cd=40;33;01:or=40;31;01:su=37;41:sg=30;43:ca=30;41:tw=30;42:ow=34;42:st=37;44:ex=01;32:*.tar=01;31:*.tgz=01;31:*.arj=01;31:*.taz=01;31:*.lzh=01;31:*.lzma=01;31:*.tlz=01;31:*.txz=01;31:*.zip=01;31:*.z=01;31:*.Z=01;31:*.dz=01;31:*.gz=01;31:*.lz=01;31:*.xz=01;31:*.bz2=01;31:*.bz=01;31:*.tbz=01;31:*.tbz2=01;31:*.tz=01;31:*.deb=01;31:*.rpm=01;31:*.jar=01;31:*.war=01;31:*.ear=01;31:*.sar=01;31:*.rar=01;31:*.ace=01;31:*.zoo=01;31:*.cpio=01;31:*.7z=01;31:*.rz=01;31:*.jpg=01;35:*.jpeg=01;35:*.gif=01;35:*.bmp=01;35:*.pbm=01;35:*.pgm=01;35:*.ppm=01;35:*.tga=01;35:*.xbm=01;35:*.xpm=01;35:*.tif=01;35:*.tiff=01;35:*.png=01;35:*.svg=01;35:*.svgz=01;35:*.mng=01;35:*.pcx=01;35:*.mov=01;35:*.mpg=01;35:*.mpeg=01;35:*.m2v=01;35:*.mkv=01;35:*.webm=01;35:*.ogm=01;35:*.mp4=01;35:*.m4v=01;35:*.mp4v=01;35:*.vob=01;35:*.qt=01;35:*.nuv=01;35:*.wmv=01;35:*.asf=01;35:*.rm=01;35:*.rmvb=01;35:*.flc=01;35:*.avi=01;35:*.fli=01;35:*.flv=01;35:*.gl=01;35:*.dl=01;35:*.xcf=01;35:*.xwd=01;35:*.yuv=01;35:*.cgm=01;35:*.emf=01;35:*.axv=01;35:*.anx=01;35:*.ogv=01;35:*.ogx=01;35:*.aac=00;36:*.au=00;36:*.flac=00;36:*.mid=00;36:*.midi=00;36:*.mka=00;36:*.mp3=00;36:*.mpc=00;36:*.ogg=00;36:*.ra=00;36:*.wav=00;36:*.axa=00;36:*.oga=00;36:*.spx=00;36:*.xspf=00;36:, GVM_BROADCAST_SERVICE=http://cast.gvm.io, LESSCLOSE=/usr/bin/lesspipe %s %s, GRIFFON_HOME=/home/jack/.gvm/griffon/current, _system_arch=x86_64, COMPIZ_CONFIG_PROFILE=ubuntu, rvm_bin_path=/home/jack/.rvm/bin, QT_IM_MODULE=ibus, XFILESEARCHPATH=/usr/dt/app-defaults/%L/Dt, rvm_prefix=/home/jack, LANG=zh_CN.UTF-8, GNOME_KEYRING_CONTROL=/run/user/1000/keyring-f1xECL, GRAILS_PATH=/opt/grails-3.0.7, DISPLAY=:0, GVM_SERVICE=http://api.gvmtool.net, JBOSSFORGE_HOME=/home/jack/.gvm/jbossforge/current, JBAKE_HOME=/home/jack/.gvm/jbake/current, GDM_LANG=zh_CN, _system_type=Linux, GVM_DIR=/home/jack/.gvm, GPG_AGENT_INFO=/run/user/1000/keyring-f1xECL/gpg:0:1, _system_version=14.04, USER=jack, CLASSPATH=/opt/grails-3.0.7/dist/grails-shell-3.0.7.jar:/opt/grails-3.0.7/lib/org.codehaus.groovy/groovy/jars/groovy-2.4.4.jar:/opt/grails-3.0.7/lib/org.slf4j/slf4j-api/jars/slf4j-api-1.7.10.jar:/opt/grails-3.0.7/lib/org.slf4j/jcl-over-slf4j/jars/jcl-over-slf4j-1.7.10.jar:/opt/grails-3.0.7/dist/grails-bootstrap-3.0.7.jar:/opt/grails-3.0.7/dist/grails-gradle-model-3.0.7.jar:/opt/grails-3.0.7/lib/org.apache.ant/ant/jars/ant-1.9.4.jar:/opt/grails-3.0.7/lib/org.codehaus.groovy/groovy-ant/jars/groovy-ant-2.4.4.jar:/opt/grails-3.0.7/lib/org.codehaus.groovy/groovy-json/jars/groovy-json-2.4.4.jar:/opt/grails-3.0.7/lib/org.codehaus.groovy/groovy-jmx/jars/groovy-jmx-2.4.4.jar:/opt/grails-3.0.7/lib/org.fusesource.jansi/jansi/jars/jansi-1.11.jar:/opt/grails-3.0.7/lib/jline/jline/jars/jline-2.12.jar:/opt/grails-3.0.7/lib/org.eclipse.jgit/org.eclipse.jgit/jars/org.eclipse.jgit-3.5.2.201411120430-r.jar:/opt/grails-3.0.7/lib/org.gradle/gradle-tooling-api/jars/gradle-tooling-api-2.3.jar:/opt/grails-3.0.7/lib/org.springframework.boot/spring-boot-cli/jars/spring-boot-cli-1.2.5.RELEASE.jar:/opt/grails-3.0.7/lib/org.slf4j/slf4j-simple/jars/slf4j-simple-1.7.10.jar:/opt/grails-3.0.7/lib/org.codehaus.plexus/plexus-component-api/jars/plexus-component-api-1.0-alpha-33.jar:/opt/grails-3.0.7/lib/org.codehaus.groovy/groovy-xml/jars/groovy-xml-2.4.4.jar:/opt/grails-3.0.7/lib/org.yaml/snakeyaml/jars/snakeyaml-1.14.jar:/opt/grails-3.0.7/lib/org.apache.ant/ant-launcher/jars/ant-launcher-1.9.4.jar:/opt/grails-3.0.7/lib/org.codehaus.groovy/groovy-groovydoc/jars/groovy-groovydoc-2.4.4.jar:/opt/grails-3.0.7/lib/org.apache.ant/ant-antlr/jars/ant-antlr-1.9.4.jar:/opt/grails-3.0.7/lib/org.apache.ant/ant-junit/jars/ant-junit-1.9.4.jar:/opt/grails-3.0.7/lib/com.jcraft/jsch/jars/jsch-0.1.50.jar:/opt/grails-3.0.7/lib/com.googlecode.javaewah/JavaEWAH/jars/JavaEWAH-0.7.9.jar:/opt/grails-3.0.7/lib/org.springframework.boot/spring-boot-dependency-tools/jars/spring-boot-dependency-tools-1.2.5.RELEASE.jar:/opt/grails-3.0.7/lib/org.springframework.boot/spring-boot-loader-tools/jars/spring-boot-loader-tools-1.2.5.RELEASE.jar:/opt/grails-3.0.7/lib/net.sf.jopt-simple/jopt-simple/jars/jopt-simple-4.6.jar:/opt/grails-3.0.7/lib/org.springframework/spring-core/jars/spring-core-4.1.7.RELEASE.jar:/opt/grails-3.0.7/lib/org.json/json/jars/json-20140107.jar:/opt/grails-3.0.7/lib/org.apache.maven/maven-aether-provider/jars/maven-aether-provider-3.2.1.jar:/opt/grails-3.0.7/lib/org.apache.maven/maven-settings-builder/jars/maven-settings-builder-3.1.1.jar:/opt/grails-3.0.7/lib/org.eclipse.aether/aether-api/jars/aether-api-0.9.1.v20140329.jar:/opt/grails-3.0.7/lib/org.eclipse.aether/aether-connector-basic/jars/aether-connector-basic-0.9.1.v20140329.jar:/opt/grails-3.0.7/lib/org.eclipse.aether/aether-impl/jars/aether-impl-0.9.1.v20140329.jar:/opt/grails-3.0.7/lib/org.eclipse.aether/aether-spi/jars/aether-spi-0.9.1.v20140329.jar:/opt/grails-3.0.7/lib/org.eclipse.aether/aether-transport-file/jars/aether-transport-file-0.9.1.v20140329.jar:/opt/grails-3.0.7/lib/org.eclipse.aether/aether-transport-http/jars/aether-transport-http-0.9.1.v20140329.jar:/opt/grails-3.0.7/lib/org.eclipse.aether/aether-util/jars/aether-util-0.9.1.v20140329.jar:/opt/grails-3.0.7/lib/org.codehaus.plexus/plexus-classworlds/jars/plexus-classworlds-1.2-alpha-10.jar:/opt/grails-3.0.7/lib/junit/junit/jars/junit-3.8.1.jar:/opt/grails-3.0.7/lib/org.codehaus.groovy/groovy-templates/jars/groovy-templates-2.4.4.jar:/opt/grails-3.0.7/lib/org.apache.maven/maven-model/jars/maven-model-3.2.1.jar:/opt/grails-3.0.7/lib/org.apache.maven/maven-model-builder/jars/maven-model-builder-3.2.1.jar:/opt/grails-3.0.7/lib/org.apache.maven/maven-repository-metadata/jars/maven-repository-metadata-3.2.1.jar:/opt/grails-3.0.7/lib/org.codehaus.plexus/plexus-component-annotations/jars/plexus-component-annotations-1.5.5.jar:/opt/grails-3.0.7/lib/org.codehaus.plexus/plexus-utils/jars/plexus-utils-3.0.17.jar:/opt/grails-3.0.7/lib/org.codehaus.plexus/plexus-interpolation/jars/plexus-interpolation-1.19.jar:/opt/grails-3.0.7/lib/org.apache.maven/maven-settings/jars/maven-settings-3.1.1.jar:/opt/grails-3.0.7/lib/org.sonatype.plexus/plexus-sec-dispatcher/jars/plexus-sec-dispatcher-1.3.jar:/opt/grails-3.0.7/lib/org.sonatype.plexus/plexus-cipher/jars/plexus-cipher-1.4.jar:/opt/grails-3.0.7/lib/org.apache.httpcomponents/httpclient/jars/httpclient-4.2.6.jar:/opt/grails-3.0.7/lib/org.apache.httpcomponents/httpcore/jars/httpcore-4.2.5.jar:/opt/grails-3.0.7/lib/commons-codec/commons-codec/jars/commons-codec-1.6.jar, XDG_SEAT=seat0, SSH_AUTH_SOCK=/run/user/1000/keyring-f1xECL/ssh, QT_QPA_PLATFORMTHEME=appmenu-qt5, XDG_RUNTIME_DIR=/run/user/1000, GVM_INIT=true, XDG_VTNR=7, HOME=/home/jack, GNOME_KEYRING_PID=4239}
17:55:41.782 [DEBUG] [org.gradle.launcher.daemon.server.SynchronizedDispatchConnection] thread 14: received class org.gradle.launcher.daemon.protocol.CloseInput
17:55:41.783 [DEBUG] [org.gradle.launcher.daemon.server.DefaultDaemonConnection] Received IO message from client: CloseInput[id=69e9254a-fb21-4856-95af-f3dd994769d6.2]
17:55:41.791 [DEBUG] [org.gradle.launcher.daemon.server.exec.LogToClient] About to start relaying all logs to the client via the connection.
17:55:41.791 [INFO] [org.gradle.launcher.daemon.server.exec.LogToClient] The client will now receive all logging from the daemon (pid: 26855). The daemon log file: /home/jack/.gradle/daemon/2.3/daemon-26855.out.log
17:55:41.823 [INFO] [org.gradle.launcher.daemon.server.health.DaemonHealthTracker] Starting build in new daemon [memory: 954.7 MB]
17:55:41.824 [INFO] [org.gradle.launcher.daemon.server.exec.ForwardClientInput] Closing daemon's stdin at end of input.
17:55:41.824 [INFO] [org.gradle.launcher.daemon.server.exec.ForwardClientInput] The daemon will no longer process any standard input.
17:55:41.827 [DEBUG] [org.gradle.launcher.daemon.server.exec.ExecuteBuild] The daemon has started executing the build.
17:55:41.827 [INFO] [org.gradle.launcher.daemon.server.exec.ExecuteBuild] Executing build with daemon context: DefaultDaemonContext[uid=a7c1db69-4ec7-4f9e-aea0-508758bfe963,javaHome=/media/jack/home-partition/tool/jdk1.8.0_51,daemonRegistryDir=/home/jack/.gradle/daemon,pid=26855,idleTimeout=10800000,daemonOpts=-XX:MaxPermSize=256m,-XX:+HeapDumpOnOutOfMemoryError,-Xmx1024m,-Dfile.encoding=UTF-8,-Duser.country=CN,-Duser.language=zh,-Duser.variant]

FAILURE: Build failed with an exception.

* What went wrong:
Task 'bootRun' not found in root project 'TekDays'.

* Try:
Run gradle tasks to get a list of available tasks. Run with --info or --debug option to get more log output.

* Exception is:
org.gradle.execution.TaskSelectionException: Task 'bootRun' not found in root project 'TekDays'.
	at org.gradle.execution.TaskSelector.getSelection(TaskSelector.java:101)
	at org.gradle.execution.TaskSelector.getSelection(TaskSelector.java:76)
	at org.gradle.execution.commandline.CommandLineTaskParser.parseTasks(CommandLineTaskParser.java:42)
	at org.gradle.execution.TaskNameResolvingBuildConfigurationAction.configure(TaskNameResolvingBuildConfigurationAction.java:44)
	at org.gradle.execution.DefaultBuildExecuter.configure(DefaultBuildExecuter.java:42)
	at org.gradle.execution.DefaultBuildExecuter.access$100(DefaultBuildExecuter.java:23)
	at org.gradle.execution.DefaultBuildExecuter$1.proceed(DefaultBuildExecuter.java:48)
	at org.gradle.execution.ExcludedTaskFilteringBuildConfigurationAction.configure(ExcludedTaskFilteringBuildConfigurationAction.java:47)
	at org.gradle.execution.DefaultBuildExecuter.configure(DefaultBuildExecuter.java:42)
	at org.gradle.execution.DefaultBuildExecuter.access$100(DefaultBuildExecuter.java:23)
	at org.gradle.execution.DefaultBuildExecuter$1.proceed(DefaultBuildExecuter.java:48)
	at org.gradle.execution.DefaultTasksBuildExecutionAction.configure(DefaultTasksBuildExecutionAction.java:44)
	at org.gradle.execution.DefaultBuildExecuter.configure(DefaultBuildExecuter.java:42)
	at org.gradle.execution.DefaultBuildExecuter.select(DefaultBuildExecuter.java:35)
	at org.gradle.initialization.DefaultGradleLauncher.doBuildStages(DefaultGradleLauncher.java:142)
	at org.gradle.initialization.DefaultGradleLauncher.doBuild(DefaultGradleLauncher.java:106)
	at org.gradle.initialization.DefaultGradleLauncher.run(DefaultGradleLauncher.java:86)
	at org.gradle.launcher.exec.InProcessBuildActionExecuter$DefaultBuildController.run(InProcessBuildActionExecuter.java:80)
	at org.gradle.tooling.internal.provider.BuildModelAction.run(BuildModelAction.java:43)
	at org.gradle.tooling.internal.provider.BuildModelAction.run(BuildModelAction.java:30)
	at org.gradle.tooling.internal.provider.ConfiguringBuildAction.run(ConfiguringBuildAction.java:119)
	at org.gradle.launcher.exec.InProcessBuildActionExecuter.execute(InProcessBuildActionExecuter.java:36)
	at org.gradle.launcher.exec.InProcessBuildActionExecuter.execute(InProcessBuildActionExecuter.java:26)
	at org.gradle.launcher.daemon.server.exec.ExecuteBuild.doBuild(ExecuteBuild.java:48)
	at org.gradle.launcher.daemon.server.exec.BuildCommandOnly.execute(BuildCommandOnly.java:36)
	at org.gradle.launcher.daemon.server.api.DaemonCommandExecution.proceed(DaemonCommandExecution.java:120)
	at org.gradle.launcher.daemon.server.exec.WatchForDisconnection.execute(WatchForDisconnection.java:37)
	at org.gradle.launcher.daemon.server.api.DaemonCommandExecution.proceed(DaemonCommandExecution.java:120)
	at org.gradle.launcher.daemon.server.exec.ResetDeprecationLogger.execute(ResetDeprecationLogger.java:26)
	at org.gradle.launcher.daemon.server.api.DaemonCommandExecution.proceed(DaemonCommandExecution.java:120)
	at org.gradle.launcher.daemon.server.exec.RequestStopIfSingleUsedDaemon.execute(RequestStopIfSingleUsedDaemon.java:34)
	at org.gradle.launcher.daemon.server.api.DaemonCommandExecution.proceed(DaemonCommandExecution.java:120)
	at org.gradle.launcher.daemon.server.exec.ForwardClientInput$2.call(ForwardClientInput.java:74)
	at org.gradle.launcher.daemon.server.exec.ForwardClientInput$2.call(ForwardClientInput.java:72)
	at org.gradle.util.Swapper.swap(Swapper.java:38)
	at org.gradle.launcher.daemon.server.exec.ForwardClientInput.execute(ForwardClientInput.java:72)
	at org.gradle.launcher.daemon.server.api.DaemonCommandExecution.proceed(DaemonCommandExecution.java:120)
	at org.gradle.launcher.daemon.server.health.DaemonHealthTracker.execute(DaemonHealthTracker.java:47)
	at org.gradle.launcher.daemon.server.api.DaemonCommandExecution.proceed(DaemonCommandExecution.java:120)
	at org.gradle.launcher.daemon.server.exec.LogToClient.doBuild(LogToClient.java:60)
	at org.gradle.launcher.daemon.server.exec.BuildCommandOnly.execute(BuildCommandOnly.java:36)
	at org.gradle.launcher.daemon.server.api.DaemonCommandExecution.proceed(DaemonCommandExecution.java:120)
	at org.gradle.launcher.daemon.server.exec.EstablishBuildEnvironment.doBuild(EstablishBuildEnvironment.java:71)
	at org.gradle.launcher.daemon.server.exec.BuildCommandOnly.execute(BuildCommandOnly.java:36)
	at org.gradle.launcher.daemon.server.api.DaemonCommandExecution.proceed(DaemonCommandExecution.java:120)
	at org.gradle.launcher.daemon.server.health.HintGCAfterBuild.execute(HintGCAfterBuild.java:41)
	at org.gradle.launcher.daemon.server.api.DaemonCommandExecution.proceed(DaemonCommandExecution.java:120)
	at org.gradle.launcher.daemon.server.exec.StartBuildOrRespondWithBusy$1.run(StartBuildOrRespondWithBusy.java:50)
	at org.gradle.launcher.daemon.server.DaemonStateCoordinator$1.run(DaemonStateCoordinator.java:246)
	at org.gradle.internal.concurrent.DefaultExecutorFactory$StoppableExecutorImpl$1.run(DefaultExecutorFactory.java:64)

17:55:44.177 [DEBUG] [org.gradle.cache.internal.DefaultCacheAccess] Cache artifact cache (/home/jack/.gradle/caches/modules-2) was closed 0 times.
17:55:44.178 [DEBUG] [org.gradle.cache.internal.DefaultCacheAccess] Cache Plugin Resolution Cache (/home/jack/.gradle/caches/2.3/plugin-resolution) was closed 0 times.
17:55:44.180 [DEBUG] [org.gradle.api.internal.artifacts.ivyservice.resolveengine.store.ResolutionResultsStoreFactory] Deleted 0 resolution results binary files in 0.0 secs
17:55:44.181 [DEBUG] [org.gradle.api.internal.artifacts.ivyservice.ivyresolve.memcache.InMemoryCachedRepositoryFactory] In-memory dependency metadata cache closed. Repos cached: 0, cache instances: 0, modules served from cache: 0, artifacts: 0
17:55:44.182 [DEBUG] [org.gradle.launcher.daemon.server.exec.ExecuteBuild] The daemon has finished executing the build.
17:55:45.394 [DEBUG] [org.gradle.launcher.daemon.server.DaemonStateCoordinator] Command execution: finished waiting for DaemonCommandExecution[command = Build{id=69e9254a-fb21-4856-95af-f3dd994769d6.1, currentDir=/media/jack/home-partition/book/meizu/code/foundation/TekDays}, connection = org.gradle.launcher.daemon.server.DefaultDaemonConnection@addfa9e]. Result org.gradle.launcher.daemon.server.DaemonStateCoordinator@417f4d77 with state Running
17:55:45.395 [DEBUG] [org.gradle.launcher.daemon.server.DaemonStateCoordinator] Command execution: completed DaemonCommandExecution[command = Build{id=69e9254a-fb21-4856-95af-f3dd994769d6.1, currentDir=/media/jack/home-partition/book/meizu/code/foundation/TekDays}, connection = org.gradle.launcher.daemon.server.DefaultDaemonConnection@addfa9e]
17:55:45.395 [DEBUG] [org.gradle.launcher.daemon.server.DaemonStateCoordinator] updating lastActivityAt to 1444125345395
17:55:45.395 [INFO] [org.gradle.launcher.daemon.server.DomainRegistryUpdater] Marking the daemon as idle, address: [aa76025b-3edc-4b30-944a-62e0ab40ecb1 port:55200, addresses:[/0:0:0:0:0:0:0:1%lo, /127.0.0.1]]
17:55:45.396 [DEBUG] [org.gradle.launcher.daemon.registry.PersistentDaemonRegistry] Marking idle by address: [aa76025b-3edc-4b30-944a-62e0ab40ecb1 port:55200, addresses:[/0:0:0:0:0:0:0:1%lo, /127.0.0.1]]
17:55:45.397 [DEBUG] [org.gradle.cache.internal.DefaultFileLockManager] Waiting to acquire exclusive lock on daemon addresses registry.
17:55:45.398 [DEBUG] [org.gradle.cache.internal.DefaultFileLockManager] Lock acquired.
17:55:45.402 [DEBUG] [org.gradle.cache.internal.DefaultFileLockManager] Releasing lock on daemon addresses registry.
17:55:45.403 [DEBUG] [org.gradle.launcher.daemon.server.DaemonStateCoordinator] Daemon is idle, sleeping until state change or idle timeout at Tue Oct 06 20:55:45 CST 2015
17:55:45.403 [DEBUG] [org.gradle.launcher.daemon.server.exec.ReturnResult] Daemon is dispatching the build result: DaemonCommandResult[type=CommandFailure, value=org.gradle.launcher.exec.ReportedException: org.gradle.internal.exceptions.LocationAwareException: Task 'bootRun' not found in root project 'TekDays'.]
17:55:45.403 [DEBUG] [org.gradle.launcher.daemon.server.SynchronizedDispatchConnection] thread 13: dispatching class org.gradle.launcher.daemon.protocol.CommandFailure
17:55:45.435 [DEBUG] [org.gradle.launcher.daemon.server.DefaultIncomingConnectionHandler] Finishing executing command: Build{id=69e9254a-fb21-4856-95af-f3dd994769d6.1, currentDir=/media/jack/home-partition/book/meizu/code/foundation/TekDays}
17:55:45.459 [DEBUG] [org.gradle.launcher.daemon.server.SynchronizedDispatchConnection] thread 14: received class org.gradle.launcher.daemon.protocol.Finished
17:55:45.461 [DEBUG] [org.gradle.launcher.daemon.server.DefaultDaemonConnection] Received non-IO message from client: org.gradle.launcher.daemon.protocol.Finished@2222c476
17:55:45.461 [DEBUG] [org.gradle.launcher.daemon.server.DefaultIncomingConnectionHandler] Received finished message: org.gradle.launcher.daemon.protocol.Finished@2222c476
17:55:45.461 [DEBUG] [org.gradle.launcher.daemon.server.SynchronizedDispatchConnection] thread 13: stopping connection
17:55:45.463 [DEBUG] [org.gradle.launcher.daemon.server.SynchronizedDispatchConnection] thread 14: received null
17:55:45.464 [DEBUG] [org.gradle.launcher.daemon.server.DefaultDaemonConnection] Received end-of-input from client.
17:55:45.464 [DEBUG] [org.gradle.launcher.daemon.server.SynchronizedDispatchConnection] thread 13: stopping connection
17:58:43.933 [DEBUG] [org.gradle.messaging.remote.internal.inet.TcpIncomingConnector] Accepted connection from /0:0:0:0:0:0:0:1:40809 to /0:0:0:0:0:0:0:1:55200.
17:58:43.964 [DEBUG] [org.gradle.launcher.daemon.server.SynchronizedDispatchConnection] thread 20: received class org.gradle.launcher.daemon.protocol.Build
17:58:43.964 [DEBUG] [org.gradle.launcher.daemon.server.DefaultDaemonConnection] Received non-IO message from client: Build{id=49061207-2093-4d73-9dbc-322e3b065a49.1, currentDir=/media/jack/home-partition/grails-practice/TekDays}
17:58:43.964 [INFO] [org.gradle.launcher.daemon.server.DefaultIncomingConnectionHandler] Received command: Build{id=49061207-2093-4d73-9dbc-322e3b065a49.1, currentDir=/media/jack/home-partition/grails-practice/TekDays}.
17:58:43.965 [DEBUG] [org.gradle.launcher.daemon.server.DefaultIncomingConnectionHandler] Starting executing command: Build{id=49061207-2093-4d73-9dbc-322e3b065a49.1, currentDir=/media/jack/home-partition/grails-practice/TekDays} with connection: socket connection from /0:0:0:0:0:0:0:1:55200 to /0:0:0:0:0:0:0:1:40809.
17:58:43.965 [DEBUG] [org.gradle.launcher.daemon.server.DaemonStateCoordinator] Command execution: started DaemonCommandExecution[command = Build{id=49061207-2093-4d73-9dbc-322e3b065a49.1, currentDir=/media/jack/home-partition/grails-practice/TekDays}, connection = org.gradle.launcher.daemon.server.DefaultDaemonConnection@3bb024d5] after 2.0 minutes of idle
17:58:43.965 [INFO] [org.gradle.launcher.daemon.server.DomainRegistryUpdater] Marking the daemon as busy, address: [aa76025b-3edc-4b30-944a-62e0ab40ecb1 port:55200, addresses:[/0:0:0:0:0:0:0:1%lo, /127.0.0.1]]
17:58:43.965 [DEBUG] [org.gradle.launcher.daemon.registry.PersistentDaemonRegistry] Marking busy by address: [aa76025b-3edc-4b30-944a-62e0ab40ecb1 port:55200, addresses:[/0:0:0:0:0:0:0:1%lo, /127.0.0.1]]
17:58:43.966 [DEBUG] [org.gradle.cache.internal.DefaultFileLockManager] Waiting to acquire exclusive lock on daemon addresses registry.
17:58:43.966 [DEBUG] [org.gradle.cache.internal.DefaultFileLockManager] Lock acquired.
17:58:43.968 [DEBUG] [org.gradle.cache.internal.DefaultFileLockManager] Releasing lock on daemon addresses registry.
17:58:43.969 [DEBUG] [org.gradle.launcher.daemon.server.DaemonStateCoordinator] updating lastActivityAt to 1444125523969
17:58:43.969 [DEBUG] [org.gradle.launcher.daemon.server.DaemonStateCoordinator] Daemon is busy, sleeping until state changes.
17:58:43.970 [INFO] [org.gradle.launcher.daemon.server.exec.StartBuildOrRespondWithBusy] Daemon is about to start building Build{id=49061207-2093-4d73-9dbc-322e3b065a49.1, currentDir=/media/jack/home-partition/grails-practice/TekDays}. Dispatching build started information...
17:58:43.970 [DEBUG] [org.gradle.launcher.daemon.server.SynchronizedDispatchConnection] thread 22: dispatching class org.gradle.launcher.daemon.protocol.BuildStarted
17:58:43.979 [DEBUG] [org.gradle.launcher.daemon.server.exec.EstablishBuildEnvironment] Configuring env variables: {PATH=/home/jack/.rvm/gems/ruby-2.2.0/bin:/home/jack/.rvm/gems/ruby-2.2.0@global/bin:/home/jack/.rvm/rubies/ruby-2.2.0/bin:/home/jack/bin:/home/jack/.gvm/springboot/current/bin:/home/jack/.gvm/lazybones/current/bin:/home/jack/.gvm/jbossforge/current/bin:/home/jack/.gvm/jbake/current/bin:/home/jack/.gvm/groovyserv/current/bin:/home/jack/.gvm/groovy/current/bin:/home/jack/.gvm/griffon/current/bin:/home/jack/.gvm/grails/current/bin:/home/jack/.gvm/gradle/current/bin:/home/jack/.gvm/glide/current/bin:/home/jack/.gvm/gaiden/current/bin:/home/jack/.gvm/crash/current/bin:/home/jack/.gvm/asciidoctorj/current/bin:/opt/grails-3.0.7/bin:/home/jack/bin:/home/jack/bin:/media/jack/home-partition/tool/jdk1.8.0_51/bin:/media/jack/home-partition/tool/jdk1.8.0_51/jre/bin:/home/jack/bin:/usr/local/sbin:/usr/local/bin:/usr/sbin:/usr/bin:/sbin:/bin:/usr/games:/usr/local/games:/home/jack/.rvm/bin:/media/jack/home-partition/tool/android-studio/bin:/media/jack/home-partition/tool/android-studio/sdk/tools:/media/jack/home-partition/tool/android-studio/sdk/platform-tools:/media/jack/home-partition/tool/android-studio/sdk/build-tools:/home/jack/.rvm/bin:/home/jack/.rvm/bin, IRBRC=/home/jack/.rvm/rubies/ruby-2.2.0/.irbrc, NO_PROXY=localhost,127.0.0.0/8,::1, XMODIFIERS=@im=ibus, GDMSESSION=ubuntu, GRAILS_HOME=/home/jack/.gvm/grails/current, TEXTDOMAINDIR=/usr/share/locale/, DBUS_SESSION_BUS_ADDRESS=unix:abstract=/tmp/dbus-a1rFOk8cD7, DEFAULTS_PATH=/usr/share/gconf/ubuntu.default.path, COLORTERM=gnome-terminal, UPSTART_SESSION=unix:abstract=/com/ubuntu/upstart-session/1000/4241, SESSION_MANAGER=local/jack-ThinkPad-S430:@/tmp/.ICE-unix/4443,unix/jack-ThinkPad-S430:/tmp/.ICE-unix/4443, rvm_version=1.26.7 (master), PWD=/media/jack/home-partition/grails-practice/TekDays, LANGUAGE=zh_CN:zh, WINDOWID=85983243, LESSOPEN=| /usr/bin/lesspipe %s, GROOVYSERV_HOME=/home/jack/.gvm/groovyserv/current, INSTANCE=, MY_RUBY_HOME=/home/jack/.rvm/rubies/ruby-2.2.0, rvm_path=/home/jack/.rvm, GNOME_DESKTOP_SESSION_ID=this-is-deprecated, GTK_MODULES=overlay-scrollbar:unity-gtk-module, CLUTTER_IM_MODULE=ibus, TEXTDOMAIN=im-config, COMPIZ_BIN_PATH=/usr/bin/, SHLVL=1, JAVA_HOME=/media/jack/home-partition/tool/jdk1.8.0_51, GVM_VERSION=2.4.2, GAIDEN_HOME=/home/jack/.gvm/gaiden/current, LAZYBONES_HOME=/home/jack/.gvm/lazybones/current, TERM=xterm, XDG_CONFIG_DIRS=/etc/xdg/xdg-ubuntu:/usr/share/upstart/xdg:/etc/xdg, XDG_SEAT_PATH=/org/freedesktop/DisplayManager/Seat0, XDG_SESSION_ID=c2, GRADLE_HOME=/home/jack/.gvm/gradle/current, SELINUX_INIT=YES, GROOVY_HOME=/home/jack/.gvm/groovy/current, no_proxy=localhost,127.0.0.0/8,::1, XDG_GREETER_DATA_DIR=/var/lib/lightdm-data/jack, DESKTOP_SESSION=ubuntu, SESSION=ubuntu, XDG_MENU_PREFIX=gnome-, ANDROID_STUDIO_HOME=/media/jack/home-partition/tool/android-studio, QT_ACCESSIBILITY=1, VTE_VERSION=3409, GVM_BROKER_SERVICE=http://release.gvm.io, GEM_PATH=/home/jack/.rvm/gems/ruby-2.2.0:/home/jack/.rvm/gems/ruby-2.2.0@global, NLSPATH=/usr/dt/lib/nls/msg/%L/%N.cat, GLIDE_HOME=/home/jack/.gvm/glide/current, XAUTHORITY=/home/jack/.Xauthority, XDG_DATA_DIRS=/usr/share/ubuntu:/usr/share/gnome:/usr/local/share/:/usr/share/, MANDATORY_PATH=/usr/share/gconf/ubuntu.mandatory.path, ASCIIDOCTORJ_HOME=/home/jack/.gvm/asciidoctorj/current, GTK_IM_MODULE=ibus, XDG_CURRENT_DESKTOP=Unity, QT4_IM_MODULE=ibus, LOGNAME=jack, JOB=dbus, IM_CONFIG_PHASE=1, SPRINGBOOT_HOME=/home/jack/.gvm/springboot/current, SHELL=/bin/bash, OLDPWD=/opt/grails-3.0.7, GVM_PLATFORM=Linux, GEM_HOME=/home/jack/.rvm/gems/ruby-2.2.0, RUBY_VERSION=ruby-2.2.0, _system_name=Ubuntu, XDG_SESSION_PATH=/org/freedesktop/DisplayManager/Session0, CRASH_HOME=/home/jack/.gvm/crash/current, SESSIONTYPE=gnome-session, LS_COLORS=rs=0:di=01;34:ln=01;36:mh=00:pi=40;33:so=01;35:do=01;35:bd=40;33;01:cd=40;33;01:or=40;31;01:su=37;41:sg=30;43:ca=30;41:tw=30;42:ow=34;42:st=37;44:ex=01;32:*.tar=01;31:*.tgz=01;31:*.arj=01;31:*.taz=01;31:*.lzh=01;31:*.lzma=01;31:*.tlz=01;31:*.txz=01;31:*.zip=01;31:*.z=01;31:*.Z=01;31:*.dz=01;31:*.gz=01;31:*.lz=01;31:*.xz=01;31:*.bz2=01;31:*.bz=01;31:*.tbz=01;31:*.tbz2=01;31:*.tz=01;31:*.deb=01;31:*.rpm=01;31:*.jar=01;31:*.war=01;31:*.ear=01;31:*.sar=01;31:*.rar=01;31:*.ace=01;31:*.zoo=01;31:*.cpio=01;31:*.7z=01;31:*.rz=01;31:*.jpg=01;35:*.jpeg=01;35:*.gif=01;35:*.bmp=01;35:*.pbm=01;35:*.pgm=01;35:*.ppm=01;35:*.tga=01;35:*.xbm=01;35:*.xpm=01;35:*.tif=01;35:*.tiff=01;35:*.png=01;35:*.svg=01;35:*.svgz=01;35:*.mng=01;35:*.pcx=01;35:*.mov=01;35:*.mpg=01;35:*.mpeg=01;35:*.m2v=01;35:*.mkv=01;35:*.webm=01;35:*.ogm=01;35:*.mp4=01;35:*.m4v=01;35:*.mp4v=01;35:*.vob=01;35:*.qt=01;35:*.nuv=01;35:*.wmv=01;35:*.asf=01;35:*.rm=01;35:*.rmvb=01;35:*.flc=01;35:*.avi=01;35:*.fli=01;35:*.flv=01;35:*.gl=01;35:*.dl=01;35:*.xcf=01;35:*.xwd=01;35:*.yuv=01;35:*.cgm=01;35:*.emf=01;35:*.axv=01;35:*.anx=01;35:*.ogv=01;35:*.ogx=01;35:*.aac=00;36:*.au=00;36:*.flac=00;36:*.mid=00;36:*.midi=00;36:*.mka=00;36:*.mp3=00;36:*.mpc=00;36:*.ogg=00;36:*.ra=00;36:*.wav=00;36:*.axa=00;36:*.oga=00;36:*.spx=00;36:*.xspf=00;36:, GVM_BROADCAST_SERVICE=http://cast.gvm.io, LESSCLOSE=/usr/bin/lesspipe %s %s, GRIFFON_HOME=/home/jack/.gvm/griffon/current, _system_arch=x86_64, COMPIZ_CONFIG_PROFILE=ubuntu, rvm_bin_path=/home/jack/.rvm/bin, QT_IM_MODULE=ibus, XFILESEARCHPATH=/usr/dt/app-defaults/%L/Dt, rvm_prefix=/home/jack, LANG=zh_CN.UTF-8, GNOME_KEYRING_CONTROL=/run/user/1000/keyring-f1xECL, GRAILS_PATH=/opt/grails-3.0.7, DISPLAY=:0, GVM_SERVICE=http://api.gvmtool.net, JBOSSFORGE_HOME=/home/jack/.gvm/jbossforge/current, JBAKE_HOME=/home/jack/.gvm/jbake/current, GDM_LANG=zh_CN, _system_type=Linux, GVM_DIR=/home/jack/.gvm, GPG_AGENT_INFO=/run/user/1000/keyring-f1xECL/gpg:0:1, _system_version=14.04, USER=jack, CLASSPATH=/opt/grails-3.0.7/dist/grails-shell-3.0.7.jar:/opt/grails-3.0.7/lib/org.codehaus.groovy/groovy/jars/groovy-2.4.4.jar:/opt/grails-3.0.7/lib/org.slf4j/slf4j-api/jars/slf4j-api-1.7.10.jar:/opt/grails-3.0.7/lib/org.slf4j/jcl-over-slf4j/jars/jcl-over-slf4j-1.7.10.jar:/opt/grails-3.0.7/dist/grails-bootstrap-3.0.7.jar:/opt/grails-3.0.7/dist/grails-gradle-model-3.0.7.jar:/opt/grails-3.0.7/lib/org.apache.ant/ant/jars/ant-1.9.4.jar:/opt/grails-3.0.7/lib/org.codehaus.groovy/groovy-ant/jars/groovy-ant-2.4.4.jar:/opt/grails-3.0.7/lib/org.codehaus.groovy/groovy-json/jars/groovy-json-2.4.4.jar:/opt/grails-3.0.7/lib/org.codehaus.groovy/groovy-jmx/jars/groovy-jmx-2.4.4.jar:/opt/grails-3.0.7/lib/org.fusesource.jansi/jansi/jars/jansi-1.11.jar:/opt/grails-3.0.7/lib/jline/jline/jars/jline-2.12.jar:/opt/grails-3.0.7/lib/org.eclipse.jgit/org.eclipse.jgit/jars/org.eclipse.jgit-3.5.2.201411120430-r.jar:/opt/grails-3.0.7/lib/org.gradle/gradle-tooling-api/jars/gradle-tooling-api-2.3.jar:/opt/grails-3.0.7/lib/org.springframework.boot/spring-boot-cli/jars/spring-boot-cli-1.2.5.RELEASE.jar:/opt/grails-3.0.7/lib/org.slf4j/slf4j-simple/jars/slf4j-simple-1.7.10.jar:/opt/grails-3.0.7/lib/org.codehaus.plexus/plexus-component-api/jars/plexus-component-api-1.0-alpha-33.jar:/opt/grails-3.0.7/lib/org.codehaus.groovy/groovy-xml/jars/groovy-xml-2.4.4.jar:/opt/grails-3.0.7/lib/org.yaml/snakeyaml/jars/snakeyaml-1.14.jar:/opt/grails-3.0.7/lib/org.apache.ant/ant-launcher/jars/ant-launcher-1.9.4.jar:/opt/grails-3.0.7/lib/org.codehaus.groovy/groovy-groovydoc/jars/groovy-groovydoc-2.4.4.jar:/opt/grails-3.0.7/lib/org.apache.ant/ant-antlr/jars/ant-antlr-1.9.4.jar:/opt/grails-3.0.7/lib/org.apache.ant/ant-junit/jars/ant-junit-1.9.4.jar:/opt/grails-3.0.7/lib/com.jcraft/jsch/jars/jsch-0.1.50.jar:/opt/grails-3.0.7/lib/com.googlecode.javaewah/JavaEWAH/jars/JavaEWAH-0.7.9.jar:/opt/grails-3.0.7/lib/org.springframework.boot/spring-boot-dependency-tools/jars/spring-boot-dependency-tools-1.2.5.RELEASE.jar:/opt/grails-3.0.7/lib/org.springframework.boot/spring-boot-loader-tools/jars/spring-boot-loader-tools-1.2.5.RELEASE.jar:/opt/grails-3.0.7/lib/net.sf.jopt-simple/jopt-simple/jars/jopt-simple-4.6.jar:/opt/grails-3.0.7/lib/org.springframework/spring-core/jars/spring-core-4.1.7.RELEASE.jar:/opt/grails-3.0.7/lib/org.json/json/jars/json-20140107.jar:/opt/grails-3.0.7/lib/org.apache.maven/maven-aether-provider/jars/maven-aether-provider-3.2.1.jar:/opt/grails-3.0.7/lib/org.apache.maven/maven-settings-builder/jars/maven-settings-builder-3.1.1.jar:/opt/grails-3.0.7/lib/org.eclipse.aether/aether-api/jars/aether-api-0.9.1.v20140329.jar:/opt/grails-3.0.7/lib/org.eclipse.aether/aether-connector-basic/jars/aether-connector-basic-0.9.1.v20140329.jar:/opt/grails-3.0.7/lib/org.eclipse.aether/aether-impl/jars/aether-impl-0.9.1.v20140329.jar:/opt/grails-3.0.7/lib/org.eclipse.aether/aether-spi/jars/aether-spi-0.9.1.v20140329.jar:/opt/grails-3.0.7/lib/org.eclipse.aether/aether-transport-file/jars/aether-transport-file-0.9.1.v20140329.jar:/opt/grails-3.0.7/lib/org.eclipse.aether/aether-transport-http/jars/aether-transport-http-0.9.1.v20140329.jar:/opt/grails-3.0.7/lib/org.eclipse.aether/aether-util/jars/aether-util-0.9.1.v20140329.jar:/opt/grails-3.0.7/lib/org.codehaus.plexus/plexus-classworlds/jars/plexus-classworlds-1.2-alpha-10.jar:/opt/grails-3.0.7/lib/junit/junit/jars/junit-3.8.1.jar:/opt/grails-3.0.7/lib/org.codehaus.groovy/groovy-templates/jars/groovy-templates-2.4.4.jar:/opt/grails-3.0.7/lib/org.apache.maven/maven-model/jars/maven-model-3.2.1.jar:/opt/grails-3.0.7/lib/org.apache.maven/maven-model-builder/jars/maven-model-builder-3.2.1.jar:/opt/grails-3.0.7/lib/org.apache.maven/maven-repository-metadata/jars/maven-repository-metadata-3.2.1.jar:/opt/grails-3.0.7/lib/org.codehaus.plexus/plexus-component-annotations/jars/plexus-component-annotations-1.5.5.jar:/opt/grails-3.0.7/lib/org.codehaus.plexus/plexus-utils/jars/plexus-utils-3.0.17.jar:/opt/grails-3.0.7/lib/org.codehaus.plexus/plexus-interpolation/jars/plexus-interpolation-1.19.jar:/opt/grails-3.0.7/lib/org.apache.maven/maven-settings/jars/maven-settings-3.1.1.jar:/opt/grails-3.0.7/lib/org.sonatype.plexus/plexus-sec-dispatcher/jars/plexus-sec-dispatcher-1.3.jar:/opt/grails-3.0.7/lib/org.sonatype.plexus/plexus-cipher/jars/plexus-cipher-1.4.jar:/opt/grails-3.0.7/lib/org.apache.httpcomponents/httpclient/jars/httpclient-4.2.6.jar:/opt/grails-3.0.7/lib/org.apache.httpcomponents/httpcore/jars/httpcore-4.2.5.jar:/opt/grails-3.0.7/lib/commons-codec/commons-codec/jars/commons-codec-1.6.jar, XDG_SEAT=seat0, SSH_AUTH_SOCK=/run/user/1000/keyring-f1xECL/ssh, QT_QPA_PLATFORMTHEME=appmenu-qt5, XDG_RUNTIME_DIR=/run/user/1000, GVM_INIT=true, XDG_VTNR=7, HOME=/home/jack, GNOME_KEYRING_PID=4239}
17:58:43.987 [DEBUG] [org.gradle.launcher.daemon.server.exec.LogToClient] About to start relaying all logs to the client via the connection.
17:58:43.988 [INFO] [org.gradle.launcher.daemon.server.exec.LogToClient] The client will now receive all logging from the daemon (pid: 26855). The daemon log file: /home/jack/.gradle/daemon/2.3/daemon-26855.out.log
17:58:43.988 [INFO] [org.gradle.launcher.daemon.server.health.DaemonHealthTracker] Starting 2nd build in daemon [uptime: 3 mins 2.514 secs, performance: 94%, memory: 14% of 954.7 MB]
17:58:43.989 [DEBUG] [org.gradle.launcher.daemon.server.exec.ExecuteBuild] The daemon has started executing the build.
17:58:43.989 [INFO] [org.gradle.launcher.daemon.server.exec.ExecuteBuild] Executing build with daemon context: DefaultDaemonContext[uid=a7c1db69-4ec7-4f9e-aea0-508758bfe963,javaHome=/media/jack/home-partition/tool/jdk1.8.0_51,daemonRegistryDir=/home/jack/.gradle/daemon,pid=26855,idleTimeout=10800000,daemonOpts=-XX:MaxPermSize=256m,-XX:+HeapDumpOnOutOfMemoryError,-Xmx1024m,-Dfile.encoding=UTF-8,-Duser.country=CN,-Duser.language=zh,-Duser.variant]
17:58:43.996 [DEBUG] [org.gradle.launcher.daemon.server.SynchronizedDispatchConnection] thread 20: received class org.gradle.launcher.daemon.protocol.CloseInput
17:58:43.996 [DEBUG] [org.gradle.launcher.daemon.server.DefaultDaemonConnection] Received IO message from client: CloseInput[id=49061207-2093-4d73-9dbc-322e3b065a49.2]
17:58:43.998 [INFO] [org.gradle.launcher.daemon.server.exec.ForwardClientInput] Closing daemon's stdin at end of input.
17:58:43.999 [INFO] [org.gradle.launcher.daemon.server.exec.ForwardClientInput] The daemon will no longer process any standard input.
17:58:44.009 [INFO] [org.gradle.tooling.internal.provider.DefaultPayloadClassLoaderRegistry] Creating ClassLoader 75a9c3ea-fbb4-48d2-b895-8c1f1fb772cf from [Spec classpath:[file:/opt/grails-3.0.7/lib/org.gradle/gradle-tooling-api/jars/gradle-tooling-api-2.3.jar, file:/opt/grails-3.0.7/dist/grails-shell-3.0.7.jar, file:/opt/grails-3.0.7/lib/org.codehaus.groovy/groovy/jars/groovy-2.4.4.jar, file:/opt/grails-3.0.7/dist/grails-gradle-model-3.0.7.jar]] and [org.gradle.internal.classloader.FilteringClassLoader@19b0185].
17:58:44.011 [DEBUG] [org.gradle.cache.internal.DefaultFileLockManager] Waiting to acquire exclusive lock on jars (/home/jack/.gradle/caches/jars-1).
17:58:44.011 [DEBUG] [org.gradle.cache.internal.DefaultFileLockManager] Lock acquired.
17:58:44.011 [DEBUG] [org.gradle.cache.internal.DefaultPersistentDirectoryCache] Invalidating org.gradle.cache.internal.DefaultPersistentDirectoryCache$Initializer@17999de4 as it was not closed cleanly.
17:58:44.015 [DEBUG] [org.gradle.cache.internal.locklistener.DefaultFileLockContentionHandler] Starting file lock listener thread.
Download https://repo.grails.org/grails/core/org/grails/grails-gradle-plugin/3.0.7/grails-gradle-plugin-3.0.7.pom
Download https://repo.grails.org/grails/core/com/bertramlabs/plugins/asset-pipeline-gradle/2.5.0/asset-pipeline-gradle-2.5.0.pom
Download https://repo.grails.org/grails/core/io/spring/gradle/dependency-management-plugin/0.5.2.RELEASE/dependency-management-plugin-0.5.2.RELEASE.pom
Download https://repo.grails.org/grails/core/org/grails/grails-gradle-model/3.0.7/grails-gradle-model-3.0.7.pom
Download https://repo.grails.org/grails/core/org/grails/grails-bootstrap/3.0.7/grails-bootstrap-3.0.7.pom
Download https://repo.grails.org/grails/core/com/bertramlabs/plugins/asset-pipeline-core/2.5.0/asset-pipeline-core-2.5.0.pom
Download https://repo.grails.org/grails/core/org/grails/grails-gradle-plugin/3.0.7/grails-gradle-plugin-3.0.7.jar
Download https://repo.grails.org/grails/core/com/bertramlabs/plugins/asset-pipeline-gradle/2.5.0/asset-pipeline-gradle-2.5.0.jar
Download https://repo.grails.org/grails/core/io/spring/gradle/dependency-management-plugin/0.5.2.RELEASE/dependency-management-plugin-0.5.2.RELEASE.jar
Download https://repo.grails.org/grails/core/org/codehaus/groovy/groovy/2.4.4/groovy-2.4.4.jar
Download https://repo.grails.org/grails/core/org/slf4j/slf4j-api/1.7.10/slf4j-api-1.7.10.jar
Download https://repo.grails.org/grails/core/org/slf4j/jcl-over-slf4j/1.7.10/jcl-over-slf4j-1.7.10.jar
Download https://repo.grails.org/grails/core/org/grails/grails-gradle-model/3.0.7/grails-gradle-model-3.0.7.jar
Download https://repo.grails.org/grails/core/org/grails/grails-bootstrap/3.0.7/grails-bootstrap-3.0.7.jar
Download https://repo.grails.org/grails/core/org/springframework/boot/spring-boot-gradle-plugin/1.2.5.RELEASE/spring-boot-gradle-plugin-1.2.5.RELEASE.jar
Download https://repo.grails.org/grails/core/com/netflix/nebula/gradle-extra-configurations-plugin/2.2.0/gradle-extra-configurations-plugin-2.2.0.jar
Download https://repo.grails.org/grails/core/com/bertramlabs/plugins/asset-pipeline-core/2.5.0/asset-pipeline-core-2.5.0.jar
Download https://repo.grails.org/grails/core/org/codehaus/groovy/groovy-xml/2.4.4/groovy-xml-2.4.4.jar
Download https://repo.grails.org/grails/core/org/codehaus/groovy/groovy-ant/2.4.4/groovy-ant-2.4.4.jar
Download https://repo.grails.org/grails/core/org/springframework/boot/spring-boot-loader-tools/1.2.5.RELEASE/spring-boot-loader-tools-1.2.5.RELEASE.jar
Download https://repo.grails.org/grails/core/org/springframework/boot/spring-boot-dependency-tools/1.2.5.RELEASE/spring-boot-dependency-tools-1.2.5.RELEASE.jar
Download https://repo.grails.org/grails/core/org/mozilla/rhino/1.7R4/rhino-1.7R4.jar
Download https://repo.grails.org/grails/core/com/google/javascript/closure-compiler/v20141023/closure-compiler-v20141023.jar
Download https://repo.grails.org/grails/core/org/apache/ant/ant/1.9.4/ant-1.9.4.jar
Download https://repo.grails.org/grails/core/org/codehaus/groovy/groovy-groovydoc/2.4.4/groovy-groovydoc-2.4.4.jar
Download https://repo.grails.org/grails/core/org/apache/ant/ant-antlr/1.9.4/ant-antlr-1.9.4.jar
Download https://repo.grails.org/grails/core/org/apache/ant/ant-launcher/1.9.4/ant-launcher-1.9.4.jar
Download https://repo.grails.org/grails/core/org/apache/ant/ant-junit/1.9.4/ant-junit-1.9.4.jar
Download https://repo.grails.org/grails/core/com/google/javascript/closure-compiler-externs/v20141023/closure-compiler-externs-v20141023.jar
Download https://repo.grails.org/grails/core/args4j/args4j/2.0.26/args4j-2.0.26.jar
Download https://repo.grails.org/grails/core/com/google/guava/guava/18.0/guava-18.0.jarDaemon vm is shutting down... The daemon has exited normally or was terminated in response to a user interrupt.
