01:01:40.750 [INFO] [org.gradle.launcher.daemon.server.Daemon] start() called on daemon - DefaultDaemonContext[uid=973a03fb-deae-4866-a0d0-f60d9732e348,javaHome=/media/jack/home-partition/tool/jdk1.8.0_51,daemonRegistryDir=/home/jack/.gradle/daemon,pid=10710,idleTimeout=10800000,daemonOpts=-XX:MaxPermSize=256m,-XX:+HeapDumpOnOutOfMemoryError,-Xmx1024m,-Dfile.encoding=UTF-8,-Duser.country=US,-Duser.language=en,-Duser.variant]
01:01:40.757 [DEBUG] [org.gradle.launcher.daemon.server.DaemonStateCoordinator] updating lastActivityAt to 1446224500757
01:01:40.765 [DEBUG] [org.gradle.messaging.remote.internal.inet.InetAddressFactory] Adding IP addresses for network interface ppp0
01:01:40.766 [DEBUG] [org.gradle.messaging.remote.internal.inet.InetAddressFactory] Is this a loopback interface? false
01:01:40.766 [DEBUG] [org.gradle.messaging.remote.internal.inet.InetAddressFactory] Is this a multicast interface? true
01:01:40.766 [DEBUG] [org.gradle.messaging.remote.internal.inet.InetAddressFactory] Adding remote address /192.168.0.100
01:01:40.767 [DEBUG] [org.gradle.messaging.remote.internal.inet.InetAddressFactory] Adding remote multicast interface ppp0
01:01:40.768 [DEBUG] [org.gradle.messaging.remote.internal.inet.InetAddressFactory] Adding IP addresses for network interface vmnet8
01:01:40.769 [DEBUG] [org.gradle.messaging.remote.internal.inet.InetAddressFactory] Is this a loopback interface? false
01:01:40.769 [DEBUG] [org.gradle.messaging.remote.internal.inet.InetAddressFactory] Is this a multicast interface? true
01:01:40.769 [DEBUG] [org.gradle.messaging.remote.internal.inet.InetAddressFactory] Adding remote address /fe80:0:0:0:250:56ff:fec0:8%vmnet8
01:01:40.770 [DEBUG] [org.gradle.messaging.remote.internal.inet.InetAddressFactory] Adding remote address /172.16.33.1
01:01:40.770 [DEBUG] [org.gradle.messaging.remote.internal.inet.InetAddressFactory] Adding remote multicast interface vmnet8
01:01:40.771 [DEBUG] [org.gradle.messaging.remote.internal.inet.InetAddressFactory] Adding IP addresses for network interface vmnet1
01:01:40.771 [DEBUG] [org.gradle.messaging.remote.internal.inet.InetAddressFactory] Is this a loopback interface? false
01:01:40.772 [DEBUG] [org.gradle.messaging.remote.internal.inet.InetAddressFactory] Is this a multicast interface? true
01:01:40.772 [DEBUG] [org.gradle.messaging.remote.internal.inet.InetAddressFactory] Adding remote address /fe80:0:0:0:250:56ff:fec0:1%vmnet1
01:01:40.773 [DEBUG] [org.gradle.messaging.remote.internal.inet.InetAddressFactory] Adding remote address /192.168.62.1
01:01:40.773 [DEBUG] [org.gradle.messaging.remote.internal.inet.InetAddressFactory] Adding remote multicast interface vmnet1
01:01:40.773 [DEBUG] [org.gradle.messaging.remote.internal.inet.InetAddressFactory] Adding IP addresses for network interface docker0
01:01:40.774 [DEBUG] [org.gradle.messaging.remote.internal.inet.InetAddressFactory] Is this a loopback interface? false
01:01:40.774 [DEBUG] [org.gradle.messaging.remote.internal.inet.InetAddressFactory] Is this a multicast interface? true
01:01:40.774 [DEBUG] [org.gradle.messaging.remote.internal.inet.InetAddressFactory] Adding remote address /172.17.42.1
01:01:40.775 [DEBUG] [org.gradle.messaging.remote.internal.inet.InetAddressFactory] Adding remote multicast interface docker0
01:01:40.775 [DEBUG] [org.gradle.messaging.remote.internal.inet.InetAddressFactory] Adding IP addresses for network interface wlan0
01:01:40.776 [DEBUG] [org.gradle.messaging.remote.internal.inet.InetAddressFactory] Is this a loopback interface? false
01:01:40.776 [DEBUG] [org.gradle.messaging.remote.internal.inet.InetAddressFactory] Is this a multicast interface? true
01:01:40.776 [DEBUG] [org.gradle.messaging.remote.internal.inet.InetAddressFactory] Adding remote address /fe80:0:0:0:626c:66ff:fe37:276a%wlan0
01:01:40.777 [DEBUG] [org.gradle.messaging.remote.internal.inet.InetAddressFactory] Adding remote address /192.168.1.104
01:01:40.777 [DEBUG] [org.gradle.messaging.remote.internal.inet.InetAddressFactory] Adding remote multicast interface wlan0
01:01:40.778 [DEBUG] [org.gradle.messaging.remote.internal.inet.InetAddressFactory] Adding IP addresses for network interface lo
01:01:40.778 [DEBUG] [org.gradle.messaging.remote.internal.inet.InetAddressFactory] Is this a loopback interface? true
01:01:40.778 [DEBUG] [org.gradle.messaging.remote.internal.inet.InetAddressFactory] Is this a multicast interface? false
01:01:40.779 [DEBUG] [org.gradle.messaging.remote.internal.inet.InetAddressFactory] Adding loopback address /0:0:0:0:0:0:0:1%lo
01:01:40.779 [DEBUG] [org.gradle.messaging.remote.internal.inet.InetAddressFactory] Adding loopback address /127.0.0.1
01:01:40.792 [DEBUG] [org.gradle.messaging.remote.internal.inet.TcpIncomingConnector] Listening on [2599d8c8-2f74-4886-8bf3-f8845e64752b port:60805, addresses:[/0:0:0:0:0:0:0:1%lo, /127.0.0.1]].
01:01:40.794 [DEBUG] [org.gradle.launcher.daemon.server.Daemon] Daemon starting at: Sat Oct 31 01:01:40 CST 2015, with address: [2599d8c8-2f74-4886-8bf3-f8845e64752b port:60805, addresses:[/0:0:0:0:0:0:0:1%lo, /127.0.0.1]]
01:01:40.794 [INFO] [org.gradle.launcher.daemon.server.DomainRegistryUpdater] Advertising the daemon address to the clients: [2599d8c8-2f74-4886-8bf3-f8845e64752b port:60805, addresses:[/0:0:0:0:0:0:0:1%lo, /127.0.0.1]]
01:01:40.795 [DEBUG] [org.gradle.launcher.daemon.server.DomainRegistryUpdater] Advertised daemon context: DefaultDaemonContext[uid=973a03fb-deae-4866-a0d0-f60d9732e348,javaHome=/media/jack/home-partition/tool/jdk1.8.0_51,daemonRegistryDir=/home/jack/.gradle/daemon,pid=10710,idleTimeout=10800000,daemonOpts=-XX:MaxPermSize=256m,-XX:+HeapDumpOnOutOfMemoryError,-Xmx1024m,-Dfile.encoding=UTF-8,-Duser.country=US,-Duser.language=en,-Duser.variant]
01:01:40.796 [DEBUG] [org.gradle.launcher.daemon.registry.PersistentDaemonRegistry] Storing daemon address: [2599d8c8-2f74-4886-8bf3-f8845e64752b port:60805, addresses:[/0:0:0:0:0:0:0:1%lo, /127.0.0.1]], context: DefaultDaemonContext[uid=973a03fb-deae-4866-a0d0-f60d9732e348,javaHome=/media/jack/home-partition/tool/jdk1.8.0_51,daemonRegistryDir=/home/jack/.gradle/daemon,pid=10710,idleTimeout=10800000,daemonOpts=-XX:MaxPermSize=256m,-XX:+HeapDumpOnOutOfMemoryError,-Xmx1024m,-Dfile.encoding=UTF-8,-Duser.country=US,-Duser.language=en,-Duser.variant]
01:01:40.805 [DEBUG] [org.gradle.cache.internal.DefaultFileLockManager] Waiting to acquire exclusive lock on daemon addresses registry.
01:01:40.807 [DEBUG] [org.gradle.cache.internal.DefaultFileLockManager] Lock acquired.
01:01:40.837 [DEBUG] [org.gradle.cache.internal.DefaultFileLockManager] Releasing lock on daemon addresses registry.
01:01:40.838 [LIFECYCLE] [org.gradle.launcher.daemon.server.Daemon] Daemon server started.
01:01:40.840 [DEBUG] [org.gradle.launcher.daemon.bootstrap.DaemonStartupCommunication] Completed writing the daemon greeting. Closing streams...
01:01:40.841 [DEBUG] [org.gradle.launcher.daemon.server.Daemon] requestStopOnIdleTimeout(10800000 MILLISECONDS) called on daemon
01:01:40.841 [DEBUG] [org.gradle.launcher.daemon.server.DaemonStateCoordinator] Idle timeout: waiting for daemon to stop or be idle for 10800000ms
01:01:40.842 [DEBUG] [org.gradle.launcher.daemon.server.DaemonStateCoordinator] Daemon is idle, sleeping until state change or idle timeout at Sat Oct 31 04:01:40 CST 2015
01:01:40.860 [DEBUG] [org.gradle.messaging.remote.internal.inet.TcpIncomingConnector] Accepted connection from /0:0:0:0:0:0:0:1:37557 to /0:0:0:0:0:0:0:1:60805.
01:01:40.945 [DEBUG] [org.gradle.launcher.daemon.server.SynchronizedDispatchConnection] thread 14: received class org.gradle.launcher.daemon.protocol.Build
01:01:40.946 [DEBUG] [org.gradle.launcher.daemon.server.DefaultDaemonConnection] Received non-IO message from client: Build{id=89d8bd3d-b0db-4dea-ad1d-0e904adcb714.1, currentDir=/media/jack/home-partition/grails-practice/grails3-spring-security-demo}
01:01:40.947 [INFO] [org.gradle.launcher.daemon.server.DefaultIncomingConnectionHandler] Received command: Build{id=89d8bd3d-b0db-4dea-ad1d-0e904adcb714.1, currentDir=/media/jack/home-partition/grails-practice/grails3-spring-security-demo}.
01:01:40.947 [DEBUG] [org.gradle.launcher.daemon.server.DefaultIncomingConnectionHandler] Starting executing command: Build{id=89d8bd3d-b0db-4dea-ad1d-0e904adcb714.1, currentDir=/media/jack/home-partition/grails-practice/grails3-spring-security-demo} with connection: socket connection from /0:0:0:0:0:0:0:1:60805 to /0:0:0:0:0:0:0:1:37557.
01:01:40.958 [DEBUG] [org.gradle.launcher.daemon.server.DaemonStateCoordinator] Command execution: started DaemonCommandExecution[command = Build{id=89d8bd3d-b0db-4dea-ad1d-0e904adcb714.1, currentDir=/media/jack/home-partition/grails-practice/grails3-spring-security-demo}, connection = org.gradle.launcher.daemon.server.DefaultDaemonConnection@4406f905] after 0.0 minutes of idle
01:01:40.958 [INFO] [org.gradle.launcher.daemon.server.DomainRegistryUpdater] Marking the daemon as busy, address: [2599d8c8-2f74-4886-8bf3-f8845e64752b port:60805, addresses:[/0:0:0:0:0:0:0:1%lo, /127.0.0.1]]
01:01:40.959 [DEBUG] [org.gradle.launcher.daemon.registry.PersistentDaemonRegistry] Marking busy by address: [2599d8c8-2f74-4886-8bf3-f8845e64752b port:60805, addresses:[/0:0:0:0:0:0:0:1%lo, /127.0.0.1]]
01:01:40.959 [DEBUG] [org.gradle.cache.internal.DefaultFileLockManager] Waiting to acquire exclusive lock on daemon addresses registry.
01:01:40.960 [DEBUG] [org.gradle.cache.internal.DefaultFileLockManager] Lock acquired.
01:01:40.963 [DEBUG] [org.gradle.cache.internal.DefaultFileLockManager] Releasing lock on daemon addresses registry.
01:01:40.964 [DEBUG] [org.gradle.launcher.daemon.server.DaemonStateCoordinator] updating lastActivityAt to 1446224500964
01:01:40.964 [DEBUG] [org.gradle.launcher.daemon.server.DaemonStateCoordinator] Daemon is busy, sleeping until state changes.
01:01:40.966 [INFO] [org.gradle.launcher.daemon.server.exec.StartBuildOrRespondWithBusy] Daemon is about to start building Build{id=89d8bd3d-b0db-4dea-ad1d-0e904adcb714.1, currentDir=/media/jack/home-partition/grails-practice/grails3-spring-security-demo}. Dispatching build started information...
01:01:40.966 [DEBUG] [org.gradle.launcher.daemon.server.SynchronizedDispatchConnection] thread 16: dispatching class org.gradle.launcher.daemon.protocol.BuildStarted
01:01:40.971 [DEBUG] [org.gradle.launcher.daemon.server.exec.EstablishBuildEnvironment] Configuring env variables: {PATH=/opt/grails-3.0.7/bin:/home/jack/bin:/home/jack/bin:/media/jack/home-partition/tool/jdk1.8.0_51/bin:/media/jack/home-partition/tool/jdk1.8.0_51/jre/bin:/bin:/home/jack/bin:/home/jack/bin:/media/jack/home-partition/tool/jdk1.8.0_51/bin:/media/jack/home-partition/tool/jdk1.8.0_51/jre/bin:/home/jack/.rvm/gems/ruby-2.2.0/bin:/home/jack/.rvm/gems/ruby-2.2.0@global/bin:/home/jack/.rvm/rubies/ruby-2.2.0/bin:/home/jack/.gvm/springboot/current/bin:/home/jack/.gvm/lazybones/current/bin:/home/jack/.gvm/jbossforge/current/bin:/home/jack/.gvm/jbake/current/bin:/home/jack/.gvm/groovyserv/current/bin:/home/jack/.gvm/groovy/current/bin:/home/jack/.gvm/griffon/current/bin:/home/jack/.gvm/grails/current/bin:/home/jack/.gvm/gradle/current/bin:/home/jack/.gvm/glide/current/bin:/home/jack/.gvm/gaiden/current/bin:/home/jack/.gvm/crash/current/bin:/home/jack/.gvm/asciidoctorj/current/bin:/home/jack/bin:/bin:/home/jack/bin:/home/jack/bin:/media/jack/home-partition/tool/jdk1.8.0_51/bin:/media/jack/home-partition/tool/jdk1.8.0_51/jre/bin:/home/jack/bin:/usr/local/sbin:/usr/local/bin:/usr/sbin:/usr/bin:/sbin:/bin:/usr/games:/usr/local/games:/home/jack/.rvm/bin:/media/jack/home-partition/tool/android-studio/bin:/media/jack/home-partition/tool/android-studio/sdk/tools:/media/jack/home-partition/tool/android-studio/sdk/platform-tools:/media/jack/home-partition/tool/android-studio/sdk/build-tools:/home/jack/.rvm/bin:/media/jack/home-partition/tool/idea-IU-141.2735.5/bin:/home/jack/.rvm/bin:/media/jack/home-partition/tool/android-studio/bin:/media/jack/home-partition/tool/android-studio/sdk/tools:/media/jack/home-partition/tool/android-studio/sdk/platform-tools:/media/jack/home-partition/tool/android-studio/sdk/build-tools:/home/jack/.rvm/bin:/media/jack/home-partition/tool/idea-IU-141.2735.5/bin:/media/jack/home-partition/tool/android-studio/bin:/media/jack/home-partition/tool/android-studio/sdk/tools:/media/jack/home-partition/tool/android-studio/sdk/platform-tools:/media/jack/home-partition/tool/android-studio/sdk/build-tools:/home/jack/.rvm/bin:/media/jack/home-partition/tool/idea-IU-141.2735.5/bin, IRBRC=/home/jack/.rvm/rubies/ruby-2.2.0/.irbrc, NO_PROXY=localhost,127.0.0.0/8,::1, XMODIFIERS=@im=ibus, GDMSESSION=ubuntu, GRAILS_HOME=/opt/grails-3.0.7, TEXTDOMAINDIR=/usr/share/locale/, DBUS_SESSION_BUS_ADDRESS=unix:abstract=/tmp/dbus-btTBHU3v6O, DEFAULTS_PATH=/usr/share/gconf/ubuntu.default.path, COLORTERM=gnome-terminal, UPSTART_SESSION=unix:abstract=/com/ubuntu/upstart-session/1000/3884, SESSION_MANAGER=local/jack-ThinkPad-S430:@/tmp/.ICE-unix/4164,unix/jack-ThinkPad-S430:/tmp/.ICE-unix/4164, rvm_version=1.26.7 (master), PWD=/media/jack/home-partition/grails-practice/grails3-spring-security-demo, LANGUAGE=en_US:zh, WINDOWID=88080395, LESSOPEN=| /bin/lesspipe %s, GROOVYSERV_HOME=/home/jack/.gvm/groovyserv/current, INSTANCE=, MY_RUBY_HOME=/home/jack/.rvm/rubies/ruby-2.2.0, rvm_path=/home/jack/.rvm, GNOME_DESKTOP_SESSION_ID=this-is-deprecated, GTK_MODULES=overlay-scrollbar:unity-gtk-module, CLUTTER_IM_MODULE=ibus, TEXTDOMAIN=im-config, COMPIZ_BIN_PATH=/usr/bin/, SHLVL=1, JAVA_HOME=/media/jack/home-partition/tool/jdk1.8.0_51, GVM_VERSION=2.4.2, GAIDEN_HOME=/home/jack/.gvm/gaiden/current, LAZYBONES_HOME=/home/jack/.gvm/lazybones/current, TERM=xterm, XDG_CONFIG_DIRS=/etc/xdg/xdg-ubuntu:/usr/share/upstart/xdg:/etc/xdg, XDG_SEAT_PATH=/org/freedesktop/DisplayManager/Seat0, XDG_SESSION_ID=c2, GRADLE_HOME=/home/jack/.gvm/gradle/current, SELINUX_INIT=YES, GROOVY_HOME=/home/jack/.gvm/groovy/current, no_proxy=localhost,127.0.0.0/8,::1, XDG_GREETER_DATA_DIR=/var/lib/lightdm-data/jack, DESKTOP_SESSION=ubuntu, SESSION=ubuntu, XDG_MENU_PREFIX=gnome-, ANDROID_STUDIO_HOME=/media/jack/home-partition/tool/android-studio, QT_ACCESSIBILITY=1, VTE_VERSION=3409, GVM_BROKER_SERVICE=http://release.gvm.io, GEM_PATH=/home/jack/.rvm/gems/ruby-2.2.0:/home/jack/.rvm/gems/ruby-2.2.0@global, NLSPATH=/usr/dt/lib/nls/msg/%L/%N.cat, GLIDE_HOME=/home/jack/.gvm/glide/current, XAUTHORITY=/home/jack/.Xauthority, XDG_DATA_DIRS=/usr/share/ubuntu:/usr/share/gnome:/usr/local/share/:/usr/share/, MANDATORY_PATH=/usr/share/gconf/ubuntu.mandatory.path, ASCIIDOCTORJ_HOME=/home/jack/.gvm/asciidoctorj/current, GTK_IM_MODULE=ibus, XDG_CURRENT_DESKTOP=Unity, QT4_IM_MODULE=ibus, LOGNAME=jack, JOB=dbus, IM_CONFIG_PHASE=1, SPRINGBOOT_HOME=/home/jack/.gvm/springboot/current, SHELL=/bin/bash, OLDPWD=/opt/grails-3.0.7, GVM_PLATFORM=Linux, GEM_HOME=/home/jack/.rvm/gems/ruby-2.2.0, RUBY_VERSION=ruby-2.2.0, _system_name=Ubuntu, XDG_SESSION_PATH=/org/freedesktop/DisplayManager/Session0, CRASH_HOME=/home/jack/.gvm/crash/current, SESSIONTYPE=gnome-session, LS_COLORS=rs=0:di=01;34:ln=01;36:mh=00:pi=40;33:so=01;35:do=01;35:bd=40;33;01:cd=40;33;01:or=40;31;01:su=37;41:sg=30;43:ca=30;41:tw=30;42:ow=34;42:st=37;44:ex=01;32:*.tar=01;31:*.tgz=01;31:*.arj=01;31:*.taz=01;31:*.lzh=01;31:*.lzma=01;31:*.tlz=01;31:*.txz=01;31:*.zip=01;31:*.z=01;31:*.Z=01;31:*.dz=01;31:*.gz=01;31:*.lz=01;31:*.xz=01;31:*.bz2=01;31:*.bz=01;31:*.tbz=01;31:*.tbz2=01;31:*.tz=01;31:*.deb=01;31:*.rpm=01;31:*.jar=01;31:*.war=01;31:*.ear=01;31:*.sar=01;31:*.rar=01;31:*.ace=01;31:*.zoo=01;31:*.cpio=01;31:*.7z=01;31:*.rz=01;31:*.jpg=01;35:*.jpeg=01;35:*.gif=01;35:*.bmp=01;35:*.pbm=01;35:*.pgm=01;35:*.ppm=01;35:*.tga=01;35:*.xbm=01;35:*.xpm=01;35:*.tif=01;35:*.tiff=01;35:*.png=01;35:*.svg=01;35:*.svgz=01;35:*.mng=01;35:*.pcx=01;35:*.mov=01;35:*.mpg=01;35:*.mpeg=01;35:*.m2v=01;35:*.mkv=01;35:*.webm=01;35:*.ogm=01;35:*.mp4=01;35:*.m4v=01;35:*.mp4v=01;35:*.vob=01;35:*.qt=01;35:*.nuv=01;35:*.wmv=01;35:*.asf=01;35:*.rm=01;35:*.rmvb=01;35:*.flc=01;35:*.avi=01;35:*.fli=01;35:*.flv=01;35:*.gl=01;35:*.dl=01;35:*.xcf=01;35:*.xwd=01;35:*.yuv=01;35:*.cgm=01;35:*.emf=01;35:*.axv=01;35:*.anx=01;35:*.ogv=01;35:*.ogx=01;35:*.aac=00;36:*.au=00;36:*.flac=00;36:*.mid=00;36:*.midi=00;36:*.mka=00;36:*.mp3=00;36:*.mpc=00;36:*.ogg=00;36:*.ra=00;36:*.wav=00;36:*.axa=00;36:*.oga=00;36:*.spx=00;36:*.xspf=00;36:, GVM_BROADCAST_SERVICE=http://cast.gvm.io, LESSCLOSE=/bin/lesspipe %s %s, GRIFFON_HOME=/home/jack/.gvm/griffon/current, _system_arch=x86_64, COMPIZ_CONFIG_PROFILE=ubuntu, rvm_bin_path=/home/jack/.rvm/bin, QT_IM_MODULE=ibus, XFILESEARCHPATH=/usr/dt/app-defaults/%L/Dt, rvm_prefix=/home/jack, LANG=en_US.UTF-8, GNOME_KEYRING_CONTROL=/run/user/1000/keyring-7QBUfb, DISPLAY=:0, GVM_SERVICE=http://api.gvmtool.net, JBOSSFORGE_HOME=/home/jack/.gvm/jbossforge/current, JBAKE_HOME=/home/jack/.gvm/jbake/current, GDM_LANG=en_US, _system_type=Linux, GVM_DIR=/home/jack/.gvm, GPG_AGENT_INFO=/run/user/1000/keyring-7QBUfb/gpg:0:1, _system_version=14.04, USER=jack, CLASSPATH=/opt/grails-3.0.7/dist/grails-shell-3.0.7.jar:/opt/grails-3.0.7/lib/org.codehaus.groovy/groovy/jars/groovy-2.4.4.jar:/opt/grails-3.0.7/lib/org.slf4j/slf4j-api/jars/slf4j-api-1.7.10.jar:/opt/grails-3.0.7/lib/org.slf4j/jcl-over-slf4j/jars/jcl-over-slf4j-1.7.10.jar:/opt/grails-3.0.7/dist/grails-bootstrap-3.0.7.jar:/opt/grails-3.0.7/dist/grails-gradle-model-3.0.7.jar:/opt/grails-3.0.7/lib/org.apache.ant/ant/jars/ant-1.9.4.jar:/opt/grails-3.0.7/lib/org.codehaus.groovy/groovy-ant/jars/groovy-ant-2.4.4.jar:/opt/grails-3.0.7/lib/org.codehaus.groovy/groovy-json/jars/groovy-json-2.4.4.jar:/opt/grails-3.0.7/lib/org.codehaus.groovy/groovy-jmx/jars/groovy-jmx-2.4.4.jar:/opt/grails-3.0.7/lib/org.fusesource.jansi/jansi/jars/jansi-1.11.jar:/opt/grails-3.0.7/lib/jline/jline/jars/jline-2.12.jar:/opt/grails-3.0.7/lib/org.eclipse.jgit/org.eclipse.jgit/jars/org.eclipse.jgit-3.5.2.201411120430-r.jar:/opt/grails-3.0.7/lib/org.gradle/gradle-tooling-api/jars/gradle-tooling-api-2.3.jar:/opt/grails-3.0.7/lib/org.springframework.boot/spring-boot-cli/jars/spring-boot-cli-1.2.5.RELEASE.jar:/opt/grails-3.0.7/lib/org.slf4j/slf4j-simple/jars/slf4j-simple-1.7.10.jar:/opt/grails-3.0.7/lib/org.codehaus.plexus/plexus-component-api/jars/plexus-component-api-1.0-alpha-33.jar:/opt/grails-3.0.7/lib/org.codehaus.groovy/groovy-xml/jars/groovy-xml-2.4.4.jar:/opt/grails-3.0.7/lib/org.yaml/snakeyaml/jars/snakeyaml-1.14.jar:/opt/grails-3.0.7/lib/org.apache.ant/ant-launcher/jars/ant-launcher-1.9.4.jar:/opt/grails-3.0.7/lib/org.codehaus.groovy/groovy-groovydoc/jars/groovy-groovydoc-2.4.4.jar:/opt/grails-3.0.7/lib/org.apache.ant/ant-antlr/jars/ant-antlr-1.9.4.jar:/opt/grails-3.0.7/lib/org.apache.ant/ant-junit/jars/ant-junit-1.9.4.jar:/opt/grails-3.0.7/lib/com.jcraft/jsch/jars/jsch-0.1.50.jar:/opt/grails-3.0.7/lib/com.googlecode.javaewah/JavaEWAH/jars/JavaEWAH-0.7.9.jar:/opt/grails-3.0.7/lib/org.springframework.boot/spring-boot-dependency-tools/jars/spring-boot-dependency-tools-1.2.5.RELEASE.jar:/opt/grails-3.0.7/lib/org.springframework.boot/spring-boot-loader-tools/jars/spring-boot-loader-tools-1.2.5.RELEASE.jar:/opt/grails-3.0.7/lib/net.sf.jopt-simple/jopt-simple/jars/jopt-simple-4.6.jar:/opt/grails-3.0.7/lib/org.springframework/spring-core/jars/spring-core-4.1.7.RELEASE.jar:/opt/grails-3.0.7/lib/org.json/json/jars/json-20140107.jar:/opt/grails-3.0.7/lib/org.apache.maven/maven-aether-provider/jars/maven-aether-provider-3.2.1.jar:/opt/grails-3.0.7/lib/org.apache.maven/maven-settings-builder/jars/maven-settings-builder-3.1.1.jar:/opt/grails-3.0.7/lib/org.eclipse.aether/aether-api/jars/aether-api-0.9.1.v20140329.jar:/opt/grails-3.0.7/lib/org.eclipse.aether/aether-connector-basic/jars/aether-connector-basic-0.9.1.v20140329.jar:/opt/grails-3.0.7/lib/org.eclipse.aether/aether-impl/jars/aether-impl-0.9.1.v20140329.jar:/opt/grails-3.0.7/lib/org.eclipse.aether/aether-spi/jars/aether-spi-0.9.1.v20140329.jar:/opt/grails-3.0.7/lib/org.eclipse.aether/aether-transport-file/jars/aether-transport-file-0.9.1.v20140329.jar:/opt/grails-3.0.7/lib/org.eclipse.aether/aether-transport-http/jars/aether-transport-http-0.9.1.v20140329.jar:/opt/grails-3.0.7/lib/org.eclipse.aether/aether-util/jars/aether-util-0.9.1.v20140329.jar:/opt/grails-3.0.7/lib/org.codehaus.plexus/plexus-classworlds/jars/plexus-classworlds-1.2-alpha-10.jar:/opt/grails-3.0.7/lib/junit/junit/jars/junit-3.8.1.jar:/opt/grails-3.0.7/lib/org.codehaus.groovy/groovy-templates/jars/groovy-templates-2.4.4.jar:/opt/grails-3.0.7/lib/org.apache.maven/maven-model/jars/maven-model-3.2.1.jar:/opt/grails-3.0.7/lib/org.apache.maven/maven-model-builder/jars/maven-model-builder-3.2.1.jar:/opt/grails-3.0.7/lib/org.apache.maven/maven-repository-metadata/jars/maven-repository-metadata-3.2.1.jar:/opt/grails-3.0.7/lib/org.codehaus.plexus/plexus-component-annotations/jars/plexus-component-annotations-1.5.5.jar:/opt/grails-3.0.7/lib/org.codehaus.plexus/plexus-utils/jars/plexus-utils-3.0.17.jar:/opt/grails-3.0.7/lib/org.codehaus.plexus/plexus-interpolation/jars/plexus-interpolation-1.19.jar:/opt/grails-3.0.7/lib/org.apache.maven/maven-settings/jars/maven-settings-3.1.1.jar:/opt/grails-3.0.7/lib/org.sonatype.plexus/plexus-sec-dispatcher/jars/plexus-sec-dispatcher-1.3.jar:/opt/grails-3.0.7/lib/org.sonatype.plexus/plexus-cipher/jars/plexus-cipher-1.4.jar:/opt/grails-3.0.7/lib/org.apache.httpcomponents/httpclient/jars/httpclient-4.2.6.jar:/opt/grails-3.0.7/lib/org.apache.httpcomponents/httpcore/jars/httpcore-4.2.5.jar:/opt/grails-3.0.7/lib/commons-codec/commons-codec/jars/commons-codec-1.6.jar, XDG_SEAT=seat0, SSH_AUTH_SOCK=/run/user/1000/keyring-7QBUfb/ssh, QT_QPA_PLATFORMTHEME=appmenu-qt5, XDG_RUNTIME_DIR=/run/user/1000, GVM_INIT=true, XDG_VTNR=7, HOME=/home/jack, GNOME_KEYRING_PID=3877}
01:01:40.986 [DEBUG] [org.gradle.launcher.daemon.server.SynchronizedDispatchConnection] thread 14: received class org.gradle.launcher.daemon.protocol.CloseInput
01:01:40.987 [DEBUG] [org.gradle.launcher.daemon.server.DefaultDaemonConnection] Received IO message from client: CloseInput[id=89d8bd3d-b0db-4dea-ad1d-0e904adcb714.2]
01:01:40.991 [DEBUG] [org.gradle.launcher.daemon.server.exec.LogToClient] About to start relaying all logs to the client via the connection.
01:01:40.991 [INFO] [org.gradle.launcher.daemon.server.exec.LogToClient] The client will now receive all logging from the daemon (pid: 10710). The daemon log file: /home/jack/.gradle/daemon/2.4/daemon-10710.out.log
01:01:41.001 [INFO] [org.gradle.launcher.daemon.server.health.DaemonHealthTracker] Starting build in new daemon [memory: 954.7 MB]
01:01:41.006 [INFO] [org.gradle.launcher.daemon.server.exec.ForwardClientInput] Closing daemon's stdin at end of input.
01:01:41.007 [INFO] [org.gradle.launcher.daemon.server.exec.ForwardClientInput] The daemon will no longer process any standard input.
01:01:41.010 [DEBUG] [org.gradle.launcher.daemon.server.exec.ExecuteBuild] The daemon has started executing the build.
01:01:41.011 [INFO] [org.gradle.launcher.daemon.server.exec.ExecuteBuild] Executing build with daemon context: DefaultDaemonContext[uid=973a03fb-deae-4866-a0d0-f60d9732e348,javaHome=/media/jack/home-partition/tool/jdk1.8.0_51,daemonRegistryDir=/home/jack/.gradle/daemon,pid=10710,idleTimeout=10800000,daemonOpts=-XX:MaxPermSize=256m,-XX:+HeapDumpOnOutOfMemoryError,-Xmx1024m,-Dfile.encoding=UTF-8,-Duser.country=US,-Duser.language=en,-Duser.variant]
01:01:41.658 [INFO] [org.gradle.tooling.internal.provider.DefaultPayloadClassLoaderRegistry] Creating ClassLoader 6030adc0-742e-4e90-88b4-6deccbddd24c from [Spec classpath:[file:/opt/grails-3.0.7/lib/org.gradle/gradle-tooling-api/jars/gradle-tooling-api-2.3.jar, file:/opt/grails-3.0.7/dist/grails-shell-3.0.7.jar, file:/opt/grails-3.0.7/lib/org.codehaus.groovy/groovy/jars/groovy-2.4.4.jar, file:/opt/grails-3.0.7/dist/grails-gradle-model-3.0.7.jar]] and [org.gradle.internal.classloader.FilteringClassLoader@3666b860].
01:01:41.660 [DEBUG] [org.gradle.cache.internal.DefaultFileLockManager] Waiting to acquire exclusive lock on jars (/home/jack/.gradle/caches/jars-1).
01:01:41.661 [DEBUG] [org.gradle.cache.internal.DefaultFileLockManager] Lock acquired.
01:01:41.662 [DEBUG] [org.gradle.cache.internal.locklistener.DefaultFileLockContentionHandler] Starting file lock listener thread.

BUILD SUCCESSFUL

Total time: 8.026 secs
Download https://repo.grails.org/grails/core/org/grails/grails-web-common/3.0.6/grails-web-common-3.0.6.jar
Download https://repo.grails.org/grails/core/org/grails/grails-plugin-controllers/3.0.6/grails-plugin-controllers-3.0.6.jar
Download https://repo.grails.org/grails/core/org/grails/grails-plugin-domain-class/3.0.6/grails-plugin-domain-class-3.0.6.jar
Download https://repo.grails.org/grails/core/org/grails/grails-plugin-mimetypes/3.0.6/grails-plugin-mimetypes-3.0.6.jar
Download https://repo.grails.org/grails/core/org/grails/grails-plugin-converters/3.0.6/grails-plugin-converters-3.0.6.jar
Download https://repo.grails.org/grails/core/org/grails/grails-plugin-codecs/3.0.6/grails-plugin-codecs-3.0.6.jar
Download https://repo.grails.org/grails/core/org/grails/grails-test/3.0.6/grails-test-3.0.6.jar
Download https://repo.grails.org/grails/core/org/springframework/security/spring-security-core/3.2.7.RELEASE/spring-security-core-3.2.7.RELEASE.jar
Download https://repo.grails.org/grails/core/org/grails/grails-web/3.0.6/grails-web-3.0.6.jar
Download https://repo.grails.org/grails/core/org/grails/grails-plugin-datasource/3.0.6/grails-plugin-datasource-3.0.6.jar
Download https://repo.grails.org/grails/core/org/grails/grails-core/3.0.6/grails-core-3.0.6.jar
Download https://repo.grails.org/grails/core/org/grails/grails-logging/3.0.6/grails-logging-3.0.6.jar
Download https://repo.grails.org/grails/core/org/grails/grails-web-gsp-taglib/3.0.6/grails-web-gsp-taglib-3.0.6.jar
Download https://repo.grails.org/grails/core/org/grails/grails-plugin-events/3.0.6/grails-plugin-events-3.0.6.jar
Download https://repo.grails.org/grails/core/org/grails/grails-validation/3.0.6/grails-validation-3.0.6.jar
Download https://repo.grails.org/grails/core/org/grails/grails-databinding/3.0.6/grails-databinding-3.0.6.jar
Download https://repo.grails.org/grails/core/org/grails/grails-encoder/3.0.6/grails-encoder-3.0.6.jar
Download https://repo.grails.org/grails/core/org/grails/grails-gsp/3.0.6/grails-gsp-3.0.6.jar
Download https://repo.grails.org/grails/core/org/grails/grails-async/3.0.6/grails-async-3.0.6.jar
Download https://repo.grails.org/grails/core/org/grails/grails-plugin-validation/3.0.6/grails-plugin-validation-3.0.6.jar
Download https://repo.grails.org/grails/core/org/grails/grails-spring/3.0.6/grails-spring-3.0.6.jar
Download https://repo.grails.org/grails/core/org/seleniumhq/selenium/selenium-remote-driver/2.43.1/selenium-remote-driver-2.43.1.jar
Download https://repo.grails.org/grails/core/org/grails/grails-web-gsp/3.0.6/grails-web-gsp-3.0.6.jar
Download https://repo.grails.org/grails/core/org/grails/grails-web-databinding/3.0.6/grails-web-databinding-3.0.6.jar
Download https://repo.grails.org/grails/core/org/grails/grails-web-url-mappings/3.0.6/grails-web-url-mappings-3.0.6.jar
Download https://repo.grails.org/grails/core/org/grails/grails-web-jsp/3.0.6/grails-web-jsp-3.0.6.jar
Download https://repo.grails.org/grails/core/org/grails/grails-web-mvc/3.0.6/grails-web-mvc-3.0.6.jar
Download https://repo.grails.org/grails/core/org/grails/grails-web-sitemesh/3.0.6/grails-web-sitemesh-3.0.6.jar
Download https://repo.grails.org/grails/core/org/grails/grails-taglib/3.0.6/grails-taglib-3.0.6.jar
Download https://repo.grails.org/grails/core/org/json/json/20080701/json-20080701.jar
Download https://repo.grails.org/grails/core/org/seleniumhq/selenium/selenium-api/2.43.1/selenium-api-2.43.1.jar
Download https://repo.grails.org/grails/core/org/grails/grails-web-taglib/3.0.6/grails-web-taglib-3.0.6.jar
01:19:35.006 [DEBUG] [org.gradle.cache.internal.DefaultFileLockManager] Releasing lock on jars (/home/jack/.gradle/caches/jars-1).
01:19:35.007 [DEBUG] [org.gradle.cache.internal.DefaultFileLockManager] Releasing lock on buildscript class cache for build file '/media/jack/home-partition/grails-practice/grails3-spring-security-demo/build.gradle' (/home/jack/.gradle/caches/2.4/scripts/build_6bfqjzk3dvu75jh429qzhcxe4/ProjectScript/buildscript).
01:19:35.007 [DEBUG] [org.gradle.cache.internal.DefaultFileLockManager] Releasing lock on no_buildscript class cache for build file '/media/jack/home-partition/grails-practice/grails3-spring-security-demo/build.gradle' (/home/jack/.gradle/caches/2.4/scripts/build_6bfqjzk3dvu75jh429qzhcxe4/ProjectScript/no_buildscript).
01:19:35.008 [DEBUG] [org.gradle.cache.internal.btree.BTreePersistentIndexedCache] Closing cache plugin-use-metadata.bin (/home/jack/.gradle/caches/2.4/plugin-resolution/plugin-use-metadata.bin)
01:19:35.008 [DEBUG] [org.gradle.cache.internal.DefaultFileLockManager] Releasing lock on Plugin Resolution Cache (/home/jack/.gradle/caches/2.4/plugin-resolution).
01:19:35.011 [DEBUG] [org.gradle.cache.internal.btree.BTreePersistentIndexedCache] Closing cache module-artifacts.bin (/home/jack/.gradle/caches/modules-2/metadata-2.15/module-artifacts.bin)
01:19:35.011 [DEBUG] [org.gradle.cache.internal.btree.BTreePersistentIndexedCache] Closing cache artifact-at-url.bin (/home/jack/.gradle/caches/modules-2/metadata-2.15/artifact-at-url.bin)
01:19:35.011 [DEBUG] [org.gradle.cache.internal.btree.BTreePersistentIndexedCache] Closing cache module-metadata.bin (/home/jack/.gradle/caches/modules-2/metadata-2.15/module-metadata.bin)
01:19:35.011 [DEBUG] [org.gradle.cache.internal.btree.BTreePersistentIndexedCache] Closing cache artifact-at-repository.bin (/home/jack/.gradle/caches/modules-2/metadata-2.15/artifact-at-repository.bin)
01:19:35.012 [DEBUG] [org.gradle.cache.internal.DefaultFileLockManager] Releasing lock on artifact cache (/home/jack/.gradle/caches/modules-2).
01:19:35.012 [DEBUG] [org.gradle.api.internal.tasks.compile.daemon.CompilerDaemonManager] Stopping 0 compiler daemon(s).
01:19:35.013 [INFO] [org.gradle.api.internal.tasks.compile.daemon.CompilerDaemonManager] Stopped 0 compiler daemon(s).
01:19:35.031 [DEBUG] [org.gradle.api.internal.artifacts.ivyservice.ivyresolve.memcache.InMemoryCachedRepositoryFactory] In-memory dependency metadata cache closed. Repos cached: 9, cache instances: 3, modules served from cache: 101, artifacts: 78
01:19:35.032 [DEBUG] [org.gradle.api.internal.artifacts.ivyservice.resolveengine.store.CachedStoreFactory] Resolution result cache closed. Cache reads: 0, disk reads: 0 (avg: 0.0 secs, total: 0.0 secs)
01:19:35.032 [DEBUG] [org.gradle.api.internal.artifacts.ivyservice.resolveengine.store.CachedStoreFactory] Resolved configuration cache closed. Cache reads: 0, disk reads: 0 (avg: 0.0 secs, total: 0.0 secs)
01:19:35.033 [DEBUG] [org.gradle.api.internal.artifacts.ivyservice.resolveengine.store.ResolutionResultsStoreFactory] Deleted 2 resolution results binary files in 0.001 secs
01:19:35.033 [DEBUG] [org.gradle.launcher.daemon.server.exec.ExecuteBuild] The daemon has finished executing the build.
01:19:35.248 [DEBUG] [org.gradle.launcher.daemon.server.DaemonStateCoordinator] Daemon is busy, sleeping until state changes.
01:19:35.250 [DEBUG] [org.gradle.launcher.daemon.server.DaemonStateCoordinator] Command execution: finished waiting for DaemonCommandExecution[command = Build{id=89d8bd3d-b0db-4dea-ad1d-0e904adcb714.1, currentDir=/media/jack/home-partition/grails-practice/grails3-spring-security-demo}, connection = org.gradle.launcher.daemon.server.DefaultDaemonConnection@4406f905]. Result org.gradle.launcher.daemon.server.DaemonStateCoordinator@5e484645 with state Running
01:19:35.250 [DEBUG] [org.gradle.launcher.daemon.server.DaemonStateCoordinator] Command execution: completed DaemonCommandExecution[command = Build{id=89d8bd3d-b0db-4dea-ad1d-0e904adcb714.1, currentDir=/media/jack/home-partition/grails-practice/grails3-spring-security-demo}, connection = org.gradle.launcher.daemon.server.DefaultDaemonConnection@4406f905]
01:19:35.250 [DEBUG] [org.gradle.launcher.daemon.server.DaemonStateCoordinator] updating lastActivityAt to 1446225575250
01:19:35.251 [INFO] [org.gradle.launcher.daemon.server.DomainRegistryUpdater] Marking the daemon as idle, address: [2599d8c8-2f74-4886-8bf3-f8845e64752b port:60805, addresses:[/0:0:0:0:0:0:0:1%lo, /127.0.0.1]]
01:19:35.251 [DEBUG] [org.gradle.launcher.daemon.registry.PersistentDaemonRegistry] Marking idle by address: [2599d8c8-2f74-4886-8bf3-f8845e64752b port:60805, addresses:[/0:0:0:0:0:0:0:1%lo, /127.0.0.1]]
01:19:35.252 [DEBUG] [org.gradle.cache.internal.DefaultFileLockManager] Waiting to acquire exclusive lock on daemon addresses registry.
01:19:35.252 [DEBUG] [org.gradle.cache.internal.DefaultFileLockManager] Lock acquired.
01:19:35.255 [DEBUG] [org.apache.http.impl.conn.PoolingClientConnectionManager] Connection manager is shutting down
01:19:35.255 [DEBUG] [org.apache.http.impl.conn.DefaultClientConnection] Connection 0.0.0.0:38969<->107.21.27.23:443 closed
01:19:35.256 [DEBUG] [org.apache.http.impl.conn.DefaultClientConnection] Connection 0.0.0.0:38969<->107.21.27.23:443 closed
01:19:35.256 [DEBUG] [org.apache.http.impl.conn.PoolingClientConnectionManager] Connection manager shut down
01:19:35.277 [DEBUG] [org.gradle.cache.internal.DefaultFileLockManager] Releasing lock on daemon addresses registry.
01:19:35.277 [DEBUG] [org.gradle.launcher.daemon.server.exec.ReturnResult] Daemon is dispatching the build result: Success[value=org.gradle.tooling.internal.provider.BuildActionResult@1dfdae15]
01:19:35.278 [DEBUG] [org.gradle.launcher.daemon.server.SynchronizedDispatchConnection] thread 13: dispatching class org.gradle.launcher.daemon.protocol.Success
01:19:35.278 [DEBUG] [org.gradle.launcher.daemon.server.DaemonStateCoordinator] Daemon is idle, sleeping until state change or idle timeout at Sat Oct 31 04:19:35 CST 2015
01:19:35.291 [DEBUG] [org.gradle.launcher.daemon.server.DefaultIncomingConnectionHandler] Finishing executing command: Build{id=89d8bd3d-b0db-4dea-ad1d-0e904adcb714.1, currentDir=/media/jack/home-partition/grails-practice/grails3-spring-security-demo}
01:19:35.299 [DEBUG] [org.gradle.launcher.daemon.server.SynchronizedDispatchConnection] thread 14: received class org.gradle.launcher.daemon.protocol.Finished
01:19:35.299 [DEBUG] [org.gradle.launcher.daemon.server.DefaultDaemonConnection] Received non-IO message from client: org.gradle.launcher.daemon.protocol.Finished@37364975
01:19:35.299 [DEBUG] [org.gradle.launcher.daemon.server.SynchronizedDispatchConnection] thread 14: received null
01:19:35.299 [DEBUG] [org.gradle.launcher.daemon.server.DefaultIncomingConnectionHandler] Received finished message: org.gradle.launcher.daemon.protocol.Finished@37364975
01:19:35.300 [DEBUG] [org.gradle.launcher.daemon.server.SynchronizedDispatchConnection] thread 13: stopping connection
01:19:35.300 [DEBUG] [org.gradle.launcher.daemon.server.DefaultDaemonConnection] Received end-of-input from client.
01:19:35.302 [DEBUG] [org.gradle.launcher.daemon.server.SynchronizedDispatchConnection] thread 13: stopping connection
01:19:44.340 [DEBUG] [org.gradle.messaging.remote.internal.inet.TcpIncomingConnector] Accepted connection from /0:0:0:0:0:0:0:1:38143 to /0:0:0:0:0:0:0:1:60805.
01:19:44.367 [DEBUG] [org.gradle.launcher.daemon.server.SynchronizedDispatchConnection] thread 20: received class org.gradle.launcher.daemon.protocol.Build
01:19:44.368 [DEBUG] [org.gradle.launcher.daemon.server.DefaultDaemonConnection] Received non-IO message from client: Build{id=cd1338a9-a11d-495e-a699-0eb25dbbe9ed.1, currentDir=/media/jack/home-partition/grails-practice/grails3-spring-security-demo}
01:19:44.368 [INFO] [org.gradle.launcher.daemon.server.DefaultIncomingConnectionHandler] Received command: Build{id=cd1338a9-a11d-495e-a699-0eb25dbbe9ed.1, currentDir=/media/jack/home-partition/grails-practice/grails3-spring-security-demo}.
01:19:44.368 [DEBUG] [org.gradle.launcher.daemon.server.DefaultIncomingConnectionHandler] Starting executing command: Build{id=cd1338a9-a11d-495e-a699-0eb25dbbe9ed.1, currentDir=/media/jack/home-partition/grails-practice/grails3-spring-security-demo} with connection: socket connection from /0:0:0:0:0:0:0:1:60805 to /0:0:0:0:0:0:0:1:38143.
01:19:44.368 [DEBUG] [org.gradle.launcher.daemon.server.DaemonStateCoordinator] Command execution: started DaemonCommandExecution[command = Build{id=cd1338a9-a11d-495e-a699-0eb25dbbe9ed.1, currentDir=/media/jack/home-partition/grails-practice/grails3-spring-security-demo}, connection = org.gradle.launcher.daemon.server.DefaultDaemonConnection@293125fb] after 0.0 minutes of idle
01:19:44.369 [INFO] [org.gradle.launcher.daemon.server.DomainRegistryUpdater] Marking the daemon as busy, address: [2599d8c8-2f74-4886-8bf3-f8845e64752b port:60805, addresses:[/0:0:0:0:0:0:0:1%lo, /127.0.0.1]]
01:19:44.369 [DEBUG] [org.gradle.launcher.daemon.registry.PersistentDaemonRegistry] Marking busy by address: [2599d8c8-2f74-4886-8bf3-f8845e64752b port:60805, addresses:[/0:0:0:0:0:0:0:1%lo, /127.0.0.1]]
01:19:44.369 [DEBUG] [org.gradle.cache.internal.DefaultFileLockManager] Waiting to acquire exclusive lock on daemon addresses registry.
01:19:44.369 [DEBUG] [org.gradle.cache.internal.DefaultFileLockManager] Lock acquired.
01:19:44.372 [DEBUG] [org.gradle.cache.internal.DefaultFileLockManager] Releasing lock on daemon addresses registry.
01:19:44.373 [DEBUG] [org.gradle.launcher.daemon.server.DaemonStateCoordinator] updating lastActivityAt to 1446225584373
01:19:44.373 [DEBUG] [org.gradle.launcher.daemon.server.DaemonStateCoordinator] Daemon is busy, sleeping until state changes.
01:19:44.373 [INFO] [org.gradle.launcher.daemon.server.exec.StartBuildOrRespondWithBusy] Daemon is about to start building Build{id=cd1338a9-a11d-495e-a699-0eb25dbbe9ed.1, currentDir=/media/jack/home-partition/grails-practice/grails3-spring-security-demo}. Dispatching build started information...
01:19:44.373 [DEBUG] [org.gradle.launcher.daemon.server.SynchronizedDispatchConnection] thread 16: dispatching class org.gradle.launcher.daemon.protocol.BuildStarted
01:19:44.376 [DEBUG] [org.gradle.launcher.daemon.server.exec.EstablishBuildEnvironment] Configuring env variables: {PATH=/opt/grails-3.0.7/bin:/home/jack/bin:/home/jack/bin:/media/jack/home-partition/tool/jdk1.8.0_51/bin:/media/jack/home-partition/tool/jdk1.8.0_51/jre/bin:/bin:/home/jack/bin:/home/jack/bin:/media/jack/home-partition/tool/jdk1.8.0_51/bin:/media/jack/home-partition/tool/jdk1.8.0_51/jre/bin:/home/jack/.rvm/gems/ruby-2.2.0/bin:/home/jack/.rvm/gems/ruby-2.2.0@global/bin:/home/jack/.rvm/rubies/ruby-2.2.0/bin:/home/jack/.gvm/springboot/current/bin:/home/jack/.gvm/lazybones/current/bin:/home/jack/.gvm/jbossforge/current/bin:/home/jack/.gvm/jbake/current/bin:/home/jack/.gvm/groovyserv/current/bin:/home/jack/.gvm/groovy/current/bin:/home/jack/.gvm/griffon/current/bin:/home/jack/.gvm/grails/current/bin:/home/jack/.gvm/gradle/current/bin:/home/jack/.gvm/glide/current/bin:/home/jack/.gvm/gaiden/current/bin:/home/jack/.gvm/crash/current/bin:/home/jack/.gvm/asciidoctorj/current/bin:/home/jack/bin:/bin:/home/jack/bin:/home/jack/bin:/media/jack/home-partition/tool/jdk1.8.0_51/bin:/media/jack/home-partition/tool/jdk1.8.0_51/jre/bin:/home/jack/bin:/usr/local/sbin:/usr/local/bin:/usr/sbin:/usr/bin:/sbin:/bin:/usr/games:/usr/local/games:/home/jack/.rvm/bin:/media/jack/home-partition/tool/android-studio/bin:/media/jack/home-partition/tool/android-studio/sdk/tools:/media/jack/home-partition/tool/android-studio/sdk/platform-tools:/media/jack/home-partition/tool/android-studio/sdk/build-tools:/home/jack/.rvm/bin:/media/jack/home-partition/tool/idea-IU-141.2735.5/bin:/home/jack/.rvm/bin:/media/jack/home-partition/tool/android-studio/bin:/media/jack/home-partition/tool/android-studio/sdk/tools:/media/jack/home-partition/tool/android-studio/sdk/platform-tools:/media/jack/home-partition/tool/android-studio/sdk/build-tools:/home/jack/.rvm/bin:/media/jack/home-partition/tool/idea-IU-141.2735.5/bin:/media/jack/home-partition/tool/android-studio/bin:/media/jack/home-partition/tool/android-studio/sdk/tools:/media/jack/home-partition/tool/android-studio/sdk/platform-tools:/media/jack/home-partition/tool/android-studio/sdk/build-tools:/home/jack/.rvm/bin:/media/jack/home-partition/tool/idea-IU-141.2735.5/bin, IRBRC=/home/jack/.rvm/rubies/ruby-2.2.0/.irbrc, NO_PROXY=localhost,127.0.0.0/8,::1, XMODIFIERS=@im=ibus, GDMSESSION=ubuntu, GRAILS_HOME=/opt/grails-3.0.7, TEXTDOMAINDIR=/usr/share/locale/, DBUS_SESSION_BUS_ADDRESS=unix:abstract=/tmp/dbus-btTBHU3v6O, DEFAULTS_PATH=/usr/share/gconf/ubuntu.default.path, COLORTERM=gnome-terminal, UPSTART_SESSION=unix:abstract=/com/ubuntu/upstart-session/1000/3884, SESSION_MANAGER=local/jack-ThinkPad-S430:@/tmp/.ICE-unix/4164,unix/jack-ThinkPad-S430:/tmp/.ICE-unix/4164, rvm_version=1.26.7 (master), PWD=/media/jack/home-partition/grails-practice/grails3-spring-security-demo, LANGUAGE=en_US:zh, WINDOWID=88080395, LESSOPEN=| /bin/lesspipe %s, GROOVYSERV_HOME=/home/jack/.gvm/groovyserv/current, INSTANCE=, MY_RUBY_HOME=/home/jack/.rvm/rubies/ruby-2.2.0, rvm_path=/home/jack/.rvm, GNOME_DESKTOP_SESSION_ID=this-is-deprecated, GTK_MODULES=overlay-scrollbar:unity-gtk-module, CLUTTER_IM_MODULE=ibus, TEXTDOMAIN=im-config, COMPIZ_BIN_PATH=/usr/bin/, SHLVL=1, JAVA_HOME=/media/jack/home-partition/tool/jdk1.8.0_51, GVM_VERSION=2.4.2, GAIDEN_HOME=/home/jack/.gvm/gaiden/current, LAZYBONES_HOME=/home/jack/.gvm/lazybones/current, TERM=xterm, XDG_CONFIG_DIRS=/etc/xdg/xdg-ubuntu:/usr/share/upstart/xdg:/etc/xdg, XDG_SEAT_PATH=/org/freedesktop/DisplayManager/Seat0, XDG_SESSION_ID=c2, GRADLE_HOME=/home/jack/.gvm/gradle/current, SELINUX_INIT=YES, GROOVY_HOME=/home/jack/.gvm/groovy/current, no_proxy=localhost,127.0.0.0/8,::1, XDG_GREETER_DATA_DIR=/var/lib/lightdm-data/jack, DESKTOP_SESSION=ubuntu, SESSION=ubuntu, XDG_MENU_PREFIX=gnome-, ANDROID_STUDIO_HOME=/media/jack/home-partition/tool/android-studio, QT_ACCESSIBILITY=1, VTE_VERSION=3409, GVM_BROKER_SERVICE=http://release.gvm.io, GEM_PATH=/home/jack/.rvm/gems/ruby-2.2.0:/home/jack/.rvm/gems/ruby-2.2.0@global, NLSPATH=/usr/dt/lib/nls/msg/%L/%N.cat, GLIDE_HOME=/home/jack/.gvm/glide/current, XAUTHORITY=/home/jack/.Xauthority, XDG_DATA_DIRS=/usr/share/ubuntu:/usr/share/gnome:/usr/local/share/:/usr/share/, MANDATORY_PATH=/usr/share/gconf/ubuntu.mandatory.path, ASCIIDOCTORJ_HOME=/home/jack/.gvm/asciidoctorj/current, GTK_IM_MODULE=ibus, XDG_CURRENT_DESKTOP=Unity, QT4_IM_MODULE=ibus, LOGNAME=jack, JOB=dbus, IM_CONFIG_PHASE=1, SPRINGBOOT_HOME=/home/jack/.gvm/springboot/current, SHELL=/bin/bash, OLDPWD=/opt/grails-3.0.7, GVM_PLATFORM=Linux, GEM_HOME=/home/jack/.rvm/gems/ruby-2.2.0, RUBY_VERSION=ruby-2.2.0, _system_name=Ubuntu, XDG_SESSION_PATH=/org/freedesktop/DisplayManager/Session0, CRASH_HOME=/home/jack/.gvm/crash/current, SESSIONTYPE=gnome-session, LS_COLORS=rs=0:di=01;34:ln=01;36:mh=00:pi=40;33:so=01;35:do=01;35:bd=40;33;01:cd=40;33;01:or=40;31;01:su=37;41:sg=30;43:ca=30;41:tw=30;42:ow=34;42:st=37;44:ex=01;32:*.tar=01;31:*.tgz=01;31:*.arj=01;31:*.taz=01;31:*.lzh=01;31:*.lzma=01;31:*.tlz=01;31:*.txz=01;31:*.zip=01;31:*.z=01;31:*.Z=01;31:*.dz=01;31:*.gz=01;31:*.lz=01;31:*.xz=01;31:*.bz2=01;31:*.bz=01;31:*.tbz=01;31:*.tbz2=01;31:*.tz=01;31:*.deb=01;31:*.rpm=01;31:*.jar=01;31:*.war=01;31:*.ear=01;31:*.sar=01;31:*.rar=01;31:*.ace=01;31:*.zoo=01;31:*.cpio=01;31:*.7z=01;31:*.rz=01;31:*.jpg=01;35:*.jpeg=01;35:*.gif=01;35:*.bmp=01;35:*.pbm=01;35:*.pgm=01;35:*.ppm=01;35:*.tga=01;35:*.xbm=01;35:*.xpm=01;35:*.tif=01;35:*.tiff=01;35:*.png=01;35:*.svg=01;35:*.svgz=01;35:*.mng=01;35:*.pcx=01;35:*.mov=01;35:*.mpg=01;35:*.mpeg=01;35:*.m2v=01;35:*.mkv=01;35:*.webm=01;35:*.ogm=01;35:*.mp4=01;35:*.m4v=01;35:*.mp4v=01;35:*.vob=01;35:*.qt=01;35:*.nuv=01;35:*.wmv=01;35:*.asf=01;35:*.rm=01;35:*.rmvb=01;35:*.flc=01;35:*.avi=01;35:*.fli=01;35:*.flv=01;35:*.gl=01;35:*.dl=01;35:*.xcf=01;35:*.xwd=01;35:*.yuv=01;35:*.cgm=01;35:*.emf=01;35:*.axv=01;35:*.anx=01;35:*.ogv=01;35:*.ogx=01;35:*.aac=00;36:*.au=00;36:*.flac=00;36:*.mid=00;36:*.midi=00;36:*.mka=00;36:*.mp3=00;36:*.mpc=00;36:*.ogg=00;36:*.ra=00;36:*.wav=00;36:*.axa=00;36:*.oga=00;36:*.spx=00;36:*.xspf=00;36:, GVM_BROADCAST_SERVICE=http://cast.gvm.io, LESSCLOSE=/bin/lesspipe %s %s, GRIFFON_HOME=/home/jack/.gvm/griffon/current, _system_arch=x86_64, COMPIZ_CONFIG_PROFILE=ubuntu, rvm_bin_path=/home/jack/.rvm/bin, QT_IM_MODULE=ibus, XFILESEARCHPATH=/usr/dt/app-defaults/%L/Dt, rvm_prefix=/home/jack, LANG=en_US.UTF-8, GNOME_KEYRING_CONTROL=/run/user/1000/keyring-7QBUfb, DISPLAY=:0, GVM_SERVICE=http://api.gvmtool.net, JBOSSFORGE_HOME=/home/jack/.gvm/jbossforge/current, JBAKE_HOME=/home/jack/.gvm/jbake/current, GDM_LANG=en_US, _system_type=Linux, GVM_DIR=/home/jack/.gvm, GPG_AGENT_INFO=/run/user/1000/keyring-7QBUfb/gpg:0:1, _system_version=14.04, USER=jack, CLASSPATH=/opt/grails-3.0.7/dist/grails-shell-3.0.7.jar:/opt/grails-3.0.7/lib/org.codehaus.groovy/groovy/jars/groovy-2.4.4.jar:/opt/grails-3.0.7/lib/org.slf4j/slf4j-api/jars/slf4j-api-1.7.10.jar:/opt/grails-3.0.7/lib/org.slf4j/jcl-over-slf4j/jars/jcl-over-slf4j-1.7.10.jar:/opt/grails-3.0.7/dist/grails-bootstrap-3.0.7.jar:/opt/grails-3.0.7/dist/grails-gradle-model-3.0.7.jar:/opt/grails-3.0.7/lib/org.apache.ant/ant/jars/ant-1.9.4.jar:/opt/grails-3.0.7/lib/org.codehaus.groovy/groovy-ant/jars/groovy-ant-2.4.4.jar:/opt/grails-3.0.7/lib/org.codehaus.groovy/groovy-json/jars/groovy-json-2.4.4.jar:/opt/grails-3.0.7/lib/org.codehaus.groovy/groovy-jmx/jars/groovy-jmx-2.4.4.jar:/opt/grails-3.0.7/lib/org.fusesource.jansi/jansi/jars/jansi-1.11.jar:/opt/grails-3.0.7/lib/jline/jline/jars/jline-2.12.jar:/opt/grails-3.0.7/lib/org.eclipse.jgit/org.eclipse.jgit/jars/org.eclipse.jgit-3.5.2.201411120430-r.jar:/opt/grails-3.0.7/lib/org.gradle/gradle-tooling-api/jars/gradle-tooling-api-2.3.jar:/opt/grails-3.0.7/lib/org.springframework.boot/spring-boot-cli/jars/spring-boot-cli-1.2.5.RELEASE.jar:/opt/grails-3.0.7/lib/org.slf4j/slf4j-simple/jars/slf4j-simple-1.7.10.jar:/opt/grails-3.0.7/lib/org.codehaus.plexus/plexus-component-api/jars/plexus-component-api-1.0-alpha-33.jar:/opt/grails-3.0.7/lib/org.codehaus.groovy/groovy-xml/jars/groovy-xml-2.4.4.jar:/opt/grails-3.0.7/lib/org.yaml/snakeyaml/jars/snakeyaml-1.14.jar:/opt/grails-3.0.7/lib/org.apache.ant/ant-launcher/jars/ant-launcher-1.9.4.jar:/opt/grails-3.0.7/lib/org.codehaus.groovy/groovy-groovydoc/jars/groovy-groovydoc-2.4.4.jar:/opt/grails-3.0.7/lib/org.apache.ant/ant-antlr/jars/ant-antlr-1.9.4.jar:/opt/grails-3.0.7/lib/org.apache.ant/ant-junit/jars/ant-junit-1.9.4.jar:/opt/grails-3.0.7/lib/com.jcraft/jsch/jars/jsch-0.1.50.jar:/opt/grails-3.0.7/lib/com.googlecode.javaewah/JavaEWAH/jars/JavaEWAH-0.7.9.jar:/opt/grails-3.0.7/lib/org.springframework.boot/spring-boot-dependency-tools/jars/spring-boot-dependency-tools-1.2.5.RELEASE.jar:/opt/grails-3.0.7/lib/org.springframework.boot/spring-boot-loader-tools/jars/spring-boot-loader-tools-1.2.5.RELEASE.jar:/opt/grails-3.0.7/lib/net.sf.jopt-simple/jopt-simple/jars/jopt-simple-4.6.jar:/opt/grails-3.0.7/lib/org.springframework/spring-core/jars/spring-core-4.1.7.RELEASE.jar:/opt/grails-3.0.7/lib/org.json/json/jars/json-20140107.jar:/opt/grails-3.0.7/lib/org.apache.maven/maven-aether-provider/jars/maven-aether-provider-3.2.1.jar:/opt/grails-3.0.7/lib/org.apache.maven/maven-settings-builder/jars/maven-settings-builder-3.1.1.jar:/opt/grails-3.0.7/lib/org.eclipse.aether/aether-api/jars/aether-api-0.9.1.v20140329.jar:/opt/grails-3.0.7/lib/org.eclipse.aether/aether-connector-basic/jars/aether-connector-basic-0.9.1.v20140329.jar:/opt/grails-3.0.7/lib/org.eclipse.aether/aether-impl/jars/aether-impl-0.9.1.v20140329.jar:/opt/grails-3.0.7/lib/org.eclipse.aether/aether-spi/jars/aether-spi-0.9.1.v20140329.jar:/opt/grails-3.0.7/lib/org.eclipse.aether/aether-transport-file/jars/aether-transport-file-0.9.1.v20140329.jar:/opt/grails-3.0.7/lib/org.eclipse.aether/aether-transport-http/jars/aether-transport-http-0.9.1.v20140329.jar:/opt/grails-3.0.7/lib/org.eclipse.aether/aether-util/jars/aether-util-0.9.1.v20140329.jar:/opt/grails-3.0.7/lib/org.codehaus.plexus/plexus-classworlds/jars/plexus-classworlds-1.2-alpha-10.jar:/opt/grails-3.0.7/lib/junit/junit/jars/junit-3.8.1.jar:/opt/grails-3.0.7/lib/org.codehaus.groovy/groovy-templates/jars/groovy-templates-2.4.4.jar:/opt/grails-3.0.7/lib/org.apache.maven/maven-model/jars/maven-model-3.2.1.jar:/opt/grails-3.0.7/lib/org.apache.maven/maven-model-builder/jars/maven-model-builder-3.2.1.jar:/opt/grails-3.0.7/lib/org.apache.maven/maven-repository-metadata/jars/maven-repository-metadata-3.2.1.jar:/opt/grails-3.0.7/lib/org.codehaus.plexus/plexus-component-annotations/jars/plexus-component-annotations-1.5.5.jar:/opt/grails-3.0.7/lib/org.codehaus.plexus/plexus-utils/jars/plexus-utils-3.0.17.jar:/opt/grails-3.0.7/lib/org.codehaus.plexus/plexus-interpolation/jars/plexus-interpolation-1.19.jar:/opt/grails-3.0.7/lib/org.apache.maven/maven-settings/jars/maven-settings-3.1.1.jar:/opt/grails-3.0.7/lib/org.sonatype.plexus/plexus-sec-dispatcher/jars/plexus-sec-dispatcher-1.3.jar:/opt/grails-3.0.7/lib/org.sonatype.plexus/plexus-cipher/jars/plexus-cipher-1.4.jar:/opt/grails-3.0.7/lib/org.apache.httpcomponents/httpclient/jars/httpclient-4.2.6.jar:/opt/grails-3.0.7/lib/org.apache.httpcomponents/httpcore/jars/httpcore-4.2.5.jar:/opt/grails-3.0.7/lib/commons-codec/commons-codec/jars/commons-codec-1.6.jar, XDG_SEAT=seat0, SSH_AUTH_SOCK=/run/user/1000/keyring-7QBUfb/ssh, QT_QPA_PLATFORMTHEME=appmenu-qt5, XDG_RUNTIME_DIR=/run/user/1000, GVM_INIT=true, XDG_VTNR=7, HOME=/home/jack, GNOME_KEYRING_PID=3877}
01:19:44.378 [DEBUG] [org.gradle.launcher.daemon.server.exec.LogToClient] About to start relaying all logs to the client via the connection.
01:19:44.379 [INFO] [org.gradle.launcher.daemon.server.exec.LogToClient] The client will now receive all logging from the daemon (pid: 10710). The daemon log file: /home/jack/.gradle/daemon/2.4/daemon-10710.out.log
01:19:44.382 [INFO] [org.gradle.launcher.daemon.server.health.DaemonHealthTracker] Starting 2nd build in daemon [uptime: 18 mins 3.632 secs, performance: 100%, memory: 26% of 954.7 MB]
01:19:44.393 [DEBUG] [org.gradle.launcher.daemon.server.exec.ExecuteBuild] The daemon has started executing the build.
01:19:44.393 [INFO] [org.gradle.launcher.daemon.server.exec.ExecuteBuild] Executing build with daemon context: DefaultDaemonContext[uid=973a03fb-deae-4866-a0d0-f60d9732e348,javaHome=/media/jack/home-partition/tool/jdk1.8.0_51,daemonRegistryDir=/home/jack/.gradle/daemon,pid=10710,idleTimeout=10800000,daemonOpts=-XX:MaxPermSize=256m,-XX:+HeapDumpOnOutOfMemoryError,-Xmx1024m,-Dfile.encoding=UTF-8,-Duser.country=US,-Duser.language=en,-Duser.variant]
INFO org.springframework.boot.context.embedded.AnnotationConfigEmbeddedWebApplicationContext - Refreshing org.springframework.boot.context.embedded.AnnotationConfigEmbeddedWebApplicationContext@34a1d21f: startup date [Sat Oct 31 01:19:59 CST 2015]; root of context hierarchy
INFO org.springframework.context.support.PostProcessorRegistrationDelegate$BeanPostProcessorChecker - Bean 'entityInterceptor' of type [class org.hibernate.EmptyInterceptor] is not eligible for getting processed by all BeanPostProcessors (for example: not eligible for auto-proxying)
INFO org.springframework.context.support.PostProcessorRegistrationDelegate$BeanPostProcessorChecker - Bean 'grailsConfigProperties' of type [class grails.config.ConfigProperties] is not eligible for getting processed by all BeanPostProcessors (for example: not eligible for auto-proxying)
INFO org.springframework.context.support.PostProcessorRegistrationDelegate$BeanPostProcessorChecker - Bean 'reactorConfigurationReader' of type [class org.grails.events.reactor.GrailsReactorConfigurationReader] is not eligible for getting processed by all BeanPostProcessors (for example: not eligible for auto-proxying)
INFO org.springframework.context.support.PostProcessorRegistrationDelegate$BeanPostProcessorChecker - Bean 'reactorEnv' of type [class reactor.Environment] is not eligible for getting processed by all BeanPostProcessors (for example: not eligible for auto-proxying)
INFO org.springframework.context.support.PostProcessorRegistrationDelegate$BeanPostProcessorChecker - Bean 'eventBus' of type [class org.springframework.beans.factory.config.MethodInvokingFactoryBean] is not eligible for getting processed by all BeanPostProcessors (for example: not eligible for auto-proxying)
INFO org.springframework.context.support.PostProcessorRegistrationDelegate$BeanPostProcessorChecker - Bean 'grails.plugin.cache.GrailsCacheAdminServiceServiceClass' of type [class org.springframework.beans.factory.config.MethodInvokingFactoryBean] is not eligible for getting processed by all BeanPostProcessors (for example: not eligible for auto-proxying)
INFO org.springframework.context.support.PostProcessorRegistrationDelegate$BeanPostProcessorChecker - Bean 'classLoader' of type [class org.springframework.beans.factory.config.MethodInvokingFactoryBean] is not eligible for getting processed by all BeanPostProcessors (for example: not eligible for auto-proxying)
INFO org.springframework.context.support.PostProcessorRegistrationDelegate$BeanPostProcessorChecker - Bean 'asset.pipeline.grails.AssetProcessorServiceServiceClass' of type [class org.springframework.beans.factory.config.MethodInvokingFactoryBean] is not eligible for getting processed by all BeanPostProcessors (for example: not eligible for auto-proxying)
INFO org.springframework.context.support.PostProcessorRegistrationDelegate$BeanPostProcessorChecker - Bean 'grails.plugin.formfields.FormFieldsTemplateServiceServiceClass' of type [class org.springframework.beans.factory.config.MethodInvokingFactoryBean] is not eligible for getting processed by all BeanPostProcessors (for example: not eligible for auto-proxying)
INFO org.springframework.context.support.PostProcessorRegistrationDelegate$BeanPostProcessorChecker - Bean 'grailsUrlConverter' of type [class grails.web.CamelCaseUrlConverter] is not eligible for getting processed by all BeanPostProcessors (for example: not eligible for auto-proxying)
INFO org.springframework.context.support.PostProcessorRegistrationDelegate$BeanPostProcessorChecker - Bean '(inner bean)#22ead351' of type [class org.grails.web.mapping.UrlMappingsHolderFactoryBean] is not eligible for getting processed by all BeanPostProcessors (for example: not eligible for auto-proxying)
INFO org.springframework.context.support.PostProcessorRegistrationDelegate$BeanPostProcessorChecker - Bean '(inner bean)#22ead351' of type [class org.grails.web.mapping.mvc.GrailsControllerUrlMappings] is not eligible for getting processed by all BeanPostProcessors (for example: not eligible for auto-proxying)
INFO org.springframework.context.support.PostProcessorRegistrationDelegate$BeanPostProcessorChecker - Bean 'urlMappingsTargetSource' of type [class org.grails.spring.beans.factory.HotSwappableTargetSourceFactoryBean] is not eligible for getting processed by all BeanPostProcessors (for example: not eligible for auto-proxying)
INFO org.springframework.context.support.PostProcessorRegistrationDelegate$BeanPostProcessorChecker - Bean 'urlMappingsTargetSource' of type [class org.springframework.aop.target.HotSwappableTargetSource] is not eligible for getting processed by all BeanPostProcessors (for example: not eligible for auto-proxying)
INFO org.springframework.context.support.PostProcessorRegistrationDelegate$BeanPostProcessorChecker - Bean 'grailsUrlMappingsHolder' of type [class org.springframework.aop.framework.ProxyFactoryBean] is not eligible for getting processed by all BeanPostProcessors (for example: not eligible for auto-proxying)
INFO org.springframework.context.support.PostProcessorRegistrationDelegate$BeanPostProcessorChecker - Bean 'dataSourceUnproxied' of type [class org.apache.tomcat.jdbc.pool.DataSource] is not eligible for getting processed by all BeanPostProcessors (for example: not eligible for auto-proxying)
INFO org.springframework.context.support.PostProcessorRegistrationDelegate$BeanPostProcessorChecker - Bean 'dataSourceLazy' of type [class org.springframework.jdbc.datasource.LazyConnectionDataSourceProxy] is not eligible for getting processed by all BeanPostProcessors (for example: not eligible for auto-proxying)
INFO org.springframework.context.support.PostProcessorRegistrationDelegate$BeanPostProcessorChecker - Bean 'dataSource' of type [class org.springframework.jdbc.datasource.TransactionAwareDataSourceProxy] is not eligible for getting processed by all BeanPostProcessors (for example: not eligible for auto-proxying)
INFO org.springframework.context.support.PostProcessorRegistrationDelegate$BeanPostProcessorChecker - Bean 'dialectDetector' of type [class org.grails.orm.hibernate.support.HibernateDialectDetectorFactoryBean] is not eligible for getting processed by all BeanPostProcessors (for example: not eligible for auto-proxying)
INFO org.springframework.context.support.PostProcessorRegistrationDelegate$BeanPostProcessorChecker - Bean 'dialectDetector' of type [class java.lang.String] is not eligible for getting processed by all BeanPostProcessors (for example: not eligible for auto-proxying)
INFO org.springframework.context.support.PostProcessorRegistrationDelegate$BeanPostProcessorChecker - Bean 'hibernateProperties' of type [class org.springframework.beans.factory.config.PropertiesFactoryBean] is not eligible for getting processed by all BeanPostProcessors (for example: not eligible for auto-proxying)
INFO org.springframework.context.support.PostProcessorRegistrationDelegate$BeanPostProcessorChecker - Bean 'hibernateProperties' of type [class java.util.Properties] is not eligible for getting processed by all BeanPostProcessors (for example: not eligible for auto-proxying)
INFO org.springframework.context.support.PostProcessorRegistrationDelegate$BeanPostProcessorChecker - Bean 'hibernateEventListeners' of type [class org.grails.orm.hibernate.HibernateEventListeners] is not eligible for getting processed by all BeanPostProcessors (for example: not eligible for auto-proxying)
INFO org.springframework.context.support.PostProcessorRegistrationDelegate$BeanPostProcessorChecker - Bean 'eventTriggeringInterceptor' of type [class org.grails.orm.hibernate.support.ClosureEventTriggeringInterceptor] is not eligible for getting processed by all BeanPostProcessors (for example: not eligible for auto-proxying)
INFO org.springframework.context.support.PostProcessorRegistrationDelegate$BeanPostProcessorChecker - Bean 'org.grails.internal.SESSION_FACTORY_HOLDER' of type [class org.grails.orm.hibernate.SessionFactoryHolder] is not eligible for getting processed by all BeanPostProcessors (for example: not eligible for auto-proxying)
INFO org.springframework.context.support.PostProcessorRegistrationDelegate$BeanPostProcessorChecker - Bean 'sessionFactory' of type [class org.grails.orm.hibernate.ConfigurableLocalSessionFactoryBean] is not eligible for getting processed by all BeanPostProcessors (for example: not eligible for auto-proxying)
INFO org.springframework.context.support.PostProcessorRegistrationDelegate$BeanPostProcessorChecker - Bean 'sessionFactory' of type [class org.grails.orm.hibernate.SessionFactoryProxy] is not eligible for getting processed by all BeanPostProcessors (for example: not eligible for auto-proxying)
INFO org.springframework.context.support.PostProcessorRegistrationDelegate$BeanPostProcessorChecker - Bean 'transactionManager' of type [class org.grails.orm.hibernate.GrailsHibernateTransactionManager] is not eligible for getting processed by all BeanPostProcessors (for example: not eligible for auto-proxying)
INFO org.springframework.context.support.PostProcessorRegistrationDelegate$BeanPostProcessorChecker - Bean 'org.springframework.cache.annotation.AnnotationCacheOperationSource#0' of type [class grails.plugin.cache.GrailsAnnotationCacheOperationSource] is not eligible for getting processed by all BeanPostProcessors (for example: not eligible for auto-proxying)
INFO org.springframework.context.support.PostProcessorRegistrationDelegate$BeanPostProcessorChecker - Bean 'org.springframework.cache.config.internalCacheAdvisor' of type [class org.springframework.cache.interceptor.BeanFactoryCacheOperationSourceAdvisor] is not eligible for getting processed by all BeanPostProcessors (for example: not eligible for auto-proxying)
INFO org.springframework.context.support.PostProcessorRegistrationDelegate$BeanPostProcessorChecker - Bean 'org.springframework.transaction.annotation.AnnotationTransactionAttributeSource#0' of type [class org.springframework.transaction.annotation.AnnotationTransactionAttributeSource] is not eligible for getting processed by all BeanPostProcessors (for example: not eligible for auto-proxying)
INFO org.springframework.context.support.PostProcessorRegistrationDelegate$BeanPostProcessorChecker - Bean 'org.springframework.transaction.config.internalTransactionAdvisor' of type [class org.springframework.transaction.interceptor.BeanFactoryTransactionAttributeSourceAdvisor] is not eligible for getting processed by all BeanPostProcessors (for example: not eligible for auto-proxying)
INFO org.springframework.boot.context.embedded.tomcat.TomcatEmbeddedServletContainer - Tomcat initialized with port(s): 8080 (http)
INFO org.springframework.web.context.ContextLoader - Root WebApplicationContext: initialization completed in 27556 ms
INFO org.springframework.boot.actuate.endpoint.mvc.EndpointHandlerMapping - Mapped "{[/shutdown],methods=[POST]}" onto public java.lang.Object org.springframework.boot.actuate.endpoint.mvc.ShutdownMvcEndpoint.invoke()
INFO org.springframework.boot.actuate.endpoint.mvc.EndpointHandlerMapping - Mapped "{[/env/{name:.*}],methods=[GET]}" onto public java.lang.Object org.springframework.boot.actuate.endpoint.mvc.EnvironmentMvcEndpoint.value(java.lang.String)
INFO org.springframework.boot.actuate.endpoint.mvc.EndpointHandlerMapping - Mapped "{[/env],methods=[GET]}" onto public java.lang.Object org.springframework.boot.actuate.endpoint.mvc.EndpointMvcAdapter.invoke()
INFO org.springframework.boot.actuate.endpoint.mvc.EndpointHandlerMapping - Mapped "{[/trace],methods=[GET]}" onto public java.lang.Object org.springframework.boot.actuate.endpoint.mvc.EndpointMvcAdapter.invoke()
INFO org.springframework.boot.actuate.endpoint.mvc.EndpointHandlerMapping - Mapped "{[/info],methods=[GET]}" onto public java.lang.Object org.springframework.boot.actuate.endpoint.mvc.EndpointMvcAdapter.invoke()
INFO org.springframework.boot.actuate.endpoint.mvc.EndpointHandlerMapping - Mapped "{[/health]}" onto public java.lang.Object org.springframework.boot.actuate.endpoint.mvc.HealthMvcEndpoint.invoke(java.security.Principal)
INFO org.springframework.boot.actuate.endpoint.mvc.EndpointHandlerMapping - Mapped "{[/configprops],methods=[GET]}" onto public java.lang.Object org.springframework.boot.actuate.endpoint.mvc.EndpointMvcAdapter.invoke()
INFO org.springframework.boot.actuate.endpoint.mvc.EndpointHandlerMapping - Mapped "{[/mappings],methods=[GET]}" onto public java.lang.Object org.springframework.boot.actuate.endpoint.mvc.EndpointMvcAdapter.invoke()
INFO org.springframework.boot.actuate.endpoint.mvc.EndpointHandlerMapping - Mapped "{[/dump],methods=[GET]}" onto public java.lang.Object org.springframework.boot.actuate.endpoint.mvc.EndpointMvcAdapter.invoke()
INFO org.springframework.boot.actuate.endpoint.mvc.EndpointHandlerMapping - Mapped "{[/metrics/{name:.*}],methods=[GET]}" onto public java.lang.Object org.springframework.boot.actuate.endpoint.mvc.MetricsMvcEndpoint.value(java.lang.String)
INFO org.springframework.boot.actuate.endpoint.mvc.EndpointHandlerMapping - Mapped "{[/metrics],methods=[GET]}" onto public java.lang.Object org.springframework.boot.actuate.endpoint.mvc.EndpointMvcAdapter.invoke()
INFO org.springframework.boot.actuate.endpoint.mvc.EndpointHandlerMapping - Mapped "{[/beans],methods=[GET]}" onto public java.lang.Object org.springframework.boot.actuate.endpoint.mvc.EndpointMvcAdapter.invoke()
INFO org.springframework.boot.actuate.endpoint.mvc.EndpointHandlerMapping - Mapped "{[/autoconfig],methods=[GET]}" onto public java.lang.Object org.springframework.boot.actuate.endpoint.mvc.EndpointMvcAdapter.invoke()
INFO org.springframework.boot.autoconfigure.security.AuthenticationManagerConfiguration - 

Using default security password: 7feb5920-4f21-4a6e-aeea-e594c23004fb

INFO org.springframework.security.web.DefaultSecurityFilterChain - Creating filter chain: Ant [pattern='/css/**'], []
INFO org.springframework.security.web.DefaultSecurityFilterChain - Creating filter chain: Ant [pattern='/js/**'], []
INFO org.springframework.security.web.DefaultSecurityFilterChain - Creating filter chain: Ant [pattern='/images/**'], []
INFO org.springframework.security.web.DefaultSecurityFilterChain - Creating filter chain: Ant [pattern='/**/favicon.ico'], []
INFO org.springframework.security.web.DefaultSecurityFilterChain - Creating filter chain: Ant [pattern='/error'], []
INFO org.springframework.security.web.DefaultSecurityFilterChain - Creating filter chain: OrRequestMatcher [requestMatchers=[Ant [pattern='/info'], Ant [pattern='/info/**'], Ant [pattern='/info.*'], Ant [pattern='/health'], Ant [pattern='/health/**'], Ant [pattern='/health.*'], Ant [pattern='/shutdown'], Ant [pattern='/shutdown/**'], Ant [pattern='/shutdown.*'], Ant [pattern='/env'], Ant [pattern='/env/**'], Ant [pattern='/env.*'], Ant [pattern='/trace'], Ant [pattern='/trace/**'], Ant [pattern='/trace.*'], Ant [pattern='/configprops'], Ant [pattern='/configprops/**'], Ant [pattern='/configprops.*'], Ant [pattern='/mappings'], Ant [pattern='/mappings/**'], Ant [pattern='/mappings.*'], Ant [pattern='/dump'], Ant [pattern='/dump/**'], Ant [pattern='/dump.*'], Ant [pattern='/metrics'], Ant [pattern='/metrics/**'], Ant [pattern='/metrics.*'], Ant [pattern='/beans'], Ant [pattern='/beans/**'], Ant [pattern='/beans.*'], Ant [pattern='/autoconfig'], Ant [pattern='/autoconfig/**'], Ant [pattern='/autoconfig.*']]], [org.springframework.security.web.context.request.async.WebAsyncManagerIntegrationFilter@2f2d12ff, org.springframework.security.web.context.SecurityContextPersistenceFilter@6ba41303, org.springframework.security.web.header.HeaderWriterFilter@4a7c3cb1, org.springframework.security.web.authentication.logout.LogoutFilter@554dae18, org.springframework.security.web.authentication.www.BasicAuthenticationFilter@206db87f, org.springframework.security.web.savedrequest.RequestCacheAwareFilter@40fe0150, org.springframework.security.web.servletapi.SecurityContextHolderAwareRequestFilter@67919387, org.springframework.security.web.authentication.AnonymousAuthenticationFilter@536fed2e, org.springframework.security.web.session.SessionManagementFilter@6391b1ac, org.springframework.security.web.access.ExceptionTranslationFilter@78de3c20, org.springframework.security.web.access.intercept.FilterSecurityInterceptor@70eab298]
INFO org.springframework.security.web.DefaultSecurityFilterChain - Creating filter chain: OrRequestMatcher [requestMatchers=[Ant [pattern='/**']]], [org.springframework.security.web.context.request.async.WebAsyncManagerIntegrationFilter@1f71739a, org.springframework.security.web.context.SecurityContextPersistenceFilter@6af2e5c5, org.springframework.security.web.header.HeaderWriterFilter@5d86b26c, org.springframework.security.web.authentication.logout.LogoutFilter@1104e453, org.springframework.security.web.authentication.www.BasicAuthenticationFilter@6ca5f77b, org.springframework.security.web.savedrequest.RequestCacheAwareFilter@5fc9101d, org.springframework.security.web.servletapi.SecurityContextHolderAwareRequestFilter@37b4dc5a, org.springframework.security.web.authentication.AnonymousAuthenticationFilter@3e73d865, org.springframework.security.web.session.SessionManagementFilter@6141057, org.springframework.security.web.access.ExceptionTranslationFilter@7eb966e0, org.springframework.security.web.access.intercept.FilterSecurityInterceptor@5c2c594b]
WARN org.springframework.beans.GenericTypeAwarePropertyDescriptor - Invalid JavaBean property 'dispatcherTypes' being accessed! Ambiguous write methods found next to actually used [public void org.springframework.boot.context.embedded.FilterRegistrationBean.setDispatcherTypes(java.util.EnumSet)]: [public void org.springframework.boot.context.embedded.FilterRegistrationBean.setDispatcherTypes(javax.servlet.DispatcherType,javax.servlet.DispatcherType[])]
INFO org.springframework.boot.context.embedded.FilterRegistrationBean - Mapping filter: 'metricFilter' to: [/*]
INFO org.springframework.boot.context.embedded.FilterRegistrationBean - Mapping filter: 'characterEncodingFilter' to urls: [/*]
INFO org.springframework.boot.context.embedded.FilterRegistrationBean - Mapping filter: 'hiddenHttpMethodFilter' to urls: [/*]
INFO org.springframework.boot.context.embedded.FilterRegistrationBean - Mapping filter: 'grailsWebRequestFilter' to urls: [/*]
INFO org.springframework.boot.context.embedded.FilterRegistrationBean - Mapping filter: 'springSecurityFilterChain' to: [/*]
INFO org.springframework.boot.context.embedded.FilterRegistrationBean - Mapping filter: 'webRequestLoggingFilter' to: [/*]
INFO org.springframework.boot.context.embedded.FilterRegistrationBean - Mapping filter: 'memoryPageFragmentCachingFilter' to urls: [*]
INFO org.springframework.boot.context.embedded.FilterRegistrationBean - Mapping filter: 'assetPipelineFilter' to urls: [/assets/*]
INFO org.springframework.boot.context.embedded.FilterRegistrationBean - Mapping filter: 'applicationContextIdFilter' to: [/*]
INFO org.springframework.boot.context.embedded.ServletRegistrationBean - Mapping servlet: 'groovyPagesServlet' to [*.gsp]
INFO org.springframework.boot.context.embedded.ServletRegistrationBean - Mapping servlet: 'grailsDispatcherServlet' to [/]
INFO org.springframework.boot.context.embedded.ServletRegistrationBean - Mapping servlet: 'webServlet' to [/dbconsole/*]
INFO org.springframework.web.servlet.mvc.method.annotation.RequestMappingHandlerMapping - Mapped "{[/error],produces=[text/html]}" onto public org.springframework.web.servlet.ModelAndView org.springframework.boot.autoconfigure.web.BasicErrorController.errorHtml(javax.servlet.http.HttpServletRequest)
INFO org.springframework.web.servlet.mvc.method.annotation.RequestMappingHandlerMapping - Mapped "{[/error]}" onto public org.springframework.http.ResponseEntity<java.util.Map<java.lang.String, java.lang.Object>> org.springframework.boot.autoconfigure.web.BasicErrorController.error(javax.servlet.http.HttpServletRequest)
INFO org.springframework.web.servlet.handler.SimpleUrlHandlerMapping - Mapped URL path [/webjars/**] onto handler of type [class org.springframework.web.servlet.resource.ResourceHttpRequestHandler]
INFO org.springframework.web.servlet.handler.SimpleUrlHandlerMapping - Mapped URL path [/**] onto handler of type [class org.springframework.web.servlet.resource.ResourceHttpRequestHandler]
INFO org.springframework.web.servlet.mvc.method.annotation.RequestMappingHandlerAdapter - Looking for @ControllerAdvice: org.springframework.boot.context.embedded.AnnotationConfigEmbeddedWebApplicationContext@34a1d21f: startup date [Sat Oct 31 01:19:59 CST 2015]; root of context hierarchy
INFO org.springframework.web.servlet.mvc.method.annotation.RequestMappingHandlerMapping - Mapped "{[/error],produces=[text/html]}" onto public org.springframework.web.servlet.ModelAndView org.springframework.boot.autoconfigure.web.BasicErrorController.errorHtml(javax.servlet.http.HttpServletRequest)
INFO org.springframework.web.servlet.mvc.method.annotation.RequestMappingHandlerMapping - Mapped "{[/error]}" onto public org.springframework.http.ResponseEntity<java.util.Map<java.lang.String, java.lang.Object>> org.springframework.boot.autoconfigure.web.BasicErrorController.error(javax.servlet.http.HttpServletRequest)
INFO org.springframework.web.servlet.mvc.method.annotation.RequestMappingHandlerAdapter - Looking for @ControllerAdvice: org.springframework.boot.context.embedded.AnnotationConfigEmbeddedWebApplicationContext@34a1d21f: startup date [Sat Oct 31 01:19:59 CST 2015]; root of context hierarchy
INFO org.springframework.jmx.export.annotation.AnnotationMBeanExporter - Registering beans for JMX exposure on startup
INFO org.springframework.boot.actuate.endpoint.jmx.EndpointMBeanExporter - Registering beans for JMX exposure on startup
INFO org.springframework.context.support.DefaultLifecycleProcessor - Starting beans in phase -2147483648
INFO org.springframework.context.support.DefaultLifecycleProcessor - Starting beans in phase 0
INFO org.springframework.boot.actuate.endpoint.jmx.EndpointMBeanExporter - Located managed bean 'requestMappingEndpoint': registering with JMX server as MBean [org.springframework.boot:type=Endpoint,name=requestMappingEndpoint]
INFO org.springframework.boot.actuate.endpoint.jmx.EndpointMBeanExporter - Located managed bean 'environmentEndpoint': registering with JMX server as MBean [org.springframework.boot:type=Endpoint,name=environmentEndpoint]
INFO org.springframework.boot.actuate.endpoint.jmx.EndpointMBeanExporter - Located managed bean 'healthEndpoint': registering with JMX server as MBean [org.springframework.boot:type=Endpoint,name=healthEndpoint]
INFO org.springframework.boot.actuate.endpoint.jmx.EndpointMBeanExporter - Located managed bean 'beansEndpoint': registering with JMX server as MBean [org.springframework.boot:type=Endpoint,name=beansEndpoint]
INFO org.springframework.boot.actuate.endpoint.jmx.EndpointMBeanExporter - Located managed bean 'infoEndpoint': registering with JMX server as MBean [org.springframework.boot:type=Endpoint,name=infoEndpoint]
INFO org.springframework.boot.actuate.endpoint.jmx.EndpointMBeanExporter - Located managed bean 'metricsEndpoint': registering with JMX server as MBean [org.springframework.boot:type=Endpoint,name=metricsEndpoint]
INFO org.springframework.boot.actuate.endpoint.jmx.EndpointMBeanExporter - Located managed bean 'traceEndpoint': registering with JMX server as MBean [org.springframework.boot:type=Endpoint,name=traceEndpoint]
INFO org.springframework.boot.actuate.endpoint.jmx.EndpointMBeanExporter - Located managed bean 'dumpEndpoint': registering with JMX server as MBean [org.springframework.boot:type=Endpoint,name=dumpEndpoint]
INFO org.springframework.boot.actuate.endpoint.jmx.EndpointMBeanExporter - Located managed bean 'autoConfigurationAuditEndpoint': registering with JMX server as MBean [org.springframework.boot:type=Endpoint,name=autoConfigurationAuditEndpoint]
INFO org.springframework.boot.actuate.endpoint.jmx.EndpointMBeanExporter - Located managed bean 'shutdownEndpoint': registering with JMX server as MBean [org.springframework.boot:type=Endpoint,name=shutdownEndpoint]
INFO org.springframework.boot.actuate.endpoint.jmx.EndpointMBeanExporter - Located managed bean 'configurationPropertiesReportEndpoint': registering with JMX server as MBean [org.springframework.boot:type=Endpoint,name=configurationPropertiesReportEndpoint]
INFO org.springframework.boot.context.embedded.tomcat.TomcatEmbeddedServletContainer - Tomcat started on port(s): 8080 (http)
Grails application running at http://localhost:8080 in environment: development
INFO org.springframework.boot.actuate.audit.listener.AuditListener - AuditEvent [timestamp=Sat Oct 31 09:11:13 CST 2015, principal=anonymousUser, type=AUTHORIZATION_FAILURE, data={type=org.springframework.security.access.AccessDeniedException, message=}]
INFO org.springframework.boot.actuate.audit.listener.AuditListener - AuditEvent [timestamp=Sat Oct 31 09:11:13 CST 2015, principal=anonymousUser, type=AUTHORIZATION_FAILURE, data={type=org.springframework.security.access.AccessDeniedException, message=}]
ERROR org.apache.catalina.core.ContainerBase.[Tomcat].[localhost].[/].[grailsDispatcherServlet] - Servlet.service() for servlet grailsDispatcherServlet threw exception
java.util.ConcurrentModificationException: null
	at java.util.ArrayList.sort(ArrayList.java:1456) ~[na:1.8.0_51]
	at java.util.Collections.sort(Collections.java:175) ~[na:1.8.0_51]
	at asset.pipeline.AssetHelper.fileNameWithoutExtensionFromArtefact(AssetHelper.groovy:145) ~[asset-pipeline-core-2.5.0.jar:na]
	at asset.pipeline.DirectiveProcessor.loadRequiresForTree(DirectiveProcessor.groovy:99) ~[asset-pipeline-core-2.5.0.jar:na]
	at asset.pipeline.DirectiveProcessor.loadRequiresForTree(DirectiveProcessor.groovy:93) ~[asset-pipeline-core-2.5.0.jar:na]
	at asset.pipeline.DirectiveProcessor.getFlattenedRequireList(DirectiveProcessor.groovy:76) ~[asset-pipeline-core-2.5.0.jar:na]
	at asset.pipeline.AssetPipeline.getDependencyList(AssetPipeline.groovy:83) ~[asset-pipeline-core-2.5.0.jar:na]
	at asset.pipeline.grails.AssetsTagLib$_closure2.doCall(AssetsTagLib.groovy:82) ~[asset-pipeline-3.0.8.jar:na]
	at media_jack_home_partition_grails_practice_grails3_spring_security_demo_grails_app_views_layouts_main_gsp$_run_closure1.doCall(media_jack_home_partition_grails_practice_grails3_spring_security_demo_grails_app_views_layouts_main_gsp:32) ~[na:na]
	at media_jack_home_partition_grails_practice_grails3_spring_security_demo_grails_app_views_layouts_main_gsp.run(media_jack_home_partition_grails_practice_grails3_spring_security_demo_grails_app_views_layouts_main_gsp:39) ~[na:na]
	at java.util.concurrent.ThreadPoolExecutor.runWorker(ThreadPoolExecutor.java:1142) ~[na:1.8.0_51]
	at java.util.concurrent.ThreadPoolExecutor$Worker.run(ThreadPoolExecutor.java:617) ~[na:1.8.0_51]
	at java.lang.Thread.run(Thread.java:745) [na:1.8.0_51]
ERROR org.apache.catalina.core.ContainerBase.[Tomcat].[localhost] - Exception Processing ErrorPage[errorCode=0, location=/error]
org.springframework.web.util.NestedServletException: Request processing failed; nested exception is org.grails.gsp.GroovyPagesException: Error applying layout : main
	at org.springframework.web.servlet.FrameworkServlet.processRequest(FrameworkServlet.java:979) ~[spring-webmvc-4.1.7.RELEASE.jar:4.1.7.RELEASE]
	at org.springframework.web.servlet.FrameworkServlet.doGet(FrameworkServlet.java:858) ~[spring-webmvc-4.1.7.RELEASE.jar:4.1.7.RELEASE]
	at javax.servlet.http.HttpServlet.service(HttpServlet.java:622) ~[tomcat-embed-core-8.0.23.jar:8.0.23]
	at org.springframework.web.servlet.FrameworkServlet.service(FrameworkServlet.java:843) ~[spring-webmvc-4.1.7.RELEASE.jar:4.1.7.RELEASE]
	at javax.servlet.http.HttpServlet.service(HttpServlet.java:729) ~[tomcat-embed-core-8.0.23.jar:8.0.23]
	at org.apache.catalina.core.ApplicationFilterChain.internalDoFilter(ApplicationFilterChain.java:291) ~[tomcat-embed-core-8.0.23.jar:8.0.23]
	at org.apache.catalina.core.ApplicationFilterChain.doFilter(ApplicationFilterChain.java:206) ~[tomcat-embed-core-8.0.23.jar:8.0.23]
	at org.apache.catalina.core.ApplicationDispatcher.invoke(ApplicationDispatcher.java:721) ~[tomcat-embed-core-8.0.23.jar:8.0.23]
	at org.apache.catalina.core.ApplicationDispatcher.processRequest(ApplicationDispatcher.java:468) ~[tomcat-embed-core-8.0.23.jar:8.0.23]
	at org.apache.catalina.core.ApplicationDispatcher.doForward(ApplicationDispatcher.java:391) ~[tomcat-embed-core-8.0.23.jar:8.0.23]
	at org.apache.catalina.core.ApplicationDispatcher.forward(ApplicationDispatcher.java:318) ~[tomcat-embed-core-8.0.23.jar:8.0.23]
	at org.apache.catalina.core.StandardHostValve.custom(StandardHostValve.java:439) [tomcat-embed-core-8.0.23.jar:8.0.23]
	at org.apache.catalina.core.StandardHostValve.status(StandardHostValve.java:305) [tomcat-embed-core-8.0.23.jar:8.0.23]
	at org.apache.catalina.core.StandardHostValve.invoke(StandardHostValve.java:182) [tomcat-embed-core-8.0.23.jar:8.0.23]
	at org.apache.catalina.valves.ErrorReportValve.invoke(ErrorReportValve.java:79) [tomcat-embed-core-8.0.23.jar:8.0.23]
	at org.apache.catalina.core.StandardEngineValve.invoke(StandardEngineValve.java:88) [tomcat-embed-core-8.0.23.jar:8.0.23]
	at org.apache.catalina.connector.CoyoteAdapter.service(CoyoteAdapter.java:518) [tomcat-embed-core-8.0.23.jar:8.0.23]
	at org.apache.coyote.http11.AbstractHttp11Processor.process(AbstractHttp11Processor.java:1091) [tomcat-embed-core-8.0.23.jar:8.0.23]
	at org.apache.coyote.AbstractProtocol$AbstractConnectionHandler.process(AbstractProtocol.java:668) [tomcat-embed-core-8.0.23.jar:8.0.23]
	at org.apache.tomcat.util.net.NioEndpoint$SocketProcessor.doRun(NioEndpoint.java:1521) [tomcat-embed-core-8.0.23.jar:8.0.23]
	at org.apache.tomcat.util.net.NioEndpoint$SocketProcessor.run(NioEndpoint.java:1478) [tomcat-embed-core-8.0.23.jar:8.0.23]
	at java.util.concurrent.ThreadPoolExecutor.runWorker(ThreadPoolExecutor.java:1142) [na:1.8.0_51]
	at java.util.concurrent.ThreadPoolExecutor$Worker.run(ThreadPoolExecutor.java:617) [na:1.8.0_51]
	at org.apache.tomcat.util.threads.TaskThread$WrappingRunnable.run(TaskThread.java:61) [tomcat-embed-core-8.0.23.jar:8.0.23]
	at java.lang.Thread.run(Thread.java:745) [na:1.8.0_51]
Caused by: org.grails.gsp.GroovyPagesException: Error applying layout : main
	at org.grails.web.servlet.view.GroovyPageView.rethrowRenderException(GroovyPageView.java:183) ~[grails-web-gsp-3.0.6.jar:3.0.6]
	at org.grails.web.sitemesh.SpringMVCViewDecorator.render(SpringMVCViewDecorator.java:78) ~[grails-web-sitemesh-3.0.6.jar:3.0.6]
	at org.grails.web.sitemesh.GrailsLayoutView.renderTemplate(GrailsLayoutView.java:67) ~[grails-web-sitemesh-3.0.6.jar:3.0.6]
	at org.grails.web.servlet.view.AbstractGrailsView.renderWithinGrailsWebRequest(AbstractGrailsView.java:71) ~[grails-web-common-3.0.6.jar:3.0.6]
	at org.grails.web.servlet.view.AbstractGrailsView.renderMergedOutputModel(AbstractGrailsView.java:55) ~[grails-web-common-3.0.6.jar:3.0.6]
	at org.springframework.web.servlet.view.AbstractView.render(AbstractView.java:303) ~[spring-webmvc-4.1.7.RELEASE.jar:4.1.7.RELEASE]
	at org.springframework.web.servlet.DispatcherServlet.render(DispatcherServlet.java:1244) ~[spring-webmvc-4.1.7.RELEASE.jar:4.1.7.RELEASE]
	at org.springframework.web.servlet.DispatcherServlet.processDispatchResult(DispatcherServlet.java:1027) ~[spring-webmvc-4.1.7.RELEASE.jar:4.1.7.RELEASE]
	at org.springframework.web.servlet.DispatcherServlet.doDispatch(DispatcherServlet.java:971) ~[spring-webmvc-4.1.7.RELEASE.jar:4.1.7.RELEASE]
	at org.springframework.web.servlet.DispatcherServlet.doService(DispatcherServlet.java:893) ~[spring-webmvc-4.1.7.RELEASE.jar:4.1.7.RELEASE]
	at org.springframework.web.servlet.FrameworkServlet.processRequest(FrameworkServlet.java:967) ~[spring-webmvc-4.1.7.RELEASE.jar:4.1.7.RELEASE]
	... 24 common frames omitted
Caused by: org.grails.gsp.GroovyPagesException: Error processing GroovyPageView: [views/layouts/main.gsp:8] Error executing tag <asset:stylesheet>: null
	at org.grails.web.servlet.view.GroovyPageView.createGroovyPageException(GroovyPageView.java:131) ~[grails-web-gsp-3.0.6.jar:3.0.6]
	at org.grails.web.servlet.view.GroovyPageView.handleException(GroovyPageView.java:108) ~[grails-web-gsp-3.0.6.jar:3.0.6]
	at org.grails.web.servlet.view.GroovyPageView.renderTemplate(GroovyPageView.java:76) ~[grails-web-gsp-3.0.6.jar:3.0.6]
	at org.grails.web.servlet.view.AbstractGrailsView.renderWithinGrailsWebRequest(AbstractGrailsView.java:71) ~[grails-web-common-3.0.6.jar:3.0.6]
	at org.grails.web.servlet.view.AbstractGrailsView.renderMergedOutputModel(AbstractGrailsView.java:55) ~[grails-web-common-3.0.6.jar:3.0.6]
	at org.springframework.web.servlet.view.AbstractView.render(AbstractView.java:303) ~[spring-webmvc-4.1.7.RELEASE.jar:4.1.7.RELEASE]
	at org.grails.web.sitemesh.SpringMVCViewDecorator.render(SpringMVCViewDecorator.java:69) ~[grails-web-sitemesh-3.0.6.jar:3.0.6]
	... 33 common frames omitted
Caused by: org.grails.taglib.GrailsTagException: [views/layouts/main.gsp:8] Error executing tag <asset:stylesheet>: null
	at media_jack_home_partition_grails_practice_grails3_spring_security_demo_grails_app_views_layouts_main_gsp$_run_closure1.doCall(media_jack_home_partition_grails_practice_grails3_spring_security_demo_grails_app_views_layouts_main_gsp:32) ~[na:na]
	at media_jack_home_partition_grails_practice_grails3_spring_security_demo_grails_app_views_layouts_main_gsp.run(media_jack_home_partition_grails_practice_grails3_spring_security_demo_grails_app_views_layouts_main_gsp:39) ~[na:na]
	at java.util.concurrent.ThreadPoolExecutor.runWorker(ThreadPoolExecutor.java:1142) [na:1.8.0_51]
	at java.util.concurrent.ThreadPoolExecutor$Worker.run(ThreadPoolExecutor.java:617) [na:1.8.0_51]
	... 1 common frames omitted
Caused by: java.util.ConcurrentModificationException: null
	at java.util.ArrayList.sort(ArrayList.java:1456) ~[na:1.8.0_51]
	at java.util.Collections.sort(Collections.java:175) ~[na:1.8.0_51]
	at asset.pipeline.AssetHelper.fileNameWithoutExtensionFromArtefact(AssetHelper.groovy:145) ~[asset-pipeline-core-2.5.0.jar:na]
	at asset.pipeline.DirectiveProcessor.loadRequiresForTree(DirectiveProcessor.groovy:99) ~[asset-pipeline-core-2.5.0.jar:na]
	at asset.pipeline.DirectiveProcessor.loadRequiresForTree(DirectiveProcessor.groovy:93) ~[asset-pipeline-core-2.5.0.jar:na]
	at asset.pipeline.DirectiveProcessor.getFlattenedRequireList(DirectiveProcessor.groovy:76) ~[asset-pipeline-core-2.5.0.jar:na]
	at asset.pipeline.AssetPipeline.getDependencyList(AssetPipeline.groovy:83) ~[asset-pipeline-core-2.5.0.jar:na]
	at asset.pipeline.grails.AssetsTagLib$_closure2.doCall(AssetsTagLib.groovy:82) ~[asset-pipeline-3.0.8.jar:na]
	... 5 common frames omitted
INFO org.springframework.boot.context.embedded.AnnotationConfigEmbeddedWebApplicationContext - Closing org.springframework.boot.context.embedded.AnnotationConfigEmbeddedWebApplicationContext@34a1d21f: startup date [Sat Oct 31 01:19:59 CST 2015]; root of context hierarchy
INFO org.springframework.context.support.DefaultLifecycleProcessor - Stopping beans in phase 0
INFO org.springframework.context.support.DefaultLifecycleProcessor - Stopping beans in phase -2147483648
Daemon vm is shutting down... The daemon has exited normally or was terminated in response to a user interrupt.
INFO org.springframework.boot.actuate.endpoint.jmx.EndpointMBeanExporter - Unregistering JMX-exposed beans on shutdown
INFO org.springframework.boot.actuate.endpoint.jmx.EndpointMBeanExporter - Unregistering JMX-exposed beans
INFO org.springframework.jmx.export.annotation.AnnotationMBeanExporter - Unregistering JMX-exposed beans on shutdown
